#
# A fatal error has been detected by the Java Runtime Environment:
#
#  SIGBUS (0xa) at pc=0x000000010c4094f0, pid=81844, tid=36107
#
# JRE version: Java(TM) SE Runtime Environment (17.0.4+11) (build 17.0.4+11-LTS-179)
# Java VM: Java HotSpot(TM) 64-Bit Server VM (17.0.4+11-LTS-179, mixed mode, sharing, tiered, compressed oops, compressed class ptrs, g1 gc, bsd-aarch64)
# Problematic frame:
# v  ~StubRoutines::SafeFetchN
#
# No core dump will be written. Core dumps have been disabled. To enable core dumping, try "ulimit -c unlimited" before starting Java again
#
# If you would like to submit a bug report, please visit:
#   https://bugreport.java.com/bugreport/crash.jsp
# The crash happened outside the Java Virtual Machine in native code.
# See problematic frame for where to report the bug.
#

---------------  S U M M A R Y ------------

Command Line: -javaagent:/Applications/IntelliJ IDEA.app/Contents/lib/idea_rt.jar=54140:/Applications/IntelliJ IDEA.app/Contents/bin -Dfile.encoding=UTF-8 --module-path=/Users/josh/Documents/CS482/InventoryPA/target/classes:/Users/josh/.m2/repository/org/openjfx/javafx-fxml/17.0.1/javafx-fxml-17.0.1-mac-aarch64.jar:/Users/josh/.m2/repository/org/openjfx/javafx-graphics/17.0.1/javafx-graphics-17.0.1-mac-aarch64.jar:/Users/josh/.m2/repository/org/openjfx/javafx-controls/17.0.1/javafx-controls-17.0.1-mac-aarch64.jar:/Users/josh/.m2/repository/org/openjfx/javafx-base/17.0.1/javafx-base-17.0.1-mac-aarch64.jar -Djdk.module.main=c482.inventorypa c482.inventorypa/c482.inventorypa.Main

Host: "MacBookPro17,1" arm64 1 MHz, 8 cores, 16G, Darwin 21.5.0, macOS 12.4 (21F79)
Time: Thu Aug  4 00:23:29 2022 CDT elapsed time: 7.374337 seconds (0d 0h 0m 7s)

---------------  T H R E A D  ---------------

Current thread (0x0000000134974600):  JavaThread "InvokeLaterDispatcher" daemon [_thread_in_native, id=36107, stack(0x000000016fca4000,0x000000016fea7000)]

Stack: [0x000000016fca4000,0x000000016fea7000],  sp=0x000000016fea67b0,  free space=2057k
Native frames: (J=compiled Java code, j=interpreted, Vv=VM code, C=native code)
v  ~StubRoutines::SafeFetchN
V  [libjvm.dylib+0x7a72c0]  OopStorage::release(oopDesc* const*)+0x20
V  [libjvm.dylib+0x4bb8e4]  jni_DeleteGlobalRef+0xc4
C  [libglass.dylib+0xab08]  -[GlassRunnable dealloc]+0x34
C  [Foundation+0x85318]  -[_NSThreadPerformInfo dealloc]+0x30
C  [Foundation+0x518ac]  -[NSObject(NSThreadPerformAdditions) performSelectorOnMainThread:withObject:waitUntilDone:]+0x88
C  0x462c00010c4118ac
j  com.sun.glass.ui.mac.MacApplication.submitForLaterInvocation(Ljava/lang/Runnable;)V+2 javafx.graphics
j  com.sun.glass.ui.InvokeLaterDispatcher.run()V+82 javafx.graphics
v  ~StubRoutines::call_stub
V  [libjvm.dylib+0x462ef8]  JavaCalls::call_helper(JavaValue*, methodHandle const&, JavaCallArguments*, JavaThread*)+0x38c
V  [libjvm.dylib+0x461f14]  JavaCalls::call_virtual(JavaValue*, Klass*, Symbol*, Symbol*, JavaCallArguments*, JavaThread*)+0x11c
V  [libjvm.dylib+0x461fe0]  JavaCalls::call_virtual(JavaValue*, Handle, Klass*, Symbol*, Symbol*, JavaThread*)+0x64
V  [libjvm.dylib+0x5158a4]  thread_entry(JavaThread*, JavaThread*)+0xc4
V  [libjvm.dylib+0x908030]  JavaThread::thread_main_inner()+0x134
V  [libjvm.dylib+0x906958]  Thread::call_run()+0x128
V  [libjvm.dylib+0x7ade80]  thread_native_entry(Thread*)+0x158
C  [libsystem_pthread.dylib+0x726c]  _pthread_start+0x94

Java frames: (J=compiled Java code, j=interpreted, Vv=VM code)
j  com.sun.glass.ui.mac.MacApplication._submitForLaterInvocation(Ljava/lang/Runnable;)V+0 javafx.graphics
j  com.sun.glass.ui.mac.MacApplication.submitForLaterInvocation(Ljava/lang/Runnable;)V+2 javafx.graphics
j  com.sun.glass.ui.InvokeLaterDispatcher.run()V+82 javafx.graphics
v  ~StubRoutines::call_stub

siginfo: si_signo: 10 (SIGBUS), si_code: 1 (BUS_ADRALN), si_addr: 0x000000010c4094f0

Register to memory mapping:

 x0=0x0000000133e0a608 points into unknown readable memory: 0x000060000176c2a0 | a0 c2 76 01 00 60 00 00
 x1=0x0 is NULL
 x2=0x000000070d770980 is an oop: com.sun.glass.ui.InvokeLaterDispatcher$Future 
{0x000000070d770980} - klass: 'com/sun/glass/ui/InvokeLaterDispatcher$Future'
 - ---- fields (total size 3 words):
 - private 'done' 'Z' @12  true
 - private final 'runnable' 'Ljava/lang/Runnable;' @16  a 'com/sun/javafx/application/PlatformImpl$$Lambda$92+0x0000000800c81d88'{0x000000070cb24560} (e19648ac)
 - final synthetic 'this$0' 'Lcom/sun/glass/ui/InvokeLaterDispatcher;' @20  a 'com/sun/glass/ui/InvokeLaterDispatcher'{0x000000070e820260} (e1d0404c)
 x3=0x0 is NULL
 x4=0x00000000000130a8 is an unknown value
 x5=0x0 is NULL
 x6=0x0 is NULL
 x7=0x0 is NULL
 x8=0x000000010c4094ec is at begin+0 in a stub
StubRoutines::SafeFetchN [0x000000010c4094ec, 0x000000010c4094f8] (12 bytes)
 x9=0x0 is NULL
x10=0x2010000030300000 is an unknown value
x11=0x0000000000000007 is an unknown value
x12=0x0 is NULL
x13=0x00006000012255f0 points into unknown readable memory: 0x7f2b0001226c70fc | fc 70 6c 22 01 00 2b 7f
x14=0x0000040000000000 is an unknown value
x15=0x00000001226e9f98: OBJC_CLASS_$_GlassRunnable+0 in /Users/josh/.openjfx/cache/17.0.1/libglass.dylib at 0x00000001226a4000
x16=0x000000019a1fb0fc: pthread_getspecific+0 in /usr/lib/system/libsystem_pthread.dylib at 0x000000019a1f9000
x17=0x0000600001768af0 points into unknown readable memory: 0xfffffffffffffffe | fe ff ff ff ff ff ff ff
x18=0x0 is NULL
x19=0x000060000176c2a0 points into unknown readable memory: 0x0000600003e68180 | 80 81 e6 03 00 60 00 00
x20=0x0000000133e0a400 is a global jni handle
x21=0x0000000133e0a608 points into unknown readable memory: 0x000060000176c2a0 | a0 c2 76 01 00 60 00 00
x22=0x0000000134974600 is a thread
x23=0x0000000000000001 is an unknown value
x24=0x0000000133e0a5c0 is a global jni handle
x25=0x00000001048b9638: _ZN12StubRoutines17_safefetchN_entryE+0 in /Library/Java/JavaVirtualMachines/jdk-17.0.4.jdk/Contents/Home/lib/server/libjvm.dylib at 0x0000000103d1c000
x26=0x0000000122d18610 is pointing into metadata
x27=0x0 is NULL
x28=0x0000000134974600 is a thread


Registers:
 x0=0x0000000133e0a608  x1=0x0000000000000000  x2=0x000000070d770980  x3=0x0000000000000000
 x4=0x00000000000130a8  x5=0x0000000000000000  x6=0x0000000000000000  x7=0x0000000000000000
 x8=0x000000010c4094ec  x9=0x0000000000000000 x10=0x2010000030300000 x11=0x0000000000000007
x12=0x0000000000000000 x13=0x00006000012255f0 x14=0x0000040000000000 x15=0x00000001226e9f98
x16=0x000000019a1fb0fc x17=0x0000600001768af0 x18=0x0000000000000000 x19=0x000060000176c2a0
x20=0x0000000133e0a400 x21=0x0000000133e0a608 x22=0x0000000134974600 x23=0x0000000000000001
x24=0x0000000133e0a5c0 x25=0x00000001048b9638 x26=0x0000000122d18610 x27=0x0000000000000000
x28=0x0000000134974600  fp=0x000000016fea67f0  lr=0x00000001044c2090  sp=0x000000016fea67b0
pc=0x000000010c4094f0 cpsr=0x0000000060001000
Top of Stack: (sp=0x000000016fea67b0)
0x000000016fea67b0:   0000000122d18610 0000000000000001
0x000000016fea67c0:   000000016fea69a8 0000600003e711c0
0x000000016fea67d0:   0000000000000000 0000000133e0a5d0
0x000000016fea67e0:   0000000133e0a5d0 000060000176c2a0
0x000000016fea67f0:   000000016fea6830 00000001044c32c0
0x000000016fea6800:   0000000000000001 0000000133e0a5d0
0x000000016fea6810:   0000000000000000 0000000133e0a5d0
0x000000016fea6820:   0000000000000001 000000013497c200
0x000000016fea6830:   000000016fea6860 00000001041d78e4
0x000000016fea6840:   0000600003e711b0 00000001e44b930c
0x000000016fea6850:   0000000000000000 0000600003e711b0
0x000000016fea6860:   000000016fea6890 00000001226aeb08
0x000000016fea6870:   6f835e90b38b0016 0000000000000000
0x000000016fea6880:   0000000000000000 000060000294f880
0x000000016fea6890:   000000016fea68d0 000000019b1d0318
0x000000016fea68a0:   000000016fea69a8 0000600003e711c0
0x000000016fea68b0:   0000600003e711b0 6f835e90b38b0016
0x000000016fea68c0:   0000000000000000 0000000000000000
0x000000016fea68d0:   000000016fea6910 944280019b19c8ac
0x000000016fea68e0:   000000016fea69a8 000000010c4107c0
0x000000016fea68f0:   0000000000000000 00000001048c0ff8
0x000000016fea6900:   000000016fea6920 000000010c40f730
0x000000016fea6910:   000000016fea6980 462c00010c4118ac
0x000000016fea6920:   000000016fea6920 000000080098c7c5
0x000000016fea6930:   000000016fea6930 0000000000000000
0x000000016fea6940:   000000016fea69a8 0000000122d18610
0x000000016fea6950:   000000070e82c098 0000000000000000
0x000000016fea6960:   0000000000000000 0000000122cf7138
0x000000016fea6970:   0000000000000000 000000016fea6980
0x000000016fea6980:   000000016fea6a00 000000010c40dfc8
0x000000016fea6990:   0000000000000000 0000000000000000
0x000000016fea69a0:   000000070d770980 000000070e626788 

Instructions: (pc=0x000000010c4094f0)
0x000000010c4093f0:   f2a09109 f2c00029 6d425935 1e640886
0x000000010c409400:   0c402d31 1e6408c7 1f5654d0 1e6c1017
0x000000010c409410:   1f5050d0 1f504cd0 1f5048d0 1e650af6
0x000000010c409420:   1f50d8f6 1f5694d6 1f5158f6 1e762880
0x000000010c409430:   36000501 1e614000 14000026 2e251ca5
0x000000010c409440:   d28c3009 f2a09109 f2c00029 6d425d36
0x000000010c409450:   1e600806 0c402d32 1f5758c7 1e6c101a
0x000000010c409460:   1f4754c7 1e650805 1f4750c7 d2866668
0x000000010c409470:   f2a7fa68 1f474cc7 1e6608c0 1f4748c7
0x000000010c409480:   1e6e1019 eb08007f 540000ac 1f479400
0x000000010c409490:   1f460340 1e603b20 1400000e d2a7fd29
0x000000010c4094a0:   eb09007f 540000ac 51480069 d3607d29
0x000000010c4094b0:   9e670121 14000002 1e6a5001 1f679417
0x000000010c4094c0:   1f668742 1e613b23 1e773857 1e773860
0x000000010c4094d0:   a8c17ff3 910003bf a8c17bfd d65f03c0
0x000000010c4094e0:   b9400001 aa0103e0 d65f03c0 f9400001
0x000000010c4094f0:   aa0103e0 d65f03c0 00000000 00000000
0x000000010c409500:   00000000 00000000 00000000 00000000
0x000000010c409510:   00000000 00000000 00000000 00000000
0x000000010c409520:   00000000 00000000 00000000 00000000
0x000000010c409530:   00000000 00000000 00000000 00000000
0x000000010c409540:   00000000 00000000 00000000 00000000
0x000000010c409550:   00000000 00000000 00000000 00000000
0x000000010c409560:   00000000 00000000 00000000 00000000
0x000000010c409570:   00000000 00000000 00000000 00000000
0x000000010c409580:   00000000 00000000 00000000 00000000
0x000000010c409590:   00000000 00000000 00000000 00000000
0x000000010c4095a0:   00000000 00000000 00000000 00000000
0x000000010c4095b0:   00000000 00000000 00000000 00000000
0x000000010c4095c0:   00000000 00000000 00000000 00000000
0x000000010c4095d0:   00000000 00000000 00000000 00000000
0x000000010c4095e0:   00000000 00000000 00000000 00000000 


Stack slot to memory mapping:
stack at sp + 0 slots: 0x0000000122d18610 is pointing into metadata
stack at sp + 1 slots: 0x0000000000000001 is an unknown value
stack at sp + 2 slots: 0x000000016fea69a8 is pointing into the stack for thread: 0x0000000134974600
stack at sp + 3 slots: 0x0000600003e711c0 points into unknown readable memory: 0x01000001f2bca031 | 31 a0 bc f2 01 00 00 01
stack at sp + 4 slots: 0x0 is NULL
stack at sp + 5 slots: 0x0000000133e0a5d0 is a global jni handle
stack at sp + 6 slots: 0x0000000133e0a5d0 is a global jni handle
stack at sp + 7 slots: 0x000060000176c2a0 points into unknown readable memory: 0x0000600003e68180 | 80 81 e6 03 00 60 00 00

StubRoutines::SafeFetchN [0x000000010c4094ec, 0x000000010c4094f8] (12 bytes)
[MachCode]
  0x000000010c4094ec: 0100 40f9 | e003 01aa | c003 5fd6 
[/MachCode]

---------------  P R O C E S S  ---------------

Threads class SMR info:
_java_thread_list=0x0000600003c72640, length=20, elements={
0x0000000124008a00, 0x00000001340cba00, 0x0000000135023c00, 0x00000001340cc600,
0x00000001340cee00, 0x00000001340cf400, 0x00000001340cfa00, 0x00000001340d0000,
0x00000001340d8600, 0x00000001340cd600, 0x0000000134809000, 0x0000000134808800,
0x00000001340ce600, 0x0000000134974600, 0x000000013497c200, 0x0000000124153400,
0x0000000124219a00, 0x0000000134fa9a00, 0x0000000136830200, 0x000000012582d400
}

Java Threads: ( => current thread )
  0x0000000124008a00 JavaThread "main" [_thread_blocked, id=10243, stack(0x000000016d29c000,0x000000016d49f000)]
  0x00000001340cba00 JavaThread "Reference Handler" daemon [_thread_blocked, id=16387, stack(0x000000016e0f0000,0x000000016e2f3000)]
  0x0000000135023c00 JavaThread "Finalizer" daemon [_thread_blocked, id=15107, stack(0x000000016e2fc000,0x000000016e4ff000)]
  0x00000001340cc600 JavaThread "Signal Dispatcher" daemon [_thread_blocked, id=42499, stack(0x000000016e620000,0x000000016e823000)]
  0x00000001340cee00 JavaThread "Service Thread" daemon [_thread_blocked, id=23043, stack(0x000000016e82c000,0x000000016ea2f000)]
  0x00000001340cf400 JavaThread "Monitor Deflation Thread" daemon [_thread_blocked, id=41731, stack(0x000000016ea38000,0x000000016ec3b000)]
  0x00000001340cfa00 JavaThread "C2 CompilerThread0" daemon [_thread_in_native, id=41475, stack(0x000000016ec44000,0x000000016ee47000)]
  0x00000001340d0000 JavaThread "C1 CompilerThread0" daemon [_thread_blocked, id=23811, stack(0x000000016ee50000,0x000000016f053000)]
  0x00000001340d8600 JavaThread "Sweeper thread" daemon [_thread_blocked, id=24323, stack(0x000000016f05c000,0x000000016f25f000)]
  0x00000001340cd600 JavaThread "Common-Cleaner" daemon [_thread_blocked, id=24579, stack(0x000000016f268000,0x000000016f46b000)]
  0x0000000134809000 JavaThread "Monitor Ctrl-Break" daemon [_thread_in_native, id=25091, stack(0x000000016f474000,0x000000016f677000)]
  0x0000000134808800 JavaThread "Notification Thread" daemon [_thread_blocked, id=40707, stack(0x000000016f680000,0x000000016f883000)]
  0x00000001340ce600 JavaThread "QuantumRenderer-0" daemon [_thread_blocked, id=40195, stack(0x000000016fa98000,0x000000016fc9b000)]
=>0x0000000134974600 JavaThread "InvokeLaterDispatcher" daemon [_thread_in_native, id=36107, stack(0x000000016fca4000,0x000000016fea7000)]
  0x000000013497c200 JavaThread "JavaFX Application Thread" [_thread_in_native, id=259, stack(0x000000016ca14000,0x000000016d210000)]
  0x0000000124153400 JavaThread "JavaFX-Launcher" [_thread_blocked, id=73987, stack(0x0000000170148000,0x000000017034b000)]
  0x0000000124219a00 JavaThread "Prism Font Disposer" daemon [_thread_blocked, id=71687, stack(0x00000001755f0000,0x00000001757f3000)]
  0x0000000134fa9a00 JavaThread "Cleaner-0" daemon [_thread_blocked, id=66335, stack(0x0000000175888000,0x0000000175a8b000)]
  0x0000000136830200 JavaThread "Attach Listener" daemon [_thread_blocked, id=1303, stack(0x0000000175a94000,0x0000000175c97000)]
  0x000000012582d400 JavaThread "PulseTimer-CVDisplayLink thread" daemon [_thread_in_native, id=172303, stack(0x000000016feb0000,0x000000016ff33000)]

Other Threads:
  0x0000000135806f10 VMThread "VM Thread" [stack: 0x000000016dee4000,0x000000016e0e7000] [id=14339]
  0x0000000103a04d30 WatcherThread [stack: 0x000000016f88c000,0x000000016fa8f000] [id=40451]
  0x0000000133f06d60 GCTaskThread "GC Thread#0" [stack: 0x000000016d4a8000,0x000000016d6ab000] [id=12547]
  0x0000000122505270 GCTaskThread "GC Thread#1" [stack: 0x0000000170354000,0x0000000170557000] [id=73475]
  0x0000000103b06510 GCTaskThread "GC Thread#2" [stack: 0x0000000170560000,0x0000000170763000] [id=58115]
  0x0000000103b06d80 GCTaskThread "GC Thread#3" [stack: 0x000000017076c000,0x000000017096f000] [id=73219]
  0x000000013582b530 GCTaskThread "GC Thread#4" [stack: 0x0000000170978000,0x0000000170b7b000] [id=72963]
  0x0000000123e1be00 GCTaskThread "GC Thread#5" [stack: 0x0000000170b84000,0x0000000170d87000] [id=59139]
  0x0000000135804600 ConcurrentGCThread "G1 Main Marker" [stack: 0x000000016d6b4000,0x000000016d8b7000] [id=12803]
  0x0000000135804e80 ConcurrentGCThread "G1 Conc#0" [stack: 0x000000016d8c0000,0x000000016dac3000] [id=19459]
  0x0000000133e06ed0 ConcurrentGCThread "G1 Refine#0" [stack: 0x000000016dacc000,0x000000016dccf000] [id=13571]
  0x0000000133e07770 ConcurrentGCThread "G1 Service" [stack: 0x000000016dcd8000,0x000000016dedb000] [id=18435]

Threads with active compile tasks:
C2 CompilerThread0     7387 2964       4       java.util.HashMap::putVal (300 bytes)

VM state: not at safepoint (normal execution)

VM Mutex/Monitor currently owned by a thread: None

Heap address: 0x0000000700000000, size: 4096 MB, Compressed Oops mode: Zero based, Oop shift amount: 3

CDS archive(s) mapped at: [0x0000000800000000-0x0000000800bd8000-0x0000000800bd8000), size 12419072, SharedBaseAddress: 0x0000000800000000, ArchiveRelocationMode: 0.
Compressed class space mapped at: 0x0000000800c00000-0x0000000840c00000, reserved size: 1073741824
Narrow klass base: 0x0000000800000000, Narrow klass shift: 0, Narrow klass range: 0x100000000

GC Precious Log:
 CPUs: 8 total, 8 available
 Memory: 16384M
 Large Page Support: Disabled
 NUMA Support: Disabled
 Compressed Oops: Enabled (Zero based)
 Heap Region Size: 2M
 Heap Min Capacity: 8M
 Heap Initial Capacity: 256M
 Heap Max Capacity: 4G
 Pre-touch: Disabled
 Parallel Workers: 8
 Concurrent Workers: 2
 Concurrent Refinement Workers: 8
 Periodic GC: Disabled

Heap:
 garbage-first heap   total 266240K, used 56283K [0x0000000700000000, 0x0000000800000000)
  region size 2048K, 27 young (55296K), 2 survivors (4096K)
 Metaspace       used 17437K, committed 17728K, reserved 1064960K
  class space    used 2590K, committed 2752K, reserved 1048576K

Heap Regions: E=young(eden), S=young(survivor), O=old, HS=humongous(starts), HC=humongous(continues), CS=collection set, F=free, OA=open archive, CA=closed archive, TAMS=top-at-mark-start (previous, next)
|   0|0x0000000700000000, 0x0000000700200000, 0x0000000700200000|100%|HS|  |TAMS 0x0000000700000000, 0x0000000700000000| Complete 
|   1|0x0000000700200000, 0x0000000700200000, 0x0000000700400000|  0%| F|  |TAMS 0x0000000700200000, 0x0000000700200000| Untracked 
|   2|0x0000000700400000, 0x0000000700400000, 0x0000000700600000|  0%| F|  |TAMS 0x0000000700400000, 0x0000000700400000| Untracked 
|   3|0x0000000700600000, 0x0000000700600000, 0x0000000700800000|  0%| F|  |TAMS 0x0000000700600000, 0x0000000700600000| Untracked 
|   4|0x0000000700800000, 0x0000000700800000, 0x0000000700a00000|  0%| F|  |TAMS 0x0000000700800000, 0x0000000700800000| Untracked 
|   5|0x0000000700a00000, 0x0000000700a00000, 0x0000000700c00000|  0%| F|  |TAMS 0x0000000700a00000, 0x0000000700a00000| Untracked 
|   6|0x0000000700c00000, 0x0000000700c00000, 0x0000000700e00000|  0%| F|  |TAMS 0x0000000700c00000, 0x0000000700c00000| Untracked 
|   7|0x0000000700e00000, 0x0000000700e00000, 0x0000000701000000|  0%| F|  |TAMS 0x0000000700e00000, 0x0000000700e00000| Untracked 
|   8|0x0000000701000000, 0x0000000701000000, 0x0000000701200000|  0%| F|  |TAMS 0x0000000701000000, 0x0000000701000000| Untracked 
|   9|0x0000000701200000, 0x0000000701200000, 0x0000000701400000|  0%| F|  |TAMS 0x0000000701200000, 0x0000000701200000| Untracked 
|  10|0x0000000701400000, 0x0000000701400000, 0x0000000701600000|  0%| F|  |TAMS 0x0000000701400000, 0x0000000701400000| Untracked 
|  11|0x0000000701600000, 0x0000000701600000, 0x0000000701800000|  0%| F|  |TAMS 0x0000000701600000, 0x0000000701600000| Untracked 
|  12|0x0000000701800000, 0x0000000701800000, 0x0000000701a00000|  0%| F|  |TAMS 0x0000000701800000, 0x0000000701800000| Untracked 
|  13|0x0000000701a00000, 0x0000000701a00000, 0x0000000701c00000|  0%| F|  |TAMS 0x0000000701a00000, 0x0000000701a00000| Untracked 
|  14|0x0000000701c00000, 0x0000000701c00000, 0x0000000701e00000|  0%| F|  |TAMS 0x0000000701c00000, 0x0000000701c00000| Untracked 
|  15|0x0000000701e00000, 0x0000000701e00000, 0x0000000702000000|  0%| F|  |TAMS 0x0000000701e00000, 0x0000000701e00000| Untracked 
|  16|0x0000000702000000, 0x0000000702000000, 0x0000000702200000|  0%| F|  |TAMS 0x0000000702000000, 0x0000000702000000| Untracked 
|  17|0x0000000702200000, 0x0000000702200000, 0x0000000702400000|  0%| F|  |TAMS 0x0000000702200000, 0x0000000702200000| Untracked 
|  18|0x0000000702400000, 0x0000000702400000, 0x0000000702600000|  0%| F|  |TAMS 0x0000000702400000, 0x0000000702400000| Untracked 
|  19|0x0000000702600000, 0x0000000702600000, 0x0000000702800000|  0%| F|  |TAMS 0x0000000702600000, 0x0000000702600000| Untracked 
|  20|0x0000000702800000, 0x0000000702800000, 0x0000000702a00000|  0%| F|  |TAMS 0x0000000702800000, 0x0000000702800000| Untracked 
|  21|0x0000000702a00000, 0x0000000702a00000, 0x0000000702c00000|  0%| F|  |TAMS 0x0000000702a00000, 0x0000000702a00000| Untracked 
|  22|0x0000000702c00000, 0x0000000702c00000, 0x0000000702e00000|  0%| F|  |TAMS 0x0000000702c00000, 0x0000000702c00000| Untracked 
|  23|0x0000000702e00000, 0x0000000702e00000, 0x0000000703000000|  0%| F|  |TAMS 0x0000000702e00000, 0x0000000702e00000| Untracked 
|  24|0x0000000703000000, 0x0000000703000000, 0x0000000703200000|  0%| F|  |TAMS 0x0000000703000000, 0x0000000703000000| Untracked 
|  25|0x0000000703200000, 0x0000000703200000, 0x0000000703400000|  0%| F|  |TAMS 0x0000000703200000, 0x0000000703200000| Untracked 
|  26|0x0000000703400000, 0x0000000703400000, 0x0000000703600000|  0%| F|  |TAMS 0x0000000703400000, 0x0000000703400000| Untracked 
|  27|0x0000000703600000, 0x0000000703600000, 0x0000000703800000|  0%| F|  |TAMS 0x0000000703600000, 0x0000000703600000| Untracked 
|  28|0x0000000703800000, 0x0000000703800000, 0x0000000703a00000|  0%| F|  |TAMS 0x0000000703800000, 0x0000000703800000| Untracked 
|  29|0x0000000703a00000, 0x0000000703a00000, 0x0000000703c00000|  0%| F|  |TAMS 0x0000000703a00000, 0x0000000703a00000| Untracked 
|  30|0x0000000703c00000, 0x0000000703c00000, 0x0000000703e00000|  0%| F|  |TAMS 0x0000000703c00000, 0x0000000703c00000| Untracked 
|  31|0x0000000703e00000, 0x0000000703e00000, 0x0000000704000000|  0%| F|  |TAMS 0x0000000703e00000, 0x0000000703e00000| Untracked 
|  32|0x0000000704000000, 0x0000000704000000, 0x0000000704200000|  0%| F|  |TAMS 0x0000000704000000, 0x0000000704000000| Untracked 
|  33|0x0000000704200000, 0x0000000704200000, 0x0000000704400000|  0%| F|  |TAMS 0x0000000704200000, 0x0000000704200000| Untracked 
|  34|0x0000000704400000, 0x0000000704400000, 0x0000000704600000|  0%| F|  |TAMS 0x0000000704400000, 0x0000000704400000| Untracked 
|  35|0x0000000704600000, 0x0000000704600000, 0x0000000704800000|  0%| F|  |TAMS 0x0000000704600000, 0x0000000704600000| Untracked 
|  36|0x0000000704800000, 0x0000000704800000, 0x0000000704a00000|  0%| F|  |TAMS 0x0000000704800000, 0x0000000704800000| Untracked 
|  37|0x0000000704a00000, 0x0000000704a00000, 0x0000000704c00000|  0%| F|  |TAMS 0x0000000704a00000, 0x0000000704a00000| Untracked 
|  38|0x0000000704c00000, 0x0000000704c00000, 0x0000000704e00000|  0%| F|  |TAMS 0x0000000704c00000, 0x0000000704c00000| Untracked 
|  39|0x0000000704e00000, 0x0000000704e00000, 0x0000000705000000|  0%| F|  |TAMS 0x0000000704e00000, 0x0000000704e00000| Untracked 
|  40|0x0000000705000000, 0x0000000705000000, 0x0000000705200000|  0%| F|  |TAMS 0x0000000705000000, 0x0000000705000000| Untracked 
|  41|0x0000000705200000, 0x0000000705200000, 0x0000000705400000|  0%| F|  |TAMS 0x0000000705200000, 0x0000000705200000| Untracked 
|  42|0x0000000705400000, 0x0000000705400000, 0x0000000705600000|  0%| F|  |TAMS 0x0000000705400000, 0x0000000705400000| Untracked 
|  43|0x0000000705600000, 0x0000000705600000, 0x0000000705800000|  0%| F|  |TAMS 0x0000000705600000, 0x0000000705600000| Untracked 
|  44|0x0000000705800000, 0x0000000705800000, 0x0000000705a00000|  0%| F|  |TAMS 0x0000000705800000, 0x0000000705800000| Untracked 
|  45|0x0000000705a00000, 0x0000000705a00000, 0x0000000705c00000|  0%| F|  |TAMS 0x0000000705a00000, 0x0000000705a00000| Untracked 
|  46|0x0000000705c00000, 0x0000000705c00000, 0x0000000705e00000|  0%| F|  |TAMS 0x0000000705c00000, 0x0000000705c00000| Untracked 
|  47|0x0000000705e00000, 0x0000000705e00000, 0x0000000706000000|  0%| F|  |TAMS 0x0000000705e00000, 0x0000000705e00000| Untracked 
|  48|0x0000000706000000, 0x0000000706000000, 0x0000000706200000|  0%| F|  |TAMS 0x0000000706000000, 0x0000000706000000| Untracked 
|  49|0x0000000706200000, 0x0000000706200000, 0x0000000706400000|  0%| F|  |TAMS 0x0000000706200000, 0x0000000706200000| Untracked 
|  50|0x0000000706400000, 0x0000000706400000, 0x0000000706600000|  0%| F|  |TAMS 0x0000000706400000, 0x0000000706400000| Untracked 
|  51|0x0000000706600000, 0x0000000706600000, 0x0000000706800000|  0%| F|  |TAMS 0x0000000706600000, 0x0000000706600000| Untracked 
|  52|0x0000000706800000, 0x0000000706800000, 0x0000000706a00000|  0%| F|  |TAMS 0x0000000706800000, 0x0000000706800000| Untracked 
|  53|0x0000000706a00000, 0x0000000706a00000, 0x0000000706c00000|  0%| F|  |TAMS 0x0000000706a00000, 0x0000000706a00000| Untracked 
|  54|0x0000000706c00000, 0x0000000706c00000, 0x0000000706e00000|  0%| F|  |TAMS 0x0000000706c00000, 0x0000000706c00000| Untracked 
|  55|0x0000000706e00000, 0x0000000706e00000, 0x0000000707000000|  0%| F|  |TAMS 0x0000000706e00000, 0x0000000706e00000| Untracked 
|  56|0x0000000707000000, 0x0000000707000000, 0x0000000707200000|  0%| F|  |TAMS 0x0000000707000000, 0x0000000707000000| Untracked 
|  57|0x0000000707200000, 0x0000000707200000, 0x0000000707400000|  0%| F|  |TAMS 0x0000000707200000, 0x0000000707200000| Untracked 
|  58|0x0000000707400000, 0x0000000707400000, 0x0000000707600000|  0%| F|  |TAMS 0x0000000707400000, 0x0000000707400000| Untracked 
|  59|0x0000000707600000, 0x0000000707600000, 0x0000000707800000|  0%| F|  |TAMS 0x0000000707600000, 0x0000000707600000| Untracked 
|  60|0x0000000707800000, 0x0000000707800000, 0x0000000707a00000|  0%| F|  |TAMS 0x0000000707800000, 0x0000000707800000| Untracked 
|  61|0x0000000707a00000, 0x0000000707a00000, 0x0000000707c00000|  0%| F|  |TAMS 0x0000000707a00000, 0x0000000707a00000| Untracked 
|  62|0x0000000707c00000, 0x0000000707c00000, 0x0000000707e00000|  0%| F|  |TAMS 0x0000000707c00000, 0x0000000707c00000| Untracked 
|  63|0x0000000707e00000, 0x0000000707e00000, 0x0000000708000000|  0%| F|  |TAMS 0x0000000707e00000, 0x0000000707e00000| Untracked 
|  64|0x0000000708000000, 0x0000000708000000, 0x0000000708200000|  0%| F|  |TAMS 0x0000000708000000, 0x0000000708000000| Untracked 
|  65|0x0000000708200000, 0x0000000708200000, 0x0000000708400000|  0%| F|  |TAMS 0x0000000708200000, 0x0000000708200000| Untracked 
|  66|0x0000000708400000, 0x0000000708400000, 0x0000000708600000|  0%| F|  |TAMS 0x0000000708400000, 0x0000000708400000| Untracked 
|  67|0x0000000708600000, 0x0000000708600000, 0x0000000708800000|  0%| F|  |TAMS 0x0000000708600000, 0x0000000708600000| Untracked 
|  68|0x0000000708800000, 0x0000000708800000, 0x0000000708a00000|  0%| F|  |TAMS 0x0000000708800000, 0x0000000708800000| Untracked 
|  69|0x0000000708a00000, 0x0000000708a00000, 0x0000000708c00000|  0%| F|  |TAMS 0x0000000708a00000, 0x0000000708a00000| Untracked 
|  70|0x0000000708c00000, 0x0000000708c00000, 0x0000000708e00000|  0%| F|  |TAMS 0x0000000708c00000, 0x0000000708c00000| Untracked 
|  71|0x0000000708e00000, 0x0000000708e00000, 0x0000000709000000|  0%| F|  |TAMS 0x0000000708e00000, 0x0000000708e00000| Untracked 
|  72|0x0000000709000000, 0x0000000709000000, 0x0000000709200000|  0%| F|  |TAMS 0x0000000709000000, 0x0000000709000000| Untracked 
|  73|0x0000000709200000, 0x0000000709200000, 0x0000000709400000|  0%| F|  |TAMS 0x0000000709200000, 0x0000000709200000| Untracked 
|  74|0x0000000709400000, 0x0000000709400000, 0x0000000709600000|  0%| F|  |TAMS 0x0000000709400000, 0x0000000709400000| Untracked 
|  75|0x0000000709600000, 0x0000000709600000, 0x0000000709800000|  0%| F|  |TAMS 0x0000000709600000, 0x0000000709600000| Untracked 
|  76|0x0000000709800000, 0x0000000709800000, 0x0000000709a00000|  0%| F|  |TAMS 0x0000000709800000, 0x0000000709800000| Untracked 
|  77|0x0000000709a00000, 0x0000000709a00000, 0x0000000709c00000|  0%| F|  |TAMS 0x0000000709a00000, 0x0000000709a00000| Untracked 
|  78|0x0000000709c00000, 0x0000000709c00000, 0x0000000709e00000|  0%| F|  |TAMS 0x0000000709c00000, 0x0000000709c00000| Untracked 
|  79|0x0000000709e00000, 0x0000000709e00000, 0x000000070a000000|  0%| F|  |TAMS 0x0000000709e00000, 0x0000000709e00000| Untracked 
|  80|0x000000070a000000, 0x000000070a000000, 0x000000070a200000|  0%| F|  |TAMS 0x000000070a000000, 0x000000070a000000| Untracked 
|  81|0x000000070a200000, 0x000000070a200000, 0x000000070a400000|  0%| F|  |TAMS 0x000000070a200000, 0x000000070a200000| Untracked 
|  82|0x000000070a400000, 0x000000070a400000, 0x000000070a600000|  0%| F|  |TAMS 0x000000070a400000, 0x000000070a400000| Untracked 
|  83|0x000000070a600000, 0x000000070a600000, 0x000000070a800000|  0%| F|  |TAMS 0x000000070a600000, 0x000000070a600000| Untracked 
|  84|0x000000070a800000, 0x000000070a800000, 0x000000070aa00000|  0%| F|  |TAMS 0x000000070a800000, 0x000000070a800000| Untracked 
|  85|0x000000070aa00000, 0x000000070aa00000, 0x000000070ac00000|  0%| F|  |TAMS 0x000000070aa00000, 0x000000070aa00000| Untracked 
|  86|0x000000070ac00000, 0x000000070ac00000, 0x000000070ae00000|  0%| F|  |TAMS 0x000000070ac00000, 0x000000070ac00000| Untracked 
|  87|0x000000070ae00000, 0x000000070ae00000, 0x000000070b000000|  0%| F|  |TAMS 0x000000070ae00000, 0x000000070ae00000| Untracked 
|  88|0x000000070b000000, 0x000000070b000000, 0x000000070b200000|  0%| F|  |TAMS 0x000000070b000000, 0x000000070b000000| Untracked 
|  89|0x000000070b200000, 0x000000070b200000, 0x000000070b400000|  0%| F|  |TAMS 0x000000070b200000, 0x000000070b200000| Untracked 
|  90|0x000000070b400000, 0x000000070b400000, 0x000000070b600000|  0%| F|  |TAMS 0x000000070b400000, 0x000000070b400000| Untracked 
|  91|0x000000070b600000, 0x000000070b600000, 0x000000070b800000|  0%| F|  |TAMS 0x000000070b600000, 0x000000070b600000| Untracked 
|  92|0x000000070b800000, 0x000000070b800000, 0x000000070ba00000|  0%| F|  |TAMS 0x000000070b800000, 0x000000070b800000| Untracked 
|  93|0x000000070ba00000, 0x000000070ba00000, 0x000000070bc00000|  0%| F|  |TAMS 0x000000070ba00000, 0x000000070ba00000| Untracked 
|  94|0x000000070bc00000, 0x000000070bc00000, 0x000000070be00000|  0%| F|  |TAMS 0x000000070bc00000, 0x000000070bc00000| Untracked 
|  95|0x000000070be00000, 0x000000070be00000, 0x000000070c000000|  0%| F|  |TAMS 0x000000070be00000, 0x000000070be00000| Untracked 
|  96|0x000000070c000000, 0x000000070c000000, 0x000000070c200000|  0%| F|  |TAMS 0x000000070c000000, 0x000000070c000000| Untracked 
|  97|0x000000070c200000, 0x000000070c200000, 0x000000070c400000|  0%| F|  |TAMS 0x000000070c200000, 0x000000070c200000| Untracked 
|  98|0x000000070c400000, 0x000000070c400000, 0x000000070c600000|  0%| F|  |TAMS 0x000000070c400000, 0x000000070c400000| Untracked 
|  99|0x000000070c600000, 0x000000070c600000, 0x000000070c800000|  0%| F|  |TAMS 0x000000070c600000, 0x000000070c600000| Untracked 
| 100|0x000000070c800000, 0x000000070c800000, 0x000000070ca00000|  0%| F|  |TAMS 0x000000070c800000, 0x000000070c800000| Untracked 
| 101|0x000000070ca00000, 0x000000070cba5368, 0x000000070cc00000| 82%| E|  |TAMS 0x000000070ca00000, 0x000000070ca00000| Complete 
| 102|0x000000070cc00000, 0x000000070ce00000, 0x000000070ce00000|100%| E|CS|TAMS 0x000000070cc00000, 0x000000070cc00000| Complete 
| 103|0x000000070ce00000, 0x000000070d000000, 0x000000070d000000|100%| E|CS|TAMS 0x000000070ce00000, 0x000000070ce00000| Complete 
| 104|0x000000070d000000, 0x000000070d200000, 0x000000070d200000|100%| E|CS|TAMS 0x000000070d000000, 0x000000070d000000| Complete 
| 105|0x000000070d200000, 0x000000070d400000, 0x000000070d400000|100%| E|CS|TAMS 0x000000070d200000, 0x000000070d200000| Complete 
| 106|0x000000070d400000, 0x000000070d600000, 0x000000070d600000|100%| E|CS|TAMS 0x000000070d400000, 0x000000070d400000| Complete 
| 107|0x000000070d600000, 0x000000070d800000, 0x000000070d800000|100%| E|CS|TAMS 0x000000070d600000, 0x000000070d600000| Complete 
| 108|0x000000070d800000, 0x000000070da00000, 0x000000070da00000|100%| E|CS|TAMS 0x000000070d800000, 0x000000070d800000| Complete 
| 109|0x000000070da00000, 0x000000070dc00000, 0x000000070dc00000|100%| E|CS|TAMS 0x000000070da00000, 0x000000070da00000| Complete 
| 110|0x000000070dc00000, 0x000000070de00000, 0x000000070de00000|100%| E|CS|TAMS 0x000000070dc00000, 0x000000070dc00000| Complete 
| 111|0x000000070de00000, 0x000000070e000000, 0x000000070e000000|100%| E|CS|TAMS 0x000000070de00000, 0x000000070de00000| Complete 
| 112|0x000000070e000000, 0x000000070e200000, 0x000000070e200000|100%| E|CS|TAMS 0x000000070e000000, 0x000000070e000000| Complete 
| 113|0x000000070e200000, 0x000000070e400000, 0x000000070e400000|100%| E|CS|TAMS 0x000000070e200000, 0x000000070e200000| Complete 
| 114|0x000000070e400000, 0x000000070e600000, 0x000000070e600000|100%| E|CS|TAMS 0x000000070e400000, 0x000000070e400000| Complete 
| 115|0x000000070e600000, 0x000000070e6fef58, 0x000000070e800000| 49%| S|CS|TAMS 0x000000070e600000, 0x000000070e600000| Complete 
| 116|0x000000070e800000, 0x000000070ea00000, 0x000000070ea00000|100%| S|CS|TAMS 0x000000070e800000, 0x000000070e800000| Complete 
| 117|0x000000070ea00000, 0x000000070ec00000, 0x000000070ec00000|100%| E|CS|TAMS 0x000000070ea00000, 0x000000070ea00000| Complete 
| 118|0x000000070ec00000, 0x000000070ee00000, 0x000000070ee00000|100%| E|CS|TAMS 0x000000070ec00000, 0x000000070ec00000| Complete 
| 119|0x000000070ee00000, 0x000000070f000000, 0x000000070f000000|100%| E|CS|TAMS 0x000000070ee00000, 0x000000070ee00000| Complete 
| 120|0x000000070f000000, 0x000000070f200000, 0x000000070f200000|100%| E|CS|TAMS 0x000000070f000000, 0x000000070f000000| Complete 
| 121|0x000000070f200000, 0x000000070f400000, 0x000000070f400000|100%| E|CS|TAMS 0x000000070f200000, 0x000000070f200000| Complete 
| 122|0x000000070f400000, 0x000000070f600000, 0x000000070f600000|100%| E|CS|TAMS 0x000000070f400000, 0x000000070f400000| Complete 
| 123|0x000000070f600000, 0x000000070f800000, 0x000000070f800000|100%| E|CS|TAMS 0x000000070f600000, 0x000000070f600000| Complete 
| 124|0x000000070f800000, 0x000000070fa00000, 0x000000070fa00000|100%| E|CS|TAMS 0x000000070f800000, 0x000000070f800000| Complete 
| 125|0x000000070fa00000, 0x000000070fc00000, 0x000000070fc00000|100%| E|CS|TAMS 0x000000070fa00000, 0x000000070fa00000| Complete 
| 126|0x000000070fc00000, 0x000000070fe00000, 0x000000070fe00000|100%| E|CS|TAMS 0x000000070fc00000, 0x000000070fc00000| Complete 
| 127|0x000000070fe00000, 0x0000000710000000, 0x0000000710000000|100%| E|CS|TAMS 0x000000070fe00000, 0x000000070fe00000| Complete 
|2046|0x00000007ffc00000, 0x00000007ffd78000, 0x00000007ffe00000| 73%|OA|  |TAMS 0x00000007ffc00000, 0x00000007ffc00000| Untracked 
|2047|0x00000007ffe00000, 0x00000007ffe80000, 0x0000000800000000| 25%|CA|  |TAMS 0x00000007ffe00000, 0x00000007ffe00000| Untracked 

Card table byte_map: [0x000000011b408000,0x000000011bc08000] _byte_map_base: 0x0000000117c08000

Marking Bits (Prev, Next): (CMBitMap*) 0x0000000135008210, (CMBitMap*) 0x0000000135008250
 Prev Bits: [0x000000011c408000, 0x0000000120408000)
 Next Bits: [0x0000000148000000, 0x000000014c000000)

Polling page: 0x0000000102e28000

Metaspace:

Usage:
  Non-class:     14.50 MB used.
      Class:      2.53 MB used.
       Both:     17.03 MB used.

Virtual space:
  Non-class space:       16.00 MB reserved,      14.62 MB ( 91%) committed,  2 nodes.
      Class space:        1.00 GB reserved,       2.69 MB ( <1%) committed,  1 nodes.
             Both:        1.02 GB reserved,      17.31 MB (  2%) committed. 

Chunk freelists:
   Non-Class:  477.00 KB
       Class:  1.35 MB
        Both:  1.82 MB

MaxMetaspaceSize: unlimited
CompressedClassSpaceSize: 1.00 GB
Initial GC threshold: 21.00 MB
Current GC threshold: 21.00 MB
CDS: on
MetaspaceReclaimPolicy: balanced
 - commit_granule_bytes: 65536.
 - commit_granule_words: 8192.
 - virtual_space_node_default_size: 1048576.
 - enlarge_chunks_in_place: 1.
 - new_chunks_are_fully_committed: 0.
 - uncommit_free_chunks: 1.
 - use_allocation_guard: 0.
 - handle_deallocations: 1.


Internal statistics:

num_allocs_failed_limit: 0.
num_arena_births: 228.
num_arena_deaths: 0.
num_vsnodes_births: 3.
num_vsnodes_deaths: 0.
num_space_committed: 277.
num_space_uncommitted: 0.
num_chunks_returned_to_freelist: 0.
num_chunks_taken_from_freelist: 792.
num_chunk_merges: 0.
num_chunk_splits: 563.
num_chunks_enlarged: 436.
num_purges: 0.
num_inconsistent_stats: 0.

CodeHeap 'non-profiled nmethods': size=120032Kb used=1066Kb max_used=1066Kb free=118965Kb
 bounds [0x0000000113ed0000, 0x0000000114140000, 0x000000011b408000]
CodeHeap 'profiled nmethods': size=120016Kb used=5898Kb max_used=5898Kb free=114117Kb
 bounds [0x000000010c99c000, 0x000000010cf6c000, 0x0000000113ed0000]
CodeHeap 'non-nmethods': size=5712Kb used=1383Kb max_used=1493Kb free=4328Kb
 bounds [0x000000010c408000, 0x000000010c678000, 0x000000010c99c000]
 total_blobs=3667 nmethods=2898 adapters=685
 compilation: enabled
              stopped_count=0, restarted_count=0
 full_count=0

Compilation events (20 events):
Event: 3.635 Thread 0x00000001340d0000 2955  s    3       com.sun.javafx.tk.quantum.QuantumToolkit$PulseTask::set (20 bytes)
Event: 3.636 Thread 0x00000001340d0000 nmethod 2955 0x000000010cf58f90 code [0x000000010cf59180, 0x000000010cf597d8]
Event: 3.668 Thread 0x00000001340d0000 2956       3       java.util.concurrent.atomic.AtomicBoolean::getAndSet (25 bytes)
Event: 3.669 Thread 0x00000001340d0000 nmethod 2956 0x000000010cf59a10 code [0x000000010cf59cc0, 0x000000010cf5a5c8]
Event: 3.669 Thread 0x00000001340d0000 2957       3       java.lang.invoke.VarHandleInts$FieldInstanceReadWrite::getAndSet (28 bytes)
Event: 3.670 Thread 0x00000001340d0000 nmethod 2957 0x000000010cf5a910 code [0x000000010cf5ab40, 0x000000010cf5b0f8]
Event: 3.670 Thread 0x00000001340d0000 2958       3       java.util.WeakHashMap$HashIterator::<init> (41 bytes)
Event: 3.671 Thread 0x00000001340d0000 nmethod 2958 0x000000010cf5b390 code [0x000000010cf5b580, 0x000000010cf5b9d8]
Event: 3.851 Thread 0x00000001340d0000 2960       3       java.lang.ref.ReferenceQueue::<init> (21 bytes)
Event: 3.851 Thread 0x00000001340d0000 nmethod 2960 0x000000010cf5bb90 code [0x000000010cf5bd40, 0x000000010cf5c068]
Event: 3.851 Thread 0x00000001340d0000 2959       1       com.sun.scenario.animation.AnimationPulse::getEnabled (5 bytes)
Event: 3.851 Thread 0x00000001340d0000 nmethod 2959 0x0000000113fda510 code [0x0000000113fda680, 0x0000000113fda768]
Event: 3.918 Thread 0x00000001340d0000 2961       3       java.util.concurrent.atomic.AtomicBoolean::get (13 bytes)
Event: 3.918 Thread 0x00000001340d0000 nmethod 2961 0x000000010cf5c190 code [0x000000010cf5c340, 0x000000010cf5c4e8]
Event: 7.338 Thread 0x00000001340d0000 2962       3       javafx.scene.input.MouseEvent::copyFor (7 bytes)
Event: 7.339 Thread 0x00000001340d0000 nmethod 2962 0x000000010cf5c590 code [0x000000010cf5c740, 0x000000010cf5c958]
Event: 7.353 Thread 0x00000001340d0000 2963       3       javafx.scene.Node::sceneToLocal (17 bytes)
Event: 7.354 Thread 0x00000001340d0000 nmethod 2963 0x000000010cf5ca10 code [0x000000010cf5cbc0, 0x000000010cf5ce58]
Event: 7.369 Thread 0x00000001340cfa00 2964       4       java.util.HashMap::putVal (300 bytes)
Event: 7.371 Thread 0x00000001340d0000 2966       3       java.util.WeakHashMap::entrySet (27 bytes)

GC Heap History (2 events):
Event: 0.330 GC heap before
{Heap before GC invocations=0 (full 0):
 garbage-first heap   total 266240K, used 22496K [0x0000000700000000, 0x0000000800000000)
  region size 2048K, 11 young (22528K), 0 survivors (0K)
 Metaspace       used 7206K, committed 7360K, reserved 1056768K
  class space    used 891K, committed 960K, reserved 1048576K
}
Event: 0.332 GC heap after
{Heap after GC invocations=1 (full 0):
 garbage-first heap   total 266240K, used 5083K [0x0000000700000000, 0x0000000800000000)
  region size 2048K, 2 young (4096K), 2 survivors (4096K)
 Metaspace       used 7206K, committed 7360K, reserved 1056768K
  class space    used 891K, committed 960K, reserved 1048576K
}

Deoptimization events (20 events):
Event: 3.253 Thread 0x000000013497c200 Uncommon trap: trap_request=0xffffffde fr.pc=0x0000000113fc6130 relative=0x00000000000000f0
Event: 3.253 Thread 0x000000013497c200 Uncommon trap: reason=class_check action=maybe_recompile pc=0x0000000113fc6130 method=jdk.internal.misc.Unsafe.allocateUninitializedArray(Ljava/lang/Class;I)Ljava/lang/Object; @ 51 c2
Event: 3.253 Thread 0x000000013497c200 DEOPT PACKING pc=0x0000000113fc6130 sp=0x000000016d20a370
Event: 3.253 Thread 0x000000013497c200 DEOPT UNPACKING pc=0x000000010c446d1c sp=0x000000016d20a300 mode 2
Event: 3.463 Thread 0x000000013497c200 Uncommon trap: trap_request=0xffffffc6 fr.pc=0x0000000113f50668 relative=0x0000000000000ba8
Event: 3.463 Thread 0x000000013497c200 Uncommon trap: reason=bimorphic_or_optimized_type_check action=maybe_recompile pc=0x0000000113f50668 method=java.util.HashMap.putVal(ILjava/lang/Object;Ljava/lang/Object;ZZ)Ljava/lang/Object; @ 91 c2
Event: 3.463 Thread 0x000000013497c200 DEOPT PACKING pc=0x0000000113f50668 sp=0x000000016d209740
Event: 3.463 Thread 0x000000013497c200 DEOPT UNPACKING pc=0x000000010c446d1c sp=0x000000016d209690 mode 2
Event: 3.466 Thread 0x000000013497c200 Uncommon trap: trap_request=0xffffffc6 fr.pc=0x0000000113f50668 relative=0x0000000000000ba8
Event: 3.466 Thread 0x000000013497c200 Uncommon trap: reason=bimorphic_or_optimized_type_check action=maybe_recompile pc=0x0000000113f50668 method=java.util.HashMap.putVal(ILjava/lang/Object;Ljava/lang/Object;ZZ)Ljava/lang/Object; @ 91 c2
Event: 3.466 Thread 0x000000013497c200 DEOPT PACKING pc=0x0000000113f50668 sp=0x000000016d209740
Event: 3.466 Thread 0x000000013497c200 DEOPT UNPACKING pc=0x000000010c446d1c sp=0x000000016d209690 mode 2
Event: 3.472 Thread 0x000000013497c200 Uncommon trap: trap_request=0xffffffc6 fr.pc=0x0000000113f50668 relative=0x0000000000000ba8
Event: 3.472 Thread 0x000000013497c200 Uncommon trap: reason=bimorphic_or_optimized_type_check action=maybe_recompile pc=0x0000000113f50668 method=java.util.HashMap.putVal(ILjava/lang/Object;Ljava/lang/Object;ZZ)Ljava/lang/Object; @ 91 c2
Event: 3.472 Thread 0x000000013497c200 DEOPT PACKING pc=0x0000000113f50668 sp=0x000000016d209740
Event: 3.472 Thread 0x000000013497c200 DEOPT UNPACKING pc=0x000000010c446d1c sp=0x000000016d209690 mode 2
Event: 3.472 Thread 0x000000013497c200 Uncommon trap: trap_request=0xffffffc6 fr.pc=0x0000000113f50668 relative=0x0000000000000ba8
Event: 3.472 Thread 0x000000013497c200 Uncommon trap: reason=bimorphic_or_optimized_type_check action=maybe_recompile pc=0x0000000113f50668 method=java.util.HashMap.putVal(ILjava/lang/Object;Ljava/lang/Object;ZZ)Ljava/lang/Object; @ 91 c2
Event: 3.472 Thread 0x000000013497c200 DEOPT PACKING pc=0x0000000113f50668 sp=0x000000016d209740
Event: 3.472 Thread 0x000000013497c200 DEOPT UNPACKING pc=0x000000010c446d1c sp=0x000000016d209690 mode 2

Classes unloaded (0 events):
No events

Classes redefined (0 events):
No events

Internal exceptions (20 events):
Event: 0.527 Thread 0x000000013497c200 Exception <a 'java/lang/NoSuchMethodError'{0x000000070ec991c0}: 'java.lang.Object java.lang.invoke.DirectMethodHandle$Holder.invokeInterface(java.lang.Object, java.lang.Object, java.lang.Object)'> (0x000000070ec991c0) 
thrown [open/src/hotspot/share/interpreter/linkResolver.cpp, line 759]
Event: 0.527 Thread 0x000000013497c200 Exception <a 'java/lang/IncompatibleClassChangeError'{0x000000070ec9cb48}: Found class java.lang.Object, but interface was expected> (0x000000070ec9cb48) 
thrown [open/src/hotspot/share/interpreter/linkResolver.cpp, line 826]
Event: 0.550 Thread 0x000000013497c200 Exception <a 'java/lang/ClassNotFoundException'{0x000000070eacf938}: com/sun/javafx/scene/control/skin/resources/controls> (0x000000070eacf938) 
thrown [open/src/hotspot/share/prims/jni.cpp, line 535]
Event: 0.550 Thread 0x000000013497c200 Exception <a 'java/lang/ClassNotFoundException'{0x000000070eadd8d8}: com/sun/javafx/scene/control/skin/resources/controls_en> (0x000000070eadd8d8) 
thrown [open/src/hotspot/share/prims/jni.cpp, line 535]
Event: 0.550 Thread 0x000000013497c200 Exception <a 'java/lang/ClassNotFoundException'{0x000000070eade870}: com/sun/javafx/scene/control/skin/resources/controls_en_US> (0x000000070eade870) 
thrown [open/src/hotspot/share/prims/jni.cpp, line 535]
Event: 0.623 Thread 0x000000013497c200 Exception <a 'java/lang/NoSuchMethodError'{0x000000070dea7eb8}: 'void java.lang.invoke.DirectMethodHandle$Holder.invokeSpecial(java.lang.Object, java.lang.Object, java.lang.Object, java.lang.Object, java.lang.Object, java.lang.Object)'> (0x000000070dea7eb8) 
thrown [open/src/hotspot/share/interpreter/linkResolver.cpp, line 759]
Event: 0.702 Thread 0x000000013497c200 Exception <a 'java/lang/NoSuchMethodError'{0x000000070d6fe2a0}: 'java.lang.Object java.lang.invoke.DirectMethodHandle$Holder.newInvokeSpecial(java.lang.Object, java.lang.Object, int)'> (0x000000070d6fe2a0) 
thrown [open/src/hotspot/share/interpreter/linkResolver.cpp, line 759]
Event: 0.786 Thread 0x00000001340ce600 Exception <a 'java/lang/NoSuchMethodError'{0x000000070d51e900}: 'int java.lang.invoke.DirectMethodHandle$Holder.invokeStaticInit(java.lang.Object, java.lang.Object)'> (0x000000070d51e900) 
thrown [open/src/hotspot/share/interpreter/linkResolver.cpp, line 759]
Event: 2.523 Thread 0x000000013497c200 Exception <a 'java/lang/NoSuchMethodError'{0x000000070cf2d440}: 'long java.lang.invoke.DirectMethodHandle$Holder.invokeStatic(java.lang.Object, java.lang.Object)'> (0x000000070cf2d440) 
thrown [open/src/hotspot/share/interpreter/linkResolver.cpp, line 759]
Event: 2.534 Thread 0x000000013497c200 Exception <a 'java/lang/NoSuchMethodError'{0x000000070cf6eb10}: 'int java.lang.invoke.DirectMethodHandle$Holder.invokeVirtual(java.lang.Object, java.lang.Object)'> (0x000000070cf6eb10) 
thrown [open/src/hotspot/share/interpreter/linkResolver.cpp, line 759]
Event: 2.534 Thread 0x000000013497c200 Exception <a 'java/lang/NoSuchMethodError'{0x000000070cf75328}: 'void java.lang.invoke.DirectMethodHandle$Holder.invokeVirtual(java.lang.Object, java.lang.Object, int)'> (0x000000070cf75328) 
thrown [open/src/hotspot/share/interpreter/linkResolver.cpp, line 759]
Event: 2.552 Thread 0x000000013497c200 Exception <a 'java/lang/NoSuchMethodError'{0x000000070cfa4718}: 'long java.lang.invoke.DirectMethodHandle$Holder.invokeStatic(java.lang.Object, java.lang.Object, java.lang.Object)'> (0x000000070cfa4718) 
thrown [open/src/hotspot/share/interpreter/linkResolver.cpp, line 759]
Event: 2.552 Thread 0x000000013497c200 Exception <a 'java/lang/NoSuchMethodError'{0x000000070cfdd850}: 'long java.lang.invoke.DirectMethodHandle$Holder.invokeStaticInit(java.lang.Object, java.lang.Object, java.lang.Object)'> (0x000000070cfdd850) 
thrown [open/src/hotspot/share/interpreter/linkResolver.cpp, line 759]
Event: 2.553 Thread 0x000000013497c200 Exception <a 'java/lang/NoSuchMethodError'{0x000000070cff5458}: 'java.lang.Object java.lang.invoke.DirectMethodHandle$Holder.newInvokeSpecial(java.lang.Object, java.lang.Object, long)'> (0x000000070cff5458) 
thrown [open/src/hotspot/share/interpreter/linkResolver.cpp, line 759]
Event: 2.554 Thread 0x000000013497c200 Exception <a 'java/lang/NoSuchMethodError'{0x000000070cff8d20}: 'java.lang.Object java.lang.invoke.Invokers$Holder.linkToTargetMethod(java.lang.Object, long, java.lang.Object)'> (0x000000070cff8d20) 
thrown [open/src/hotspot/share/interpreter/linkResolver.cpp, line 759]
Event: 3.370 Thread 0x000000013497c200 Exception <a 'java/lang/NoSuchMethodError'{0x000000070cd7af38}: 'java.lang.Object java.lang.invoke.DirectMethodHandle$Holder.newInvokeSpecial(java.lang.Object, java.lang.Object, int, int, int, int, int, java.lang.Object)'> (0x000000070cd7af38) 
thrown [open/src/hotspot/share/interpreter/linkResolver.cpp, line 759]
Event: 3.371 Thread 0x000000013497c200 Exception <a 'java/lang/NoSuchMethodError'{0x000000070cd8df18}: 'java.lang.Object java.lang.invoke.DirectMethodHandle$Holder.newInvokeSpecial(java.lang.Object, java.lang.Object, java.lang.Object, int, int, int, int, int)'> (0x000000070cd8df18) 
thrown [open/src/hotspot/share/interpreter/linkResolver.cpp, line 759]
Event: 3.372 Thread 0x000000013497c200 Exception <a 'java/lang/NoSuchMethodError'{0x000000070cd95778}: 'java.lang.Object java.lang.invoke.Invokers$Holder.linkToTargetMethod(java.lang.Object, java.lang.Object, int, int, int, int, int, java.lang.Object)'> (0x000000070cd95778) 
thrown [open/src/hotspot/share/interpreter/linkResolver.cpp, line 759]
Event: 3.475 Thread 0x000000013497c200 Exception <a 'java/lang/NullPointerException'{0x000000070cafc720}> (0x000000070cafc720) 
thrown [open/src/hotspot/share/interpreter/linkResolver.cpp, line 1350]
Event: 3.475 Thread 0x000000013497c200 Exception <a 'java/lang/reflect/InvocationTargetException'{0x000000070cafd990}> (0x000000070cafd990) 
thrown [open/src/hotspot/share/runtime/reflection.cpp, line 1121]

VM Operations (20 events):
Event: 0.688 Executing VM operation: ICBufferFull
Event: 0.688 Executing VM operation: ICBufferFull done
Event: 0.870 Executing VM operation: HandshakeAllThreads
Event: 0.870 Executing VM operation: HandshakeAllThreads done
Event: 1.146 Executing VM operation: ICBufferFull
Event: 1.146 Executing VM operation: ICBufferFull done
Event: 2.151 Executing VM operation: Cleanup
Event: 2.151 Executing VM operation: Cleanup done
Event: 2.525 Executing VM operation: HandshakeAllThreads
Event: 2.525 Executing VM operation: HandshakeAllThreads done
Event: 2.537 Executing VM operation: HandshakeAllThreads
Event: 2.537 Executing VM operation: HandshakeAllThreads done
Event: 3.216 Executing VM operation: ICBufferFull
Event: 3.216 Executing VM operation: ICBufferFull done
Event: 3.464 Executing VM operation: ICBufferFull
Event: 3.464 Executing VM operation: ICBufferFull done
Event: 3.464 Executing VM operation: HandshakeAllThreads
Event: 3.464 Executing VM operation: HandshakeAllThreads done
Event: 4.469 Executing VM operation: Cleanup
Event: 4.469 Executing VM operation: Cleanup done

Events (20 events):
Event: 2.535 loading class java/util/stream/ReduceOps$5
Event: 2.535 loading class java/util/stream/ReduceOps$5 done
Event: 2.535 loading class java/util/stream/ReduceOps$CountingSink$OfRef
Event: 2.535 loading class java/util/stream/ReduceOps$CountingSink
Event: 2.535 loading class java/util/stream/ReduceOps$CountingSink done
Event: 2.535 loading class java/util/stream/ReduceOps$CountingSink$OfRef done
Event: 2.551 Protecting memory [0x000000016feb0000,0x000000016febc000] with protection modes 0
Event: 2.551 Thread 0x0000000134221800 Thread added: 0x0000000134221800
Event: 3.034 Protecting memory [0x000000016feb0000,0x000000016febc000] with protection modes 3
Event: 3.034 Thread 0x0000000134221800 Thread exited: 0x0000000134221800
Event: 3.251 Protecting memory [0x000000016feb0000,0x000000016febc000] with protection modes 0
Event: 3.251 Thread 0x000000012480aa00 Thread added: 0x000000012480aa00
Event: 3.476 loading class java/lang/Throwable$WrappedPrintStream
Event: 3.476 loading class java/lang/Throwable$PrintStreamOrWriter
Event: 3.476 loading class java/lang/Throwable$PrintStreamOrWriter done
Event: 3.476 loading class java/lang/Throwable$WrappedPrintStream done
Event: 4.166 Protecting memory [0x000000016feb0000,0x000000016febc000] with protection modes 3
Event: 4.167 Thread 0x000000012480aa00 Thread exited: 0x000000012480aa00
Event: 7.368 Protecting memory [0x000000016feb0000,0x000000016febc000] with protection modes 0
Event: 7.368 Thread 0x000000012582d400 Thread added: 0x000000012582d400


Dynamic libraries:
0x0000000102de0000 	/Library/Java/JavaVirtualMachines/jdk-17.0.4.jdk/Contents/Home/lib/libjli.dylib
0x00000001a4ca6000 	/usr/lib/libz.1.dylib
0x00000001a4d5d000 	/usr/lib/libSystem.B.dylib
0x00000001a4d57000 	/usr/lib/system/libcache.dylib
0x00000001a4d15000 	/usr/lib/system/libcommonCrypto.dylib
0x00000001a4d3e000 	/usr/lib/system/libcompiler_rt.dylib
0x00000001a4d35000 	/usr/lib/system/libcopyfile.dylib
0x0000000199f83000 	/usr/lib/system/libcorecrypto.dylib
0x000000019a038000 	/usr/lib/system/libdispatch.dylib
0x000000019a206000 	/usr/lib/system/libdyld.dylib
0x00000001a4d4d000 	/usr/lib/system/libkeymgr.dylib
0x00000001a4cf0000 	/usr/lib/system/libmacho.dylib
0x00000001a43e0000 	/usr/lib/system/libquarantine.dylib
0x00000001a4d4a000 	/usr/lib/system/libremovefile.dylib
0x000000019f37c000 	/usr/lib/system/libsystem_asl.dylib
0x0000000199f25000 	/usr/lib/system/libsystem_blocks.dylib
0x000000019a0c0000 	/usr/lib/system/libsystem_c.dylib
0x00000001a4d42000 	/usr/lib/system/libsystem_collections.dylib
0x00000001a3875000 	/usr/lib/system/libsystem_configuration.dylib
0x00000001a2ad1000 	/usr/lib/system/libsystem_containermanager.dylib
0x00000001a4a4d000 	/usr/lib/system/libsystem_coreservices.dylib
0x000000019c936000 	/usr/lib/system/libsystem_darwin.dylib
0x00000001a4d4e000 	/usr/lib/system/libsystem_dnssd.dylib
0x000000019a0bd000 	/usr/lib/system/libsystem_featureflags.dylib
0x000000019a21b000 	/usr/lib/system/libsystem_info.dylib
0x00000001a4cb8000 	/usr/lib/system/libsystem_m.dylib
0x000000019a00d000 	/usr/lib/system/libsystem_malloc.dylib
0x000000019f30a000 	/usr/lib/system/libsystem_networkextension.dylib
0x000000019cd8f000 	/usr/lib/system/libsystem_notify.dylib
0x00000001ab0b0000 	/usr/lib/system/libsystem_product_info_filter.dylib
0x00000001a387a000 	/usr/lib/system/libsystem_sandbox.dylib
0x00000001a4d47000 	/usr/lib/system/libsystem_secinit.dylib
0x000000019a1c1000 	/usr/lib/system/libsystem_kernel.dylib
0x000000019a213000 	/usr/lib/system/libsystem_platform.dylib
0x000000019a1f9000 	/usr/lib/system/libsystem_pthread.dylib
0x00000001a0adc000 	/usr/lib/system/libsystem_symptoms.dylib
0x0000000199f69000 	/usr/lib/system/libsystem_trace.dylib
0x00000001a4d22000 	/usr/lib/system/libunwind.dylib
0x0000000199f27000 	/usr/lib/system/libxpc.dylib
0x000000019a1a9000 	/usr/lib/libc++abi.dylib
0x000000019a07f000 	/usr/lib/libobjc.A.dylib
0x00000001a4d2d000 	/usr/lib/liboah.dylib
0x000000019a142000 	/usr/lib/libc++.1.dylib
0x00000001b0bd6000 	/System/Library/Frameworks/Cocoa.framework/Versions/A/Cocoa
0x000000019cdf0000 	/System/Library/Frameworks/AppKit.framework/Versions/C/AppKit
0x00000001a0303000 	/System/Library/Frameworks/CoreData.framework/Versions/A/CoreData
0x000000019b14b000 	/System/Library/Frameworks/Foundation.framework/Versions/C/Foundation
0x000000019dca8000 	/System/Library/PrivateFrameworks/UIFoundation.framework/Versions/A/UIFoundation
0x00000001aadaa000 	/System/Library/PrivateFrameworks/RemoteViewServices.framework/Versions/A/RemoteViewServices
0x00000001a321d000 	/System/Library/PrivateFrameworks/XCTTargetBootstrap.framework/Versions/A/XCTTargetBootstrap
0x00000001a6a9d000 	/System/Library/PrivateFrameworks/InternationalSupport.framework/Versions/A/InternationalSupport
0x00000001a6b26000 	/System/Library/PrivateFrameworks/UserActivity.framework/Versions/A/UserActivity
0x00000001a5f94000 	/usr/lib/libspindump.dylib
0x000000019df19000 	/System/Library/Frameworks/UniformTypeIdentifiers.framework/Versions/A/UniformTypeIdentifiers
0x00000001a1767000 	/usr/lib/libapp_launch_measurement.dylib
0x00000001a0c8e000 	/System/Library/PrivateFrameworks/CoreAnalytics.framework/Versions/A/CoreAnalytics
0x00000001a176a000 	/System/Library/PrivateFrameworks/CoreAutoLayout.framework/Versions/A/CoreAutoLayout
0x00000001a2b0e000 	/System/Library/Frameworks/Metal.framework/Versions/A/Metal
0x00000001a3885000 	/usr/lib/liblangid.dylib
0x00000001a3222000 	/System/Library/PrivateFrameworks/CoreSVG.framework/Versions/A/CoreSVG
0x000000019f3b0000 	/System/Library/PrivateFrameworks/SkyLight.framework/Versions/A/SkyLight
0x000000019f789000 	/System/Library/Frameworks/CoreGraphics.framework/Versions/A/CoreGraphics
0x00000001ab476000 	/System/Library/Frameworks/Accelerate.framework/Versions/A/Accelerate
0x00000001a5a0b000 	/System/Library/PrivateFrameworks/IconServices.framework/Versions/A/IconServices
0x00000001a2af0000 	/System/Library/Frameworks/IOSurface.framework/Versions/A/IOSurface
0x00000001a0cbf000 	/usr/lib/libDiagnosticMessagesClient.dylib
0x00000001ae977000 	/System/Library/Frameworks/ApplicationServices.framework/Versions/A/ApplicationServices
0x00000001a3205000 	/System/Library/PrivateFrameworks/DFRFoundation.framework/Versions/A/DFRFoundation
0x000000019c680000 	/usr/lib/libicucore.A.dylib
0x00000001a794a000 	/System/Library/Frameworks/AudioToolbox.framework/Versions/A/AudioToolbox
0x00000001a6aa9000 	/System/Library/PrivateFrameworks/DataDetectorsCore.framework/Versions/A/DataDetectorsCore
0x00000001bd4a3000 	/System/Library/PrivateFrameworks/TextInput.framework/Versions/A/TextInput
0x000000019f325000 	/usr/lib/libMobileGestalt.dylib
0x00000001a2ed1000 	/System/Library/Frameworks/Carbon.framework/Versions/A/Frameworks/HIToolbox.framework/Versions/A/HIToolbox
0x00000001a113f000 	/System/Library/Frameworks/QuartzCore.framework/Versions/A/QuartzCore
0x000000019c301000 	/System/Library/Frameworks/Security.framework/Versions/A/Security
0x00000001aadea000 	/System/Library/Frameworks/Carbon.framework/Versions/A/Frameworks/SpeechRecognition.framework/Versions/A/SpeechRecognition
0x00000001a14bd000 	/System/Library/PrivateFrameworks/CoreUI.framework/Versions/A/CoreUI
0x000000019bbdd000 	/System/Library/Frameworks/CoreAudio.framework/Versions/A/CoreAudio
0x00000001a0db3000 	/System/Library/Frameworks/DiskArbitration.framework/Versions/A/DiskArbitration
0x00000001a639e000 	/System/Library/PrivateFrameworks/MultitouchSupport.framework/Versions/A/MultitouchSupport
0x000000019f323000 	/usr/lib/libenergytrace.dylib
0x000000019ccb8000 	/System/Library/Frameworks/IOKit.framework/Versions/A/IOKit
0x00000001ab1d9000 	/System/Library/Frameworks/CoreServices.framework/Versions/A/CoreServices
0x00000001a16f7000 	/System/Library/PrivateFrameworks/PerformanceAnalysis.framework/Versions/A/PerformanceAnalysis
0x00000001fb8db000 	/System/Library/Frameworks/OpenGL.framework/Versions/A/OpenGL
0x00000001a42f8000 	/System/Library/PrivateFrameworks/MobileKeyBag.framework/Versions/A/MobileKeyBag
0x000000019fd97000 	/System/Library/Frameworks/ColorSync.framework/Versions/A/ColorSync
0x000000019a248000 	/System/Library/Frameworks/CoreFoundation.framework/Versions/A/CoreFoundation
0x00000001a34a1000 	/System/Library/Frameworks/CoreImage.framework/Versions/A/CoreImage
0x000000019ba01000 	/System/Library/Frameworks/CoreText.framework/Versions/A/CoreText
0x00000001a3252000 	/System/Library/Frameworks/ImageIO.framework/Versions/A/ImageIO
0x00000001a4d63000 	/System/Library/PrivateFrameworks/SoftLinking.framework/Versions/A/SoftLinking
0x00000001a17b5000 	/usr/lib/libxml2.2.dylib
0x00000001a4ffc000 	/usr/lib/libcompression.dylib
0x00000001a69f9000 	/System/Library/PrivateFrameworks/TextureIO.framework/Versions/A/TextureIO
0x00000001a5724000 	/usr/lib/libate.dylib
0x00000001a55e9000 	/usr/lib/liblzma.5.dylib
0x000000019ae3e000 	/System/Library/Frameworks/SystemConfiguration.framework/Versions/A/SystemConfiguration
0x00000001a4d5f000 	/usr/lib/libfakelink.dylib
0x000000019ee55000 	/System/Library/Frameworks/CFNetwork.framework/Versions/A/CFNetwork
0x00000001a4ea5000 	/usr/lib/libarchive.2.dylib
0x00000001a3881000 	/System/Library/PrivateFrameworks/AppleSystemInfo.framework/Versions/A/AppleSystemInfo
0x00000001a440b000 	/usr/lib/libbsm.0.dylib
0x000000019e3c2000 	/usr/lib/libnetwork.dylib
0x00000001a4cf9000 	/usr/lib/system/libkxld.dylib
0x00000001a4025000 	/System/Library/PrivateFrameworks/IOMobileFramebuffer.framework/Versions/A/IOMobileFramebuffer
0x00000002195a4000 	/usr/lib/libCoreEntitlements.dylib
0x00000001a4a2f000 	/System/Library/PrivateFrameworks/AppleFSCompression.framework/Versions/A/AppleFSCompression
0x00000001a43f3000 	/usr/lib/libcoretls.dylib
0x00000001a5602000 	/usr/lib/libcoretls_cfhelpers.dylib
0x00000001a4ff7000 	/usr/lib/libpam.2.dylib
0x00000001a06f3000 	/usr/lib/libsqlite3.dylib
0x00000001a566b000 	/usr/lib/libxar.1.dylib
0x00000001a4a40000 	/usr/lib/libbz2.1.0.dylib
0x00000001a4d64000 	/usr/lib/libpcap.A.dylib
0x00000001a0ad3000 	/usr/lib/libdns_services.dylib
0x00000001a4fca000 	/usr/lib/libapple_nghttp2.dylib
0x00000001a4da1000 	/usr/lib/libiconv.2.dylib
0x00000001a4cef000 	/usr/lib/libcharset.1.dylib
0x00000001a1733000 	/System/Library/Frameworks/CoreServices.framework/Versions/A/Frameworks/FSEvents.framework/Versions/A/FSEvents
0x000000019c941000 	/System/Library/Frameworks/CoreServices.framework/Versions/A/Frameworks/CarbonCore.framework/Versions/A/CarbonCore
0x00000001a0d13000 	/System/Library/Frameworks/CoreServices.framework/Versions/A/Frameworks/Metadata.framework/Versions/A/Metadata
0x00000001a4a53000 	/System/Library/Frameworks/CoreServices.framework/Versions/A/Frameworks/OSServices.framework/Versions/A/OSServices
0x00000001a4f2b000 	/System/Library/Frameworks/CoreServices.framework/Versions/A/Frameworks/SearchKit.framework/Versions/A/SearchKit
0x00000001a0a62000 	/System/Library/Frameworks/CoreServices.framework/Versions/A/Frameworks/AE.framework/Versions/A/AE
0x000000019a78f000 	/System/Library/Frameworks/CoreServices.framework/Versions/A/Frameworks/LaunchServices.framework/Versions/A/LaunchServices
0x00000001a5592000 	/System/Library/Frameworks/CoreServices.framework/Versions/A/Frameworks/DictionaryServices.framework/Versions/A/DictionaryServices
0x00000001a1740000 	/System/Library/Frameworks/CoreServices.framework/Versions/A/Frameworks/SharedFileList.framework/Versions/A/SharedFileList
0x00000001a43e3000 	/usr/lib/libCheckFix.dylib
0x000000019f394000 	/System/Library/PrivateFrameworks/TCC.framework/Versions/A/TCC
0x00000001a3887000 	/System/Library/PrivateFrameworks/CoreNLP.framework/Versions/A/CoreNLP
0x00000001a0cc2000 	/System/Library/PrivateFrameworks/MetadataUtilities.framework/Versions/A/MetadataUtilities
0x000000019aef8000 	/usr/lib/libmecabra.dylib
0x00000001a441c000 	/usr/lib/libmecab.dylib
0x000000019aec4000 	/usr/lib/libCRFSuite.dylib
0x00000001a4479000 	/usr/lib/libgermantok.dylib
0x00000001a4fa3000 	/usr/lib/libThaiTokenizer.dylib
0x00000001a0dbb000 	/System/Library/Frameworks/Accelerate.framework/Versions/A/Frameworks/vImage.framework/Versions/A/vImage
0x00000001ab1b0000 	/System/Library/Frameworks/Accelerate.framework/Versions/A/Frameworks/vecLib.framework/Versions/A/vecLib
0x00000001a56b0000 	/System/Library/Frameworks/Accelerate.framework/Versions/A/Frameworks/vecLib.framework/Versions/A/libvMisc.dylib
0x00000001a3f2c000 	/System/Library/Frameworks/Accelerate.framework/Versions/A/Frameworks/vecLib.framework/Versions/A/libvDSP.dylib
0x000000019ab19000 	/System/Library/Frameworks/Accelerate.framework/Versions/A/Frameworks/vecLib.framework/Versions/A/libBLAS.dylib
0x00000001a50cd000 	/System/Library/Frameworks/Accelerate.framework/Versions/A/Frameworks/vecLib.framework/Versions/A/libLAPACK.dylib
0x00000001a447c000 	/System/Library/Frameworks/Accelerate.framework/Versions/A/Frameworks/vecLib.framework/Versions/A/libLinearAlgebra.dylib
0x00000001a4fe2000 	/System/Library/Frameworks/Accelerate.framework/Versions/A/Frameworks/vecLib.framework/Versions/A/libSparseBLAS.dylib
0x00000001a50c8000 	/System/Library/Frameworks/Accelerate.framework/Versions/A/Frameworks/vecLib.framework/Versions/A/libQuadrature.dylib
0x00000001a3980000 	/System/Library/Frameworks/Accelerate.framework/Versions/A/Frameworks/vecLib.framework/Versions/A/libBNNS.dylib
0x000000019add7000 	/System/Library/Frameworks/Accelerate.framework/Versions/A/Frameworks/vecLib.framework/Versions/A/libSparse.dylib
0x00000001a3978000 	/System/Library/PrivateFrameworks/LinguisticData.framework/Versions/A/LinguisticData
0x000000019ad8f000 	/System/Library/PrivateFrameworks/Lexicon.framework/Versions/A/Lexicon
0x00000001a56a8000 	/usr/lib/libChineseTokenizer.dylib
0x000000019b53d000 	/System/Library/PrivateFrameworks/LanguageModeling.framework/Versions/A/LanguageModeling
0x00000001a4fa5000 	/System/Library/PrivateFrameworks/AppleSauce.framework/Versions/A/AppleSauce
0x00000001a4012000 	/System/Library/PrivateFrameworks/CoreEmoji.framework/Versions/A/CoreEmoji
0x00000001a4e93000 	/usr/lib/libcmph.dylib
0x00000001a1713000 	/System/Library/Frameworks/OpenDirectory.framework/Versions/A/Frameworks/CFOpenDirectory.framework/Versions/A/CFOpenDirectory
0x00000001a1703000 	/System/Library/Frameworks/OpenDirectory.framework/Versions/A/OpenDirectory
0x00000001a5604000 	/System/Library/PrivateFrameworks/APFS.framework/Versions/A/APFS
0x00000001a4333000 	/System/Library/Frameworks/SecurityFoundation.framework/Versions/A/SecurityFoundation
0x00000001a567a000 	/usr/lib/libutil.dylib
0x000000019cc7a000 	/System/Library/PrivateFrameworks/CoreServicesStore.framework/Versions/A/CoreServicesStore
0x00000001a567e000 	/usr/lib/libxslt.1.dylib
0x00000001a43c7000 	/System/Library/PrivateFrameworks/BackgroundTaskManagement.framework/Versions/A/BackgroundTaskManagement
0x00000001a691a000 	/System/Library/Frameworks/ImageIO.framework/Versions/A/Resources/libRadiance.dylib
0x00000001a6923000 	/System/Library/Frameworks/ImageIO.framework/Versions/A/Resources/libJPEG.dylib
0x00000001a6876000 	/System/Library/Frameworks/ImageIO.framework/Versions/A/Resources/libPng.dylib
0x00000001a6898000 	/System/Library/Frameworks/ImageIO.framework/Versions/A/Resources/libTIFF.dylib
0x00000001a697e000 	/System/Library/Frameworks/ImageIO.framework/Versions/A/Resources/libGIF.dylib
0x00000001a62ae000 	/System/Library/Frameworks/ImageIO.framework/Versions/A/Resources/libJP2.dylib
0x00000001a59d0000 	/usr/lib/libexpat.1.dylib
0x00000001a6269000 	/System/Library/PrivateFrameworks/AppleJPEG.framework/Versions/A/AppleJPEG
0x00000001a2d8d000 	/System/Library/PrivateFrameworks/FontServices.framework/libFontParser.dylib
0x00000001a0a07000 	/System/Library/PrivateFrameworks/RunningBoardServices.framework/Versions/A/RunningBoardServices
0x00000001b12ac000 	/System/Library/PrivateFrameworks/IOSurfaceAccelerator.framework/Versions/A/IOSurfaceAccelerator
0x00000001a639a000 	/System/Library/PrivateFrameworks/WatchdogClient.framework/Versions/A/WatchdogClient
0x000000019b63d000 	/System/Library/Frameworks/CoreDisplay.framework/Versions/A/CoreDisplay
0x00000001a2c77000 	/System/Library/Frameworks/CoreMedia.framework/Versions/A/CoreMedia
0x00000001a2b04000 	/System/Library/PrivateFrameworks/IOAccelerator.framework/Versions/A/IOAccelerator
0x00000001a18a3000 	/System/Library/Frameworks/CoreVideo.framework/Versions/A/CoreVideo
0x00000001a4ff5000 	/System/Library/Frameworks/MetalPerformanceShaders.framework/Versions/A/MetalPerformanceShaders
0x00000001a63d9000 	/System/Library/Frameworks/VideoToolbox.framework/Versions/A/VideoToolbox
0x00000001a094b000 	/System/Library/PrivateFrameworks/BaseBoard.framework/Versions/A/BaseBoard
0x00000001a06d9000 	/System/Library/PrivateFrameworks/ProtocolBuffer.framework/Versions/A/ProtocolBuffer
0x00000001a6915000 	/System/Library/PrivateFrameworks/GPUWrangler.framework/Versions/A/GPUWrangler
0x00000001a68f5000 	/System/Library/PrivateFrameworks/IOPresentment.framework/Versions/A/IOPresentment
0x00000001a691d000 	/System/Library/PrivateFrameworks/DSExternalDisplay.framework/Versions/A/DSExternalDisplay
0x00000001fb8ce000 	/System/Library/Frameworks/OpenGL.framework/Versions/A/Libraries/libCoreFSCache.dylib
0x0000000206094000 	/System/Library/PrivateFrameworks/GPUCompiler.framework/Versions/31001/Libraries/libGPUCompilerUtils.dylib
0x00000001a6983000 	/System/Library/PrivateFrameworks/CMCaptureCore.framework/Versions/A/CMCaptureCore
0x00000001a5f81000 	/System/Library/PrivateFrameworks/AppServerSupport.framework/Versions/A/AppServerSupport
0x00000001a8207000 	/System/Library/PrivateFrameworks/perfdata.framework/Versions/A/perfdata
0x000000019b75d000 	/System/Library/PrivateFrameworks/AudioToolboxCore.framework/Versions/A/AudioToolboxCore
0x00000001a2c50000 	/System/Library/PrivateFrameworks/caulk.framework/Versions/A/caulk
0x00000001a7afc000 	/usr/lib/libAudioStatistics.dylib
0x00000001b9afb000 	/System/Library/PrivateFrameworks/SystemPolicy.framework/Versions/A/SystemPolicy
0x00000001a7d68000 	/usr/lib/libSMC.dylib
0x00000001b0ab4000 	/System/Library/Frameworks/CoreMIDI.framework/Versions/A/CoreMIDI
0x00000001a6844000 	/usr/lib/libAudioToolboxUtility.dylib
0x00000001b5c6b000 	/System/Library/PrivateFrameworks/OSAServicesClient.framework/Versions/A/OSAServicesClient
0x00000001a8214000 	/usr/lib/libperfcheck.dylib
0x00000001ba617000 	/usr/lib/libmis.dylib
0x00000001fb930000 	/System/Library/Frameworks/OpenGL.framework/Versions/A/Libraries/libGLU.dylib
0x00000001fb8ef000 	/System/Library/Frameworks/OpenGL.framework/Versions/A/Libraries/libGFXShared.dylib
0x00000001fbadc000 	/System/Library/Frameworks/OpenGL.framework/Versions/A/Libraries/libGL.dylib
0x00000001fb8f8000 	/System/Library/Frameworks/OpenGL.framework/Versions/A/Libraries/libGLImage.dylib
0x00000001fb8ec000 	/System/Library/Frameworks/OpenGL.framework/Versions/A/Libraries/libCVMSPluginSupport.dylib
0x00000001fb8d5000 	/System/Library/Frameworks/OpenGL.framework/Versions/A/Libraries/libCoreVMClient.dylib
0x00000001a3801000 	/System/Library/Frameworks/MetalPerformanceShaders.framework/Versions/A/Frameworks/MPSCore.framework/Versions/A/MPSCore
0x00000001a49a2000 	/System/Library/Frameworks/MetalPerformanceShaders.framework/Versions/A/Frameworks/MPSImage.framework/Versions/A/MPSImage
0x00000001a4491000 	/System/Library/Frameworks/MetalPerformanceShaders.framework/Versions/A/Frameworks/MPSNeuralNetwork.framework/Versions/A/MPSNeuralNetwork
0x00000001a48ca000 	/System/Library/Frameworks/MetalPerformanceShaders.framework/Versions/A/Frameworks/MPSMatrix.framework/Versions/A/MPSMatrix
0x00000001a46a3000 	/System/Library/Frameworks/MetalPerformanceShaders.framework/Versions/A/Frameworks/MPSRayIntersector.framework/Versions/A/MPSRayIntersector
0x00000001a48fb000 	/System/Library/Frameworks/MetalPerformanceShaders.framework/Versions/A/Frameworks/MPSNDArray.framework/Versions/A/MPSNDArray
0x00000001fdcf7000 	/System/Library/Frameworks/MetalPerformanceShaders.framework/Versions/A/Frameworks/MPSFunctions.framework/Versions/A/MPSFunctions
0x000000019a9f0000 	/System/Library/PrivateFrameworks/MetalTools.framework/Versions/A/MetalTools
0x00000001a387f000 	/System/Library/PrivateFrameworks/AggregateDictionary.framework/Versions/A/AggregateDictionary
0x00000001a57b5000 	/usr/lib/libIOReport.dylib
0x00000001afad1000 	/System/Library/PrivateFrameworks/ASEProcessing.framework/Versions/A/ASEProcessing
0x00000001a5b2a000 	/System/Library/PrivateFrameworks/FaceCore.framework/Versions/A/FaceCore
0x00000001a5b1c000 	/System/Library/PrivateFrameworks/GraphVisualizer.framework/Versions/A/GraphVisualizer
0x0000000205fab000 	/System/Library/PrivateFrameworks/FontServices.framework/Versions/A/FontServices
0x00000001a5f3d000 	/System/Library/PrivateFrameworks/OTSVG.framework/Versions/A/OTSVG
0x00000001a146d000 	/System/Library/Frameworks/ApplicationServices.framework/Versions/A/Frameworks/ATS.framework/Versions/A/Resources/libFontRegistry.dylib
0x00000001a5f8a000 	/System/Library/PrivateFrameworks/FontServices.framework/libhvf.dylib
0x0000000205fac000 	/System/Library/PrivateFrameworks/FontServices.framework/libXTFontStaticRegistryData.dylib
0x00000001fbc7d000 	/System/Library/Frameworks/OpenCL.framework/Versions/A/OpenCL
0x00000001a5984000 	/System/Library/PrivateFrameworks/AppleVA.framework/Versions/A/AppleVA
0x00000001a7b24000 	/System/Library/Frameworks/ApplicationServices.framework/Versions/A/Frameworks/ATS.framework/Versions/A/ATS
0x000000019fe96000 	/System/Library/Frameworks/ApplicationServices.framework/Versions/A/Frameworks/HIServices.framework/Versions/A/HIServices
0x00000001a698d000 	/System/Library/Frameworks/ApplicationServices.framework/Versions/A/Frameworks/PrintCore.framework/Versions/A/PrintCore
0x00000001a7ebb000 	/System/Library/Frameworks/ApplicationServices.framework/Versions/A/Frameworks/QD.framework/Versions/A/QD
0x00000001a7eb3000 	/System/Library/Frameworks/ApplicationServices.framework/Versions/A/Frameworks/ColorSyncLegacy.framework/Versions/A/ColorSyncLegacy
0x00000001a7b10000 	/System/Library/Frameworks/ApplicationServices.framework/Versions/A/Frameworks/SpeechSynthesis.framework/Versions/A/SpeechSynthesis
0x00000001a694e000 	/System/Library/Frameworks/ApplicationServices.framework/Versions/A/Frameworks/ATSUI.framework/Versions/A/ATSUI
0x00000001a7e48000 	/usr/lib/libcups.2.dylib
0x00000001a8222000 	/System/Library/Frameworks/Kerberos.framework/Versions/A/Kerberos
0x00000001a8233000 	/System/Library/Frameworks/GSS.framework/Versions/A/GSS
0x00000001a7b94000 	/usr/lib/libresolv.9.dylib
0x00000001a5f99000 	/System/Library/PrivateFrameworks/Heimdal.framework/Versions/A/Heimdal
0x00000001aed07000 	/System/Library/Frameworks/Kerberos.framework/Versions/A/Libraries/libHeimdalProxy.dylib
0x00000001a0ae5000 	/System/Library/Frameworks/Network.framework/Versions/A/Network
0x00000001a59eb000 	/usr/lib/libheimdal-asn1.dylib
0x00000001a8283000 	/System/Library/PrivateFrameworks/CommonAuth.framework/Versions/A/CommonAuth
0x00000001a7a8a000 	/System/Library/PrivateFrameworks/AudioSession.framework/Versions/A/AudioSession
0x00000001a5a7d000 	/System/Library/PrivateFrameworks/MediaExperience.framework/Versions/A/MediaExperience
0x00000001a7910000 	/System/Library/PrivateFrameworks/AudioSession.framework/libSessionUtility.dylib
0x00000001a7ec7000 	/System/Library/PrivateFrameworks/AudioResourceArbitration.framework/Versions/A/AudioResourceArbitration
0x00000001ac08d000 	/System/Library/PrivateFrameworks/PowerLog.framework/Versions/A/PowerLog
0x00000001a59f5000 	/System/Library/PrivateFrameworks/IconFoundation.framework/Versions/A/IconFoundation
0x00000001aadd6000 	/System/Library/PrivateFrameworks/SpeechRecognitionCore.framework/Versions/A/SpeechRecognitionCore
0x0000000103d1c000 	/Library/Java/JavaVirtualMachines/jdk-17.0.4.jdk/Contents/Home/lib/server/libjvm.dylib
0x0000000102e3c000 	/Library/Java/JavaVirtualMachines/jdk-17.0.4.jdk/Contents/Home/lib/libjimage.dylib
0x0000000102e68000 	/Library/Java/JavaVirtualMachines/jdk-17.0.4.jdk/Contents/Home/lib/libinstrument.dylib
0x0000000102eb4000 	/Library/Java/JavaVirtualMachines/jdk-17.0.4.jdk/Contents/Home/lib/libjava.dylib
0x0000000103968000 	/Library/Java/JavaVirtualMachines/jdk-17.0.4.jdk/Contents/Home/lib/libnio.dylib
0x0000000103988000 	/Library/Java/JavaVirtualMachines/jdk-17.0.4.jdk/Contents/Home/lib/libnet.dylib
0x0000000102e9c000 	/Library/Java/JavaVirtualMachines/jdk-17.0.4.jdk/Contents/Home/lib/libzip.dylib
0x00000001039ac000 	/Users/josh/.openjfx/cache/17.0.1/libprism_es2.dylib
0x000000019cc3d000 	/System/Library/PrivateFrameworks/CoreServicesInternal.framework/Versions/A/CoreServicesInternal
0x00000001fbae6000 	/System/Library/Frameworks/OpenGL.framework/Versions/A/Resources/GLEngine.bundle/GLEngine
0x00000001fb96e000 	/System/Library/Frameworks/OpenGL.framework/Versions/A/Libraries/libGLProgrammability.dylib
0x0000000122740000 	/System/Library/Extensions/AppleMetalOpenGLRenderer.bundle/Contents/MacOS/AppleMetalOpenGLRenderer
0x00000001fbc55000 	/System/Library/Frameworks/OpenGL.framework/Versions/A/Resources/GLRendererFloat.bundle/GLRendererFloat
0x00000001fbd55000 	/System/Library/Extensions/AGXMetal13_3.bundle/Contents/MacOS/AGXMetal13_3
0x00000001ba633000 	/System/Library/PrivateFrameworks/GPURawCounter.framework/Versions/A/GPURawCounter
0x00000001b4dd4000 	/System/Library/PrivateFrameworks/IOGPU.framework/Versions/A/IOGPU
0x00000001226a4000 	/Users/josh/.openjfx/cache/17.0.1/libglass.dylib
0x00000001ac2e5000 	/System/Library/Frameworks/FileProvider.framework/Versions/A/FileProvider
0x00000001a08b3000 	/System/Library/Frameworks/Accounts.framework/Versions/A/Accounts
0x00000001ac469000 	/System/Library/PrivateFrameworks/GenerationalStorage.framework/Versions/A/GenerationalStorage
0x00000001ad02c000 	/System/Library/PrivateFrameworks/CoreSymbolication.framework/Versions/A/CoreSymbolication
0x00000001ac081000 	/System/Library/PrivateFrameworks/SymptomDiagnosticReporter.framework/Versions/A/SymptomDiagnosticReporter
0x000000019df2d000 	/System/Library/PrivateFrameworks/DesktopServicesPriv.framework/Versions/A/DesktopServicesPriv
0x000000019cd9f000 	/usr/lib/libsandbox.1.dylib
0x00000001a1931000 	/System/Library/PrivateFrameworks/UserManagement.framework/Versions/A/UserManagement
0x00000001acfe9000 	/System/Library/PrivateFrameworks/DebugSymbols.framework/Versions/A/DebugSymbols
0x00000001a7ea6000 	/System/Library/PrivateFrameworks/NetAuth.framework/Versions/A/NetAuth
0x00000001a8dc7000 	/System/Library/PrivateFrameworks/Sharing.framework/Versions/A/Sharing
0x00000001a1901000 	/System/Library/PrivateFrameworks/login.framework/Versions/A/Frameworks/loginsupport.framework/Versions/A/loginsupport
0x00000001ae21e000 	/System/Library/PrivateFrameworks/Apple80211.framework/Versions/A/Apple80211
0x00000001a4a86000 	/System/Library/PrivateFrameworks/AuthKit.framework/Versions/A/AuthKit
0x00000001a410e000 	/System/Library/PrivateFrameworks/CoreUtils.framework/Versions/A/CoreUtils
0x00000001a4031000 	/System/Library/Frameworks/CoreWLAN.framework/Versions/A/CoreWLAN
0x00000001a8f37000 	/System/Library/Frameworks/IOBluetooth.framework/Versions/A/IOBluetooth
0x00000001ae27e000 	/System/Library/PrivateFrameworks/CoreWiFi.framework/Versions/A/CoreWiFi
0x00000001acbc9000 	/System/Library/PrivateFrameworks/FrontBoardServices.framework/Versions/A/FrontBoardServices
0x00000001acc61000 	/System/Library/PrivateFrameworks/BoardServices.framework/Versions/A/BoardServices
0x00000001a4321000 	/System/Library/PrivateFrameworks/AssertionServices.framework/Versions/A/AssertionServices
0x00000001ae3fb000 	/System/Library/PrivateFrameworks/BackBoardServices.framework/Versions/A/BackBoardServices
0x00000001a831a000 	/System/Library/PrivateFrameworks/CorePhoneNumbers.framework/Versions/A/CorePhoneNumbers
0x00000001a7bc1000 	/System/Library/PrivateFrameworks/MultiverseSupport.framework/Versions/A/MultiverseSupport
0x00000001ae67c000 	/System/Library/PrivateFrameworks/RemoteServiceDiscovery.framework/Versions/A/RemoteServiceDiscovery
0x00000001ac1b1000 	/System/Library/PrivateFrameworks/DiskManagement.framework/Versions/A/DiskManagement
0x00000001ac0b4000 	/System/Library/PrivateFrameworks/AppleIDAuthSupport.framework/Versions/A/AppleIDAuthSupport
0x0000000200533000 	/System/Library/PrivateFrameworks/AAAFoundation.framework/Versions/A/AAAFoundation
0x00000001a82f9000 	/System/Library/PrivateFrameworks/KeychainCircle.framework/Versions/A/KeychainCircle
0x00000001ae68c000 	/System/Library/PrivateFrameworks/RemoteXPC.framework/Versions/A/RemoteXPC
0x00000001ac17d000 	/System/Library/PrivateFrameworks/MediaKit.framework/Versions/A/MediaKit
0x00000001ac0c1000 	/System/Library/Frameworks/DiscRecording.framework/Versions/A/DiscRecording
0x00000001a5900000 	/usr/lib/libCoreStorage.dylib
0x00000001ae6f8000 	/usr/lib/libcsfde.dylib
0x00000001a900c000 	/System/Library/PrivateFrameworks/ProtectedCloudStorage.framework/Versions/A/ProtectedCloudStorage
0x00000001ae6f0000 	/System/Library/PrivateFrameworks/EFILogin.framework/Versions/A/EFILogin
0x00000001ac490000 	/System/Library/PrivateFrameworks/OctagonTrust.framework/Versions/A/OctagonTrust
0x0000000205132000 	/System/Library/PrivateFrameworks/CoreUtilsExtras.framework/Versions/A/CoreUtilsExtras
0x00000001abfe6000 	/System/Library/Frameworks/CoreBluetooth.framework/Versions/A/CoreBluetooth
0x00000001aed8c000 	/System/Library/Frameworks/AudioUnit.framework/Versions/A/AudioUnit
0x00000001a58f8000 	/usr/lib/libMatch.1.dylib
0x00000001beb19000 	/System/Library/Frameworks/Accelerate.framework/Versions/A/Frameworks/vImage.framework/Versions/A/Libraries/libCGInterfaces.dylib
0x0000000127d8c000 	/usr/lib/libobjc-trampolines.dylib
0x00000001a15fb000 	/System/Library/PrivateFrameworks/ViewBridge.framework/Versions/A/ViewBridge
0x00000001a605c000 	/System/Library/PrivateFrameworks/login.framework/Versions/A/login
0x0000000132668000 	/Users/josh/.openjfx/cache/17.0.1/libjavafx_font.dylib
0x0000000219701000 	/usr/lib/libRosetta.dylib
0x0000000200be7000 	/System/Library/PrivateFrameworks/AccessibilityBundles.framework/Versions/A/AccessibilityBundles


VM Arguments:
jvm_args: -javaagent:/Applications/IntelliJ IDEA.app/Contents/lib/idea_rt.jar=54140:/Applications/IntelliJ IDEA.app/Contents/bin -Dfile.encoding=UTF-8 --module-path=/Users/josh/Documents/CS482/InventoryPA/target/classes:/Users/josh/.m2/repository/org/openjfx/javafx-fxml/17.0.1/javafx-fxml-17.0.1-mac-aarch64.jar:/Users/josh/.m2/repository/org/openjfx/javafx-graphics/17.0.1/javafx-graphics-17.0.1-mac-aarch64.jar:/Users/josh/.m2/repository/org/openjfx/javafx-controls/17.0.1/javafx-controls-17.0.1-mac-aarch64.jar:/Users/josh/.m2/repository/org/openjfx/javafx-base/17.0.1/javafx-base-17.0.1-mac-aarch64.jar -Djdk.module.main=c482.inventorypa 
java_command: c482.inventorypa/c482.inventorypa.Main
java_class_path (initial): /Users/josh/.m2/repository/org/openjfx/javafx-controls/17.0.1/javafx-controls-17.0.1.jar:/Users/josh/.m2/repository/org/openjfx/javafx-graphics/17.0.1/javafx-graphics-17.0.1.jar:/Users/josh/.m2/repository/org/openjfx/javafx-base/17.0.1/javafx-base-17.0.1.jar:/Users/josh/.m2/repository/org/openjfx/javafx-fxml/17.0.1/javafx-fxml-17.0.1.jar
Launcher Type: SUN_STANDARD

[Global flags]
     intx CICompilerCount                          = 4                                         {product} {ergonomic}
     uint ConcGCThreads                            = 2                                         {product} {ergonomic}
     uint G1ConcRefinementThreads                  = 8                                         {product} {ergonomic}
   size_t G1HeapRegionSize                         = 2097152                                   {product} {ergonomic}
    uintx GCDrainStackTargetSize                   = 64                                        {product} {ergonomic}
   size_t InitialHeapSize                          = 268435456                                 {product} {ergonomic}
   size_t MarkStackSize                            = 4194304                                   {product} {ergonomic}
   size_t MaxHeapSize                              = 4294967296                                {product} {ergonomic}
   size_t MaxNewSize                               = 2575302656                                {product} {ergonomic}
   size_t MinHeapDeltaBytes                        = 2097152                                   {product} {ergonomic}
   size_t MinHeapSize                              = 8388608                                   {product} {ergonomic}
    uintx NonNMethodCodeHeapSize                   = 5839564                                {pd product} {ergonomic}
    uintx NonProfiledCodeHeapSize                  = 122909338                              {pd product} {ergonomic}
    uintx ProfiledCodeHeapSize                     = 122909338                              {pd product} {ergonomic}
    uintx ReservedCodeCacheSize                    = 251658240                              {pd product} {ergonomic}
     bool SegmentedCodeCache                       = true                                      {product} {ergonomic}
   size_t SoftMaxHeapSize                          = 4294967296                             {manageable} {ergonomic}
     bool UseCompressedClassPointers               = true                           {product lp64_product} {ergonomic}
     bool UseCompressedOops                        = true                           {product lp64_product} {ergonomic}
     bool UseG1GC                                  = true                                      {product} {ergonomic}
     bool UseNUMA                                  = false                                     {product} {ergonomic}
     bool UseNUMAInterleaving                      = false                                     {product} {ergonomic}

Logging:
Log output configuration:
 #0: stdout all=warning uptime,level,tags
 #1: stderr all=off uptime,level,tags

Environment Variables:
PATH=/opt/homebrew/bin:/opt/homebrew/sbin:/usr/local/bin:/usr/bin:/bin:/usr/sbin:/sbin:/usr/local/share/dotnet:~/.dotnet/tools:/Library/Apple/usr/bin:/Library/Frameworks/Mono.framework/Versions/Current/Commands
SHELL=/bin/zsh
LC_CTYPE=en_US.UTF-8

Signal Handlers:
   SIGSEGV: crash_handler in libjvm.dylib, mask=11100110000111110111111111111111, flags=SA_RESTART|SA_SIGINFO
    SIGBUS: crash_handler in libjvm.dylib, mask=11100110000111110111111111111111, flags=SA_RESTART|SA_SIGINFO
    SIGFPE: crash_handler in libjvm.dylib, mask=11100110000111110111111111111111, flags=SA_RESTART|SA_SIGINFO
   SIGPIPE: javaSignalHandler in libjvm.dylib, mask=11100110000111110111111111111111, flags=SA_RESTART|SA_SIGINFO
   SIGXFSZ: javaSignalHandler in libjvm.dylib, mask=11100110000111110111111111111111, flags=SA_RESTART|SA_SIGINFO
    SIGILL: crash_handler in libjvm.dylib, mask=11100110000111110111111111111111, flags=SA_RESTART|SA_SIGINFO
   SIGUSR2: SR_handler in libjvm.dylib, mask=00100000000000000000000000000000, flags=SA_RESTART|SA_SIGINFO
    SIGHUP: UserHandler in libjvm.dylib, mask=11100110000111110111111111111111, flags=SA_RESTART|SA_SIGINFO
    SIGINT: UserHandler in libjvm.dylib, mask=11100110000111110111111111111111, flags=SA_RESTART|SA_SIGINFO
   SIGTERM: UserHandler in libjvm.dylib, mask=11100110000111110111111111111111, flags=SA_RESTART|SA_SIGINFO
   SIGQUIT: UserHandler in libjvm.dylib, mask=11100110000111110111111111111111, flags=SA_RESTART|SA_SIGINFO
   SIGTRAP: crash_handler in libjvm.dylib, mask=11100110000111110111111111111111, flags=SA_RESTART|SA_SIGINFO


---------------  S Y S T E M  ---------------

OS:
uname: Darwin 21.5.0 Darwin Kernel Version 21.5.0: Tue Apr 26 21:08:29 PDT 2022; root:xnu-8020.121.3~4/RELEASE_ARM64_T8101 arm64
OS uptime: 9 days 5:12 hours
rlimit (soft/hard): STACK 8176k/65520k , CORE 0k/infinity , NPROC 2666/4000 , NOFILE 10240/infinity , AS infinity/infinity , CPU infinity/infinity , DATA infinity/infinity , FSIZE infinity/infinity , MEMLOCK infinity/infinity , RSS infinity/infinity
load average: 2.57 2.18 1.99

CPU: total 8 (initial active 8) 0x61:0x0:0x1b588bb3:0, fp, simd, crc, lse

Memory: 16k page, physical 16777216k(108944k free), swap 1048576k(897024k free)

vm_info: Java HotSpot(TM) 64-Bit Server VM (17.0.4+11-LTS-179) for bsd-aarch64 JRE (17.0.4+11-LTS-179), built on Jun 28 2022 07:36:09 by "mach5one" with clang Apple LLVM 12.0.0 (clang-1200.0.32.29)

END.
