#
# A fatal error has been detected by the Java Runtime Environment:
#
#  SIGBUS (0xa) at pc=0x0000000109d494f0, pid=92599, tid=34823
#
# JRE version: OpenJDK Runtime Environment (18.0.2+9) (build 18.0.2+9-61)
# Java VM: OpenJDK 64-Bit Server VM (18.0.2+9-61, mixed mode, sharing, tiered, compressed oops, compressed class ptrs, g1 gc, bsd-aarch64)
# Problematic frame:
# v  ~StubRoutines::SafeFetchN
#
# No core dump will be written. Core dumps have been disabled. To enable core dumping, try "ulimit -c unlimited" before starting Java again
#
# If you would like to submit a bug report, please visit:
#   https://bugreport.java.com/bugreport/crash.jsp
# The crash happened outside the Java Virtual Machine in native code.
# See problematic frame for where to report the bug.
#

---------------  S U M M A R Y ------------

Command Line: -javaagent:/Applications/IntelliJ IDEA.app/Contents/lib/idea_rt.jar=57217:/Applications/IntelliJ IDEA.app/Contents/bin -Dfile.encoding=UTF-8 --module-path=/Users/josh/Documents/CS482/InventoryPA/target/classes:/Users/josh/.m2/repository/org/openjfx/javafx-controls/17.0.1/javafx-controls-17.0.1-mac-aarch64.jar:/Users/josh/.m2/repository/org/openjfx/javafx-base/17.0.1/javafx-base-17.0.1-mac-aarch64.jar:/Users/josh/.m2/repository/org/openjfx/javafx-fxml/17.0.1/javafx-fxml-17.0.1-mac-aarch64.jar:/Users/josh/.m2/repository/org/openjfx/javafx-graphics/17.0.1/javafx-graphics-17.0.1-mac-aarch64.jar -Djdk.module.main=c482.inventorypa c482.inventorypa/c482.inventorypa.Main

Host: "MacBookPro17,1" arm64, 8 cores, 16G, Darwin 21.5.0, macOS 12.4 (21F79)
Time: Thu Aug  4 10:54:10 2022 CDT elapsed time: 5.877304 seconds (0d 0h 0m 5s)

---------------  T H R E A D  ---------------

Current thread (0x0000000131958c00):  JavaThread "InvokeLaterDispatcher" daemon [_thread_in_native, id=34823, stack(0x0000000172b84000,0x0000000172d87000)]

Stack: [0x0000000172b84000,0x0000000172d87000],  sp=0x0000000172d867a0,  free space=2057k
Native frames: (J=compiled Java code, j=interpreted, Vv=VM code, C=native code)
v  ~StubRoutines::SafeFetchN
V  [libjvm.dylib+0x7d1604]  _ZN10OopStorage7releaseEPKP7oopDesc+0x20
V  [libjvm.dylib+0x4f7efc]  jni_DeleteGlobalRef+0xd4
C  [libglass.dylib+0xab08]  -[GlassRunnable dealloc]+0x34
C  [Foundation+0x85318]  -[_NSThreadPerformInfo dealloc]+0x30
C  [Foundation+0x518ac]  -[NSObject(NSThreadPerformAdditions) performSelectorOnMainThread:withObject:waitUntilDone:]+0x88
C  0xbe67800109d518ac
j  com.sun.glass.ui.mac.MacApplication.submitForLaterInvocation(Ljava/lang/Runnable;)V+2 javafx.graphics
j  com.sun.glass.ui.InvokeLaterDispatcher.run()V+82 javafx.graphics
v  ~StubRoutines::call_stub
V  [libjvm.dylib+0x49f2c4]  _ZN9JavaCalls11call_helperEP9JavaValueRK12methodHandleP17JavaCallArgumentsP10JavaThread+0x38c
V  [libjvm.dylib+0x49e2e0]  _ZN9JavaCalls12call_virtualEP9JavaValueP5KlassP6SymbolS5_P17JavaCallArgumentsP10JavaThread+0x11c
V  [libjvm.dylib+0x49e3ac]  _ZN9JavaCalls12call_virtualEP9JavaValue6HandleP5KlassP6SymbolS6_P10JavaThread+0x64
V  [libjvm.dylib+0x551f20]  _ZL12thread_entryP10JavaThreadS0_+0x9c
V  [libjvm.dylib+0x91c868]  _ZN10JavaThread17thread_main_innerEv+0xa8
V  [libjvm.dylib+0x91b1f8]  _ZN6Thread8call_runEv+0xe0
V  [libjvm.dylib+0x7d7de8]  _ZL19thread_native_entryP6Thread+0x158
C  [libsystem_pthread.dylib+0x726c]  _pthread_start+0x94

Java frames: (J=compiled Java code, j=interpreted, Vv=VM code)
j  com.sun.glass.ui.mac.MacApplication._submitForLaterInvocation(Ljava/lang/Runnable;)V+0 javafx.graphics
j  com.sun.glass.ui.mac.MacApplication.submitForLaterInvocation(Ljava/lang/Runnable;)V+2 javafx.graphics
j  com.sun.glass.ui.InvokeLaterDispatcher.run()V+82 javafx.graphics
v  ~StubRoutines::call_stub

siginfo: si_signo: 10 (SIGBUS), si_code: 1 (BUS_ADRALN), si_addr: 0x0000000109d494f0

Register to memory mapping:

 x0=0x0000000121704d08 points into unknown readable memory: 0x0000000000000000 | 00 00 00 00 00 00 00 00
 x1=0x0 is NULL
 x2=0x000000070d7383a8 is an oop: com.sun.glass.ui.InvokeLaterDispatcher$Future 
{0x000000070d7383a8} - klass: 'com/sun/glass/ui/InvokeLaterDispatcher$Future'
 - ---- fields (total size 3 words):
 - private 'done' 'Z' @12  true
 - private final 'runnable' 'Ljava/lang/Runnable;' @16  a 'com/sun/javafx/tk/quantum/QuantumToolkit$$Lambda$82+0x0000000800c3b008'{0x000000070e8d4418} (e1d1a883)
 - final synthetic 'this$0' 'Lcom/sun/glass/ui/InvokeLaterDispatcher;' @20  a 'com/sun/glass/ui/InvokeLaterDispatcher'{0x000000070e815e98} (e1d02bd3)
 x3=0x0 is NULL
 x4=0x00000000000130a8 is an unknown value
 x5=0x0 is NULL
 x6=0x0 is NULL
 x7=0x0 is NULL
 x8=0x0000000109d494ec is at begin+0 in a stub
StubRoutines::SafeFetchN [0x0000000109d494ec, 0x0000000109d494f8] (12 bytes)
 x9=0x0 is NULL
x10=0x2010000030300000 is an unknown value
x11=0x0000000000000007 is an unknown value
x12=0x0 is NULL
x13=0x0000600000c15270 points into unknown readable memory: 0x42656e696666412f | 2f 41 66 66 69 6e 65 42
x14=0x0000090000000000 is an unknown value
x15=0x000000011fd8df98: OBJC_CLASS_$_GlassRunnable+0 in /Users/josh/.openjfx/cache/17.0.1/libglass.dylib at 0x000000011fd48000
x16=0x000000019a1fb0fc: pthread_getspecific+0 in /usr/lib/system/libsystem_pthread.dylib at 0x000000019a1f9000
x17=0x00006000009188c0 points into unknown readable memory: 0xfffffffffffffffe | fe ff ff ff ff ff ff ff
x18=0x0 is NULL
x19=0x000060000090c1c0 points into unknown readable memory: 0x0000600002030080 | 80 00 03 02 00 60 00 00
x20=0x0000000121704b00 points into unknown readable memory: 0x0000000000000000 | 00 00 00 00 00 00 00 00
x21=0x0000000121704d08 points into unknown readable memory: 0x0000000000000000 | 00 00 00 00 00 00 00 00
x22=0x0000000131958c00 is a thread
x23=0x0000000000000001 is an unknown value
x24=0x0000000121704cc0 is a global jni handle
x25=0x00000001020e2ce8: _ZN12StubRoutines17_safefetchN_entryE+0 in /Users/josh/Library/Java/JavaVirtualMachines/openjdk-18.0.2/Contents/Home/lib/server/libjvm.dylib at 0x0000000101500000
x26=0x0000000132520000 is pointing into metadata
x27=0x0 is NULL
x28=0x0000000131958c00 is a thread


Registers:
 x0=0x0000000121704d08  x1=0x0000000000000000  x2=0x000000070d7383a8  x3=0x0000000000000000
 x4=0x00000000000130a8  x5=0x0000000000000000  x6=0x0000000000000000  x7=0x0000000000000000
 x8=0x0000000109d494ec  x9=0x0000000000000000 x10=0x2010000030300000 x11=0x0000000000000007
x12=0x0000000000000000 x13=0x0000600000c15270 x14=0x0000090000000000 x15=0x000000011fd8df98
x16=0x000000019a1fb0fc x17=0x00006000009188c0 x18=0x0000000000000000 x19=0x000060000090c1c0
x20=0x0000000121704b00 x21=0x0000000121704d08 x22=0x0000000131958c00 x23=0x0000000000000001
x24=0x0000000121704cc0 x25=0x00000001020e2ce8 x26=0x0000000132520000 x27=0x0000000000000000
x28=0x0000000131958c00  fp=0x0000000172d867e0  lr=0x0000000101cd03f8  sp=0x0000000172d867a0
pc=0x0000000109d494f0 cpsr=0x0000000060001000
Top of Stack: (sp=0x0000000172d867a0)
0x0000000172d867a0:   0000000132520000 0000000000000001
0x0000000172d867b0:   0000000172d869a8 0000000000000000
0x0000000172d867c0:   0000000121853e90 0000000121704ce8
0x0000000172d867d0:   0000000121704ce8 000060000090c1c0
0x0000000172d867e0:   0000000172d86820 0000000101cd1604
0x0000000172d867f0:   0000000000000001 0000000121704ce8
0x0000000172d86800:   0000000121853e90 0000000121704ce8
0x0000000172d86810:   0000000000000001 0000000121853c00
0x0000000172d86820:   0000000172d86860 00000001019f7efc
0x0000000172d86830:   0000000172d869a8 00006000020943b0
0x0000000172d86840:   0000600002094390 00000001e44b930c
0x0000000172d86850:   0000000000000000 0000600002094390
0x0000000172d86860:   0000000172d86890 000000011fd52b08
0x0000000172d86870:   75a9eaed75c4007e 0000000000000000
0x0000000172d86880:   0000000000000000 00006000037a6e00
0x0000000172d86890:   0000000172d868d0 000000019b1d0318
0x0000000172d868a0:   0000000172d869a8 00006000020943b0
0x0000000172d868b0:   0000600002094390 75a9eaed75c4007e
0x0000000172d868c0:   0000000000000000 0000000000000000
0x0000000172d868d0:   0000000172d86910 fb4480019b19c8ac
0x0000000172d868e0:   0000000172d869a8 0000000109d507c0
0x0000000172d868f0:   0000000000000000 00000001020ea7a0
0x0000000172d86900:   0000000172d86920 0000000109d4f730
0x0000000172d86910:   0000000172d86980 be67800109d518ac
0x0000000172d86920:   0000000172d86988 00000001321bac70
0x0000000172d86930:   0000000172d86930 0000000000000000
0x0000000172d86940:   0000000172d869a8 0000000132520000
0x0000000172d86950:   000000070e926168 0000000000000000
0x0000000172d86960:   0000000000000000 00000001324ff138
0x0000000172d86970:   0000000000000000 0000000172d86980
0x0000000172d86980:   0000000172d86a00 0000000109d4dfc8
0x0000000172d86990:   0000000000000000 0000000000000000 

Instructions: (pc=0x0000000109d494f0)
0x0000000109d493f0:   f2a04149 f2c00029 6d425935 1e640886
0x0000000109d49400:   0c402d31 1e6408c7 1f5654d0 1e6c1017
0x0000000109d49410:   1f5050d0 1f504cd0 1f5048d0 1e650af6
0x0000000109d49420:   1f50d8f6 1f5694d6 1f5158f6 1e762880
0x0000000109d49430:   36000501 1e614000 14000026 2e251ca5
0x0000000109d49440:   d29e3009 f2a04149 f2c00029 6d425d36
0x0000000109d49450:   1e600806 0c402d32 1f5758c7 1e6c101a
0x0000000109d49460:   1f4754c7 1e650805 1f4750c7 d2866668
0x0000000109d49470:   f2a7fa68 1f474cc7 1e6608c0 1f4748c7
0x0000000109d49480:   1e6e1019 eb08007f 540000ac 1f479400
0x0000000109d49490:   1f460340 1e603b20 1400000e d2a7fd29
0x0000000109d494a0:   eb09007f 540000ac 51480069 d3607d29
0x0000000109d494b0:   9e670121 14000002 1e6a5001 1f679417
0x0000000109d494c0:   1f668742 1e613b23 1e773857 1e773860
0x0000000109d494d0:   a8c17ff3 910003bf a8c17bfd d65f03c0
0x0000000109d494e0:   b9400001 aa0103e0 d65f03c0 f9400001
0x0000000109d494f0:   aa0103e0 d65f03c0 00000000 00000000
0x0000000109d49500:   00000000 00000000 00000000 00000000
0x0000000109d49510:   00000000 00000000 00000000 00000000
0x0000000109d49520:   00000000 00000000 00000000 00000000
0x0000000109d49530:   00000000 00000000 00000000 00000000
0x0000000109d49540:   00000000 00000000 00000000 00000000
0x0000000109d49550:   00000000 00000000 00000000 00000000
0x0000000109d49560:   00000000 00000000 00000000 00000000
0x0000000109d49570:   00000000 00000000 00000000 00000000
0x0000000109d49580:   00000000 00000000 00000000 00000000
0x0000000109d49590:   00000000 00000000 00000000 00000000
0x0000000109d495a0:   00000000 00000000 00000000 00000000
0x0000000109d495b0:   00000000 00000000 00000000 00000000
0x0000000109d495c0:   00000000 00000000 00000000 00000000
0x0000000109d495d0:   00000000 00000000 00000000 00000000
0x0000000109d495e0:   00000000 00000000 00000000 00000000 


Stack slot to memory mapping:
stack at sp + 0 slots: 0x0000000132520000 is pointing into metadata
stack at sp + 1 slots: 0x0000000000000001 is an unknown value
stack at sp + 2 slots: 0x0000000172d869a8 is pointing into the stack for thread: 0x0000000131958c00
stack at sp + 3 slots: 0x0 is NULL
stack at sp + 4 slots: 0x0000000121853e90 points into unknown readable memory: 0x000000010209f370 | 70 f3 09 02 01 00 00 00
stack at sp + 5 slots: 0x0000000121704ce8 is a global jni handle
stack at sp + 6 slots: 0x0000000121704ce8 is a global jni handle
stack at sp + 7 slots: 0x000060000090c1c0 points into unknown readable memory: 0x0000600002030080 | 80 00 03 02 00 60 00 00

StubRoutines::SafeFetchN [0x0000000109d494ec, 0x0000000109d494f8] (12 bytes)
[MachCode]
  0x0000000109d494ec: 0100 40f9 | e003 01aa | c003 5fd6 
[/MachCode]

---------------  P R O C E S S  ---------------

Threads class SMR info:
_java_thread_list=0x000060000225af80, length=20, elements={
0x0000000121808200, 0x0000000142009000, 0x0000000121808e00, 0x0000000131815800,
0x0000000142009600, 0x0000000131813600, 0x0000000131813c00, 0x0000000131818000,
0x0000000142008800, 0x0000000131860600, 0x0000000141821400, 0x0000000120808200,
0x0000000141933800, 0x0000000131958c00, 0x0000000121853c00, 0x0000000141978c00,
0x00000001428aa400, 0x000000013195e400, 0x000000012605aa00, 0x000000012613a200
}

Java Threads: ( => current thread )
  0x0000000121808200 JavaThread "main" [_thread_blocked, id=5891, stack(0x000000016fcd8000,0x000000016fedb000)]
  0x0000000142009000 JavaThread "Reference Handler" daemon [_thread_blocked, id=17923, stack(0x0000000170b2c000,0x0000000170d2f000)]
  0x0000000121808e00 JavaThread "Finalizer" daemon [_thread_blocked, id=16643, stack(0x0000000170d38000,0x0000000170f3b000)]
  0x0000000131815800 JavaThread "Signal Dispatcher" daemon [_thread_blocked, id=41731, stack(0x00000001710e8000,0x00000001712eb000)]
  0x0000000142009600 JavaThread "Service Thread" daemon [_thread_blocked, id=41475, stack(0x00000001712f4000,0x00000001714f7000)]
  0x0000000131813600 JavaThread "Monitor Deflation Thread" daemon [_thread_blocked, id=22787, stack(0x0000000171500000,0x0000000171703000)]
  0x0000000131813c00 JavaThread "C2 CompilerThread0" daemon [_thread_blocked, id=40963, stack(0x000000017170c000,0x000000017190f000)]
  0x0000000131818000 JavaThread "C1 CompilerThread0" daemon [_thread_blocked, id=40707, stack(0x0000000171918000,0x0000000171b1b000)]
  0x0000000142008800 JavaThread "Sweeper thread" daemon [_thread_blocked, id=23299, stack(0x0000000171b24000,0x0000000171d27000)]
  0x0000000131860600 JavaThread "Common-Cleaner" daemon [_thread_blocked, id=23811, stack(0x0000000171d30000,0x0000000171f33000)]
  0x0000000141821400 JavaThread "Monitor Ctrl-Break" daemon [_thread_in_native, id=24579, stack(0x0000000172354000,0x0000000172557000)]
  0x0000000120808200 JavaThread "Notification Thread" daemon [_thread_blocked, id=25091, stack(0x0000000172560000,0x0000000172763000)]
  0x0000000141933800 JavaThread "QuantumRenderer-0" daemon [_thread_blocked, id=38659, stack(0x0000000172978000,0x0000000172b7b000)]
=>0x0000000131958c00 JavaThread "InvokeLaterDispatcher" daemon [_thread_in_native, id=34823, stack(0x0000000172b84000,0x0000000172d87000)]
  0x0000000121853c00 JavaThread "JavaFX Application Thread" [_thread_in_vm, id=259, stack(0x000000016f450000,0x000000016fc4c000)]
  0x0000000141978c00 JavaThread "JavaFX-Launcher" [_thread_blocked, id=24331, stack(0x0000000173140000,0x0000000173343000)]
  0x00000001428aa400 JavaThread "Prism Font Disposer" daemon [_thread_blocked, id=67591, stack(0x0000000173d88000,0x0000000173f8b000)]
  0x000000013195e400 JavaThread "Cleaner-0" daemon [_thread_blocked, id=87831, stack(0x00000001741a0000,0x00000001743a3000)]
  0x000000012605aa00 JavaThread "Attach Listener" daemon [_thread_blocked, id=77575, stack(0x0000000172d90000,0x0000000172f93000)]
  0x000000012613a200 JavaThread "PulseTimer-CVDisplayLink thread" daemon [_thread_in_native, id=57875, stack(0x0000000171f3c000,0x0000000171fbf000)]

Other Threads:
  0x0000000126813130 VMThread "VM Thread" [stack: 0x0000000170920000,0x0000000170b23000] [id=16131]
  0x0000000141618e10 WatcherThread "VM Periodic Task Thread" [stack: 0x000000017276c000,0x000000017296f000] [id=39171]
  0x0000000131606270 WorkerThread "GC Thread#0" [stack: 0x000000016fee4000,0x00000001700e7000] [id=12803]
  0x0000000141631bb0 WorkerThread "GC Thread#1" [stack: 0x000000017334c000,0x000000017354f000] [id=74251]
  0x0000000141632020 WorkerThread "GC Thread#2" [stack: 0x0000000173558000,0x000000017375b000] [id=69891]
  0x0000000141632490 WorkerThread "GC Thread#3" [stack: 0x0000000173764000,0x0000000173967000] [id=69379]
  0x0000000141632900 WorkerThread "GC Thread#4" [stack: 0x0000000173970000,0x0000000173b73000] [id=69123]
  0x0000000141632d70 WorkerThread "GC Thread#5" [stack: 0x0000000173b7c000,0x0000000173d7f000] [id=68611]
  0x00000001217042b0 ConcurrentGCThread "G1 Main Marker" [stack: 0x00000001700f0000,0x00000001702f3000] [id=13315]
  0x0000000121604940 WorkerThread "G1 Conc#0" [stack: 0x00000001702fc000,0x00000001704ff000] [id=19715]
  0x0000000126810520 ConcurrentGCThread "G1 Refine#0" [stack: 0x0000000170508000,0x000000017070b000] [id=14083]
  0x00000001216051a0 ConcurrentGCThread "G1 Service" [stack: 0x0000000170714000,0x0000000170917000] [id=14339]

Threads with active compile tasks:

VM state: not at safepoint (normal execution)

VM Mutex/Monitor currently owned by a thread: None

Heap address: 0x0000000700000000, size: 4096 MB, Compressed Oops mode: Zero based, Oop shift amount: 3

CDS archive(s) mapped at: [0x0000000800000000-0x0000000800ba8000-0x0000000800ba8000), size 12222464, SharedBaseAddress: 0x0000000800000000, ArchiveRelocationMode: 0.
Compressed class space mapped at: 0x0000000800c00000-0x0000000840c00000, reserved size: 1073741824
Narrow klass base: 0x0000000800000000, Narrow klass shift: 0, Narrow klass range: 0x100000000

GC Precious Log:
 CardTable entry size: 512
 Card Set container configuration: InlinePtr #cards 4 size 8 Array Of Cards #cards 16 size 48 Howl #buckets 8 coarsen threshold 3686 Howl Bitmap #cards 512 size 80 coarsen threshold 460 Card regions per heap region 1 cards per card region 4096
 CPUs: 8 total, 8 available
 Memory: 16384M
 Large Page Support: Disabled
 NUMA Support: Disabled
 Compressed Oops: Enabled (Zero based)
 Heap Region Size: 2M
 Heap Min Capacity: 8M
 Heap Initial Capacity: 256M
 Heap Max Capacity: 4G
 Pre-touch: Disabled
 Parallel Workers: 8
 Concurrent Workers: 2
 Concurrent Refinement Workers: 8
 Periodic GC: Disabled

Heap:
 garbage-first heap   total 266240K, used 58085K [0x0000000700000000, 0x0000000800000000)
  region size 2048K, 29 young (59392K), 2 survivors (4096K)
 Metaspace       used 17862K, committed 18176K, reserved 1114112K
  class space    used 2584K, committed 2752K, reserved 1048576K

Heap Regions: E=young(eden), S=young(survivor), O=old, HS=humongous(starts), HC=humongous(continues), CS=collection set, F=free, OA=open archive, CA=closed archive, TAMS=top-at-mark-start (previous, next)
|   0|0x0000000700000000, 0x0000000700200000, 0x0000000700200000|100%|HS|  |TAMS 0x0000000700000000, 0x0000000700000000| Complete 
|   1|0x0000000700200000, 0x0000000700200000, 0x0000000700400000|  0%| F|  |TAMS 0x0000000700200000, 0x0000000700200000| Untracked 
|   2|0x0000000700400000, 0x0000000700400000, 0x0000000700600000|  0%| F|  |TAMS 0x0000000700400000, 0x0000000700400000| Untracked 
|   3|0x0000000700600000, 0x0000000700600000, 0x0000000700800000|  0%| F|  |TAMS 0x0000000700600000, 0x0000000700600000| Untracked 
|   4|0x0000000700800000, 0x0000000700800000, 0x0000000700a00000|  0%| F|  |TAMS 0x0000000700800000, 0x0000000700800000| Untracked 
|   5|0x0000000700a00000, 0x0000000700a00000, 0x0000000700c00000|  0%| F|  |TAMS 0x0000000700a00000, 0x0000000700a00000| Untracked 
|   6|0x0000000700c00000, 0x0000000700c00000, 0x0000000700e00000|  0%| F|  |TAMS 0x0000000700c00000, 0x0000000700c00000| Untracked 
|   7|0x0000000700e00000, 0x0000000700e00000, 0x0000000701000000|  0%| F|  |TAMS 0x0000000700e00000, 0x0000000700e00000| Untracked 
|   8|0x0000000701000000, 0x0000000701000000, 0x0000000701200000|  0%| F|  |TAMS 0x0000000701000000, 0x0000000701000000| Untracked 
|   9|0x0000000701200000, 0x0000000701200000, 0x0000000701400000|  0%| F|  |TAMS 0x0000000701200000, 0x0000000701200000| Untracked 
|  10|0x0000000701400000, 0x0000000701400000, 0x0000000701600000|  0%| F|  |TAMS 0x0000000701400000, 0x0000000701400000| Untracked 
|  11|0x0000000701600000, 0x0000000701600000, 0x0000000701800000|  0%| F|  |TAMS 0x0000000701600000, 0x0000000701600000| Untracked 
|  12|0x0000000701800000, 0x0000000701800000, 0x0000000701a00000|  0%| F|  |TAMS 0x0000000701800000, 0x0000000701800000| Untracked 
|  13|0x0000000701a00000, 0x0000000701a00000, 0x0000000701c00000|  0%| F|  |TAMS 0x0000000701a00000, 0x0000000701a00000| Untracked 
|  14|0x0000000701c00000, 0x0000000701c00000, 0x0000000701e00000|  0%| F|  |TAMS 0x0000000701c00000, 0x0000000701c00000| Untracked 
|  15|0x0000000701e00000, 0x0000000701e00000, 0x0000000702000000|  0%| F|  |TAMS 0x0000000701e00000, 0x0000000701e00000| Untracked 
|  16|0x0000000702000000, 0x0000000702000000, 0x0000000702200000|  0%| F|  |TAMS 0x0000000702000000, 0x0000000702000000| Untracked 
|  17|0x0000000702200000, 0x0000000702200000, 0x0000000702400000|  0%| F|  |TAMS 0x0000000702200000, 0x0000000702200000| Untracked 
|  18|0x0000000702400000, 0x0000000702400000, 0x0000000702600000|  0%| F|  |TAMS 0x0000000702400000, 0x0000000702400000| Untracked 
|  19|0x0000000702600000, 0x0000000702600000, 0x0000000702800000|  0%| F|  |TAMS 0x0000000702600000, 0x0000000702600000| Untracked 
|  20|0x0000000702800000, 0x0000000702800000, 0x0000000702a00000|  0%| F|  |TAMS 0x0000000702800000, 0x0000000702800000| Untracked 
|  21|0x0000000702a00000, 0x0000000702a00000, 0x0000000702c00000|  0%| F|  |TAMS 0x0000000702a00000, 0x0000000702a00000| Untracked 
|  22|0x0000000702c00000, 0x0000000702c00000, 0x0000000702e00000|  0%| F|  |TAMS 0x0000000702c00000, 0x0000000702c00000| Untracked 
|  23|0x0000000702e00000, 0x0000000702e00000, 0x0000000703000000|  0%| F|  |TAMS 0x0000000702e00000, 0x0000000702e00000| Untracked 
|  24|0x0000000703000000, 0x0000000703000000, 0x0000000703200000|  0%| F|  |TAMS 0x0000000703000000, 0x0000000703000000| Untracked 
|  25|0x0000000703200000, 0x0000000703200000, 0x0000000703400000|  0%| F|  |TAMS 0x0000000703200000, 0x0000000703200000| Untracked 
|  26|0x0000000703400000, 0x0000000703400000, 0x0000000703600000|  0%| F|  |TAMS 0x0000000703400000, 0x0000000703400000| Untracked 
|  27|0x0000000703600000, 0x0000000703600000, 0x0000000703800000|  0%| F|  |TAMS 0x0000000703600000, 0x0000000703600000| Untracked 
|  28|0x0000000703800000, 0x0000000703800000, 0x0000000703a00000|  0%| F|  |TAMS 0x0000000703800000, 0x0000000703800000| Untracked 
|  29|0x0000000703a00000, 0x0000000703a00000, 0x0000000703c00000|  0%| F|  |TAMS 0x0000000703a00000, 0x0000000703a00000| Untracked 
|  30|0x0000000703c00000, 0x0000000703c00000, 0x0000000703e00000|  0%| F|  |TAMS 0x0000000703c00000, 0x0000000703c00000| Untracked 
|  31|0x0000000703e00000, 0x0000000703e00000, 0x0000000704000000|  0%| F|  |TAMS 0x0000000703e00000, 0x0000000703e00000| Untracked 
|  32|0x0000000704000000, 0x0000000704000000, 0x0000000704200000|  0%| F|  |TAMS 0x0000000704000000, 0x0000000704000000| Untracked 
|  33|0x0000000704200000, 0x0000000704200000, 0x0000000704400000|  0%| F|  |TAMS 0x0000000704200000, 0x0000000704200000| Untracked 
|  34|0x0000000704400000, 0x0000000704400000, 0x0000000704600000|  0%| F|  |TAMS 0x0000000704400000, 0x0000000704400000| Untracked 
|  35|0x0000000704600000, 0x0000000704600000, 0x0000000704800000|  0%| F|  |TAMS 0x0000000704600000, 0x0000000704600000| Untracked 
|  36|0x0000000704800000, 0x0000000704800000, 0x0000000704a00000|  0%| F|  |TAMS 0x0000000704800000, 0x0000000704800000| Untracked 
|  37|0x0000000704a00000, 0x0000000704a00000, 0x0000000704c00000|  0%| F|  |TAMS 0x0000000704a00000, 0x0000000704a00000| Untracked 
|  38|0x0000000704c00000, 0x0000000704c00000, 0x0000000704e00000|  0%| F|  |TAMS 0x0000000704c00000, 0x0000000704c00000| Untracked 
|  39|0x0000000704e00000, 0x0000000704e00000, 0x0000000705000000|  0%| F|  |TAMS 0x0000000704e00000, 0x0000000704e00000| Untracked 
|  40|0x0000000705000000, 0x0000000705000000, 0x0000000705200000|  0%| F|  |TAMS 0x0000000705000000, 0x0000000705000000| Untracked 
|  41|0x0000000705200000, 0x0000000705200000, 0x0000000705400000|  0%| F|  |TAMS 0x0000000705200000, 0x0000000705200000| Untracked 
|  42|0x0000000705400000, 0x0000000705400000, 0x0000000705600000|  0%| F|  |TAMS 0x0000000705400000, 0x0000000705400000| Untracked 
|  43|0x0000000705600000, 0x0000000705600000, 0x0000000705800000|  0%| F|  |TAMS 0x0000000705600000, 0x0000000705600000| Untracked 
|  44|0x0000000705800000, 0x0000000705800000, 0x0000000705a00000|  0%| F|  |TAMS 0x0000000705800000, 0x0000000705800000| Untracked 
|  45|0x0000000705a00000, 0x0000000705a00000, 0x0000000705c00000|  0%| F|  |TAMS 0x0000000705a00000, 0x0000000705a00000| Untracked 
|  46|0x0000000705c00000, 0x0000000705c00000, 0x0000000705e00000|  0%| F|  |TAMS 0x0000000705c00000, 0x0000000705c00000| Untracked 
|  47|0x0000000705e00000, 0x0000000705e00000, 0x0000000706000000|  0%| F|  |TAMS 0x0000000705e00000, 0x0000000705e00000| Untracked 
|  48|0x0000000706000000, 0x0000000706000000, 0x0000000706200000|  0%| F|  |TAMS 0x0000000706000000, 0x0000000706000000| Untracked 
|  49|0x0000000706200000, 0x0000000706200000, 0x0000000706400000|  0%| F|  |TAMS 0x0000000706200000, 0x0000000706200000| Untracked 
|  50|0x0000000706400000, 0x0000000706400000, 0x0000000706600000|  0%| F|  |TAMS 0x0000000706400000, 0x0000000706400000| Untracked 
|  51|0x0000000706600000, 0x0000000706600000, 0x0000000706800000|  0%| F|  |TAMS 0x0000000706600000, 0x0000000706600000| Untracked 
|  52|0x0000000706800000, 0x0000000706800000, 0x0000000706a00000|  0%| F|  |TAMS 0x0000000706800000, 0x0000000706800000| Untracked 
|  53|0x0000000706a00000, 0x0000000706a00000, 0x0000000706c00000|  0%| F|  |TAMS 0x0000000706a00000, 0x0000000706a00000| Untracked 
|  54|0x0000000706c00000, 0x0000000706c00000, 0x0000000706e00000|  0%| F|  |TAMS 0x0000000706c00000, 0x0000000706c00000| Untracked 
|  55|0x0000000706e00000, 0x0000000706e00000, 0x0000000707000000|  0%| F|  |TAMS 0x0000000706e00000, 0x0000000706e00000| Untracked 
|  56|0x0000000707000000, 0x0000000707000000, 0x0000000707200000|  0%| F|  |TAMS 0x0000000707000000, 0x0000000707000000| Untracked 
|  57|0x0000000707200000, 0x0000000707200000, 0x0000000707400000|  0%| F|  |TAMS 0x0000000707200000, 0x0000000707200000| Untracked 
|  58|0x0000000707400000, 0x0000000707400000, 0x0000000707600000|  0%| F|  |TAMS 0x0000000707400000, 0x0000000707400000| Untracked 
|  59|0x0000000707600000, 0x0000000707600000, 0x0000000707800000|  0%| F|  |TAMS 0x0000000707600000, 0x0000000707600000| Untracked 
|  60|0x0000000707800000, 0x0000000707800000, 0x0000000707a00000|  0%| F|  |TAMS 0x0000000707800000, 0x0000000707800000| Untracked 
|  61|0x0000000707a00000, 0x0000000707a00000, 0x0000000707c00000|  0%| F|  |TAMS 0x0000000707a00000, 0x0000000707a00000| Untracked 
|  62|0x0000000707c00000, 0x0000000707c00000, 0x0000000707e00000|  0%| F|  |TAMS 0x0000000707c00000, 0x0000000707c00000| Untracked 
|  63|0x0000000707e00000, 0x0000000707e00000, 0x0000000708000000|  0%| F|  |TAMS 0x0000000707e00000, 0x0000000707e00000| Untracked 
|  64|0x0000000708000000, 0x0000000708000000, 0x0000000708200000|  0%| F|  |TAMS 0x0000000708000000, 0x0000000708000000| Untracked 
|  65|0x0000000708200000, 0x0000000708200000, 0x0000000708400000|  0%| F|  |TAMS 0x0000000708200000, 0x0000000708200000| Untracked 
|  66|0x0000000708400000, 0x0000000708400000, 0x0000000708600000|  0%| F|  |TAMS 0x0000000708400000, 0x0000000708400000| Untracked 
|  67|0x0000000708600000, 0x0000000708600000, 0x0000000708800000|  0%| F|  |TAMS 0x0000000708600000, 0x0000000708600000| Untracked 
|  68|0x0000000708800000, 0x0000000708800000, 0x0000000708a00000|  0%| F|  |TAMS 0x0000000708800000, 0x0000000708800000| Untracked 
|  69|0x0000000708a00000, 0x0000000708a00000, 0x0000000708c00000|  0%| F|  |TAMS 0x0000000708a00000, 0x0000000708a00000| Untracked 
|  70|0x0000000708c00000, 0x0000000708c00000, 0x0000000708e00000|  0%| F|  |TAMS 0x0000000708c00000, 0x0000000708c00000| Untracked 
|  71|0x0000000708e00000, 0x0000000708e00000, 0x0000000709000000|  0%| F|  |TAMS 0x0000000708e00000, 0x0000000708e00000| Untracked 
|  72|0x0000000709000000, 0x0000000709000000, 0x0000000709200000|  0%| F|  |TAMS 0x0000000709000000, 0x0000000709000000| Untracked 
|  73|0x0000000709200000, 0x0000000709200000, 0x0000000709400000|  0%| F|  |TAMS 0x0000000709200000, 0x0000000709200000| Untracked 
|  74|0x0000000709400000, 0x0000000709400000, 0x0000000709600000|  0%| F|  |TAMS 0x0000000709400000, 0x0000000709400000| Untracked 
|  75|0x0000000709600000, 0x0000000709600000, 0x0000000709800000|  0%| F|  |TAMS 0x0000000709600000, 0x0000000709600000| Untracked 
|  76|0x0000000709800000, 0x0000000709800000, 0x0000000709a00000|  0%| F|  |TAMS 0x0000000709800000, 0x0000000709800000| Untracked 
|  77|0x0000000709a00000, 0x0000000709a00000, 0x0000000709c00000|  0%| F|  |TAMS 0x0000000709a00000, 0x0000000709a00000| Untracked 
|  78|0x0000000709c00000, 0x0000000709c00000, 0x0000000709e00000|  0%| F|  |TAMS 0x0000000709c00000, 0x0000000709c00000| Untracked 
|  79|0x0000000709e00000, 0x0000000709e00000, 0x000000070a000000|  0%| F|  |TAMS 0x0000000709e00000, 0x0000000709e00000| Untracked 
|  80|0x000000070a000000, 0x000000070a000000, 0x000000070a200000|  0%| F|  |TAMS 0x000000070a000000, 0x000000070a000000| Untracked 
|  81|0x000000070a200000, 0x000000070a200000, 0x000000070a400000|  0%| F|  |TAMS 0x000000070a200000, 0x000000070a200000| Untracked 
|  82|0x000000070a400000, 0x000000070a400000, 0x000000070a600000|  0%| F|  |TAMS 0x000000070a400000, 0x000000070a400000| Untracked 
|  83|0x000000070a600000, 0x000000070a600000, 0x000000070a800000|  0%| F|  |TAMS 0x000000070a600000, 0x000000070a600000| Untracked 
|  84|0x000000070a800000, 0x000000070a800000, 0x000000070aa00000|  0%| F|  |TAMS 0x000000070a800000, 0x000000070a800000| Untracked 
|  85|0x000000070aa00000, 0x000000070aa00000, 0x000000070ac00000|  0%| F|  |TAMS 0x000000070aa00000, 0x000000070aa00000| Untracked 
|  86|0x000000070ac00000, 0x000000070ac00000, 0x000000070ae00000|  0%| F|  |TAMS 0x000000070ac00000, 0x000000070ac00000| Untracked 
|  87|0x000000070ae00000, 0x000000070ae00000, 0x000000070b000000|  0%| F|  |TAMS 0x000000070ae00000, 0x000000070ae00000| Untracked 
|  88|0x000000070b000000, 0x000000070b000000, 0x000000070b200000|  0%| F|  |TAMS 0x000000070b000000, 0x000000070b000000| Untracked 
|  89|0x000000070b200000, 0x000000070b200000, 0x000000070b400000|  0%| F|  |TAMS 0x000000070b200000, 0x000000070b200000| Untracked 
|  90|0x000000070b400000, 0x000000070b400000, 0x000000070b600000|  0%| F|  |TAMS 0x000000070b400000, 0x000000070b400000| Untracked 
|  91|0x000000070b600000, 0x000000070b600000, 0x000000070b800000|  0%| F|  |TAMS 0x000000070b600000, 0x000000070b600000| Untracked 
|  92|0x000000070b800000, 0x000000070b800000, 0x000000070ba00000|  0%| F|  |TAMS 0x000000070b800000, 0x000000070b800000| Untracked 
|  93|0x000000070ba00000, 0x000000070ba00000, 0x000000070bc00000|  0%| F|  |TAMS 0x000000070ba00000, 0x000000070ba00000| Untracked 
|  94|0x000000070bc00000, 0x000000070bc00000, 0x000000070be00000|  0%| F|  |TAMS 0x000000070bc00000, 0x000000070bc00000| Untracked 
|  95|0x000000070be00000, 0x000000070be00000, 0x000000070c000000|  0%| F|  |TAMS 0x000000070be00000, 0x000000070be00000| Untracked 
|  96|0x000000070c000000, 0x000000070c000000, 0x000000070c200000|  0%| F|  |TAMS 0x000000070c000000, 0x000000070c000000| Untracked 
|  97|0x000000070c200000, 0x000000070c200000, 0x000000070c400000|  0%| F|  |TAMS 0x000000070c200000, 0x000000070c200000| Untracked 
|  98|0x000000070c400000, 0x000000070c400000, 0x000000070c600000|  0%| F|  |TAMS 0x000000070c400000, 0x000000070c400000| Untracked 
|  99|0x000000070c600000, 0x000000070c636390, 0x000000070c800000| 10%| E|  |TAMS 0x000000070c600000, 0x000000070c600000| Complete 
| 100|0x000000070c800000, 0x000000070ca00000, 0x000000070ca00000|100%| E|CS|TAMS 0x000000070c800000, 0x000000070c800000| Complete 
| 101|0x000000070ca00000, 0x000000070cc00000, 0x000000070cc00000|100%| E|CS|TAMS 0x000000070ca00000, 0x000000070ca00000| Complete 
| 102|0x000000070cc00000, 0x000000070ce00000, 0x000000070ce00000|100%| E|CS|TAMS 0x000000070cc00000, 0x000000070cc00000| Complete 
| 103|0x000000070ce00000, 0x000000070d000000, 0x000000070d000000|100%| E|CS|TAMS 0x000000070ce00000, 0x000000070ce00000| Complete 
| 104|0x000000070d000000, 0x000000070d200000, 0x000000070d200000|100%| E|CS|TAMS 0x000000070d000000, 0x000000070d000000| Complete 
| 105|0x000000070d200000, 0x000000070d400000, 0x000000070d400000|100%| E|CS|TAMS 0x000000070d200000, 0x000000070d200000| Complete 
| 106|0x000000070d400000, 0x000000070d600000, 0x000000070d600000|100%| E|CS|TAMS 0x000000070d400000, 0x000000070d400000| Complete 
| 107|0x000000070d600000, 0x000000070d800000, 0x000000070d800000|100%| E|CS|TAMS 0x000000070d600000, 0x000000070d600000| Complete 
| 108|0x000000070d800000, 0x000000070da00000, 0x000000070da00000|100%| E|CS|TAMS 0x000000070d800000, 0x000000070d800000| Complete 
| 109|0x000000070da00000, 0x000000070dc00000, 0x000000070dc00000|100%| E|CS|TAMS 0x000000070da00000, 0x000000070da00000| Complete 
| 110|0x000000070dc00000, 0x000000070de00000, 0x000000070de00000|100%| E|CS|TAMS 0x000000070dc00000, 0x000000070dc00000| Complete 
| 111|0x000000070de00000, 0x000000070e000000, 0x000000070e000000|100%| E|CS|TAMS 0x000000070de00000, 0x000000070de00000| Complete 
| 112|0x000000070e000000, 0x000000070e200000, 0x000000070e200000|100%| E|CS|TAMS 0x000000070e000000, 0x000000070e000000| Complete 
| 113|0x000000070e200000, 0x000000070e400000, 0x000000070e400000|100%| E|CS|TAMS 0x000000070e200000, 0x000000070e200000| Complete 
| 114|0x000000070e400000, 0x000000070e600000, 0x000000070e600000|100%| E|CS|TAMS 0x000000070e400000, 0x000000070e400000| Complete 
| 115|0x000000070e600000, 0x000000070e6d1578, 0x000000070e800000| 40%| S|CS|TAMS 0x000000070e600000, 0x000000070e600000| Complete 
| 116|0x000000070e800000, 0x000000070ea00000, 0x000000070ea00000|100%| S|CS|TAMS 0x000000070e800000, 0x000000070e800000| Complete 
| 117|0x000000070ea00000, 0x000000070ec00000, 0x000000070ec00000|100%| E|CS|TAMS 0x000000070ea00000, 0x000000070ea00000| Complete 
| 118|0x000000070ec00000, 0x000000070ee00000, 0x000000070ee00000|100%| E|CS|TAMS 0x000000070ec00000, 0x000000070ec00000| Complete 
| 119|0x000000070ee00000, 0x000000070f000000, 0x000000070f000000|100%| E|CS|TAMS 0x000000070ee00000, 0x000000070ee00000| Complete 
| 120|0x000000070f000000, 0x000000070f200000, 0x000000070f200000|100%| E|CS|TAMS 0x000000070f000000, 0x000000070f000000| Complete 
| 121|0x000000070f200000, 0x000000070f400000, 0x000000070f400000|100%| E|CS|TAMS 0x000000070f200000, 0x000000070f200000| Complete 
| 122|0x000000070f400000, 0x000000070f600000, 0x000000070f600000|100%| E|CS|TAMS 0x000000070f400000, 0x000000070f400000| Complete 
| 123|0x000000070f600000, 0x000000070f800000, 0x000000070f800000|100%| E|  |TAMS 0x000000070f600000, 0x000000070f600000| Complete 
| 124|0x000000070f800000, 0x000000070fa00000, 0x000000070fa00000|100%| E|CS|TAMS 0x000000070f800000, 0x000000070f800000| Complete 
| 125|0x000000070fa00000, 0x000000070fc00000, 0x000000070fc00000|100%| E|CS|TAMS 0x000000070fa00000, 0x000000070fa00000| Complete 
| 126|0x000000070fc00000, 0x000000070fe00000, 0x000000070fe00000|100%| E|CS|TAMS 0x000000070fc00000, 0x000000070fc00000| Complete 
| 127|0x000000070fe00000, 0x0000000710000000, 0x0000000710000000|100%| E|CS|TAMS 0x000000070fe00000, 0x000000070fe00000| Complete 
|2046|0x00000007ffc00000, 0x00000007ffd74000, 0x00000007ffe00000| 72%|OA|  |TAMS 0x00000007ffc00000, 0x00000007ffc00000| Untracked 
|2047|0x00000007ffe00000, 0x00000007ffe74000, 0x0000000800000000| 22%|CA|  |TAMS 0x00000007ffe00000, 0x00000007ffe00000| Untracked 

Card table byte_map: [0x0000000118d48000,0x0000000119548000] _byte_map_base: 0x0000000115548000

Marking Bits (Prev, Next): (CMBitMap*) 0x0000000126008210, (CMBitMap*) 0x0000000126008250
 Prev Bits: [0x0000000119d48000, 0x000000011dd48000)
 Next Bits: [0x0000000122000000, 0x0000000126000000)

Polling page: 0x0000000100338000

Metaspace:

Usage:
  Non-class:     14.92 MB used.
      Class:      2.52 MB used.
       Both:     17.44 MB used.

Virtual space:
  Non-class space:       64.00 MB reserved,      15.06 MB ( 24%) committed,  1 nodes.
      Class space:        1.00 GB reserved,       2.69 MB ( <1%) committed,  1 nodes.
             Both:        1.06 GB reserved,      17.75 MB (  2%) committed. 

Chunk freelists:
   Non-Class:  384.00 KB
       Class:  1.33 MB
        Both:  1.70 MB

MaxMetaspaceSize: unlimited
CompressedClassSpaceSize: 1.00 GB
Initial GC threshold: 21.00 MB
Current GC threshold: 21.00 MB
CDS: on
MetaspaceReclaimPolicy: balanced
 - commit_granule_bytes: 65536.
 - commit_granule_words: 8192.
 - virtual_space_node_default_size: 8388608.
 - enlarge_chunks_in_place: 1.
 - new_chunks_are_fully_committed: 0.
 - uncommit_free_chunks: 1.
 - use_allocation_guard: 0.


Internal statistics:

num_allocs_failed_limit: 0.
num_arena_births: 374.
num_arena_deaths: 0.
num_vsnodes_births: 2.
num_vsnodes_deaths: 0.
num_space_committed: 284.
num_space_uncommitted: 0.
num_chunks_returned_to_freelist: 0.
num_chunks_taken_from_freelist: 936.
num_chunk_merges: 0.
num_chunk_splits: 661.
num_chunks_enlarged: 510.
num_inconsistent_stats: 0.

CodeHeap 'non-profiled nmethods': size=120032Kb used=1352Kb max_used=1352Kb free=118679Kb
 bounds [0x0000000111810000, 0x0000000111a80000, 0x0000000118d48000]
CodeHeap 'profiled nmethods': size=120016Kb used=6174Kb max_used=6174Kb free=113841Kb
 bounds [0x000000010a2dc000, 0x000000010a8ec000, 0x0000000111810000]
CodeHeap 'non-nmethods': size=5712Kb used=1406Kb max_used=1450Kb free=4305Kb
 bounds [0x0000000109d48000, 0x0000000109fb8000, 0x000000010a2dc000]
 total_blobs=3887 nmethods=3101 adapters=701
 compilation: enabled
              stopped_count=0, restarted_count=0
 full_count=0

Compilation events (20 events):
Event: 5.611 Thread 0x0000000131813c00 3145       4       com.sun.marlin.Renderer::_endRendering (2473 bytes)
Event: 5.640 Thread 0x0000000131813c00 nmethod 3145 0x000000011195d890 code [0x000000011195db80, 0x000000011195f960]
Event: 5.675 Thread 0x0000000131818000 3146       3       java.util.concurrent.locks.ReentrantLock::lock (8 bytes)
Event: 5.675 Thread 0x0000000131818000 nmethod 3146 0x000000010a8e1110 code [0x000000010a8e1300, 0x000000010a8e1688]
Event: 5.692 Thread 0x0000000131818000 3147       1       java.lang.Thread::isInterrupted (5 bytes)
Event: 5.692 Thread 0x0000000131818000 nmethod 3147 0x0000000111961a10 code [0x0000000111961b80, 0x0000000111961c68]
Event: 5.725 Thread 0x0000000131818000 3148       1       com.sun.glass.ui.InvokeLaterDispatcher$Future::isDone (5 bytes)
Event: 5.725 Thread 0x0000000131818000 nmethod 3148 0x0000000111961d10 code [0x0000000111961e80, 0x0000000111961f68]
Event: 5.792 Thread 0x0000000131818000 3149       3       java.util.WeakHashMap::entrySet (27 bytes)
Event: 5.792 Thread 0x0000000131818000 nmethod 3149 0x000000010a8e1790 code [0x000000010a8e1980, 0x000000010a8e1da8]
Event: 5.792 Thread 0x0000000131818000 3150       3       java.util.WeakHashMap$EntrySet::iterator (12 bytes)
Event: 5.792 Thread 0x0000000131818000 nmethod 3150 0x000000010a8e1f10 code [0x000000010a8e20c0, 0x000000010a8e2318]
Event: 5.824 Thread 0x0000000131818000 3151       1       com.sun.scenario.animation.AnimationPulse::getEnabled (5 bytes)
Event: 5.824 Thread 0x0000000131818000 nmethod 3151 0x0000000111962010 code [0x0000000111962180, 0x0000000111962268]
Event: 5.842 Thread 0x0000000131818000 3152       3       java.util.WeakHashMap::newTable (5 bytes)
Event: 5.842 Thread 0x0000000131818000 nmethod 3152 0x000000010a8e2410 code [0x000000010a8e25c0, 0x000000010a8e27a8]
Event: 5.857 Thread 0x0000000131818000 3153  s    3       com.sun.javafx.tk.quantum.QuantumToolkit$PulseTask::set (20 bytes)
Event: 5.858 Thread 0x0000000131818000 nmethod 3153 0x000000010a8e2890 code [0x000000010a8e2a80, 0x000000010a8e30d8]
Event: 5.858 Thread 0x0000000131818000 3154       3       java.util.concurrent.locks.ReentrantLock$NonfairSync::initialTryLock (58 bytes)
Event: 5.859 Thread 0x0000000131818000 nmethod 3154 0x000000010a8e3310 code [0x000000010a8e3500, 0x000000010a8e3948]

GC Heap History (2 events):
Event: 0.437 GC heap before
{Heap before GC invocations=0 (full 0):
 garbage-first heap   total 266240K, used 24480K [0x0000000700000000, 0x0000000800000000)
  region size 2048K, 11 young (22528K), 0 survivors (0K)
 Metaspace       used 6995K, committed 7296K, reserved 1114112K
  class space    used 825K, committed 960K, reserved 1048576K
}
Event: 0.440 GC heap after
{Heap after GC invocations=1 (full 0):
 garbage-first heap   total 266240K, used 4837K [0x0000000700000000, 0x0000000800000000)
  region size 2048K, 2 young (4096K), 2 survivors (4096K)
 Metaspace       used 6995K, committed 7296K, reserved 1114112K
  class space    used 825K, committed 960K, reserved 1048576K
}

Deoptimization events (20 events):
Event: 4.623 Thread 0x0000000141933800 DEOPT PACKING pc=0x000000010a7b7e0c sp=0x0000000172b78e70
Event: 4.623 Thread 0x0000000141933800 DEOPT UNPACKING pc=0x0000000109d86b7c sp=0x0000000172b78a70 mode 0
Event: 4.625 Thread 0x0000000141933800 DEOPT PACKING pc=0x000000010a7b7e0c sp=0x0000000172b79220
Event: 4.625 Thread 0x0000000141933800 DEOPT UNPACKING pc=0x0000000109d86b7c sp=0x0000000172b78e20 mode 0
Event: 4.628 Thread 0x0000000141933800 DEOPT PACKING pc=0x000000010a7b7e0c sp=0x0000000172b79220
Event: 4.628 Thread 0x0000000141933800 DEOPT UNPACKING pc=0x0000000109d86b7c sp=0x0000000172b78e20 mode 0
Event: 4.628 Thread 0x0000000141933800 DEOPT PACKING pc=0x000000010a71a6e0 sp=0x0000000172b79340
Event: 4.628 Thread 0x0000000141933800 DEOPT UNPACKING pc=0x0000000109d86b7c sp=0x0000000172b78f60 mode 0
Event: 4.647 Thread 0x0000000141933800 DEOPT PACKING pc=0x000000010a7b7e0c sp=0x0000000172b78e70
Event: 4.647 Thread 0x0000000141933800 DEOPT UNPACKING pc=0x0000000109d86b7c sp=0x0000000172b78a70 mode 0
Event: 4.647 Thread 0x0000000141933800 DEOPT PACKING pc=0x000000010a7b3e64 sp=0x0000000172b78f50
Event: 4.647 Thread 0x0000000141933800 DEOPT UNPACKING pc=0x0000000109d86b7c sp=0x0000000172b78bf0 mode 0
Event: 4.648 Thread 0x0000000141933800 DEOPT PACKING pc=0x000000010a7b7e0c sp=0x0000000172b78e70
Event: 4.648 Thread 0x0000000141933800 DEOPT UNPACKING pc=0x0000000109d86b7c sp=0x0000000172b78a70 mode 0
Event: 4.649 Thread 0x0000000141933800 DEOPT PACKING pc=0x000000010a7b3e64 sp=0x0000000172b79300
Event: 4.649 Thread 0x0000000141933800 DEOPT UNPACKING pc=0x0000000109d86b7c sp=0x0000000172b78fa0 mode 0
Event: 4.649 Thread 0x0000000141933800 DEOPT PACKING pc=0x000000010a7b7e0c sp=0x0000000172b79220
Event: 4.649 Thread 0x0000000141933800 DEOPT UNPACKING pc=0x0000000109d86b7c sp=0x0000000172b78e20 mode 0
Event: 5.611 Thread 0x0000000141933800 DEOPT PACKING pc=0x000000010a7b84a0 sp=0x0000000172b781e0
Event: 5.611 Thread 0x0000000141933800 DEOPT UNPACKING pc=0x0000000109d86b7c sp=0x0000000172b77de0 mode 0

Classes loaded (20 events):
Event: 4.562 Loading class sun/util/logging/resources/logging_en_US
Event: 4.562 Loading class sun/util/logging/resources/logging_en_US done
Event: 4.563 Loading class java/util/Formatter$DateTime
Event: 4.563 Loading class java/util/Formatter$DateTime done
Event: 4.563 Loading class java/util/Formatter$FixedString
Event: 4.563 Loading class java/util/Formatter$FixedString done
Event: 4.563 Loading class java/time/ZonedDateTime$1
Event: 4.563 Loading class java/time/ZonedDateTime$1 done
Event: 4.563 Loading class sun/text/resources/cldr/FormatData_en
Event: 4.563 Loading class sun/text/resources/cldr/FormatData_en done
Event: 4.564 Loading class sun/text/resources/cldr/FormatData_en_US
Event: 4.564 Loading class sun/text/resources/cldr/FormatData_en_US done
Event: 4.565 Loading class java/math/BigDecimal
Event: 4.566 Loading class java/math/BigDecimal done
Event: 4.574 Loading class java/io/StringReader
Event: 4.574 Loading class java/io/StringReader done
Event: 4.574 Loading class java/io/PushbackReader
Event: 4.574 Loading class java/io/FilterReader
Event: 4.574 Loading class java/io/FilterReader done
Event: 4.574 Loading class java/io/PushbackReader done

Classes unloaded (0 events):
No events

Classes redefined (0 events):
No events

Internal exceptions (20 events):
Event: 0.720 Thread 0x0000000121853c00 Exception <a 'java/lang/NoSuchMethodError'{0x000000070e3a4550}: 'int java.lang.invoke.DirectMethodHandle$Holder.invokeSpecial(java.lang.Object, java.lang.Object, int)'> (0x000000070e3a4550) 
thrown [open/src/hotspot/share/interpreter/linkResolver.cpp, line 759]
Event: 0.745 Thread 0x0000000121853c00 Exception <a 'java/lang/NoSuchMethodError'{0x000000070deaa428}: 'void java.lang.invoke.DirectMethodHandle$Holder.invokeSpecial(java.lang.Object, java.lang.Object, java.lang.Object, java.lang.Object, java.lang.Object, java.lang.Object)'> (0x000000070deaa428) 
thrown [open/src/hotspot/share/interpreter/linkResolver.cpp, line 759]
Event: 0.827 Thread 0x0000000121853c00 Exception <a 'java/lang/NoSuchMethodError'{0x000000070d71c868}: 'java.lang.Object java.lang.invoke.DirectMethodHandle$Holder.newInvokeSpecial(java.lang.Object, java.lang.Object, int)'> (0x000000070d71c868) 
thrown [open/src/hotspot/share/interpreter/linkResolver.cpp, line 759]
Event: 0.884 Thread 0x0000000141933800 Exception <a 'java/lang/NoSuchMethodError'{0x000000070d4e9b80}: 'int java.lang.invoke.DirectMethodHandle$Holder.invokeStaticInit(java.lang.Object, java.lang.Object)'> (0x000000070d4e9b80) 
thrown [open/src/hotspot/share/interpreter/linkResolver.cpp, line 759]
Event: 3.135 Thread 0x0000000121853c00 Exception <a 'java/lang/NoSuchMethodError'{0x000000070ce949c0}: 'long java.lang.invoke.DirectMethodHandle$Holder.invokeStatic(java.lang.Object, java.lang.Object)'> (0x000000070ce949c0) 
thrown [open/src/hotspot/share/interpreter/linkResolver.cpp, line 759]
Event: 3.143 Thread 0x0000000121853c00 Exception <a 'java/lang/NoSuchMethodError'{0x000000070ced9178}: 'void java.lang.invoke.DirectMethodHandle$Holder.invokeVirtual(java.lang.Object, java.lang.Object, int)'> (0x000000070ced9178) 
thrown [open/src/hotspot/share/interpreter/linkResolver.cpp, line 759]
Event: 3.148 Thread 0x0000000121853c00 Exception <a 'java/lang/NoSuchMethodError'{0x000000070cf1b870}: 'java.lang.Object java.lang.invoke.DirectMethodHandle$Holder.newInvokeSpecial(java.lang.Object, java.lang.Object, int, int, int, int, int, java.lang.Object)'> (0x000000070cf1b870) 
thrown [open/src/hotspot/share/interpreter/linkResolver.cpp, line 759]
Event: 3.148 Thread 0x0000000121853c00 Exception <a 'java/lang/NoSuchMethodError'{0x000000070cf2e850}: 'java.lang.Object java.lang.invoke.DirectMethodHandle$Holder.newInvokeSpecial(java.lang.Object, java.lang.Object, java.lang.Object, int, int, int, int, int)'> (0x000000070cf2e850) 
thrown [open/src/hotspot/share/interpreter/linkResolver.cpp, line 759]
Event: 3.149 Thread 0x0000000121853c00 Exception <a 'java/lang/NoSuchMethodError'{0x000000070cf360b8}: 'java.lang.Object java.lang.invoke.Invokers$Holder.linkToTargetMethod(java.lang.Object, java.lang.Object, int, int, int, int, int, java.lang.Object)'> (0x000000070cf360b8) 
thrown [open/src/hotspot/share/interpreter/linkResolver.cpp, line 759]
Event: 3.163 Thread 0x0000000121853c00 Exception <a 'java/lang/NoSuchMethodError'{0x000000070cf85dd0}: 'long java.lang.invoke.DirectMethodHandle$Holder.invokeStatic(java.lang.Object, java.lang.Object, java.lang.Object)'> (0x000000070cf85dd0) 
thrown [open/src/hotspot/share/interpreter/linkResolver.cpp, line 759]
Event: 3.163 Thread 0x0000000121853c00 Exception <a 'java/lang/NoSuchMethodError'{0x000000070cf89570}: 'long java.lang.invoke.DirectMethodHandle$Holder.invokeStaticInit(java.lang.Object, java.lang.Object, java.lang.Object)'> (0x000000070cf89570) 
thrown [open/src/hotspot/share/interpreter/linkResolver.cpp, line 759]
Event: 3.164 Thread 0x0000000121853c00 Exception <a 'java/lang/NoSuchMethodError'{0x000000070cfa1bb8}: 'java.lang.Object java.lang.invoke.DirectMethodHandle$Holder.newInvokeSpecial(java.lang.Object, java.lang.Object, long)'> (0x000000070cfa1bb8) 
thrown [open/src/hotspot/share/interpreter/linkResolver.cpp, line 759]
Event: 3.164 Thread 0x0000000121853c00 Exception <a 'java/lang/NoSuchMethodError'{0x000000070cfa5488}: 'java.lang.Object java.lang.invoke.Invokers$Holder.linkToTargetMethod(java.lang.Object, long, java.lang.Object)'> (0x000000070cfa5488) 
thrown [open/src/hotspot/share/interpreter/linkResolver.cpp, line 759]
Event: 4.559 Thread 0x0000000121853c00 Exception <a 'sun/nio/fs/UnixException'{0x000000070ca55798}> (0x000000070ca55798) 
thrown [open/src/hotspot/share/prims/jni.cpp, line 516]
Event: 4.561 Thread 0x0000000121853c00 Exception <a 'java/lang/NoSuchMethodError'{0x000000070ca63618}: 'java.lang.Object java.lang.invoke.DirectMethodHandle$Holder.invokeStatic(java.lang.Object, int, java.lang.Object)'> (0x000000070ca63618) 
thrown [open/src/hotspot/share/interpreter/linkResolver.cpp, line 759]
Event: 4.562 Thread 0x0000000121853c00 Exception <a 'java/lang/ClassNotFoundException'{0x000000070ca743d8}: sun/util/logging/resources/spi/loggingProvider> (0x000000070ca743d8) 
thrown [open/src/hotspot/share/classfile/systemDictionary.cpp, line 255]
Event: 4.570 Thread 0x0000000121853c00 Exception <a 'java/lang/NoSuchMethodError'{0x000000070cafd020}: 'java.lang.Object java.lang.invoke.DelegatingMethodHandle$Holder.reinvoke_L(java.lang.Object, double, double, double, double)'> (0x000000070cafd020) 
thrown [open/src/hotspot/share/interpreter/linkResolver.cpp, line 759]
Event: 4.570 Thread 0x0000000121853c00 Exception <a 'java/lang/NoSuchMethodError'{0x000000070cb08778}: 'java.lang.Object java.lang.invoke.DirectMethodHandle$Holder.invokeStatic(java.lang.Object, java.lang.Object, int)'> (0x000000070cb08778) 
thrown [open/src/hotspot/share/interpreter/linkResolver.cpp, line 759]
Event: 4.571 Thread 0x0000000121853c00 Exception <a 'java/lang/NoSuchMethodError'{0x000000070cb13bd0}: 'void java.lang.invoke.DelegatingMethodHandle$Holder.delegate(java.lang.Object, java.lang.Object, int, java.lang.Object)'> (0x000000070cb13bd0) 
thrown [open/src/hotspot/share/interpreter/linkResolver.cpp, line 759]
Event: 4.586 Thread 0x0000000121853c00 Implicit null exception at 0x000000011190ae9c to 0x000000011190aefc

VM Operations (20 events):
Event: 2.196 Executing VM operation: Cleanup
Event: 2.196 Executing VM operation: Cleanup done
Event: 3.136 Executing VM operation: HandshakeAllThreads
Event: 3.136 Executing VM operation: HandshakeAllThreads done
Event: 3.145 Executing VM operation: HandshakeAllThreads
Event: 3.145 Executing VM operation: HandshakeAllThreads done
Event: 3.488 Executing VM operation: ICBufferFull
Event: 3.488 Executing VM operation: ICBufferFull done
Event: 4.392 Executing VM operation: ICBufferFull
Event: 4.392 Executing VM operation: ICBufferFull done
Event: 4.569 Executing VM operation: HandshakeAllThreads
Event: 4.569 Executing VM operation: HandshakeAllThreads done
Event: 4.570 Executing VM operation: HandshakeAllThreads
Event: 4.570 Executing VM operation: HandshakeAllThreads done
Event: 4.584 Executing VM operation: ICBufferFull
Event: 4.584 Executing VM operation: ICBufferFull done
Event: 4.627 Executing VM operation: ICBufferFull
Event: 4.627 Executing VM operation: ICBufferFull done
Event: 5.632 Executing VM operation: Cleanup
Event: 5.632 Executing VM operation: Cleanup done

Events (20 events):
Event: 1.191 Thread 0x000000012605aa00 Thread added: 0x000000012605aa00
Event: 1.191 Protecting memory [0x0000000172d90000,0x0000000172d9c000] with protection modes 0
Event: 1.297 Protecting memory [0x0000000171f3c000,0x0000000171f48000] with protection modes 3
Event: 1.297 Protecting memory [0x0000000173f94000,0x0000000173fa0000] with protection modes 3
Event: 1.297 Thread 0x0000000131a6aa00 Thread exited: 0x0000000131a6aa00
Event: 1.297 Thread 0x0000000141820e00 Thread exited: 0x0000000141820e00
Event: 3.158 Protecting memory [0x0000000171f3c000,0x0000000171f48000] with protection modes 0
Event: 3.158 Thread 0x0000000141992a00 Thread added: 0x0000000141992a00
Event: 3.608 Protecting memory [0x0000000171f3c000,0x0000000171f48000] with protection modes 3
Event: 3.608 Thread 0x0000000141992a00 Thread exited: 0x0000000141992a00
Event: 3.841 Protecting memory [0x0000000171f3c000,0x0000000171f48000] with protection modes 0
Event: 3.841 Thread 0x0000000131b0f800 Thread added: 0x0000000131b0f800
Event: 4.125 Protecting memory [0x0000000171f3c000,0x0000000171f48000] with protection modes 3
Event: 4.125 Thread 0x0000000131b0f800 Thread exited: 0x0000000131b0f800
Event: 4.191 Protecting memory [0x0000000171f3c000,0x0000000171f48000] with protection modes 0
Event: 4.191 Thread 0x0000000120c3ba00 Thread added: 0x0000000120c3ba00
Event: 4.908 Protecting memory [0x0000000171f3c000,0x0000000171f48000] with protection modes 3
Event: 4.908 Thread 0x0000000120c3ba00 Thread exited: 0x0000000120c3ba00
Event: 5.475 Protecting memory [0x0000000171f3c000,0x0000000171f48000] with protection modes 0
Event: 5.475 Thread 0x000000012613a200 Thread added: 0x000000012613a200


Dynamic libraries:
0x00000001002e8000 	/Users/josh/Library/Java/JavaVirtualMachines/openjdk-18.0.2/Contents/Home/lib/libjli.dylib
0x00000001a4ca6000 	/usr/lib/libz.1.dylib
0x00000001a4d5d000 	/usr/lib/libSystem.B.dylib
0x00000001a4d57000 	/usr/lib/system/libcache.dylib
0x00000001a4d15000 	/usr/lib/system/libcommonCrypto.dylib
0x00000001a4d3e000 	/usr/lib/system/libcompiler_rt.dylib
0x00000001a4d35000 	/usr/lib/system/libcopyfile.dylib
0x0000000199f83000 	/usr/lib/system/libcorecrypto.dylib
0x000000019a038000 	/usr/lib/system/libdispatch.dylib
0x000000019a206000 	/usr/lib/system/libdyld.dylib
0x00000001a4d4d000 	/usr/lib/system/libkeymgr.dylib
0x00000001a4cf0000 	/usr/lib/system/libmacho.dylib
0x00000001a43e0000 	/usr/lib/system/libquarantine.dylib
0x00000001a4d4a000 	/usr/lib/system/libremovefile.dylib
0x000000019f37c000 	/usr/lib/system/libsystem_asl.dylib
0x0000000199f25000 	/usr/lib/system/libsystem_blocks.dylib
0x000000019a0c0000 	/usr/lib/system/libsystem_c.dylib
0x00000001a4d42000 	/usr/lib/system/libsystem_collections.dylib
0x00000001a3875000 	/usr/lib/system/libsystem_configuration.dylib
0x00000001a2ad1000 	/usr/lib/system/libsystem_containermanager.dylib
0x00000001a4a4d000 	/usr/lib/system/libsystem_coreservices.dylib
0x000000019c936000 	/usr/lib/system/libsystem_darwin.dylib
0x00000001a4d4e000 	/usr/lib/system/libsystem_dnssd.dylib
0x000000019a0bd000 	/usr/lib/system/libsystem_featureflags.dylib
0x000000019a21b000 	/usr/lib/system/libsystem_info.dylib
0x00000001a4cb8000 	/usr/lib/system/libsystem_m.dylib
0x000000019a00d000 	/usr/lib/system/libsystem_malloc.dylib
0x000000019f30a000 	/usr/lib/system/libsystem_networkextension.dylib
0x000000019cd8f000 	/usr/lib/system/libsystem_notify.dylib
0x00000001ab0b0000 	/usr/lib/system/libsystem_product_info_filter.dylib
0x00000001a387a000 	/usr/lib/system/libsystem_sandbox.dylib
0x00000001a4d47000 	/usr/lib/system/libsystem_secinit.dylib
0x000000019a1c1000 	/usr/lib/system/libsystem_kernel.dylib
0x000000019a213000 	/usr/lib/system/libsystem_platform.dylib
0x000000019a1f9000 	/usr/lib/system/libsystem_pthread.dylib
0x00000001a0adc000 	/usr/lib/system/libsystem_symptoms.dylib
0x0000000199f69000 	/usr/lib/system/libsystem_trace.dylib
0x00000001a4d22000 	/usr/lib/system/libunwind.dylib
0x0000000199f27000 	/usr/lib/system/libxpc.dylib
0x000000019a1a9000 	/usr/lib/libc++abi.dylib
0x000000019a07f000 	/usr/lib/libobjc.A.dylib
0x00000001a4d2d000 	/usr/lib/liboah.dylib
0x000000019a142000 	/usr/lib/libc++.1.dylib
0x00000001b0bd6000 	/System/Library/Frameworks/Cocoa.framework/Versions/A/Cocoa
0x000000019cdf0000 	/System/Library/Frameworks/AppKit.framework/Versions/C/AppKit
0x00000001a0303000 	/System/Library/Frameworks/CoreData.framework/Versions/A/CoreData
0x000000019b14b000 	/System/Library/Frameworks/Foundation.framework/Versions/C/Foundation
0x000000019dca8000 	/System/Library/PrivateFrameworks/UIFoundation.framework/Versions/A/UIFoundation
0x00000001aadaa000 	/System/Library/PrivateFrameworks/RemoteViewServices.framework/Versions/A/RemoteViewServices
0x00000001a321d000 	/System/Library/PrivateFrameworks/XCTTargetBootstrap.framework/Versions/A/XCTTargetBootstrap
0x00000001a6a9d000 	/System/Library/PrivateFrameworks/InternationalSupport.framework/Versions/A/InternationalSupport
0x00000001a6b26000 	/System/Library/PrivateFrameworks/UserActivity.framework/Versions/A/UserActivity
0x00000001a5f94000 	/usr/lib/libspindump.dylib
0x000000019df19000 	/System/Library/Frameworks/UniformTypeIdentifiers.framework/Versions/A/UniformTypeIdentifiers
0x00000001a1767000 	/usr/lib/libapp_launch_measurement.dylib
0x00000001a0c8e000 	/System/Library/PrivateFrameworks/CoreAnalytics.framework/Versions/A/CoreAnalytics
0x00000001a176a000 	/System/Library/PrivateFrameworks/CoreAutoLayout.framework/Versions/A/CoreAutoLayout
0x00000001a2b0e000 	/System/Library/Frameworks/Metal.framework/Versions/A/Metal
0x00000001a3885000 	/usr/lib/liblangid.dylib
0x00000001a3222000 	/System/Library/PrivateFrameworks/CoreSVG.framework/Versions/A/CoreSVG
0x000000019f3b0000 	/System/Library/PrivateFrameworks/SkyLight.framework/Versions/A/SkyLight
0x000000019f789000 	/System/Library/Frameworks/CoreGraphics.framework/Versions/A/CoreGraphics
0x00000001ab476000 	/System/Library/Frameworks/Accelerate.framework/Versions/A/Accelerate
0x00000001a5a0b000 	/System/Library/PrivateFrameworks/IconServices.framework/Versions/A/IconServices
0x00000001a2af0000 	/System/Library/Frameworks/IOSurface.framework/Versions/A/IOSurface
0x00000001a0cbf000 	/usr/lib/libDiagnosticMessagesClient.dylib
0x00000001ae977000 	/System/Library/Frameworks/ApplicationServices.framework/Versions/A/ApplicationServices
0x00000001a3205000 	/System/Library/PrivateFrameworks/DFRFoundation.framework/Versions/A/DFRFoundation
0x000000019c680000 	/usr/lib/libicucore.A.dylib
0x00000001a794a000 	/System/Library/Frameworks/AudioToolbox.framework/Versions/A/AudioToolbox
0x00000001a6aa9000 	/System/Library/PrivateFrameworks/DataDetectorsCore.framework/Versions/A/DataDetectorsCore
0x00000001bd4a3000 	/System/Library/PrivateFrameworks/TextInput.framework/Versions/A/TextInput
0x000000019f325000 	/usr/lib/libMobileGestalt.dylib
0x00000001a2ed1000 	/System/Library/Frameworks/Carbon.framework/Versions/A/Frameworks/HIToolbox.framework/Versions/A/HIToolbox
0x00000001a113f000 	/System/Library/Frameworks/QuartzCore.framework/Versions/A/QuartzCore
0x000000019c301000 	/System/Library/Frameworks/Security.framework/Versions/A/Security
0x00000001aadea000 	/System/Library/Frameworks/Carbon.framework/Versions/A/Frameworks/SpeechRecognition.framework/Versions/A/SpeechRecognition
0x00000001a14bd000 	/System/Library/PrivateFrameworks/CoreUI.framework/Versions/A/CoreUI
0x000000019bbdd000 	/System/Library/Frameworks/CoreAudio.framework/Versions/A/CoreAudio
0x00000001a0db3000 	/System/Library/Frameworks/DiskArbitration.framework/Versions/A/DiskArbitration
0x00000001a639e000 	/System/Library/PrivateFrameworks/MultitouchSupport.framework/Versions/A/MultitouchSupport
0x000000019f323000 	/usr/lib/libenergytrace.dylib
0x000000019ccb8000 	/System/Library/Frameworks/IOKit.framework/Versions/A/IOKit
0x00000001ab1d9000 	/System/Library/Frameworks/CoreServices.framework/Versions/A/CoreServices
0x00000001a16f7000 	/System/Library/PrivateFrameworks/PerformanceAnalysis.framework/Versions/A/PerformanceAnalysis
0x00000001fb8db000 	/System/Library/Frameworks/OpenGL.framework/Versions/A/OpenGL
0x00000001a42f8000 	/System/Library/PrivateFrameworks/MobileKeyBag.framework/Versions/A/MobileKeyBag
0x000000019fd97000 	/System/Library/Frameworks/ColorSync.framework/Versions/A/ColorSync
0x000000019a248000 	/System/Library/Frameworks/CoreFoundation.framework/Versions/A/CoreFoundation
0x00000001a34a1000 	/System/Library/Frameworks/CoreImage.framework/Versions/A/CoreImage
0x000000019ba01000 	/System/Library/Frameworks/CoreText.framework/Versions/A/CoreText
0x00000001a3252000 	/System/Library/Frameworks/ImageIO.framework/Versions/A/ImageIO
0x00000001a4d63000 	/System/Library/PrivateFrameworks/SoftLinking.framework/Versions/A/SoftLinking
0x00000001a17b5000 	/usr/lib/libxml2.2.dylib
0x00000001a4ffc000 	/usr/lib/libcompression.dylib
0x00000001a69f9000 	/System/Library/PrivateFrameworks/TextureIO.framework/Versions/A/TextureIO
0x00000001a5724000 	/usr/lib/libate.dylib
0x00000001a55e9000 	/usr/lib/liblzma.5.dylib
0x000000019ae3e000 	/System/Library/Frameworks/SystemConfiguration.framework/Versions/A/SystemConfiguration
0x00000001a4d5f000 	/usr/lib/libfakelink.dylib
0x000000019ee55000 	/System/Library/Frameworks/CFNetwork.framework/Versions/A/CFNetwork
0x00000001a4ea5000 	/usr/lib/libarchive.2.dylib
0x00000001a3881000 	/System/Library/PrivateFrameworks/AppleSystemInfo.framework/Versions/A/AppleSystemInfo
0x00000001a440b000 	/usr/lib/libbsm.0.dylib
0x000000019e3c2000 	/usr/lib/libnetwork.dylib
0x00000001a4cf9000 	/usr/lib/system/libkxld.dylib
0x00000001a4025000 	/System/Library/PrivateFrameworks/IOMobileFramebuffer.framework/Versions/A/IOMobileFramebuffer
0x00000002195a4000 	/usr/lib/libCoreEntitlements.dylib
0x00000001a4a2f000 	/System/Library/PrivateFrameworks/AppleFSCompression.framework/Versions/A/AppleFSCompression
0x00000001a43f3000 	/usr/lib/libcoretls.dylib
0x00000001a5602000 	/usr/lib/libcoretls_cfhelpers.dylib
0x00000001a4ff7000 	/usr/lib/libpam.2.dylib
0x00000001a06f3000 	/usr/lib/libsqlite3.dylib
0x00000001a566b000 	/usr/lib/libxar.1.dylib
0x00000001a4a40000 	/usr/lib/libbz2.1.0.dylib
0x00000001a4d64000 	/usr/lib/libpcap.A.dylib
0x00000001a0ad3000 	/usr/lib/libdns_services.dylib
0x00000001a4fca000 	/usr/lib/libapple_nghttp2.dylib
0x00000001a4da1000 	/usr/lib/libiconv.2.dylib
0x00000001a4cef000 	/usr/lib/libcharset.1.dylib
0x00000001a1733000 	/System/Library/Frameworks/CoreServices.framework/Versions/A/Frameworks/FSEvents.framework/Versions/A/FSEvents
0x000000019c941000 	/System/Library/Frameworks/CoreServices.framework/Versions/A/Frameworks/CarbonCore.framework/Versions/A/CarbonCore
0x00000001a0d13000 	/System/Library/Frameworks/CoreServices.framework/Versions/A/Frameworks/Metadata.framework/Versions/A/Metadata
0x00000001a4a53000 	/System/Library/Frameworks/CoreServices.framework/Versions/A/Frameworks/OSServices.framework/Versions/A/OSServices
0x00000001a4f2b000 	/System/Library/Frameworks/CoreServices.framework/Versions/A/Frameworks/SearchKit.framework/Versions/A/SearchKit
0x00000001a0a62000 	/System/Library/Frameworks/CoreServices.framework/Versions/A/Frameworks/AE.framework/Versions/A/AE
0x000000019a78f000 	/System/Library/Frameworks/CoreServices.framework/Versions/A/Frameworks/LaunchServices.framework/Versions/A/LaunchServices
0x00000001a5592000 	/System/Library/Frameworks/CoreServices.framework/Versions/A/Frameworks/DictionaryServices.framework/Versions/A/DictionaryServices
0x00000001a1740000 	/System/Library/Frameworks/CoreServices.framework/Versions/A/Frameworks/SharedFileList.framework/Versions/A/SharedFileList
0x00000001a43e3000 	/usr/lib/libCheckFix.dylib
0x000000019f394000 	/System/Library/PrivateFrameworks/TCC.framework/Versions/A/TCC
0x00000001a3887000 	/System/Library/PrivateFrameworks/CoreNLP.framework/Versions/A/CoreNLP
0x00000001a0cc2000 	/System/Library/PrivateFrameworks/MetadataUtilities.framework/Versions/A/MetadataUtilities
0x000000019aef8000 	/usr/lib/libmecabra.dylib
0x00000001a441c000 	/usr/lib/libmecab.dylib
0x000000019aec4000 	/usr/lib/libCRFSuite.dylib
0x00000001a4479000 	/usr/lib/libgermantok.dylib
0x00000001a4fa3000 	/usr/lib/libThaiTokenizer.dylib
0x00000001a0dbb000 	/System/Library/Frameworks/Accelerate.framework/Versions/A/Frameworks/vImage.framework/Versions/A/vImage
0x00000001ab1b0000 	/System/Library/Frameworks/Accelerate.framework/Versions/A/Frameworks/vecLib.framework/Versions/A/vecLib
0x00000001a56b0000 	/System/Library/Frameworks/Accelerate.framework/Versions/A/Frameworks/vecLib.framework/Versions/A/libvMisc.dylib
0x00000001a3f2c000 	/System/Library/Frameworks/Accelerate.framework/Versions/A/Frameworks/vecLib.framework/Versions/A/libvDSP.dylib
0x000000019ab19000 	/System/Library/Frameworks/Accelerate.framework/Versions/A/Frameworks/vecLib.framework/Versions/A/libBLAS.dylib
0x00000001a50cd000 	/System/Library/Frameworks/Accelerate.framework/Versions/A/Frameworks/vecLib.framework/Versions/A/libLAPACK.dylib
0x00000001a447c000 	/System/Library/Frameworks/Accelerate.framework/Versions/A/Frameworks/vecLib.framework/Versions/A/libLinearAlgebra.dylib
0x00000001a4fe2000 	/System/Library/Frameworks/Accelerate.framework/Versions/A/Frameworks/vecLib.framework/Versions/A/libSparseBLAS.dylib
0x00000001a50c8000 	/System/Library/Frameworks/Accelerate.framework/Versions/A/Frameworks/vecLib.framework/Versions/A/libQuadrature.dylib
0x00000001a3980000 	/System/Library/Frameworks/Accelerate.framework/Versions/A/Frameworks/vecLib.framework/Versions/A/libBNNS.dylib
0x000000019add7000 	/System/Library/Frameworks/Accelerate.framework/Versions/A/Frameworks/vecLib.framework/Versions/A/libSparse.dylib
0x00000001a3978000 	/System/Library/PrivateFrameworks/LinguisticData.framework/Versions/A/LinguisticData
0x000000019ad8f000 	/System/Library/PrivateFrameworks/Lexicon.framework/Versions/A/Lexicon
0x00000001a56a8000 	/usr/lib/libChineseTokenizer.dylib
0x000000019b53d000 	/System/Library/PrivateFrameworks/LanguageModeling.framework/Versions/A/LanguageModeling
0x00000001a4fa5000 	/System/Library/PrivateFrameworks/AppleSauce.framework/Versions/A/AppleSauce
0x00000001a4012000 	/System/Library/PrivateFrameworks/CoreEmoji.framework/Versions/A/CoreEmoji
0x00000001a4e93000 	/usr/lib/libcmph.dylib
0x00000001a1713000 	/System/Library/Frameworks/OpenDirectory.framework/Versions/A/Frameworks/CFOpenDirectory.framework/Versions/A/CFOpenDirectory
0x00000001a1703000 	/System/Library/Frameworks/OpenDirectory.framework/Versions/A/OpenDirectory
0x00000001a5604000 	/System/Library/PrivateFrameworks/APFS.framework/Versions/A/APFS
0x00000001a4333000 	/System/Library/Frameworks/SecurityFoundation.framework/Versions/A/SecurityFoundation
0x00000001a567a000 	/usr/lib/libutil.dylib
0x000000019cc7a000 	/System/Library/PrivateFrameworks/CoreServicesStore.framework/Versions/A/CoreServicesStore
0x00000001a567e000 	/usr/lib/libxslt.1.dylib
0x00000001a43c7000 	/System/Library/PrivateFrameworks/BackgroundTaskManagement.framework/Versions/A/BackgroundTaskManagement
0x00000001a691a000 	/System/Library/Frameworks/ImageIO.framework/Versions/A/Resources/libRadiance.dylib
0x00000001a6923000 	/System/Library/Frameworks/ImageIO.framework/Versions/A/Resources/libJPEG.dylib
0x00000001a6876000 	/System/Library/Frameworks/ImageIO.framework/Versions/A/Resources/libPng.dylib
0x00000001a6898000 	/System/Library/Frameworks/ImageIO.framework/Versions/A/Resources/libTIFF.dylib
0x00000001a697e000 	/System/Library/Frameworks/ImageIO.framework/Versions/A/Resources/libGIF.dylib
0x00000001a62ae000 	/System/Library/Frameworks/ImageIO.framework/Versions/A/Resources/libJP2.dylib
0x00000001a59d0000 	/usr/lib/libexpat.1.dylib
0x00000001a6269000 	/System/Library/PrivateFrameworks/AppleJPEG.framework/Versions/A/AppleJPEG
0x00000001a2d8d000 	/System/Library/PrivateFrameworks/FontServices.framework/libFontParser.dylib
0x00000001a0a07000 	/System/Library/PrivateFrameworks/RunningBoardServices.framework/Versions/A/RunningBoardServices
0x00000001b12ac000 	/System/Library/PrivateFrameworks/IOSurfaceAccelerator.framework/Versions/A/IOSurfaceAccelerator
0x00000001a639a000 	/System/Library/PrivateFrameworks/WatchdogClient.framework/Versions/A/WatchdogClient
0x000000019b63d000 	/System/Library/Frameworks/CoreDisplay.framework/Versions/A/CoreDisplay
0x00000001a2c77000 	/System/Library/Frameworks/CoreMedia.framework/Versions/A/CoreMedia
0x00000001a2b04000 	/System/Library/PrivateFrameworks/IOAccelerator.framework/Versions/A/IOAccelerator
0x00000001a18a3000 	/System/Library/Frameworks/CoreVideo.framework/Versions/A/CoreVideo
0x00000001a4ff5000 	/System/Library/Frameworks/MetalPerformanceShaders.framework/Versions/A/MetalPerformanceShaders
0x00000001a63d9000 	/System/Library/Frameworks/VideoToolbox.framework/Versions/A/VideoToolbox
0x00000001a094b000 	/System/Library/PrivateFrameworks/BaseBoard.framework/Versions/A/BaseBoard
0x00000001a06d9000 	/System/Library/PrivateFrameworks/ProtocolBuffer.framework/Versions/A/ProtocolBuffer
0x00000001a6915000 	/System/Library/PrivateFrameworks/GPUWrangler.framework/Versions/A/GPUWrangler
0x00000001a68f5000 	/System/Library/PrivateFrameworks/IOPresentment.framework/Versions/A/IOPresentment
0x00000001a691d000 	/System/Library/PrivateFrameworks/DSExternalDisplay.framework/Versions/A/DSExternalDisplay
0x00000001fb8ce000 	/System/Library/Frameworks/OpenGL.framework/Versions/A/Libraries/libCoreFSCache.dylib
0x0000000206094000 	/System/Library/PrivateFrameworks/GPUCompiler.framework/Versions/31001/Libraries/libGPUCompilerUtils.dylib
0x00000001a6983000 	/System/Library/PrivateFrameworks/CMCaptureCore.framework/Versions/A/CMCaptureCore
0x00000001a5f81000 	/System/Library/PrivateFrameworks/AppServerSupport.framework/Versions/A/AppServerSupport
0x00000001a8207000 	/System/Library/PrivateFrameworks/perfdata.framework/Versions/A/perfdata
0x000000019b75d000 	/System/Library/PrivateFrameworks/AudioToolboxCore.framework/Versions/A/AudioToolboxCore
0x00000001a2c50000 	/System/Library/PrivateFrameworks/caulk.framework/Versions/A/caulk
0x00000001a7afc000 	/usr/lib/libAudioStatistics.dylib
0x00000001b9afb000 	/System/Library/PrivateFrameworks/SystemPolicy.framework/Versions/A/SystemPolicy
0x00000001a7d68000 	/usr/lib/libSMC.dylib
0x00000001b0ab4000 	/System/Library/Frameworks/CoreMIDI.framework/Versions/A/CoreMIDI
0x00000001a6844000 	/usr/lib/libAudioToolboxUtility.dylib
0x00000001b5c6b000 	/System/Library/PrivateFrameworks/OSAServicesClient.framework/Versions/A/OSAServicesClient
0x00000001a8214000 	/usr/lib/libperfcheck.dylib
0x00000001ba617000 	/usr/lib/libmis.dylib
0x00000001fb930000 	/System/Library/Frameworks/OpenGL.framework/Versions/A/Libraries/libGLU.dylib
0x00000001fb8ef000 	/System/Library/Frameworks/OpenGL.framework/Versions/A/Libraries/libGFXShared.dylib
0x00000001fbadc000 	/System/Library/Frameworks/OpenGL.framework/Versions/A/Libraries/libGL.dylib
0x00000001fb8f8000 	/System/Library/Frameworks/OpenGL.framework/Versions/A/Libraries/libGLImage.dylib
0x00000001fb8ec000 	/System/Library/Frameworks/OpenGL.framework/Versions/A/Libraries/libCVMSPluginSupport.dylib
0x00000001fb8d5000 	/System/Library/Frameworks/OpenGL.framework/Versions/A/Libraries/libCoreVMClient.dylib
0x00000001a3801000 	/System/Library/Frameworks/MetalPerformanceShaders.framework/Versions/A/Frameworks/MPSCore.framework/Versions/A/MPSCore
0x00000001a49a2000 	/System/Library/Frameworks/MetalPerformanceShaders.framework/Versions/A/Frameworks/MPSImage.framework/Versions/A/MPSImage
0x00000001a4491000 	/System/Library/Frameworks/MetalPerformanceShaders.framework/Versions/A/Frameworks/MPSNeuralNetwork.framework/Versions/A/MPSNeuralNetwork
0x00000001a48ca000 	/System/Library/Frameworks/MetalPerformanceShaders.framework/Versions/A/Frameworks/MPSMatrix.framework/Versions/A/MPSMatrix
0x00000001a46a3000 	/System/Library/Frameworks/MetalPerformanceShaders.framework/Versions/A/Frameworks/MPSRayIntersector.framework/Versions/A/MPSRayIntersector
0x00000001a48fb000 	/System/Library/Frameworks/MetalPerformanceShaders.framework/Versions/A/Frameworks/MPSNDArray.framework/Versions/A/MPSNDArray
0x00000001fdcf7000 	/System/Library/Frameworks/MetalPerformanceShaders.framework/Versions/A/Frameworks/MPSFunctions.framework/Versions/A/MPSFunctions
0x000000019a9f0000 	/System/Library/PrivateFrameworks/MetalTools.framework/Versions/A/MetalTools
0x00000001a387f000 	/System/Library/PrivateFrameworks/AggregateDictionary.framework/Versions/A/AggregateDictionary
0x00000001a57b5000 	/usr/lib/libIOReport.dylib
0x00000001afad1000 	/System/Library/PrivateFrameworks/ASEProcessing.framework/Versions/A/ASEProcessing
0x00000001a5b2a000 	/System/Library/PrivateFrameworks/FaceCore.framework/Versions/A/FaceCore
0x00000001a5b1c000 	/System/Library/PrivateFrameworks/GraphVisualizer.framework/Versions/A/GraphVisualizer
0x0000000205fab000 	/System/Library/PrivateFrameworks/FontServices.framework/Versions/A/FontServices
0x00000001a5f3d000 	/System/Library/PrivateFrameworks/OTSVG.framework/Versions/A/OTSVG
0x00000001a146d000 	/System/Library/Frameworks/ApplicationServices.framework/Versions/A/Frameworks/ATS.framework/Versions/A/Resources/libFontRegistry.dylib
0x00000001a5f8a000 	/System/Library/PrivateFrameworks/FontServices.framework/libhvf.dylib
0x0000000205fac000 	/System/Library/PrivateFrameworks/FontServices.framework/libXTFontStaticRegistryData.dylib
0x00000001fbc7d000 	/System/Library/Frameworks/OpenCL.framework/Versions/A/OpenCL
0x00000001a5984000 	/System/Library/PrivateFrameworks/AppleVA.framework/Versions/A/AppleVA
0x00000001a7b24000 	/System/Library/Frameworks/ApplicationServices.framework/Versions/A/Frameworks/ATS.framework/Versions/A/ATS
0x000000019fe96000 	/System/Library/Frameworks/ApplicationServices.framework/Versions/A/Frameworks/HIServices.framework/Versions/A/HIServices
0x00000001a698d000 	/System/Library/Frameworks/ApplicationServices.framework/Versions/A/Frameworks/PrintCore.framework/Versions/A/PrintCore
0x00000001a7ebb000 	/System/Library/Frameworks/ApplicationServices.framework/Versions/A/Frameworks/QD.framework/Versions/A/QD
0x00000001a7eb3000 	/System/Library/Frameworks/ApplicationServices.framework/Versions/A/Frameworks/ColorSyncLegacy.framework/Versions/A/ColorSyncLegacy
0x00000001a7b10000 	/System/Library/Frameworks/ApplicationServices.framework/Versions/A/Frameworks/SpeechSynthesis.framework/Versions/A/SpeechSynthesis
0x00000001a694e000 	/System/Library/Frameworks/ApplicationServices.framework/Versions/A/Frameworks/ATSUI.framework/Versions/A/ATSUI
0x00000001a7e48000 	/usr/lib/libcups.2.dylib
0x00000001a8222000 	/System/Library/Frameworks/Kerberos.framework/Versions/A/Kerberos
0x00000001a8233000 	/System/Library/Frameworks/GSS.framework/Versions/A/GSS
0x00000001a7b94000 	/usr/lib/libresolv.9.dylib
0x00000001a5f99000 	/System/Library/PrivateFrameworks/Heimdal.framework/Versions/A/Heimdal
0x00000001aed07000 	/System/Library/Frameworks/Kerberos.framework/Versions/A/Libraries/libHeimdalProxy.dylib
0x00000001a0ae5000 	/System/Library/Frameworks/Network.framework/Versions/A/Network
0x00000001a59eb000 	/usr/lib/libheimdal-asn1.dylib
0x00000001a8283000 	/System/Library/PrivateFrameworks/CommonAuth.framework/Versions/A/CommonAuth
0x00000001a7a8a000 	/System/Library/PrivateFrameworks/AudioSession.framework/Versions/A/AudioSession
0x00000001a5a7d000 	/System/Library/PrivateFrameworks/MediaExperience.framework/Versions/A/MediaExperience
0x00000001a7910000 	/System/Library/PrivateFrameworks/AudioSession.framework/libSessionUtility.dylib
0x00000001a7ec7000 	/System/Library/PrivateFrameworks/AudioResourceArbitration.framework/Versions/A/AudioResourceArbitration
0x00000001ac08d000 	/System/Library/PrivateFrameworks/PowerLog.framework/Versions/A/PowerLog
0x00000001a59f5000 	/System/Library/PrivateFrameworks/IconFoundation.framework/Versions/A/IconFoundation
0x00000001aadd6000 	/System/Library/PrivateFrameworks/SpeechRecognitionCore.framework/Versions/A/SpeechRecognitionCore
0x0000000101500000 	/Users/josh/Library/Java/JavaVirtualMachines/openjdk-18.0.2/Contents/Home/lib/server/libjvm.dylib
0x000000010034c000 	/Users/josh/Library/Java/JavaVirtualMachines/openjdk-18.0.2/Contents/Home/lib/libjimage.dylib
0x0000000100378000 	/Users/josh/Library/Java/JavaVirtualMachines/openjdk-18.0.2/Contents/Home/lib/libinstrument.dylib
0x00000001003c4000 	/Users/josh/Library/Java/JavaVirtualMachines/openjdk-18.0.2/Contents/Home/lib/libjava.dylib
0x00000001004a0000 	/Users/josh/Library/Java/JavaVirtualMachines/openjdk-18.0.2/Contents/Home/lib/libnio.dylib
0x00000001004c0000 	/Users/josh/Library/Java/JavaVirtualMachines/openjdk-18.0.2/Contents/Home/lib/libnet.dylib
0x00000001003ac000 	/Users/josh/Library/Java/JavaVirtualMachines/openjdk-18.0.2/Contents/Home/lib/libzip.dylib
0x0000000100f6c000 	/Users/josh/.openjfx/cache/17.0.1/libprism_es2.dylib
0x000000019cc3d000 	/System/Library/PrivateFrameworks/CoreServicesInternal.framework/Versions/A/CoreServicesInternal
0x00000001fbae6000 	/System/Library/Frameworks/OpenGL.framework/Versions/A/Resources/GLEngine.bundle/GLEngine
0x00000001fb96e000 	/System/Library/Frameworks/OpenGL.framework/Versions/A/Libraries/libGLProgrammability.dylib
0x00000001012c0000 	/System/Library/Extensions/AppleMetalOpenGLRenderer.bundle/Contents/MacOS/AppleMetalOpenGLRenderer
0x00000001fbc55000 	/System/Library/Frameworks/OpenGL.framework/Versions/A/Resources/GLRendererFloat.bundle/GLRendererFloat
0x00000001fbd55000 	/System/Library/Extensions/AGXMetal13_3.bundle/Contents/MacOS/AGXMetal13_3
0x00000001ba633000 	/System/Library/PrivateFrameworks/GPURawCounter.framework/Versions/A/GPURawCounter
0x00000001b4dd4000 	/System/Library/PrivateFrameworks/IOGPU.framework/Versions/A/IOGPU
0x000000011fd48000 	/Users/josh/.openjfx/cache/17.0.1/libglass.dylib
0x00000001ac2e5000 	/System/Library/Frameworks/FileProvider.framework/Versions/A/FileProvider
0x00000001a08b3000 	/System/Library/Frameworks/Accounts.framework/Versions/A/Accounts
0x00000001ac469000 	/System/Library/PrivateFrameworks/GenerationalStorage.framework/Versions/A/GenerationalStorage
0x00000001ad02c000 	/System/Library/PrivateFrameworks/CoreSymbolication.framework/Versions/A/CoreSymbolication
0x00000001ac081000 	/System/Library/PrivateFrameworks/SymptomDiagnosticReporter.framework/Versions/A/SymptomDiagnosticReporter
0x000000019df2d000 	/System/Library/PrivateFrameworks/DesktopServicesPriv.framework/Versions/A/DesktopServicesPriv
0x000000019cd9f000 	/usr/lib/libsandbox.1.dylib
0x00000001a1931000 	/System/Library/PrivateFrameworks/UserManagement.framework/Versions/A/UserManagement
0x00000001acfe9000 	/System/Library/PrivateFrameworks/DebugSymbols.framework/Versions/A/DebugSymbols
0x00000001a7ea6000 	/System/Library/PrivateFrameworks/NetAuth.framework/Versions/A/NetAuth
0x00000001a8dc7000 	/System/Library/PrivateFrameworks/Sharing.framework/Versions/A/Sharing
0x00000001a1901000 	/System/Library/PrivateFrameworks/login.framework/Versions/A/Frameworks/loginsupport.framework/Versions/A/loginsupport
0x00000001ae21e000 	/System/Library/PrivateFrameworks/Apple80211.framework/Versions/A/Apple80211
0x00000001a4a86000 	/System/Library/PrivateFrameworks/AuthKit.framework/Versions/A/AuthKit
0x00000001a410e000 	/System/Library/PrivateFrameworks/CoreUtils.framework/Versions/A/CoreUtils
0x00000001a4031000 	/System/Library/Frameworks/CoreWLAN.framework/Versions/A/CoreWLAN
0x00000001a8f37000 	/System/Library/Frameworks/IOBluetooth.framework/Versions/A/IOBluetooth
0x00000001ae27e000 	/System/Library/PrivateFrameworks/CoreWiFi.framework/Versions/A/CoreWiFi
0x00000001acbc9000 	/System/Library/PrivateFrameworks/FrontBoardServices.framework/Versions/A/FrontBoardServices
0x00000001acc61000 	/System/Library/PrivateFrameworks/BoardServices.framework/Versions/A/BoardServices
0x00000001a4321000 	/System/Library/PrivateFrameworks/AssertionServices.framework/Versions/A/AssertionServices
0x00000001ae3fb000 	/System/Library/PrivateFrameworks/BackBoardServices.framework/Versions/A/BackBoardServices
0x00000001a831a000 	/System/Library/PrivateFrameworks/CorePhoneNumbers.framework/Versions/A/CorePhoneNumbers
0x00000001a7bc1000 	/System/Library/PrivateFrameworks/MultiverseSupport.framework/Versions/A/MultiverseSupport
0x00000001ae67c000 	/System/Library/PrivateFrameworks/RemoteServiceDiscovery.framework/Versions/A/RemoteServiceDiscovery
0x00000001ac1b1000 	/System/Library/PrivateFrameworks/DiskManagement.framework/Versions/A/DiskManagement
0x00000001ac0b4000 	/System/Library/PrivateFrameworks/AppleIDAuthSupport.framework/Versions/A/AppleIDAuthSupport
0x0000000200533000 	/System/Library/PrivateFrameworks/AAAFoundation.framework/Versions/A/AAAFoundation
0x00000001a82f9000 	/System/Library/PrivateFrameworks/KeychainCircle.framework/Versions/A/KeychainCircle
0x00000001ae68c000 	/System/Library/PrivateFrameworks/RemoteXPC.framework/Versions/A/RemoteXPC
0x00000001ac17d000 	/System/Library/PrivateFrameworks/MediaKit.framework/Versions/A/MediaKit
0x00000001ac0c1000 	/System/Library/Frameworks/DiscRecording.framework/Versions/A/DiscRecording
0x00000001a5900000 	/usr/lib/libCoreStorage.dylib
0x00000001ae6f8000 	/usr/lib/libcsfde.dylib
0x00000001a900c000 	/System/Library/PrivateFrameworks/ProtectedCloudStorage.framework/Versions/A/ProtectedCloudStorage
0x00000001ae6f0000 	/System/Library/PrivateFrameworks/EFILogin.framework/Versions/A/EFILogin
0x00000001ac490000 	/System/Library/PrivateFrameworks/OctagonTrust.framework/Versions/A/OctagonTrust
0x0000000205132000 	/System/Library/PrivateFrameworks/CoreUtilsExtras.framework/Versions/A/CoreUtilsExtras
0x00000001abfe6000 	/System/Library/Frameworks/CoreBluetooth.framework/Versions/A/CoreBluetooth
0x00000001aed8c000 	/System/Library/Frameworks/AudioUnit.framework/Versions/A/AudioUnit
0x00000001a58f8000 	/usr/lib/libMatch.1.dylib
0x00000001beb19000 	/System/Library/Frameworks/Accelerate.framework/Versions/A/Frameworks/vImage.framework/Versions/A/Libraries/libCGInterfaces.dylib
0x000000011ffd0000 	/usr/lib/libobjc-trampolines.dylib
0x00000001a15fb000 	/System/Library/PrivateFrameworks/ViewBridge.framework/Versions/A/ViewBridge
0x00000001a605c000 	/System/Library/PrivateFrameworks/login.framework/Versions/A/login
0x0000000127fd4000 	/Users/josh/.openjfx/cache/17.0.1/libjavafx_font.dylib
0x0000000219701000 	/usr/lib/libRosetta.dylib
0x0000000200be7000 	/System/Library/PrivateFrameworks/AccessibilityBundles.framework/Versions/A/AccessibilityBundles
0x00000001ab4ff000 	/System/Library/PrivateFrameworks/SystemAdministration.framework/Versions/A/SystemAdministration
0x00000001a6b94000 	/System/Library/Frameworks/MediaToolbox.framework/Versions/A/MediaToolbox
0x00000001aad9e000 	/System/Library/Frameworks/DirectoryService.framework/Versions/A/DirectoryService
0x00000001ae585000 	/System/Library/PrivateFrameworks/DiskImages.framework/Versions/A/DiskImages
0x00000001a43d2000 	/System/Library/Frameworks/ServiceManagement.framework/Versions/A/ServiceManagement
0x00000001ae76e000 	/System/Library/PrivateFrameworks/LoginUIKit.framework/Versions/A/Frameworks/LoginUICore.framework/Versions/A/LoginUICore
0x00000001a6212000 	/usr/lib/libodfde.dylib
0x00000001ac2b1000 	/System/Library/PrivateFrameworks/CoreAVCHD.framework/Versions/A/CoreAVCHD
0x00000001ab4c1000 	/System/Library/Frameworks/MediaAccessibility.framework/Versions/A/MediaAccessibility
0x00000001ac2ad000 	/System/Library/PrivateFrameworks/Mangrove.framework/Versions/A/Mangrove
0x00000001ab4ce000 	/System/Library/PrivateFrameworks/AlgosScoreFramework.framework/Versions/A/AlgosScoreFramework
0x0000000202214000 	/System/Library/PrivateFrameworks/CMPhoto.framework/Versions/A/CMPhoto
0x00000001ac2a1000 	/System/Library/PrivateFrameworks/CoreAUC.framework/Versions/A/CoreAUC
0x00000001ae704000 	/usr/lib/libcurl.4.dylib
0x0000000219aa9000 	/usr/lib/libcrypto.46.dylib
0x0000000219f52000 	/usr/lib/libssl.48.dylib
0x00000001ae41b000 	/System/Library/Frameworks/LDAP.framework/Versions/A/LDAP
0x00000001ae457000 	/System/Library/PrivateFrameworks/TrustEvaluationAgent.framework/Versions/A/TrustEvaluationAgent
0x00000001a7bad000 	/usr/lib/libsasl2.2.dylib
0x00000001ab4f4000 	/System/Library/PrivateFrameworks/CoreDaemon.framework/Versions/B/CoreDaemon
0x00000001ab4ee000 	/System/Library/PrivateFrameworks/AppleSRP.framework/Versions/A/AppleSRP


VM Arguments:
jvm_args: -javaagent:/Applications/IntelliJ IDEA.app/Contents/lib/idea_rt.jar=57217:/Applications/IntelliJ IDEA.app/Contents/bin -Dfile.encoding=UTF-8 --module-path=/Users/josh/Documents/CS482/InventoryPA/target/classes:/Users/josh/.m2/repository/org/openjfx/javafx-controls/17.0.1/javafx-controls-17.0.1-mac-aarch64.jar:/Users/josh/.m2/repository/org/openjfx/javafx-base/17.0.1/javafx-base-17.0.1-mac-aarch64.jar:/Users/josh/.m2/repository/org/openjfx/javafx-fxml/17.0.1/javafx-fxml-17.0.1-mac-aarch64.jar:/Users/josh/.m2/repository/org/openjfx/javafx-graphics/17.0.1/javafx-graphics-17.0.1-mac-aarch64.jar -Djdk.module.main=c482.inventorypa 
java_command: c482.inventorypa/c482.inventorypa.Main
java_class_path (initial): /Users/josh/.m2/repository/org/openjfx/javafx-controls/17.0.1/javafx-controls-17.0.1.jar:/Users/josh/.m2/repository/org/openjfx/javafx-graphics/17.0.1/javafx-graphics-17.0.1.jar:/Users/josh/.m2/repository/org/openjfx/javafx-base/17.0.1/javafx-base-17.0.1.jar:/Users/josh/.m2/repository/org/openjfx/javafx-fxml/17.0.1/javafx-fxml-17.0.1.jar
Launcher Type: SUN_STANDARD

[Global flags]
     intx CICompilerCount                          = 4                                         {product} {ergonomic}
     uint ConcGCThreads                            = 2                                         {product} {ergonomic}
     uint G1ConcRefinementThreads                  = 8                                         {product} {ergonomic}
   size_t G1HeapRegionSize                         = 2097152                                   {product} {ergonomic}
    uintx GCDrainStackTargetSize                   = 64                                        {product} {ergonomic}
   size_t InitialHeapSize                          = 268435456                                 {product} {ergonomic}
   size_t MarkStackSize                            = 4194304                                   {product} {ergonomic}
   size_t MaxHeapSize                              = 4294967296                                {product} {ergonomic}
   size_t MaxNewSize                               = 2575302656                                {product} {ergonomic}
   size_t MinHeapDeltaBytes                        = 2097152                                   {product} {ergonomic}
   size_t MinHeapSize                              = 8388608                                   {product} {ergonomic}
    uintx NonNMethodCodeHeapSize                   = 5839564                                {pd product} {ergonomic}
    uintx NonProfiledCodeHeapSize                  = 122909338                              {pd product} {ergonomic}
    uintx ProfiledCodeHeapSize                     = 122909338                              {pd product} {ergonomic}
    uintx ReservedCodeCacheSize                    = 251658240                              {pd product} {ergonomic}
     bool SegmentedCodeCache                       = true                                      {product} {ergonomic}
   size_t SoftMaxHeapSize                          = 4294967296                             {manageable} {ergonomic}
     bool UseCompressedClassPointers               = true                           {product lp64_product} {ergonomic}
     bool UseCompressedOops                        = true                           {product lp64_product} {ergonomic}
     bool UseG1GC                                  = true                                      {product} {ergonomic}
     bool UseNUMA                                  = false                                     {product} {ergonomic}
     bool UseNUMAInterleaving                      = false                                     {product} {ergonomic}

Logging:
Log output configuration:
 #0: stdout all=warning uptime,level,tags foldmultilines=false
 #1: stderr all=off uptime,level,tags foldmultilines=false

Environment Variables:
PATH=/opt/homebrew/bin:/opt/homebrew/sbin:/usr/local/bin:/usr/bin:/bin:/usr/sbin:/sbin:/usr/local/share/dotnet:~/.dotnet/tools:/Library/Apple/usr/bin:/Library/Frameworks/Mono.framework/Versions/Current/Commands
SHELL=/bin/zsh
LC_CTYPE=en_US.UTF-8

Signal Handlers:
   SIGSEGV: _ZL13crash_handleriP9__siginfoPv in libjvm.dylib, mask=11100110000111110111111111111111, flags=SA_RESTART|SA_SIGINFO
    SIGBUS: _ZL13crash_handleriP9__siginfoPv in libjvm.dylib, mask=11100110000111110111111111111111, flags=SA_RESTART|SA_SIGINFO
    SIGFPE: _ZL13crash_handleriP9__siginfoPv in libjvm.dylib, mask=11100110000111110111111111111111, flags=SA_RESTART|SA_SIGINFO
   SIGPIPE: _ZL17javaSignalHandleriP9__siginfoPv in libjvm.dylib, mask=11100110000111110111111111111111, flags=SA_RESTART|SA_SIGINFO
   SIGXFSZ: _ZL17javaSignalHandleriP9__siginfoPv in libjvm.dylib, mask=11100110000111110111111111111111, flags=SA_RESTART|SA_SIGINFO
    SIGILL: _ZL13crash_handleriP9__siginfoPv in libjvm.dylib, mask=11100110000111110111111111111111, flags=SA_RESTART|SA_SIGINFO
   SIGUSR2: _ZL10SR_handleriP9__siginfoP17__darwin_ucontext in libjvm.dylib, mask=00100000000000000000000000000000, flags=SA_RESTART|SA_SIGINFO
    SIGHUP: _ZL11UserHandleriPvS_ in libjvm.dylib, mask=11100110000111110111111111111111, flags=SA_RESTART|SA_SIGINFO
    SIGINT: _ZL11UserHandleriPvS_ in libjvm.dylib, mask=11100110000111110111111111111111, flags=SA_RESTART|SA_SIGINFO
   SIGTERM: _ZL11UserHandleriPvS_ in libjvm.dylib, mask=11100110000111110111111111111111, flags=SA_RESTART|SA_SIGINFO
   SIGQUIT: _ZL11UserHandleriPvS_ in libjvm.dylib, mask=11100110000111110111111111111111, flags=SA_RESTART|SA_SIGINFO
   SIGTRAP: _ZL13crash_handleriP9__siginfoPv in libjvm.dylib, mask=11100110000111110111111111111111, flags=SA_RESTART|SA_SIGINFO


---------------  S Y S T E M  ---------------

OS:
uname: Darwin 21.5.0 Darwin Kernel Version 21.5.0: Tue Apr 26 21:08:29 PDT 2022; root:xnu-8020.121.3~4/RELEASE_ARM64_T8101 arm64
OS uptime: 9 days 15:43 hours
rlimit (soft/hard): STACK 8176k/65520k , CORE 0k/infinity , NPROC 2666/4000 , NOFILE 10240/infinity , AS infinity/infinity , CPU infinity/infinity , DATA infinity/infinity , FSIZE infinity/infinity , MEMLOCK infinity/infinity , RSS infinity/infinity
load average: 3.97 2.44 1.87

CPU: total 8 (initial active 8) 0x61:0x0:0x1b588bb3:0, fp, simd, aes, pmull, crc, lse

Memory: 16k page, physical 16777216k(227952k free), swap 1048576k(963328k free)

vm_info: OpenJDK 64-Bit Server VM (18.0.2+9-61) for bsd-aarch64 JRE (18.0.2+9-61), built on Jun  7 2022 12:20:40 by "mach5one" with clang Apple LLVM 12.0.0 (clang-1200.0.32.29)

END.
