#
# A fatal error has been detected by the Java Runtime Environment:
#
#  SIGBUS (0xa) at pc=0x000000010c53d4f0, pid=77043, tid=33803
#
# JRE version: Java(TM) SE Runtime Environment (17.0.4+11) (build 17.0.4+11-LTS-179)
# Java VM: Java HotSpot(TM) 64-Bit Server VM (17.0.4+11-LTS-179, mixed mode, sharing, tiered, compressed oops, compressed class ptrs, g1 gc, bsd-aarch64)
# Problematic frame:
# v  ~StubRoutines::SafeFetchN
#
# No core dump will be written. Core dumps have been disabled. To enable core dumping, try "ulimit -c unlimited" before starting Java again
#
# If you would like to submit a bug report, please visit:
#   https://bugreport.java.com/bugreport/crash.jsp
# The crash happened outside the Java Virtual Machine in native code.
# See problematic frame for where to report the bug.
#

---------------  S U M M A R Y ------------

Command Line: -javaagent:/Applications/IntelliJ IDEA.app/Contents/lib/idea_rt.jar=51754:/Applications/IntelliJ IDEA.app/Contents/bin -Dfile.encoding=UTF-8 --module-path=/Users/josh/.m2/repository/org/openjfx/javafx-controls/17.0.1/javafx-controls-17.0.1-mac-aarch64.jar:/Users/josh/.m2/repository/org/openjfx/javafx-graphics/17.0.1/javafx-graphics-17.0.1-mac-aarch64.jar:/Users/josh/.m2/repository/org/openjfx/javafx-base/17.0.1/javafx-base-17.0.1-mac-aarch64.jar:/Users/josh/.m2/repository/org/openjfx/javafx-fxml/17.0.1/javafx-fxml-17.0.1-mac-aarch64.jar:/Users/josh/Documents/CS482/InventoryPA/target/classes -Djdk.module.main=c482.inventorypa c482.inventorypa/c482.inventorypa.Main

Host: "MacBookPro17,1" arm64 1 MHz, 8 cores, 16G, Darwin 21.5.0, macOS 12.4 (21F79)
Time: Wed Aug  3 21:13:23 2022 CDT elapsed time: 0.340983 seconds (0d 0h 0m 0s)

---------------  T H R E A D  ---------------

Current thread (0x000000015c8f1000):  JavaThread "InvokeLaterDispatcher" daemon [_thread_in_native, id=33803, stack(0x000000016fb70000,0x000000016fd73000)]

Stack: [0x000000016fb70000,0x000000016fd73000],  sp=0x000000016fd727b0,  free space=2057k
Native frames: (J=compiled Java code, j=interpreted, Vv=VM code, C=native code)
v  ~StubRoutines::SafeFetchN
V  [libjvm.dylib+0x7a72c0]  OopStorage::release(oopDesc* const*)+0x20
V  [libjvm.dylib+0x4bb8e4]  jni_DeleteGlobalRef+0xc4
C  [libglass.dylib+0xab08]  -[GlassRunnable dealloc]+0x34
C  [Foundation+0x85318]  -[_NSThreadPerformInfo dealloc]+0x30
C  [Foundation+0x518ac]  -[NSObject(NSThreadPerformAdditions) performSelectorOnMainThread:withObject:waitUntilDone:]+0x88
C  0x2f1e00010c5458ac
j  com.sun.glass.ui.mac.MacApplication.submitForLaterInvocation(Ljava/lang/Runnable;)V+2 javafx.graphics
j  com.sun.glass.ui.InvokeLaterDispatcher.run()V+82 javafx.graphics
v  ~StubRoutines::call_stub
V  [libjvm.dylib+0x462ef8]  JavaCalls::call_helper(JavaValue*, methodHandle const&, JavaCallArguments*, JavaThread*)+0x38c
V  [libjvm.dylib+0x461f14]  JavaCalls::call_virtual(JavaValue*, Klass*, Symbol*, Symbol*, JavaCallArguments*, JavaThread*)+0x11c
V  [libjvm.dylib+0x461fe0]  JavaCalls::call_virtual(JavaValue*, Handle, Klass*, Symbol*, Symbol*, JavaThread*)+0x64
V  [libjvm.dylib+0x5158a4]  thread_entry(JavaThread*, JavaThread*)+0xc4
V  [libjvm.dylib+0x908030]  JavaThread::thread_main_inner()+0x134
V  [libjvm.dylib+0x906958]  Thread::call_run()+0x128
V  [libjvm.dylib+0x7ade80]  thread_native_entry(Thread*)+0x158
C  [libsystem_pthread.dylib+0x726c]  _pthread_start+0x94

Java frames: (J=compiled Java code, j=interpreted, Vv=VM code)
j  com.sun.glass.ui.mac.MacApplication._submitForLaterInvocation(Ljava/lang/Runnable;)V+0 javafx.graphics
j  com.sun.glass.ui.mac.MacApplication.submitForLaterInvocation(Ljava/lang/Runnable;)V+2 javafx.graphics
j  com.sun.glass.ui.InvokeLaterDispatcher.run()V+82 javafx.graphics
v  ~StubRoutines::call_stub

siginfo: si_signo: 10 (SIGBUS), si_code: 1 (BUS_ADRALN), si_addr: 0x000000010c53d4f0

Register to memory mapping:

 x0=0x000000015ae0a848 points into unknown readable memory: 0x0000000000000000 | 00 00 00 00 00 00 00 00
 x1=0x0 is NULL
 x2=0x000000070f475f18 is an oop: com.sun.glass.ui.InvokeLaterDispatcher$Future 
{0x000000070f475f18} - klass: 'com/sun/glass/ui/InvokeLaterDispatcher$Future'
 - ---- fields (total size 3 words):
 - private 'done' 'Z' @12  true
 - private final 'runnable' 'Ljava/lang/Runnable;' @16  a 'com/sun/javafx/application/PlatformImpl$$Lambda$92+0x0000000800c821c8'{0x000000070f080bc0} (e1e10178)
 - final synthetic 'this$0' 'Lcom/sun/glass/ui/InvokeLaterDispatcher;' @20  a 'com/sun/glass/ui/InvokeLaterDispatcher'{0x000000070f4701a0} (e1e8e034)
 x3=0x0 is NULL
 x4=0x00000000000130a8 is an unknown value
 x5=0x0 is NULL
 x6=0x0 is NULL
 x7=0x0 is NULL
 x8=0x000000010c53d4ec is at begin+0 in a stub
StubRoutines::SafeFetchN [0x000000010c53d4ec, 0x000000010c53d4f8] (12 bytes)
 x9=0x0 is NULL
x10=0x2010000030300000 is an unknown value
x11=0x0000000000000007 is an unknown value
x12=0x0 is NULL
x13=0x000060000074e1f0 points into unknown readable memory: 0x0000000000000002 | 02 00 00 00 00 00 00 00
x14=0x0000020000000000 is an unknown value
x15=0x0000000103dcdf98: OBJC_CLASS_$_GlassRunnable+0 in /Users/josh/.openjfx/cache/17.0.1/libglass.dylib at 0x0000000103d88000
x16=0x000000019a1fb0fc: pthread_getspecific+0 in /usr/lib/system/libsystem_pthread.dylib at 0x000000019a1f9000
x17=0x0000600000249110 points into unknown readable memory: 0xfffffffffffffffe | fe ff ff ff ff ff ff ff
x18=0x0 is NULL
x19=0x0000600000248230 points into unknown readable memory: 0x0000600002b402e0 | e0 02 b4 02 00 60 00 00
x20=0x000000015ae0a640 points into unknown readable memory: 0x0000000000000000 | 00 00 00 00 00 00 00 00
x21=0x000000015ae0a848 points into unknown readable memory: 0x0000000000000000 | 00 00 00 00 00 00 00 00
x22=0x000000015c8f1000 is a thread
x23=0x0000000000000001 is an unknown value
x24=0x000000015ae0a800 is a global jni handle
x25=0x00000001049ed638: _ZN12StubRoutines17_safefetchN_entryE+0 in /Library/Java/JavaVirtualMachines/jdk-17.0.4.jdk/Contents/Home/lib/server/libjvm.dylib at 0x0000000103e50000
x26=0x0000000126d18638 is pointing into metadata
x27=0x0 is NULL
x28=0x000000015c8f1000 is a thread


Registers:
 x0=0x000000015ae0a848  x1=0x0000000000000000  x2=0x000000070f475f18  x3=0x0000000000000000
 x4=0x00000000000130a8  x5=0x0000000000000000  x6=0x0000000000000000  x7=0x0000000000000000
 x8=0x000000010c53d4ec  x9=0x0000000000000000 x10=0x2010000030300000 x11=0x0000000000000007
x12=0x0000000000000000 x13=0x000060000074e1f0 x14=0x0000020000000000 x15=0x0000000103dcdf98
x16=0x000000019a1fb0fc x17=0x0000600000249110 x18=0x0000000000000000 x19=0x0000600000248230
x20=0x000000015ae0a640 x21=0x000000015ae0a848 x22=0x000000015c8f1000 x23=0x0000000000000001
x24=0x000000015ae0a800 x25=0x00000001049ed638 x26=0x0000000126d18638 x27=0x0000000000000000
x28=0x000000015c8f1000  fp=0x000000016fd727f0  lr=0x00000001045f6090  sp=0x000000016fd727b0
pc=0x000000010c53d4f0 cpsr=0x0000000060001000
Top of Stack: (sp=0x000000016fd727b0)
0x000000016fd727b0:   0000000126d18638 0000000000000001
0x000000016fd727c0:   000000016fd729a8 0000600002b12830
0x000000016fd727d0:   0000000000000000 000000015ae0a838
0x000000016fd727e0:   000000015ae0a838 0000600000248230
0x000000016fd727f0:   000000016fd72830 00000001045f72c0
0x000000016fd72800:   0000000000000001 000000015ae0a838
0x000000016fd72810:   0000000000000000 000000015ae0a838
0x000000016fd72820:   0000000000000001 000000015c8f9600
0x000000016fd72830:   000000016fd72860 000000010430b8e4
0x000000016fd72840:   0000600002b11aa0 00000001e44b930c
0x000000016fd72850:   0000000000000000 0000600002b11aa0
0x000000016fd72860:   000000016fd72890 0000000103d92b08
0x000000016fd72870:   61cb27972494004d 0000000000000000
0x000000016fd72880:   0000000000000000 0000600003c110c0
0x000000016fd72890:   000000016fd728d0 000000019b1d0318
0x000000016fd728a0:   000000016fd729a8 0000600002b12830
0x000000016fd728b0:   0000600002b11aa0 61cb27972494004d
0x000000016fd728c0:   0000000000000000 0000000000000000
0x000000016fd728d0:   000000016fd72910 673780019b19c8ac
0x000000016fd728e0:   000000016fd729a8 000000010c5447c0
0x000000016fd728f0:   0000000000000000 00000001049f4ff8
0x000000016fd72900:   000000016fd72920 000000010c543730
0x000000016fd72910:   000000016fd72980 2f1e00010c5458ac
0x000000016fd72920:   000000016fd72920 000000080098c7c5
0x000000016fd72930:   000000016fd72930 0000000000000000
0x000000016fd72940:   000000016fd729a8 0000000126d18638
0x000000016fd72950:   000000070f7ed1c8 0000000000000000
0x000000016fd72960:   0000000000000000 0000000126cf7138
0x000000016fd72970:   0000000000000000 000000016fd72980
0x000000016fd72980:   000000016fd72a00 000000010c541fc8
0x000000016fd72990:   0000000000000000 0000000000000000
0x000000016fd729a0:   000000070f475f18 000000070f469ce8 

Instructions: (pc=0x000000010c53d4f0)
0x000000010c53d3f0:   f2a09369 f2c00029 6d425935 1e640886
0x000000010c53d400:   0c402d31 1e6408c7 1f5654d0 1e6c1017
0x000000010c53d410:   1f5050d0 1f504cd0 1f5048d0 1e650af6
0x000000010c53d420:   1f50d8f6 1f5694d6 1f5158f6 1e762880
0x000000010c53d430:   36000501 1e614000 14000026 2e251ca5
0x000000010c53d440:   d2943009 f2a09369 f2c00029 6d425d36
0x000000010c53d450:   1e600806 0c402d32 1f5758c7 1e6c101a
0x000000010c53d460:   1f4754c7 1e650805 1f4750c7 d2866668
0x000000010c53d470:   f2a7fa68 1f474cc7 1e6608c0 1f4748c7
0x000000010c53d480:   1e6e1019 eb08007f 540000ac 1f479400
0x000000010c53d490:   1f460340 1e603b20 1400000e d2a7fd29
0x000000010c53d4a0:   eb09007f 540000ac 51480069 d3607d29
0x000000010c53d4b0:   9e670121 14000002 1e6a5001 1f679417
0x000000010c53d4c0:   1f668742 1e613b23 1e773857 1e773860
0x000000010c53d4d0:   a8c17ff3 910003bf a8c17bfd d65f03c0
0x000000010c53d4e0:   b9400001 aa0103e0 d65f03c0 f9400001
0x000000010c53d4f0:   aa0103e0 d65f03c0 00000000 00000000
0x000000010c53d500:   00000000 00000000 00000000 00000000
0x000000010c53d510:   00000000 00000000 00000000 00000000
0x000000010c53d520:   00000000 00000000 00000000 00000000
0x000000010c53d530:   00000000 00000000 00000000 00000000
0x000000010c53d540:   00000000 00000000 00000000 00000000
0x000000010c53d550:   00000000 00000000 00000000 00000000
0x000000010c53d560:   00000000 00000000 00000000 00000000
0x000000010c53d570:   00000000 00000000 00000000 00000000
0x000000010c53d580:   00000000 00000000 00000000 00000000
0x000000010c53d590:   00000000 00000000 00000000 00000000
0x000000010c53d5a0:   00000000 00000000 00000000 00000000
0x000000010c53d5b0:   00000000 00000000 00000000 00000000
0x000000010c53d5c0:   00000000 00000000 00000000 00000000
0x000000010c53d5d0:   00000000 00000000 00000000 00000000
0x000000010c53d5e0:   00000000 00000000 00000000 00000000 


Stack slot to memory mapping:
stack at sp + 0 slots: 0x0000000126d18638 is pointing into metadata
stack at sp + 1 slots: 0x0000000000000001 is an unknown value
stack at sp + 2 slots: 0x000000016fd729a8 is pointing into the stack for thread: 0x000000015c8f1000
stack at sp + 3 slots: 0x0000600002b12830 points into unknown readable memory: 0x01000001f2bca031 | 31 a0 bc f2 01 00 00 01
stack at sp + 4 slots: 0x0 is NULL
stack at sp + 5 slots: 0x000000015ae0a838 is a global jni handle
stack at sp + 6 slots: 0x000000015ae0a838 is a global jni handle
stack at sp + 7 slots: 0x0000600000248230 points into unknown readable memory: 0x0000600002b402e0 | e0 02 b4 02 00 60 00 00

StubRoutines::SafeFetchN [0x000000010c53d4ec, 0x000000010c53d4f8] (12 bytes)
[MachCode]
  0x000000010c53d4ec: 0100 40f9 | e003 01aa | c003 5fd6 
[/MachCode]

---------------  P R O C E S S  ---------------

Threads class SMR info:
_java_thread_list=0x000060000292e600, length=17, elements={
0x000000015b00a000, 0x000000015b03c600, 0x000000015c80da00, 0x000000015b041000,
0x000000014b091800, 0x000000015c01da00, 0x000000012b80a400, 0x000000012b80aa00,
0x000000015c01e000, 0x000000015c83bc00, 0x000000015c80f400, 0x000000015c80fa00,
0x000000012b00f000, 0x000000015c8f1000, 0x000000015c8f9600, 0x000000012b0ed400,
0x000000012c23f400
}

Java Threads: ( => current thread )
  0x000000015b00a000 JavaThread "main" [_thread_blocked, id=9731, stack(0x000000016d168000,0x000000016d36b000)]
  0x000000015b03c600 JavaThread "Reference Handler" daemon [_thread_blocked, id=17411, stack(0x000000016dfbc000,0x000000016e1bf000)]
  0x000000015c80da00 JavaThread "Finalizer" daemon [_thread_blocked, id=16131, stack(0x000000016e1c8000,0x000000016e3cb000)]
  0x000000015b041000 JavaThread "Signal Dispatcher" daemon [_thread_blocked, id=22531, stack(0x000000016e4ec000,0x000000016e6ef000)]
  0x000000014b091800 JavaThread "Service Thread" daemon [_thread_blocked, id=41987, stack(0x000000016e6f8000,0x000000016e8fb000)]
  0x000000015c01da00 JavaThread "Monitor Deflation Thread" daemon [_thread_blocked, id=41475, stack(0x000000016e904000,0x000000016eb07000)]
  0x000000012b80a400 JavaThread "C2 CompilerThread0" daemon [_thread_blocked, id=23043, stack(0x000000016eb10000,0x000000016ed13000)]
  0x000000012b80aa00 JavaThread "C1 CompilerThread0" daemon [_thread_blocked, id=23555, stack(0x000000016ed1c000,0x000000016ef1f000)]
  0x000000015c01e000 JavaThread "Sweeper thread" daemon [_thread_blocked, id=40707, stack(0x000000016ef28000,0x000000016f12b000)]
  0x000000015c83bc00 JavaThread "Common-Cleaner" daemon [_thread_blocked, id=40195, stack(0x000000016f134000,0x000000016f337000)]
  0x000000015c80f400 JavaThread "Monitor Ctrl-Break" daemon [_thread_in_native, id=39939, stack(0x000000016f340000,0x000000016f543000)]
  0x000000015c80fa00 JavaThread "Notification Thread" daemon [_thread_blocked, id=24323, stack(0x000000016f54c000,0x000000016f74f000)]
  0x000000012b00f000 JavaThread "QuantumRenderer-0" daemon [_thread_blocked, id=25091, stack(0x000000016f964000,0x000000016fb67000)]
=>0x000000015c8f1000 JavaThread "InvokeLaterDispatcher" daemon [_thread_in_native, id=33803, stack(0x000000016fb70000,0x000000016fd73000)]
  0x000000015c8f9600 JavaThread "JavaFX Application Thread" [_thread_in_vm, id=259, stack(0x000000016c8e0000,0x000000016d0dc000)]
  0x000000012b0ed400 JavaThread "PulseTimer-CVDisplayLink thread" daemon [_thread_in_native, id=52227, stack(0x000000016fd7c000,0x000000016fdff000)]
  0x000000012c23f400 JavaThread "JavaFX-Launcher" [_thread_blocked, id=58627, stack(0x000000028811c000,0x000000028831f000)]

Other Threads:
  0x000000015d007d80 VMThread "VM Thread" [stack: 0x000000016ddb0000,0x000000016dfb3000] [id=15619]
  0x000000014ae048e0 WatcherThread [stack: 0x000000016f758000,0x000000016f95b000] [id=24579]
  0x000000015ae08000 GCTaskThread "GC Thread#0" [stack: 0x000000016d374000,0x000000016d577000] [id=13059]
  0x000000015af045d0 ConcurrentGCThread "G1 Main Marker" [stack: 0x000000016d580000,0x000000016d783000] [id=13315]
  0x000000015af04e50 ConcurrentGCThread "G1 Conc#0" [stack: 0x000000016d78c000,0x000000016d98f000] [id=13827]
  0x000000015d005460 ConcurrentGCThread "G1 Refine#0" [stack: 0x000000016d998000,0x000000016db9b000] [id=19203]
  0x000000015af06b80 ConcurrentGCThread "G1 Service" [stack: 0x000000016dba4000,0x000000016dda7000] [id=18691]

Threads with active compile tasks:

VM state: not at safepoint (normal execution)

VM Mutex/Monitor currently owned by a thread: None

Heap address: 0x0000000700000000, size: 4096 MB, Compressed Oops mode: Zero based, Oop shift amount: 3

CDS archive(s) mapped at: [0x0000000800000000-0x0000000800bd8000-0x0000000800bd8000), size 12419072, SharedBaseAddress: 0x0000000800000000, ArchiveRelocationMode: 0.
Compressed class space mapped at: 0x0000000800c00000-0x0000000840c00000, reserved size: 1073741824
Narrow klass base: 0x0000000800000000, Narrow klass shift: 0, Narrow klass range: 0x100000000

GC Precious Log:
 CPUs: 8 total, 8 available
 Memory: 16384M
 Large Page Support: Disabled
 NUMA Support: Disabled
 Compressed Oops: Enabled (Zero based)
 Heap Region Size: 2M
 Heap Min Capacity: 8M
 Heap Initial Capacity: 256M
 Heap Max Capacity: 4G
 Pre-touch: Disabled
 Parallel Workers: 8
 Concurrent Workers: 2
 Concurrent Refinement Workers: 8
 Periodic GC: Disabled

Heap:
 garbage-first heap   total 266240K, used 18400K [0x0000000700000000, 0x0000000800000000)
  region size 2048K, 9 young (18432K), 0 survivors (0K)
 Metaspace       used 4943K, committed 5120K, reserved 1056768K
  class space    used 600K, committed 704K, reserved 1048576K

Heap Regions: E=young(eden), S=young(survivor), O=old, HS=humongous(starts), HC=humongous(continues), CS=collection set, F=free, OA=open archive, CA=closed archive, TAMS=top-at-mark-start (previous, next)
|   0|0x0000000700000000, 0x0000000700000000, 0x0000000700200000|  0%| F|  |TAMS 0x0000000700000000, 0x0000000700000000| Untracked 
|   1|0x0000000700200000, 0x0000000700200000, 0x0000000700400000|  0%| F|  |TAMS 0x0000000700200000, 0x0000000700200000| Untracked 
|   2|0x0000000700400000, 0x0000000700400000, 0x0000000700600000|  0%| F|  |TAMS 0x0000000700400000, 0x0000000700400000| Untracked 
|   3|0x0000000700600000, 0x0000000700600000, 0x0000000700800000|  0%| F|  |TAMS 0x0000000700600000, 0x0000000700600000| Untracked 
|   4|0x0000000700800000, 0x0000000700800000, 0x0000000700a00000|  0%| F|  |TAMS 0x0000000700800000, 0x0000000700800000| Untracked 
|   5|0x0000000700a00000, 0x0000000700a00000, 0x0000000700c00000|  0%| F|  |TAMS 0x0000000700a00000, 0x0000000700a00000| Untracked 
|   6|0x0000000700c00000, 0x0000000700c00000, 0x0000000700e00000|  0%| F|  |TAMS 0x0000000700c00000, 0x0000000700c00000| Untracked 
|   7|0x0000000700e00000, 0x0000000700e00000, 0x0000000701000000|  0%| F|  |TAMS 0x0000000700e00000, 0x0000000700e00000| Untracked 
|   8|0x0000000701000000, 0x0000000701000000, 0x0000000701200000|  0%| F|  |TAMS 0x0000000701000000, 0x0000000701000000| Untracked 
|   9|0x0000000701200000, 0x0000000701200000, 0x0000000701400000|  0%| F|  |TAMS 0x0000000701200000, 0x0000000701200000| Untracked 
|  10|0x0000000701400000, 0x0000000701400000, 0x0000000701600000|  0%| F|  |TAMS 0x0000000701400000, 0x0000000701400000| Untracked 
|  11|0x0000000701600000, 0x0000000701600000, 0x0000000701800000|  0%| F|  |TAMS 0x0000000701600000, 0x0000000701600000| Untracked 
|  12|0x0000000701800000, 0x0000000701800000, 0x0000000701a00000|  0%| F|  |TAMS 0x0000000701800000, 0x0000000701800000| Untracked 
|  13|0x0000000701a00000, 0x0000000701a00000, 0x0000000701c00000|  0%| F|  |TAMS 0x0000000701a00000, 0x0000000701a00000| Untracked 
|  14|0x0000000701c00000, 0x0000000701c00000, 0x0000000701e00000|  0%| F|  |TAMS 0x0000000701c00000, 0x0000000701c00000| Untracked 
|  15|0x0000000701e00000, 0x0000000701e00000, 0x0000000702000000|  0%| F|  |TAMS 0x0000000701e00000, 0x0000000701e00000| Untracked 
|  16|0x0000000702000000, 0x0000000702000000, 0x0000000702200000|  0%| F|  |TAMS 0x0000000702000000, 0x0000000702000000| Untracked 
|  17|0x0000000702200000, 0x0000000702200000, 0x0000000702400000|  0%| F|  |TAMS 0x0000000702200000, 0x0000000702200000| Untracked 
|  18|0x0000000702400000, 0x0000000702400000, 0x0000000702600000|  0%| F|  |TAMS 0x0000000702400000, 0x0000000702400000| Untracked 
|  19|0x0000000702600000, 0x0000000702600000, 0x0000000702800000|  0%| F|  |TAMS 0x0000000702600000, 0x0000000702600000| Untracked 
|  20|0x0000000702800000, 0x0000000702800000, 0x0000000702a00000|  0%| F|  |TAMS 0x0000000702800000, 0x0000000702800000| Untracked 
|  21|0x0000000702a00000, 0x0000000702a00000, 0x0000000702c00000|  0%| F|  |TAMS 0x0000000702a00000, 0x0000000702a00000| Untracked 
|  22|0x0000000702c00000, 0x0000000702c00000, 0x0000000702e00000|  0%| F|  |TAMS 0x0000000702c00000, 0x0000000702c00000| Untracked 
|  23|0x0000000702e00000, 0x0000000702e00000, 0x0000000703000000|  0%| F|  |TAMS 0x0000000702e00000, 0x0000000702e00000| Untracked 
|  24|0x0000000703000000, 0x0000000703000000, 0x0000000703200000|  0%| F|  |TAMS 0x0000000703000000, 0x0000000703000000| Untracked 
|  25|0x0000000703200000, 0x0000000703200000, 0x0000000703400000|  0%| F|  |TAMS 0x0000000703200000, 0x0000000703200000| Untracked 
|  26|0x0000000703400000, 0x0000000703400000, 0x0000000703600000|  0%| F|  |TAMS 0x0000000703400000, 0x0000000703400000| Untracked 
|  27|0x0000000703600000, 0x0000000703600000, 0x0000000703800000|  0%| F|  |TAMS 0x0000000703600000, 0x0000000703600000| Untracked 
|  28|0x0000000703800000, 0x0000000703800000, 0x0000000703a00000|  0%| F|  |TAMS 0x0000000703800000, 0x0000000703800000| Untracked 
|  29|0x0000000703a00000, 0x0000000703a00000, 0x0000000703c00000|  0%| F|  |TAMS 0x0000000703a00000, 0x0000000703a00000| Untracked 
|  30|0x0000000703c00000, 0x0000000703c00000, 0x0000000703e00000|  0%| F|  |TAMS 0x0000000703c00000, 0x0000000703c00000| Untracked 
|  31|0x0000000703e00000, 0x0000000703e00000, 0x0000000704000000|  0%| F|  |TAMS 0x0000000703e00000, 0x0000000703e00000| Untracked 
|  32|0x0000000704000000, 0x0000000704000000, 0x0000000704200000|  0%| F|  |TAMS 0x0000000704000000, 0x0000000704000000| Untracked 
|  33|0x0000000704200000, 0x0000000704200000, 0x0000000704400000|  0%| F|  |TAMS 0x0000000704200000, 0x0000000704200000| Untracked 
|  34|0x0000000704400000, 0x0000000704400000, 0x0000000704600000|  0%| F|  |TAMS 0x0000000704400000, 0x0000000704400000| Untracked 
|  35|0x0000000704600000, 0x0000000704600000, 0x0000000704800000|  0%| F|  |TAMS 0x0000000704600000, 0x0000000704600000| Untracked 
|  36|0x0000000704800000, 0x0000000704800000, 0x0000000704a00000|  0%| F|  |TAMS 0x0000000704800000, 0x0000000704800000| Untracked 
|  37|0x0000000704a00000, 0x0000000704a00000, 0x0000000704c00000|  0%| F|  |TAMS 0x0000000704a00000, 0x0000000704a00000| Untracked 
|  38|0x0000000704c00000, 0x0000000704c00000, 0x0000000704e00000|  0%| F|  |TAMS 0x0000000704c00000, 0x0000000704c00000| Untracked 
|  39|0x0000000704e00000, 0x0000000704e00000, 0x0000000705000000|  0%| F|  |TAMS 0x0000000704e00000, 0x0000000704e00000| Untracked 
|  40|0x0000000705000000, 0x0000000705000000, 0x0000000705200000|  0%| F|  |TAMS 0x0000000705000000, 0x0000000705000000| Untracked 
|  41|0x0000000705200000, 0x0000000705200000, 0x0000000705400000|  0%| F|  |TAMS 0x0000000705200000, 0x0000000705200000| Untracked 
|  42|0x0000000705400000, 0x0000000705400000, 0x0000000705600000|  0%| F|  |TAMS 0x0000000705400000, 0x0000000705400000| Untracked 
|  43|0x0000000705600000, 0x0000000705600000, 0x0000000705800000|  0%| F|  |TAMS 0x0000000705600000, 0x0000000705600000| Untracked 
|  44|0x0000000705800000, 0x0000000705800000, 0x0000000705a00000|  0%| F|  |TAMS 0x0000000705800000, 0x0000000705800000| Untracked 
|  45|0x0000000705a00000, 0x0000000705a00000, 0x0000000705c00000|  0%| F|  |TAMS 0x0000000705a00000, 0x0000000705a00000| Untracked 
|  46|0x0000000705c00000, 0x0000000705c00000, 0x0000000705e00000|  0%| F|  |TAMS 0x0000000705c00000, 0x0000000705c00000| Untracked 
|  47|0x0000000705e00000, 0x0000000705e00000, 0x0000000706000000|  0%| F|  |TAMS 0x0000000705e00000, 0x0000000705e00000| Untracked 
|  48|0x0000000706000000, 0x0000000706000000, 0x0000000706200000|  0%| F|  |TAMS 0x0000000706000000, 0x0000000706000000| Untracked 
|  49|0x0000000706200000, 0x0000000706200000, 0x0000000706400000|  0%| F|  |TAMS 0x0000000706200000, 0x0000000706200000| Untracked 
|  50|0x0000000706400000, 0x0000000706400000, 0x0000000706600000|  0%| F|  |TAMS 0x0000000706400000, 0x0000000706400000| Untracked 
|  51|0x0000000706600000, 0x0000000706600000, 0x0000000706800000|  0%| F|  |TAMS 0x0000000706600000, 0x0000000706600000| Untracked 
|  52|0x0000000706800000, 0x0000000706800000, 0x0000000706a00000|  0%| F|  |TAMS 0x0000000706800000, 0x0000000706800000| Untracked 
|  53|0x0000000706a00000, 0x0000000706a00000, 0x0000000706c00000|  0%| F|  |TAMS 0x0000000706a00000, 0x0000000706a00000| Untracked 
|  54|0x0000000706c00000, 0x0000000706c00000, 0x0000000706e00000|  0%| F|  |TAMS 0x0000000706c00000, 0x0000000706c00000| Untracked 
|  55|0x0000000706e00000, 0x0000000706e00000, 0x0000000707000000|  0%| F|  |TAMS 0x0000000706e00000, 0x0000000706e00000| Untracked 
|  56|0x0000000707000000, 0x0000000707000000, 0x0000000707200000|  0%| F|  |TAMS 0x0000000707000000, 0x0000000707000000| Untracked 
|  57|0x0000000707200000, 0x0000000707200000, 0x0000000707400000|  0%| F|  |TAMS 0x0000000707200000, 0x0000000707200000| Untracked 
|  58|0x0000000707400000, 0x0000000707400000, 0x0000000707600000|  0%| F|  |TAMS 0x0000000707400000, 0x0000000707400000| Untracked 
|  59|0x0000000707600000, 0x0000000707600000, 0x0000000707800000|  0%| F|  |TAMS 0x0000000707600000, 0x0000000707600000| Untracked 
|  60|0x0000000707800000, 0x0000000707800000, 0x0000000707a00000|  0%| F|  |TAMS 0x0000000707800000, 0x0000000707800000| Untracked 
|  61|0x0000000707a00000, 0x0000000707a00000, 0x0000000707c00000|  0%| F|  |TAMS 0x0000000707a00000, 0x0000000707a00000| Untracked 
|  62|0x0000000707c00000, 0x0000000707c00000, 0x0000000707e00000|  0%| F|  |TAMS 0x0000000707c00000, 0x0000000707c00000| Untracked 
|  63|0x0000000707e00000, 0x0000000707e00000, 0x0000000708000000|  0%| F|  |TAMS 0x0000000707e00000, 0x0000000707e00000| Untracked 
|  64|0x0000000708000000, 0x0000000708000000, 0x0000000708200000|  0%| F|  |TAMS 0x0000000708000000, 0x0000000708000000| Untracked 
|  65|0x0000000708200000, 0x0000000708200000, 0x0000000708400000|  0%| F|  |TAMS 0x0000000708200000, 0x0000000708200000| Untracked 
|  66|0x0000000708400000, 0x0000000708400000, 0x0000000708600000|  0%| F|  |TAMS 0x0000000708400000, 0x0000000708400000| Untracked 
|  67|0x0000000708600000, 0x0000000708600000, 0x0000000708800000|  0%| F|  |TAMS 0x0000000708600000, 0x0000000708600000| Untracked 
|  68|0x0000000708800000, 0x0000000708800000, 0x0000000708a00000|  0%| F|  |TAMS 0x0000000708800000, 0x0000000708800000| Untracked 
|  69|0x0000000708a00000, 0x0000000708a00000, 0x0000000708c00000|  0%| F|  |TAMS 0x0000000708a00000, 0x0000000708a00000| Untracked 
|  70|0x0000000708c00000, 0x0000000708c00000, 0x0000000708e00000|  0%| F|  |TAMS 0x0000000708c00000, 0x0000000708c00000| Untracked 
|  71|0x0000000708e00000, 0x0000000708e00000, 0x0000000709000000|  0%| F|  |TAMS 0x0000000708e00000, 0x0000000708e00000| Untracked 
|  72|0x0000000709000000, 0x0000000709000000, 0x0000000709200000|  0%| F|  |TAMS 0x0000000709000000, 0x0000000709000000| Untracked 
|  73|0x0000000709200000, 0x0000000709200000, 0x0000000709400000|  0%| F|  |TAMS 0x0000000709200000, 0x0000000709200000| Untracked 
|  74|0x0000000709400000, 0x0000000709400000, 0x0000000709600000|  0%| F|  |TAMS 0x0000000709400000, 0x0000000709400000| Untracked 
|  75|0x0000000709600000, 0x0000000709600000, 0x0000000709800000|  0%| F|  |TAMS 0x0000000709600000, 0x0000000709600000| Untracked 
|  76|0x0000000709800000, 0x0000000709800000, 0x0000000709a00000|  0%| F|  |TAMS 0x0000000709800000, 0x0000000709800000| Untracked 
|  77|0x0000000709a00000, 0x0000000709a00000, 0x0000000709c00000|  0%| F|  |TAMS 0x0000000709a00000, 0x0000000709a00000| Untracked 
|  78|0x0000000709c00000, 0x0000000709c00000, 0x0000000709e00000|  0%| F|  |TAMS 0x0000000709c00000, 0x0000000709c00000| Untracked 
|  79|0x0000000709e00000, 0x0000000709e00000, 0x000000070a000000|  0%| F|  |TAMS 0x0000000709e00000, 0x0000000709e00000| Untracked 
|  80|0x000000070a000000, 0x000000070a000000, 0x000000070a200000|  0%| F|  |TAMS 0x000000070a000000, 0x000000070a000000| Untracked 
|  81|0x000000070a200000, 0x000000070a200000, 0x000000070a400000|  0%| F|  |TAMS 0x000000070a200000, 0x000000070a200000| Untracked 
|  82|0x000000070a400000, 0x000000070a400000, 0x000000070a600000|  0%| F|  |TAMS 0x000000070a400000, 0x000000070a400000| Untracked 
|  83|0x000000070a600000, 0x000000070a600000, 0x000000070a800000|  0%| F|  |TAMS 0x000000070a600000, 0x000000070a600000| Untracked 
|  84|0x000000070a800000, 0x000000070a800000, 0x000000070aa00000|  0%| F|  |TAMS 0x000000070a800000, 0x000000070a800000| Untracked 
|  85|0x000000070aa00000, 0x000000070aa00000, 0x000000070ac00000|  0%| F|  |TAMS 0x000000070aa00000, 0x000000070aa00000| Untracked 
|  86|0x000000070ac00000, 0x000000070ac00000, 0x000000070ae00000|  0%| F|  |TAMS 0x000000070ac00000, 0x000000070ac00000| Untracked 
|  87|0x000000070ae00000, 0x000000070ae00000, 0x000000070b000000|  0%| F|  |TAMS 0x000000070ae00000, 0x000000070ae00000| Untracked 
|  88|0x000000070b000000, 0x000000070b000000, 0x000000070b200000|  0%| F|  |TAMS 0x000000070b000000, 0x000000070b000000| Untracked 
|  89|0x000000070b200000, 0x000000070b200000, 0x000000070b400000|  0%| F|  |TAMS 0x000000070b200000, 0x000000070b200000| Untracked 
|  90|0x000000070b400000, 0x000000070b400000, 0x000000070b600000|  0%| F|  |TAMS 0x000000070b400000, 0x000000070b400000| Untracked 
|  91|0x000000070b600000, 0x000000070b600000, 0x000000070b800000|  0%| F|  |TAMS 0x000000070b600000, 0x000000070b600000| Untracked 
|  92|0x000000070b800000, 0x000000070b800000, 0x000000070ba00000|  0%| F|  |TAMS 0x000000070b800000, 0x000000070b800000| Untracked 
|  93|0x000000070ba00000, 0x000000070ba00000, 0x000000070bc00000|  0%| F|  |TAMS 0x000000070ba00000, 0x000000070ba00000| Untracked 
|  94|0x000000070bc00000, 0x000000070bc00000, 0x000000070be00000|  0%| F|  |TAMS 0x000000070bc00000, 0x000000070bc00000| Untracked 
|  95|0x000000070be00000, 0x000000070be00000, 0x000000070c000000|  0%| F|  |TAMS 0x000000070be00000, 0x000000070be00000| Untracked 
|  96|0x000000070c000000, 0x000000070c000000, 0x000000070c200000|  0%| F|  |TAMS 0x000000070c000000, 0x000000070c000000| Untracked 
|  97|0x000000070c200000, 0x000000070c200000, 0x000000070c400000|  0%| F|  |TAMS 0x000000070c200000, 0x000000070c200000| Untracked 
|  98|0x000000070c400000, 0x000000070c400000, 0x000000070c600000|  0%| F|  |TAMS 0x000000070c400000, 0x000000070c400000| Untracked 
|  99|0x000000070c600000, 0x000000070c600000, 0x000000070c800000|  0%| F|  |TAMS 0x000000070c600000, 0x000000070c600000| Untracked 
| 100|0x000000070c800000, 0x000000070c800000, 0x000000070ca00000|  0%| F|  |TAMS 0x000000070c800000, 0x000000070c800000| Untracked 
| 101|0x000000070ca00000, 0x000000070ca00000, 0x000000070cc00000|  0%| F|  |TAMS 0x000000070ca00000, 0x000000070ca00000| Untracked 
| 102|0x000000070cc00000, 0x000000070cc00000, 0x000000070ce00000|  0%| F|  |TAMS 0x000000070cc00000, 0x000000070cc00000| Untracked 
| 103|0x000000070ce00000, 0x000000070ce00000, 0x000000070d000000|  0%| F|  |TAMS 0x000000070ce00000, 0x000000070ce00000| Untracked 
| 104|0x000000070d000000, 0x000000070d000000, 0x000000070d200000|  0%| F|  |TAMS 0x000000070d000000, 0x000000070d000000| Untracked 
| 105|0x000000070d200000, 0x000000070d200000, 0x000000070d400000|  0%| F|  |TAMS 0x000000070d200000, 0x000000070d200000| Untracked 
| 106|0x000000070d400000, 0x000000070d400000, 0x000000070d600000|  0%| F|  |TAMS 0x000000070d400000, 0x000000070d400000| Untracked 
| 107|0x000000070d600000, 0x000000070d600000, 0x000000070d800000|  0%| F|  |TAMS 0x000000070d600000, 0x000000070d600000| Untracked 
| 108|0x000000070d800000, 0x000000070d800000, 0x000000070da00000|  0%| F|  |TAMS 0x000000070d800000, 0x000000070d800000| Untracked 
| 109|0x000000070da00000, 0x000000070da00000, 0x000000070dc00000|  0%| F|  |TAMS 0x000000070da00000, 0x000000070da00000| Untracked 
| 110|0x000000070dc00000, 0x000000070dc00000, 0x000000070de00000|  0%| F|  |TAMS 0x000000070dc00000, 0x000000070dc00000| Untracked 
| 111|0x000000070de00000, 0x000000070de00000, 0x000000070e000000|  0%| F|  |TAMS 0x000000070de00000, 0x000000070de00000| Untracked 
| 112|0x000000070e000000, 0x000000070e000000, 0x000000070e200000|  0%| F|  |TAMS 0x000000070e000000, 0x000000070e000000| Untracked 
| 113|0x000000070e200000, 0x000000070e200000, 0x000000070e400000|  0%| F|  |TAMS 0x000000070e200000, 0x000000070e200000| Untracked 
| 114|0x000000070e400000, 0x000000070e400000, 0x000000070e600000|  0%| F|  |TAMS 0x000000070e400000, 0x000000070e400000| Untracked 
| 115|0x000000070e600000, 0x000000070e600000, 0x000000070e800000|  0%| F|  |TAMS 0x000000070e600000, 0x000000070e600000| Untracked 
| 116|0x000000070e800000, 0x000000070e800000, 0x000000070ea00000|  0%| F|  |TAMS 0x000000070e800000, 0x000000070e800000| Untracked 
| 117|0x000000070ea00000, 0x000000070ea00000, 0x000000070ec00000|  0%| F|  |TAMS 0x000000070ea00000, 0x000000070ea00000| Untracked 
| 118|0x000000070ec00000, 0x000000070ec00000, 0x000000070ee00000|  0%| F|  |TAMS 0x000000070ec00000, 0x000000070ec00000| Untracked 
| 119|0x000000070ee00000, 0x000000070eee3cc8, 0x000000070f000000| 44%| E|  |TAMS 0x000000070ee00000, 0x000000070ee00000| Complete 
| 120|0x000000070f000000, 0x000000070f200000, 0x000000070f200000|100%| E|CS|TAMS 0x000000070f000000, 0x000000070f000000| Complete 
| 121|0x000000070f200000, 0x000000070f400000, 0x000000070f400000|100%| E|CS|TAMS 0x000000070f200000, 0x000000070f200000| Complete 
| 122|0x000000070f400000, 0x000000070f600000, 0x000000070f600000|100%| E|CS|TAMS 0x000000070f400000, 0x000000070f400000| Complete 
| 123|0x000000070f600000, 0x000000070f800000, 0x000000070f800000|100%| E|CS|TAMS 0x000000070f600000, 0x000000070f600000| Complete 
| 124|0x000000070f800000, 0x000000070fa00000, 0x000000070fa00000|100%| E|CS|TAMS 0x000000070f800000, 0x000000070f800000| Complete 
| 125|0x000000070fa00000, 0x000000070fc00000, 0x000000070fc00000|100%| E|CS|TAMS 0x000000070fa00000, 0x000000070fa00000| Complete 
| 126|0x000000070fc00000, 0x000000070fe00000, 0x000000070fe00000|100%| E|CS|TAMS 0x000000070fc00000, 0x000000070fc00000| Complete 
| 127|0x000000070fe00000, 0x0000000710000000, 0x0000000710000000|100%| E|CS|TAMS 0x000000070fe00000, 0x000000070fe00000| Complete 
|2046|0x00000007ffc00000, 0x00000007ffd78000, 0x00000007ffe00000| 73%|OA|  |TAMS 0x00000007ffc00000, 0x00000007ffc00000| Untracked 
|2047|0x00000007ffe00000, 0x00000007ffe80000, 0x0000000800000000| 25%|CA|  |TAMS 0x00000007ffe00000, 0x00000007ffe00000| Untracked 

Card table byte_map: [0x000000011b53c000,0x000000011bd3c000] _byte_map_base: 0x0000000117d3c000

Marking Bits (Prev, Next): (CMBitMap*) 0x000000014b008210, (CMBitMap*) 0x000000014b008250
 Prev Bits: [0x000000011c53c000, 0x000000012053c000)
 Next Bits: [0x000000012053c000, 0x000000012453c000)

Polling page: 0x0000000102f5c000

Metaspace:

Usage:
  Non-class:      4.24 MB used.
      Class:    600.58 KB used.
       Both:      4.83 MB used.

Virtual space:
  Non-class space:        8.00 MB reserved,       4.31 MB ( 54%) committed,  1 nodes.
      Class space:        1.00 GB reserved,     704.00 KB ( <1%) committed,  1 nodes.
             Both:        1.01 GB reserved,       5.00 MB ( <1%) committed. 

Chunk freelists:
   Non-Class:  1.83 MB
       Class:  3.36 MB
        Both:  5.19 MB

MaxMetaspaceSize: unlimited
CompressedClassSpaceSize: 1.00 GB
Initial GC threshold: 21.00 MB
Current GC threshold: 21.00 MB
CDS: on
MetaspaceReclaimPolicy: balanced
 - commit_granule_bytes: 65536.
 - commit_granule_words: 8192.
 - virtual_space_node_default_size: 1048576.
 - enlarge_chunks_in_place: 1.
 - new_chunks_are_fully_committed: 0.
 - uncommit_free_chunks: 1.
 - use_allocation_guard: 0.
 - handle_deallocations: 1.


Internal statistics:

num_allocs_failed_limit: 0.
num_arena_births: 86.
num_arena_deaths: 0.
num_vsnodes_births: 2.
num_vsnodes_deaths: 0.
num_space_committed: 80.
num_space_uncommitted: 0.
num_chunks_returned_to_freelist: 0.
num_chunks_taken_from_freelist: 219.
num_chunk_merges: 0.
num_chunk_splits: 142.
num_chunks_enlarged: 102.
num_purges: 0.
num_inconsistent_stats: 0.

CodeHeap 'non-profiled nmethods': size=120032Kb used=244Kb max_used=244Kb free=119787Kb
 bounds [0x0000000114004000, 0x0000000114274000, 0x000000011b53c000]
CodeHeap 'profiled nmethods': size=120016Kb used=1361Kb max_used=1361Kb free=118654Kb
 bounds [0x000000010cad0000, 0x000000010cd40000, 0x0000000114004000]
CodeHeap 'non-nmethods': size=5712Kb used=1184Kb max_used=1210Kb free=4527Kb
 bounds [0x000000010c53c000, 0x000000010c7ac000, 0x000000010cad0000]
 total_blobs=1291 nmethods=776 adapters=432
 compilation: enabled
              stopped_count=0, restarted_count=0
 full_count=0

Compilation events (20 events):
Event: 0.338 Thread 0x000000012b80aa00 nmethod 787 0x000000010cc17090 code [0x000000010cc17240, 0x000000010cc17418]
Event: 0.338 Thread 0x000000012b80aa00  788   !   3       java.util.zip.ZipFile$CleanableResource::releaseInflater (53 bytes)
Event: 0.338 Thread 0x000000012b80aa00 nmethod 788 0x000000010cc17510 code [0x000000010cc17700, 0x000000010cc17bf8]
Event: 0.338 Thread 0x000000012b80aa00  789       3       sun.net.util.URLUtil::urlNoFragString (114 bytes)
Event: 0.339 Thread 0x000000012b80aa00 nmethod 789 0x000000010cc17e10 code [0x000000010cc18240, 0x000000010cc19498]
Event: 0.339 Thread 0x000000012b80aa00  791       3       sun.invoke.util.BytecodeDescriptor::unparse (24 bytes)
Event: 0.339 Thread 0x000000012b80aa00 nmethod 791 0x000000010cc19b10 code [0x000000010cc19d00, 0x000000010cc19f58]
Event: 0.339 Thread 0x000000012b80aa00  790       3       java.net.URL::getDefaultPort (8 bytes)
Event: 0.339 Thread 0x000000012b80aa00 nmethod 790 0x000000010cc1a090 code [0x000000010cc1a240, 0x000000010cc1a468]
Event: 0.339 Thread 0x000000012b80aa00  792       3       java.net.URLStreamHandler::toExternalForm (156 bytes)
Event: 0.339 Thread 0x000000012b80aa00 nmethod 792 0x000000010cc1a590 code [0x000000010cc1ab40, 0x000000010cc1c628]
Event: 0.339 Thread 0x000000012b80aa00  794       3       java.security.SecureClassLoader$CodeSourceKey::<init> (10 bytes)
Event: 0.339 Thread 0x000000012b80aa00 nmethod 794 0x000000010cc1ce90 code [0x000000010cc1d040, 0x000000010cc1d228]
Event: 0.339 Thread 0x000000012b80aa00  795       3       java.security.SecureClassLoader$1::<init> (15 bytes)
Event: 0.339 Thread 0x000000012b80aa00 nmethod 795 0x000000010cc1d310 code [0x000000010cc1d4c0, 0x000000010cc1d728]
Event: 0.339 Thread 0x000000012b80aa00  796       3       java.security.SecureClassLoader$CodeSourceKey::hashCode (21 bytes)
Event: 0.339 Thread 0x000000012b80aa00 nmethod 796 0x000000010cc1d810 code [0x000000010cc1d9c0, 0x000000010cc1dc18]
Event: 0.339 Thread 0x000000012b80aa00  799       3       jdk.internal.loader.BuiltinClassLoader::loadClass (22 bytes)
Event: 0.340 Thread 0x000000012b80aa00 nmethod 799 0x000000010cc1dd10 code [0x000000010cc1dec0, 0x000000010cc1e1c8]
Event: 0.340 Thread 0x000000012b80aa00  797       3       java.lang.ClassLoader::preDefineClass (118 bytes)

GC Heap History (0 events):
No events

Deoptimization events (20 events):
Event: 0.143 Thread 0x000000012b00f000 DEOPT PACKING pc=0x000000011401aa30 sp=0x000000016fb657b0
Event: 0.143 Thread 0x000000012b00f000 DEOPT UNPACKING pc=0x000000010c57ad1c sp=0x000000016fb65700 mode 2
Event: 0.153 Thread 0x000000012b00f000 Uncommon trap: trap_request=0xffffff45 fr.pc=0x0000000114037698 relative=0x00000000000000d8
Event: 0.153 Thread 0x000000012b00f000 Uncommon trap: reason=unstable_if action=reinterpret pc=0x0000000114037698 method=java.lang.invoke.VarHandle.accessModeType(I)Ljava/lang/invoke/MethodType; @ 13 c2
Event: 0.153 Thread 0x000000012b00f000 DEOPT PACKING pc=0x0000000114037698 sp=0x000000016fb658a0
Event: 0.153 Thread 0x000000012b00f000 DEOPT UNPACKING pc=0x000000010c57ad1c sp=0x000000016fb657d0 mode 2
Event: 0.153 Thread 0x000000012b00f000 Uncommon trap: trap_request=0xffffff45 fr.pc=0x00000001140368dc relative=0x000000000000009c
Event: 0.153 Thread 0x000000012b00f000 Uncommon trap: reason=unstable_if action=reinterpret pc=0x00000001140368dc method=java.lang.invoke.VarForm.getMemberNameOrNull(I)Ljava/lang/invoke/MemberName; @ 8 c2
Event: 0.153 Thread 0x000000012b00f000 DEOPT PACKING pc=0x00000001140368dc sp=0x000000016fb658c0
Event: 0.153 Thread 0x000000012b00f000 DEOPT UNPACKING pc=0x000000010c57ad1c sp=0x000000016fb657d0 mode 2
Event: 0.282 Thread 0x000000015c8f9600 Uncommon trap: trap_request=0xffffff45 fr.pc=0x0000000114038534 relative=0x0000000000000174
Event: 0.282 Thread 0x000000015c8f9600 Uncommon trap: reason=unstable_if action=reinterpret pc=0x0000000114038534 method=java.lang.invoke.VarHandle.checkExactAccessMode(Ljava/lang/invoke/VarHandle$AccessDescriptor;)V @ 4 c2
Event: 0.282 Thread 0x000000015c8f9600 DEOPT PACKING pc=0x0000000114038534 sp=0x000000016d0d78a0
Event: 0.282 Thread 0x000000015c8f9600 DEOPT UNPACKING pc=0x000000010c57ad1c sp=0x000000016d0d77e0 mode 2
Event: 0.317 Thread 0x000000015c8f9600 Uncommon trap: trap_request=0xffffff45 fr.pc=0x00000001140372bc relative=0x000000000000007c
Event: 0.317 Thread 0x000000015c8f9600 Uncommon trap: reason=unstable_if action=reinterpret pc=0x00000001140372bc method=jdk.internal.misc.Unsafe.convEndian(ZI)I @ 4 c2
Event: 0.317 Thread 0x000000015c8f9600 DEOPT PACKING pc=0x00000001140372bc sp=0x000000016d0d60f0
Event: 0.317 Thread 0x000000015c8f9600 DEOPT UNPACKING pc=0x000000010c57ad1c sp=0x000000016d0d6020 mode 2
Event: 0.339 Thread 0x000000015c8f9600 DEOPT PACKING pc=0x000000010cbcf2e8 sp=0x000000016d0d5df0
Event: 0.339 Thread 0x000000015c8f9600 DEOPT UNPACKING pc=0x000000010c57ab7c sp=0x000000016d0d5a80 mode 3

Classes unloaded (0 events):
No events

Classes redefined (0 events):
No events

Internal exceptions (12 events):
Event: 0.055 Thread 0x000000015b00a000 Exception <a 'java/lang/NoSuchMethodError'{0x000000070fd68d38}: 'void java.lang.invoke.DirectMethodHandle$Holder.invokeVirtual(java.lang.Object, java.lang.Object)'> (0x000000070fd68d38) 
thrown [open/src/hotspot/share/interpreter/linkResolver.cpp, line 759]
Event: 0.069 Thread 0x000000015b00a000 Implicit null exception at 0x000000011401387c to 0x000000011401398c
Event: 0.075 Thread 0x000000015c80f400 Exception <a 'java/lang/NoSuchMethodError'{0x000000070fa74020}: 'java.lang.Object java.lang.invoke.DirectMethodHandle$Holder.invokeStaticInit(java.lang.Object)'> (0x000000070fa74020) 
thrown [open/src/hotspot/share/interpreter/linkResolver.cpp, line 759]
Event: 0.076 Thread 0x000000015c80f400 Exception <a 'java/lang/ClassNotFoundException'{0x000000070fa7ef40}: jdk/net/ExtendedSocketOptions> (0x000000070fa7ef40) 
thrown [open/src/hotspot/share/classfile/systemDictionary.cpp, line 256]
Event: 0.079 Thread 0x000000015c80f400 Exception <a 'java/lang/NoSuchMethodError'{0x000000070fa80798}: 'void java.lang.invoke.DirectMethodHandle$Holder.invokeStatic(java.lang.Object, java.lang.Object)'> (0x000000070fa80798) 
thrown [open/src/hotspot/share/interpreter/linkResolver.cpp, line 759]
Event: 0.110 Thread 0x000000015b00a000 Exception <a 'java/lang/NoSuchMethodError'{0x000000070f9a4348}: 'void java.lang.invoke.DirectMethodHandle$Holder.invokeSpecial(java.lang.Object, java.lang.Object, java.lang.Object)'> (0x000000070f9a4348) 
thrown [open/src/hotspot/share/interpreter/linkResolver.cpp, line 759]
Event: 0.118 Thread 0x000000015b00a000 Exception <a 'java/lang/NoSuchMethodError'{0x000000070f9e0950}: 'void java.lang.invoke.DirectMethodHandle$Holder.invokeStatic(java.lang.Object, java.lang.Object, java.lang.Object)'> (0x000000070f9e0950) 
thrown [open/src/hotspot/share/interpreter/linkResolver.cpp, line 759]
Event: 0.182 Thread 0x000000015b00a000 Exception <a 'java/lang/NoSuchMethodError'{0x000000070f9fd468}: 'int java.lang.invoke.DirectMethodHandle$Holder.invokeStaticInit(java.lang.Object, java.lang.Object, java.lang.Object)'> (0x000000070f9fd468) 
thrown [open/src/hotspot/share/interpreter/linkResolver.cpp, line 759]
Event: 0.302 Thread 0x000000015c8f9600 Exception <a 'java/lang/NoSuchMethodError'{0x000000070f398710}: 'void java.lang.invoke.DirectMethodHandle$Holder.invokeStaticInit(java.lang.Object)'> (0x000000070f398710) 
thrown [open/src/hotspot/share/interpreter/linkResolver.cpp, line 759]
Event: 0.305 Thread 0x000000015b00a000 Exception <a 'java/lang/NoSuchMethodError'{0x000000070f4f05a8}: 'java.lang.Object java.lang.invoke.DirectMethodHandle$Holder.newInvokeSpecial(java.lang.Object, java.lang.Object, java.lang.Object, java.lang.Object, java.lang.Object, java.lang.Object)'> (0x000000070f4f05a8) 
thrown [open/src/hotspot/share/interpreter/linkResolver.cpp, line 759]
Event: 0.322 Thread 0x000000015b00a000 Exception <a 'java/lang/NoSuchMethodError'{0x000000070f526d88}: 'java.lang.Object java.lang.invoke.DirectMethodHandle$Holder.newInvokeSpecial(java.lang.Object, java.lang.Object, java.lang.Object, java.lang.Object, java.lang.Object)'> (0x000000070f526d88) 
thrown [open/src/hotspot/share/interpreter/linkResolver.cpp, line 759]
Event: 0.323 Thread 0x000000012c23f400 Exception <a 'java/lang/NoSuchMethodError'{0x000000070f0750e8}: 'void java.lang.invoke.DirectMethodHandle$Holder.invokeStatic(java.lang.Object, java.lang.Object, java.lang.Object, java.lang.Object)'> (0x000000070f0750e8) 
thrown [open/src/hotspot/share/interpreter/linkResolver.cpp, line 759]

VM Operations (8 events):
Event: 0.061 Executing VM operation: HandshakeAllThreads
Event: 0.061 Executing VM operation: HandshakeAllThreads done
Event: 0.061 Executing VM operation: HandshakeAllThreads
Event: 0.061 Executing VM operation: HandshakeAllThreads done
Event: 0.074 Executing VM operation: HandshakeAllThreads
Event: 0.074 Executing VM operation: HandshakeAllThreads done
Event: 0.119 Executing VM operation: ICBufferFull
Event: 0.120 Executing VM operation: ICBufferFull done

Events (20 events):
Event: 0.318 loading class java/lang/Class$EnclosingMethodInfo done
Event: 0.318 loading class java/lang/Class$AnnotationData
Event: 0.318 loading class java/lang/Class$AnnotationData done
Event: 0.322 loading class java/lang/StackTraceElement$HashedModules
Event: 0.322 loading class java/lang/StackTraceElement$HashedModules done
Event: 0.323 Thread 0x000000012c23f400 Thread added: 0x000000012c23f400
Event: 0.323 Protecting memory [0x000000028811c000,0x0000000288128000] with protection modes 0
Event: 0.333 loading class java/util/EventObject
Event: 0.333 loading class java/util/EventObject done
Event: 0.335 loading class javax/xml/stream/XMLStreamException
Event: 0.335 loading class javax/xml/stream/XMLStreamException done
Event: 0.336 loading class javax/xml/stream/XMLStreamReader
Event: 0.336 loading class javax/xml/stream/XMLStreamConstants
Event: 0.336 loading class javax/xml/stream/XMLStreamConstants done
Event: 0.336 loading class javax/xml/stream/XMLStreamReader done
Event: 0.336 Loaded shared library /Library/Java/JavaVirtualMachines/jdk-17.0.4.jdk/Contents/Home/lib/libjimage.dylib
Event: 0.337 loading class sun/net/www/protocol/jrt/Handler
Event: 0.337 loading class sun/net/www/protocol/jrt/Handler done
Event: 0.339 loading class java/lang/NoSuchFieldError
Event: 0.339 loading class java/lang/NoSuchFieldError done


Dynamic libraries:
0x0000000102f1c000 	/Library/Java/JavaVirtualMachines/jdk-17.0.4.jdk/Contents/Home/lib/libjli.dylib
0x00000001a4ca6000 	/usr/lib/libz.1.dylib
0x00000001a4d5d000 	/usr/lib/libSystem.B.dylib
0x00000001a4d57000 	/usr/lib/system/libcache.dylib
0x00000001a4d15000 	/usr/lib/system/libcommonCrypto.dylib
0x00000001a4d3e000 	/usr/lib/system/libcompiler_rt.dylib
0x00000001a4d35000 	/usr/lib/system/libcopyfile.dylib
0x0000000199f83000 	/usr/lib/system/libcorecrypto.dylib
0x000000019a038000 	/usr/lib/system/libdispatch.dylib
0x000000019a206000 	/usr/lib/system/libdyld.dylib
0x00000001a4d4d000 	/usr/lib/system/libkeymgr.dylib
0x00000001a4cf0000 	/usr/lib/system/libmacho.dylib
0x00000001a43e0000 	/usr/lib/system/libquarantine.dylib
0x00000001a4d4a000 	/usr/lib/system/libremovefile.dylib
0x000000019f37c000 	/usr/lib/system/libsystem_asl.dylib
0x0000000199f25000 	/usr/lib/system/libsystem_blocks.dylib
0x000000019a0c0000 	/usr/lib/system/libsystem_c.dylib
0x00000001a4d42000 	/usr/lib/system/libsystem_collections.dylib
0x00000001a3875000 	/usr/lib/system/libsystem_configuration.dylib
0x00000001a2ad1000 	/usr/lib/system/libsystem_containermanager.dylib
0x00000001a4a4d000 	/usr/lib/system/libsystem_coreservices.dylib
0x000000019c936000 	/usr/lib/system/libsystem_darwin.dylib
0x00000001a4d4e000 	/usr/lib/system/libsystem_dnssd.dylib
0x000000019a0bd000 	/usr/lib/system/libsystem_featureflags.dylib
0x000000019a21b000 	/usr/lib/system/libsystem_info.dylib
0x00000001a4cb8000 	/usr/lib/system/libsystem_m.dylib
0x000000019a00d000 	/usr/lib/system/libsystem_malloc.dylib
0x000000019f30a000 	/usr/lib/system/libsystem_networkextension.dylib
0x000000019cd8f000 	/usr/lib/system/libsystem_notify.dylib
0x00000001ab0b0000 	/usr/lib/system/libsystem_product_info_filter.dylib
0x00000001a387a000 	/usr/lib/system/libsystem_sandbox.dylib
0x00000001a4d47000 	/usr/lib/system/libsystem_secinit.dylib
0x000000019a1c1000 	/usr/lib/system/libsystem_kernel.dylib
0x000000019a213000 	/usr/lib/system/libsystem_platform.dylib
0x000000019a1f9000 	/usr/lib/system/libsystem_pthread.dylib
0x00000001a0adc000 	/usr/lib/system/libsystem_symptoms.dylib
0x0000000199f69000 	/usr/lib/system/libsystem_trace.dylib
0x00000001a4d22000 	/usr/lib/system/libunwind.dylib
0x0000000199f27000 	/usr/lib/system/libxpc.dylib
0x000000019a1a9000 	/usr/lib/libc++abi.dylib
0x000000019a07f000 	/usr/lib/libobjc.A.dylib
0x00000001a4d2d000 	/usr/lib/liboah.dylib
0x000000019a142000 	/usr/lib/libc++.1.dylib
0x00000001b0bd6000 	/System/Library/Frameworks/Cocoa.framework/Versions/A/Cocoa
0x000000019cdf0000 	/System/Library/Frameworks/AppKit.framework/Versions/C/AppKit
0x00000001a0303000 	/System/Library/Frameworks/CoreData.framework/Versions/A/CoreData
0x000000019b14b000 	/System/Library/Frameworks/Foundation.framework/Versions/C/Foundation
0x000000019dca8000 	/System/Library/PrivateFrameworks/UIFoundation.framework/Versions/A/UIFoundation
0x00000001aadaa000 	/System/Library/PrivateFrameworks/RemoteViewServices.framework/Versions/A/RemoteViewServices
0x00000001a321d000 	/System/Library/PrivateFrameworks/XCTTargetBootstrap.framework/Versions/A/XCTTargetBootstrap
0x00000001a6a9d000 	/System/Library/PrivateFrameworks/InternationalSupport.framework/Versions/A/InternationalSupport
0x00000001a6b26000 	/System/Library/PrivateFrameworks/UserActivity.framework/Versions/A/UserActivity
0x00000001a5f94000 	/usr/lib/libspindump.dylib
0x000000019df19000 	/System/Library/Frameworks/UniformTypeIdentifiers.framework/Versions/A/UniformTypeIdentifiers
0x00000001a1767000 	/usr/lib/libapp_launch_measurement.dylib
0x00000001a0c8e000 	/System/Library/PrivateFrameworks/CoreAnalytics.framework/Versions/A/CoreAnalytics
0x00000001a176a000 	/System/Library/PrivateFrameworks/CoreAutoLayout.framework/Versions/A/CoreAutoLayout
0x00000001a2b0e000 	/System/Library/Frameworks/Metal.framework/Versions/A/Metal
0x00000001a3885000 	/usr/lib/liblangid.dylib
0x00000001a3222000 	/System/Library/PrivateFrameworks/CoreSVG.framework/Versions/A/CoreSVG
0x000000019f3b0000 	/System/Library/PrivateFrameworks/SkyLight.framework/Versions/A/SkyLight
0x000000019f789000 	/System/Library/Frameworks/CoreGraphics.framework/Versions/A/CoreGraphics
0x00000001ab476000 	/System/Library/Frameworks/Accelerate.framework/Versions/A/Accelerate
0x00000001a5a0b000 	/System/Library/PrivateFrameworks/IconServices.framework/Versions/A/IconServices
0x00000001a2af0000 	/System/Library/Frameworks/IOSurface.framework/Versions/A/IOSurface
0x00000001a0cbf000 	/usr/lib/libDiagnosticMessagesClient.dylib
0x00000001ae977000 	/System/Library/Frameworks/ApplicationServices.framework/Versions/A/ApplicationServices
0x00000001a3205000 	/System/Library/PrivateFrameworks/DFRFoundation.framework/Versions/A/DFRFoundation
0x000000019c680000 	/usr/lib/libicucore.A.dylib
0x00000001a794a000 	/System/Library/Frameworks/AudioToolbox.framework/Versions/A/AudioToolbox
0x00000001a6aa9000 	/System/Library/PrivateFrameworks/DataDetectorsCore.framework/Versions/A/DataDetectorsCore
0x00000001bd4a3000 	/System/Library/PrivateFrameworks/TextInput.framework/Versions/A/TextInput
0x000000019f325000 	/usr/lib/libMobileGestalt.dylib
0x00000001a2ed1000 	/System/Library/Frameworks/Carbon.framework/Versions/A/Frameworks/HIToolbox.framework/Versions/A/HIToolbox
0x00000001a113f000 	/System/Library/Frameworks/QuartzCore.framework/Versions/A/QuartzCore
0x000000019c301000 	/System/Library/Frameworks/Security.framework/Versions/A/Security
0x00000001aadea000 	/System/Library/Frameworks/Carbon.framework/Versions/A/Frameworks/SpeechRecognition.framework/Versions/A/SpeechRecognition
0x00000001a14bd000 	/System/Library/PrivateFrameworks/CoreUI.framework/Versions/A/CoreUI
0x000000019bbdd000 	/System/Library/Frameworks/CoreAudio.framework/Versions/A/CoreAudio
0x00000001a0db3000 	/System/Library/Frameworks/DiskArbitration.framework/Versions/A/DiskArbitration
0x00000001a639e000 	/System/Library/PrivateFrameworks/MultitouchSupport.framework/Versions/A/MultitouchSupport
0x000000019f323000 	/usr/lib/libenergytrace.dylib
0x000000019ccb8000 	/System/Library/Frameworks/IOKit.framework/Versions/A/IOKit
0x00000001ab1d9000 	/System/Library/Frameworks/CoreServices.framework/Versions/A/CoreServices
0x00000001a16f7000 	/System/Library/PrivateFrameworks/PerformanceAnalysis.framework/Versions/A/PerformanceAnalysis
0x00000001fb8db000 	/System/Library/Frameworks/OpenGL.framework/Versions/A/OpenGL
0x00000001a42f8000 	/System/Library/PrivateFrameworks/MobileKeyBag.framework/Versions/A/MobileKeyBag
0x000000019fd97000 	/System/Library/Frameworks/ColorSync.framework/Versions/A/ColorSync
0x000000019a248000 	/System/Library/Frameworks/CoreFoundation.framework/Versions/A/CoreFoundation
0x00000001a34a1000 	/System/Library/Frameworks/CoreImage.framework/Versions/A/CoreImage
0x000000019ba01000 	/System/Library/Frameworks/CoreText.framework/Versions/A/CoreText
0x00000001a3252000 	/System/Library/Frameworks/ImageIO.framework/Versions/A/ImageIO
0x00000001a4d63000 	/System/Library/PrivateFrameworks/SoftLinking.framework/Versions/A/SoftLinking
0x00000001a17b5000 	/usr/lib/libxml2.2.dylib
0x00000001a4ffc000 	/usr/lib/libcompression.dylib
0x00000001a69f9000 	/System/Library/PrivateFrameworks/TextureIO.framework/Versions/A/TextureIO
0x00000001a5724000 	/usr/lib/libate.dylib
0x00000001a55e9000 	/usr/lib/liblzma.5.dylib
0x000000019ae3e000 	/System/Library/Frameworks/SystemConfiguration.framework/Versions/A/SystemConfiguration
0x00000001a4d5f000 	/usr/lib/libfakelink.dylib
0x000000019ee55000 	/System/Library/Frameworks/CFNetwork.framework/Versions/A/CFNetwork
0x00000001a4ea5000 	/usr/lib/libarchive.2.dylib
0x00000001a3881000 	/System/Library/PrivateFrameworks/AppleSystemInfo.framework/Versions/A/AppleSystemInfo
0x00000001a440b000 	/usr/lib/libbsm.0.dylib
0x000000019e3c2000 	/usr/lib/libnetwork.dylib
0x00000001a4cf9000 	/usr/lib/system/libkxld.dylib
0x00000001a4025000 	/System/Library/PrivateFrameworks/IOMobileFramebuffer.framework/Versions/A/IOMobileFramebuffer
0x00000002195a4000 	/usr/lib/libCoreEntitlements.dylib
0x00000001a4a2f000 	/System/Library/PrivateFrameworks/AppleFSCompression.framework/Versions/A/AppleFSCompression
0x00000001a43f3000 	/usr/lib/libcoretls.dylib
0x00000001a5602000 	/usr/lib/libcoretls_cfhelpers.dylib
0x00000001a4ff7000 	/usr/lib/libpam.2.dylib
0x00000001a06f3000 	/usr/lib/libsqlite3.dylib
0x00000001a566b000 	/usr/lib/libxar.1.dylib
0x00000001a4a40000 	/usr/lib/libbz2.1.0.dylib
0x00000001a4d64000 	/usr/lib/libpcap.A.dylib
0x00000001a0ad3000 	/usr/lib/libdns_services.dylib
0x00000001a4fca000 	/usr/lib/libapple_nghttp2.dylib
0x00000001a4da1000 	/usr/lib/libiconv.2.dylib
0x00000001a4cef000 	/usr/lib/libcharset.1.dylib
0x00000001a1733000 	/System/Library/Frameworks/CoreServices.framework/Versions/A/Frameworks/FSEvents.framework/Versions/A/FSEvents
0x000000019c941000 	/System/Library/Frameworks/CoreServices.framework/Versions/A/Frameworks/CarbonCore.framework/Versions/A/CarbonCore
0x00000001a0d13000 	/System/Library/Frameworks/CoreServices.framework/Versions/A/Frameworks/Metadata.framework/Versions/A/Metadata
0x00000001a4a53000 	/System/Library/Frameworks/CoreServices.framework/Versions/A/Frameworks/OSServices.framework/Versions/A/OSServices
0x00000001a4f2b000 	/System/Library/Frameworks/CoreServices.framework/Versions/A/Frameworks/SearchKit.framework/Versions/A/SearchKit
0x00000001a0a62000 	/System/Library/Frameworks/CoreServices.framework/Versions/A/Frameworks/AE.framework/Versions/A/AE
0x000000019a78f000 	/System/Library/Frameworks/CoreServices.framework/Versions/A/Frameworks/LaunchServices.framework/Versions/A/LaunchServices
0x00000001a5592000 	/System/Library/Frameworks/CoreServices.framework/Versions/A/Frameworks/DictionaryServices.framework/Versions/A/DictionaryServices
0x00000001a1740000 	/System/Library/Frameworks/CoreServices.framework/Versions/A/Frameworks/SharedFileList.framework/Versions/A/SharedFileList
0x00000001a43e3000 	/usr/lib/libCheckFix.dylib
0x000000019f394000 	/System/Library/PrivateFrameworks/TCC.framework/Versions/A/TCC
0x00000001a3887000 	/System/Library/PrivateFrameworks/CoreNLP.framework/Versions/A/CoreNLP
0x00000001a0cc2000 	/System/Library/PrivateFrameworks/MetadataUtilities.framework/Versions/A/MetadataUtilities
0x000000019aef8000 	/usr/lib/libmecabra.dylib
0x00000001a441c000 	/usr/lib/libmecab.dylib
0x000000019aec4000 	/usr/lib/libCRFSuite.dylib
0x00000001a4479000 	/usr/lib/libgermantok.dylib
0x00000001a4fa3000 	/usr/lib/libThaiTokenizer.dylib
0x00000001a0dbb000 	/System/Library/Frameworks/Accelerate.framework/Versions/A/Frameworks/vImage.framework/Versions/A/vImage
0x00000001ab1b0000 	/System/Library/Frameworks/Accelerate.framework/Versions/A/Frameworks/vecLib.framework/Versions/A/vecLib
0x00000001a56b0000 	/System/Library/Frameworks/Accelerate.framework/Versions/A/Frameworks/vecLib.framework/Versions/A/libvMisc.dylib
0x00000001a3f2c000 	/System/Library/Frameworks/Accelerate.framework/Versions/A/Frameworks/vecLib.framework/Versions/A/libvDSP.dylib
0x000000019ab19000 	/System/Library/Frameworks/Accelerate.framework/Versions/A/Frameworks/vecLib.framework/Versions/A/libBLAS.dylib
0x00000001a50cd000 	/System/Library/Frameworks/Accelerate.framework/Versions/A/Frameworks/vecLib.framework/Versions/A/libLAPACK.dylib
0x00000001a447c000 	/System/Library/Frameworks/Accelerate.framework/Versions/A/Frameworks/vecLib.framework/Versions/A/libLinearAlgebra.dylib
0x00000001a4fe2000 	/System/Library/Frameworks/Accelerate.framework/Versions/A/Frameworks/vecLib.framework/Versions/A/libSparseBLAS.dylib
0x00000001a50c8000 	/System/Library/Frameworks/Accelerate.framework/Versions/A/Frameworks/vecLib.framework/Versions/A/libQuadrature.dylib
0x00000001a3980000 	/System/Library/Frameworks/Accelerate.framework/Versions/A/Frameworks/vecLib.framework/Versions/A/libBNNS.dylib
0x000000019add7000 	/System/Library/Frameworks/Accelerate.framework/Versions/A/Frameworks/vecLib.framework/Versions/A/libSparse.dylib
0x00000001a3978000 	/System/Library/PrivateFrameworks/LinguisticData.framework/Versions/A/LinguisticData
0x000000019ad8f000 	/System/Library/PrivateFrameworks/Lexicon.framework/Versions/A/Lexicon
0x00000001a56a8000 	/usr/lib/libChineseTokenizer.dylib
0x000000019b53d000 	/System/Library/PrivateFrameworks/LanguageModeling.framework/Versions/A/LanguageModeling
0x00000001a4fa5000 	/System/Library/PrivateFrameworks/AppleSauce.framework/Versions/A/AppleSauce
0x00000001a4012000 	/System/Library/PrivateFrameworks/CoreEmoji.framework/Versions/A/CoreEmoji
0x00000001a4e93000 	/usr/lib/libcmph.dylib
0x00000001a1713000 	/System/Library/Frameworks/OpenDirectory.framework/Versions/A/Frameworks/CFOpenDirectory.framework/Versions/A/CFOpenDirectory
0x00000001a1703000 	/System/Library/Frameworks/OpenDirectory.framework/Versions/A/OpenDirectory
0x00000001a5604000 	/System/Library/PrivateFrameworks/APFS.framework/Versions/A/APFS
0x00000001a4333000 	/System/Library/Frameworks/SecurityFoundation.framework/Versions/A/SecurityFoundation
0x00000001a567a000 	/usr/lib/libutil.dylib
0x000000019cc7a000 	/System/Library/PrivateFrameworks/CoreServicesStore.framework/Versions/A/CoreServicesStore
0x00000001a567e000 	/usr/lib/libxslt.1.dylib
0x00000001a43c7000 	/System/Library/PrivateFrameworks/BackgroundTaskManagement.framework/Versions/A/BackgroundTaskManagement
0x00000001a691a000 	/System/Library/Frameworks/ImageIO.framework/Versions/A/Resources/libRadiance.dylib
0x00000001a6923000 	/System/Library/Frameworks/ImageIO.framework/Versions/A/Resources/libJPEG.dylib
0x00000001a6876000 	/System/Library/Frameworks/ImageIO.framework/Versions/A/Resources/libPng.dylib
0x00000001a6898000 	/System/Library/Frameworks/ImageIO.framework/Versions/A/Resources/libTIFF.dylib
0x00000001a697e000 	/System/Library/Frameworks/ImageIO.framework/Versions/A/Resources/libGIF.dylib
0x00000001a62ae000 	/System/Library/Frameworks/ImageIO.framework/Versions/A/Resources/libJP2.dylib
0x00000001a59d0000 	/usr/lib/libexpat.1.dylib
0x00000001a6269000 	/System/Library/PrivateFrameworks/AppleJPEG.framework/Versions/A/AppleJPEG
0x00000001a2d8d000 	/System/Library/PrivateFrameworks/FontServices.framework/libFontParser.dylib
0x00000001a0a07000 	/System/Library/PrivateFrameworks/RunningBoardServices.framework/Versions/A/RunningBoardServices
0x00000001b12ac000 	/System/Library/PrivateFrameworks/IOSurfaceAccelerator.framework/Versions/A/IOSurfaceAccelerator
0x00000001a639a000 	/System/Library/PrivateFrameworks/WatchdogClient.framework/Versions/A/WatchdogClient
0x000000019b63d000 	/System/Library/Frameworks/CoreDisplay.framework/Versions/A/CoreDisplay
0x00000001a2c77000 	/System/Library/Frameworks/CoreMedia.framework/Versions/A/CoreMedia
0x00000001a2b04000 	/System/Library/PrivateFrameworks/IOAccelerator.framework/Versions/A/IOAccelerator
0x00000001a18a3000 	/System/Library/Frameworks/CoreVideo.framework/Versions/A/CoreVideo
0x00000001a4ff5000 	/System/Library/Frameworks/MetalPerformanceShaders.framework/Versions/A/MetalPerformanceShaders
0x00000001a63d9000 	/System/Library/Frameworks/VideoToolbox.framework/Versions/A/VideoToolbox
0x00000001a094b000 	/System/Library/PrivateFrameworks/BaseBoard.framework/Versions/A/BaseBoard
0x00000001a06d9000 	/System/Library/PrivateFrameworks/ProtocolBuffer.framework/Versions/A/ProtocolBuffer
0x00000001a6915000 	/System/Library/PrivateFrameworks/GPUWrangler.framework/Versions/A/GPUWrangler
0x00000001a68f5000 	/System/Library/PrivateFrameworks/IOPresentment.framework/Versions/A/IOPresentment
0x00000001a691d000 	/System/Library/PrivateFrameworks/DSExternalDisplay.framework/Versions/A/DSExternalDisplay
0x00000001fb8ce000 	/System/Library/Frameworks/OpenGL.framework/Versions/A/Libraries/libCoreFSCache.dylib
0x0000000206094000 	/System/Library/PrivateFrameworks/GPUCompiler.framework/Versions/31001/Libraries/libGPUCompilerUtils.dylib
0x00000001a6983000 	/System/Library/PrivateFrameworks/CMCaptureCore.framework/Versions/A/CMCaptureCore
0x00000001a5f81000 	/System/Library/PrivateFrameworks/AppServerSupport.framework/Versions/A/AppServerSupport
0x00000001a8207000 	/System/Library/PrivateFrameworks/perfdata.framework/Versions/A/perfdata
0x000000019b75d000 	/System/Library/PrivateFrameworks/AudioToolboxCore.framework/Versions/A/AudioToolboxCore
0x00000001a2c50000 	/System/Library/PrivateFrameworks/caulk.framework/Versions/A/caulk
0x00000001a7afc000 	/usr/lib/libAudioStatistics.dylib
0x00000001b9afb000 	/System/Library/PrivateFrameworks/SystemPolicy.framework/Versions/A/SystemPolicy
0x00000001a7d68000 	/usr/lib/libSMC.dylib
0x00000001b0ab4000 	/System/Library/Frameworks/CoreMIDI.framework/Versions/A/CoreMIDI
0x00000001a6844000 	/usr/lib/libAudioToolboxUtility.dylib
0x00000001b5c6b000 	/System/Library/PrivateFrameworks/OSAServicesClient.framework/Versions/A/OSAServicesClient
0x00000001a8214000 	/usr/lib/libperfcheck.dylib
0x00000001ba617000 	/usr/lib/libmis.dylib
0x00000001fb930000 	/System/Library/Frameworks/OpenGL.framework/Versions/A/Libraries/libGLU.dylib
0x00000001fb8ef000 	/System/Library/Frameworks/OpenGL.framework/Versions/A/Libraries/libGFXShared.dylib
0x00000001fbadc000 	/System/Library/Frameworks/OpenGL.framework/Versions/A/Libraries/libGL.dylib
0x00000001fb8f8000 	/System/Library/Frameworks/OpenGL.framework/Versions/A/Libraries/libGLImage.dylib
0x00000001fb8ec000 	/System/Library/Frameworks/OpenGL.framework/Versions/A/Libraries/libCVMSPluginSupport.dylib
0x00000001fb8d5000 	/System/Library/Frameworks/OpenGL.framework/Versions/A/Libraries/libCoreVMClient.dylib
0x00000001a3801000 	/System/Library/Frameworks/MetalPerformanceShaders.framework/Versions/A/Frameworks/MPSCore.framework/Versions/A/MPSCore
0x00000001a49a2000 	/System/Library/Frameworks/MetalPerformanceShaders.framework/Versions/A/Frameworks/MPSImage.framework/Versions/A/MPSImage
0x00000001a4491000 	/System/Library/Frameworks/MetalPerformanceShaders.framework/Versions/A/Frameworks/MPSNeuralNetwork.framework/Versions/A/MPSNeuralNetwork
0x00000001a48ca000 	/System/Library/Frameworks/MetalPerformanceShaders.framework/Versions/A/Frameworks/MPSMatrix.framework/Versions/A/MPSMatrix
0x00000001a46a3000 	/System/Library/Frameworks/MetalPerformanceShaders.framework/Versions/A/Frameworks/MPSRayIntersector.framework/Versions/A/MPSRayIntersector
0x00000001a48fb000 	/System/Library/Frameworks/MetalPerformanceShaders.framework/Versions/A/Frameworks/MPSNDArray.framework/Versions/A/MPSNDArray
0x00000001fdcf7000 	/System/Library/Frameworks/MetalPerformanceShaders.framework/Versions/A/Frameworks/MPSFunctions.framework/Versions/A/MPSFunctions
0x000000019a9f0000 	/System/Library/PrivateFrameworks/MetalTools.framework/Versions/A/MetalTools
0x00000001a387f000 	/System/Library/PrivateFrameworks/AggregateDictionary.framework/Versions/A/AggregateDictionary
0x00000001a57b5000 	/usr/lib/libIOReport.dylib
0x00000001afad1000 	/System/Library/PrivateFrameworks/ASEProcessing.framework/Versions/A/ASEProcessing
0x00000001a5b2a000 	/System/Library/PrivateFrameworks/FaceCore.framework/Versions/A/FaceCore
0x00000001a5b1c000 	/System/Library/PrivateFrameworks/GraphVisualizer.framework/Versions/A/GraphVisualizer
0x0000000205fab000 	/System/Library/PrivateFrameworks/FontServices.framework/Versions/A/FontServices
0x00000001a5f3d000 	/System/Library/PrivateFrameworks/OTSVG.framework/Versions/A/OTSVG
0x00000001a146d000 	/System/Library/Frameworks/ApplicationServices.framework/Versions/A/Frameworks/ATS.framework/Versions/A/Resources/libFontRegistry.dylib
0x00000001a5f8a000 	/System/Library/PrivateFrameworks/FontServices.framework/libhvf.dylib
0x0000000205fac000 	/System/Library/PrivateFrameworks/FontServices.framework/libXTFontStaticRegistryData.dylib
0x00000001fbc7d000 	/System/Library/Frameworks/OpenCL.framework/Versions/A/OpenCL
0x00000001a5984000 	/System/Library/PrivateFrameworks/AppleVA.framework/Versions/A/AppleVA
0x00000001a7b24000 	/System/Library/Frameworks/ApplicationServices.framework/Versions/A/Frameworks/ATS.framework/Versions/A/ATS
0x000000019fe96000 	/System/Library/Frameworks/ApplicationServices.framework/Versions/A/Frameworks/HIServices.framework/Versions/A/HIServices
0x00000001a698d000 	/System/Library/Frameworks/ApplicationServices.framework/Versions/A/Frameworks/PrintCore.framework/Versions/A/PrintCore
0x00000001a7ebb000 	/System/Library/Frameworks/ApplicationServices.framework/Versions/A/Frameworks/QD.framework/Versions/A/QD
0x00000001a7eb3000 	/System/Library/Frameworks/ApplicationServices.framework/Versions/A/Frameworks/ColorSyncLegacy.framework/Versions/A/ColorSyncLegacy
0x00000001a7b10000 	/System/Library/Frameworks/ApplicationServices.framework/Versions/A/Frameworks/SpeechSynthesis.framework/Versions/A/SpeechSynthesis
0x00000001a694e000 	/System/Library/Frameworks/ApplicationServices.framework/Versions/A/Frameworks/ATSUI.framework/Versions/A/ATSUI
0x00000001a7e48000 	/usr/lib/libcups.2.dylib
0x00000001a8222000 	/System/Library/Frameworks/Kerberos.framework/Versions/A/Kerberos
0x00000001a8233000 	/System/Library/Frameworks/GSS.framework/Versions/A/GSS
0x00000001a7b94000 	/usr/lib/libresolv.9.dylib
0x00000001a5f99000 	/System/Library/PrivateFrameworks/Heimdal.framework/Versions/A/Heimdal
0x00000001aed07000 	/System/Library/Frameworks/Kerberos.framework/Versions/A/Libraries/libHeimdalProxy.dylib
0x00000001a0ae5000 	/System/Library/Frameworks/Network.framework/Versions/A/Network
0x00000001a59eb000 	/usr/lib/libheimdal-asn1.dylib
0x00000001a8283000 	/System/Library/PrivateFrameworks/CommonAuth.framework/Versions/A/CommonAuth
0x00000001a7a8a000 	/System/Library/PrivateFrameworks/AudioSession.framework/Versions/A/AudioSession
0x00000001a5a7d000 	/System/Library/PrivateFrameworks/MediaExperience.framework/Versions/A/MediaExperience
0x00000001a7910000 	/System/Library/PrivateFrameworks/AudioSession.framework/libSessionUtility.dylib
0x00000001a7ec7000 	/System/Library/PrivateFrameworks/AudioResourceArbitration.framework/Versions/A/AudioResourceArbitration
0x00000001ac08d000 	/System/Library/PrivateFrameworks/PowerLog.framework/Versions/A/PowerLog
0x00000001a59f5000 	/System/Library/PrivateFrameworks/IconFoundation.framework/Versions/A/IconFoundation
0x00000001aadd6000 	/System/Library/PrivateFrameworks/SpeechRecognitionCore.framework/Versions/A/SpeechRecognitionCore
0x0000000103e50000 	/Library/Java/JavaVirtualMachines/jdk-17.0.4.jdk/Contents/Home/lib/server/libjvm.dylib
0x0000000102f70000 	/Library/Java/JavaVirtualMachines/jdk-17.0.4.jdk/Contents/Home/lib/libjimage.dylib
0x0000000102f9c000 	/Library/Java/JavaVirtualMachines/jdk-17.0.4.jdk/Contents/Home/lib/libinstrument.dylib
0x0000000102fe8000 	/Library/Java/JavaVirtualMachines/jdk-17.0.4.jdk/Contents/Home/lib/libjava.dylib
0x0000000103a9c000 	/Library/Java/JavaVirtualMachines/jdk-17.0.4.jdk/Contents/Home/lib/libnio.dylib
0x0000000103abc000 	/Library/Java/JavaVirtualMachines/jdk-17.0.4.jdk/Contents/Home/lib/libnet.dylib
0x0000000102fd0000 	/Library/Java/JavaVirtualMachines/jdk-17.0.4.jdk/Contents/Home/lib/libzip.dylib
0x0000000103ae0000 	/Users/josh/.openjfx/cache/17.0.1/libprism_es2.dylib
0x000000019cc3d000 	/System/Library/PrivateFrameworks/CoreServicesInternal.framework/Versions/A/CoreServicesInternal
0x00000001fbae6000 	/System/Library/Frameworks/OpenGL.framework/Versions/A/Resources/GLEngine.bundle/GLEngine
0x00000001fb96e000 	/System/Library/Frameworks/OpenGL.framework/Versions/A/Libraries/libGLProgrammability.dylib
0x0000000103cec000 	/System/Library/Extensions/AppleMetalOpenGLRenderer.bundle/Contents/MacOS/AppleMetalOpenGLRenderer
0x00000001fbc55000 	/System/Library/Frameworks/OpenGL.framework/Versions/A/Resources/GLRendererFloat.bundle/GLRendererFloat
0x00000001fbd55000 	/System/Library/Extensions/AGXMetal13_3.bundle/Contents/MacOS/AGXMetal13_3
0x00000001ba633000 	/System/Library/PrivateFrameworks/GPURawCounter.framework/Versions/A/GPURawCounter
0x00000001b4dd4000 	/System/Library/PrivateFrameworks/IOGPU.framework/Versions/A/IOGPU
0x0000000103d88000 	/Users/josh/.openjfx/cache/17.0.1/libglass.dylib
0x00000001ac2e5000 	/System/Library/Frameworks/FileProvider.framework/Versions/A/FileProvider
0x00000001a08b3000 	/System/Library/Frameworks/Accounts.framework/Versions/A/Accounts
0x00000001ac469000 	/System/Library/PrivateFrameworks/GenerationalStorage.framework/Versions/A/GenerationalStorage
0x00000001ad02c000 	/System/Library/PrivateFrameworks/CoreSymbolication.framework/Versions/A/CoreSymbolication
0x00000001ac081000 	/System/Library/PrivateFrameworks/SymptomDiagnosticReporter.framework/Versions/A/SymptomDiagnosticReporter
0x000000019df2d000 	/System/Library/PrivateFrameworks/DesktopServicesPriv.framework/Versions/A/DesktopServicesPriv
0x000000019cd9f000 	/usr/lib/libsandbox.1.dylib
0x00000001a1931000 	/System/Library/PrivateFrameworks/UserManagement.framework/Versions/A/UserManagement
0x00000001acfe9000 	/System/Library/PrivateFrameworks/DebugSymbols.framework/Versions/A/DebugSymbols
0x00000001a7ea6000 	/System/Library/PrivateFrameworks/NetAuth.framework/Versions/A/NetAuth
0x00000001a8dc7000 	/System/Library/PrivateFrameworks/Sharing.framework/Versions/A/Sharing
0x00000001a1901000 	/System/Library/PrivateFrameworks/login.framework/Versions/A/Frameworks/loginsupport.framework/Versions/A/loginsupport
0x00000001ae21e000 	/System/Library/PrivateFrameworks/Apple80211.framework/Versions/A/Apple80211
0x00000001a4a86000 	/System/Library/PrivateFrameworks/AuthKit.framework/Versions/A/AuthKit
0x00000001a410e000 	/System/Library/PrivateFrameworks/CoreUtils.framework/Versions/A/CoreUtils
0x00000001a4031000 	/System/Library/Frameworks/CoreWLAN.framework/Versions/A/CoreWLAN
0x00000001a8f37000 	/System/Library/Frameworks/IOBluetooth.framework/Versions/A/IOBluetooth
0x00000001ae27e000 	/System/Library/PrivateFrameworks/CoreWiFi.framework/Versions/A/CoreWiFi
0x00000001acbc9000 	/System/Library/PrivateFrameworks/FrontBoardServices.framework/Versions/A/FrontBoardServices
0x00000001acc61000 	/System/Library/PrivateFrameworks/BoardServices.framework/Versions/A/BoardServices
0x00000001a4321000 	/System/Library/PrivateFrameworks/AssertionServices.framework/Versions/A/AssertionServices
0x00000001ae3fb000 	/System/Library/PrivateFrameworks/BackBoardServices.framework/Versions/A/BackBoardServices
0x00000001a831a000 	/System/Library/PrivateFrameworks/CorePhoneNumbers.framework/Versions/A/CorePhoneNumbers
0x00000001a7bc1000 	/System/Library/PrivateFrameworks/MultiverseSupport.framework/Versions/A/MultiverseSupport
0x00000001ae67c000 	/System/Library/PrivateFrameworks/RemoteServiceDiscovery.framework/Versions/A/RemoteServiceDiscovery
0x00000001ac1b1000 	/System/Library/PrivateFrameworks/DiskManagement.framework/Versions/A/DiskManagement
0x00000001ac0b4000 	/System/Library/PrivateFrameworks/AppleIDAuthSupport.framework/Versions/A/AppleIDAuthSupport
0x0000000200533000 	/System/Library/PrivateFrameworks/AAAFoundation.framework/Versions/A/AAAFoundation
0x00000001a82f9000 	/System/Library/PrivateFrameworks/KeychainCircle.framework/Versions/A/KeychainCircle
0x00000001ae68c000 	/System/Library/PrivateFrameworks/RemoteXPC.framework/Versions/A/RemoteXPC
0x00000001ac17d000 	/System/Library/PrivateFrameworks/MediaKit.framework/Versions/A/MediaKit
0x00000001ac0c1000 	/System/Library/Frameworks/DiscRecording.framework/Versions/A/DiscRecording
0x00000001a5900000 	/usr/lib/libCoreStorage.dylib
0x00000001ae6f8000 	/usr/lib/libcsfde.dylib
0x00000001a900c000 	/System/Library/PrivateFrameworks/ProtectedCloudStorage.framework/Versions/A/ProtectedCloudStorage
0x00000001ae6f0000 	/System/Library/PrivateFrameworks/EFILogin.framework/Versions/A/EFILogin
0x00000001ac490000 	/System/Library/PrivateFrameworks/OctagonTrust.framework/Versions/A/OctagonTrust
0x0000000205132000 	/System/Library/PrivateFrameworks/CoreUtilsExtras.framework/Versions/A/CoreUtilsExtras
0x00000001abfe6000 	/System/Library/Frameworks/CoreBluetooth.framework/Versions/A/CoreBluetooth
0x00000001aed8c000 	/System/Library/Frameworks/AudioUnit.framework/Versions/A/AudioUnit
0x00000001a58f8000 	/usr/lib/libMatch.1.dylib
0x00000001beb19000 	/System/Library/Frameworks/Accelerate.framework/Versions/A/Frameworks/vImage.framework/Versions/A/Libraries/libCGInterfaces.dylib
0x000000012a6a0000 	/usr/lib/libobjc-trampolines.dylib
0x00000001a15fb000 	/System/Library/PrivateFrameworks/ViewBridge.framework/Versions/A/ViewBridge
0x00000001a605c000 	/System/Library/PrivateFrameworks/login.framework/Versions/A/login
0x00000001a57be000 	/System/Library/PrivateFrameworks/CrashReporterSupport.framework/Versions/A/CrashReporterSupport
0x00000001c65bc000 	/System/Library/PrivateFrameworks/OSAnalytics.framework/Versions/A/OSAnalytics
0x00000001d1908000 	/System/Library/PrivateFrameworks/Symbolication.framework/Versions/A/Symbolication
0x00000001ba5f4000 	/System/Library/PrivateFrameworks/MallocStackLogging.framework/Versions/A/MallocStackLogging


VM Arguments:
jvm_args: -javaagent:/Applications/IntelliJ IDEA.app/Contents/lib/idea_rt.jar=51754:/Applications/IntelliJ IDEA.app/Contents/bin -Dfile.encoding=UTF-8 --module-path=/Users/josh/.m2/repository/org/openjfx/javafx-controls/17.0.1/javafx-controls-17.0.1-mac-aarch64.jar:/Users/josh/.m2/repository/org/openjfx/javafx-graphics/17.0.1/javafx-graphics-17.0.1-mac-aarch64.jar:/Users/josh/.m2/repository/org/openjfx/javafx-base/17.0.1/javafx-base-17.0.1-mac-aarch64.jar:/Users/josh/.m2/repository/org/openjfx/javafx-fxml/17.0.1/javafx-fxml-17.0.1-mac-aarch64.jar:/Users/josh/Documents/CS482/InventoryPA/target/classes -Djdk.module.main=c482.inventorypa 
java_command: c482.inventorypa/c482.inventorypa.Main
java_class_path (initial): /Users/josh/.m2/repository/org/openjfx/javafx-controls/17.0.1/javafx-controls-17.0.1.jar:/Users/josh/.m2/repository/org/openjfx/javafx-graphics/17.0.1/javafx-graphics-17.0.1.jar:/Users/josh/.m2/repository/org/openjfx/javafx-base/17.0.1/javafx-base-17.0.1.jar:/Users/josh/.m2/repository/org/openjfx/javafx-fxml/17.0.1/javafx-fxml-17.0.1.jar
Launcher Type: SUN_STANDARD

[Global flags]
     intx CICompilerCount                          = 4                                         {product} {ergonomic}
     uint ConcGCThreads                            = 2                                         {product} {ergonomic}
     uint G1ConcRefinementThreads                  = 8                                         {product} {ergonomic}
   size_t G1HeapRegionSize                         = 2097152                                   {product} {ergonomic}
    uintx GCDrainStackTargetSize                   = 64                                        {product} {ergonomic}
   size_t InitialHeapSize                          = 268435456                                 {product} {ergonomic}
   size_t MarkStackSize                            = 4194304                                   {product} {ergonomic}
   size_t MaxHeapSize                              = 4294967296                                {product} {ergonomic}
   size_t MaxNewSize                               = 2575302656                                {product} {ergonomic}
   size_t MinHeapDeltaBytes                        = 2097152                                   {product} {ergonomic}
   size_t MinHeapSize                              = 8388608                                   {product} {ergonomic}
    uintx NonNMethodCodeHeapSize                   = 5839564                                {pd product} {ergonomic}
    uintx NonProfiledCodeHeapSize                  = 122909338                              {pd product} {ergonomic}
    uintx ProfiledCodeHeapSize                     = 122909338                              {pd product} {ergonomic}
    uintx ReservedCodeCacheSize                    = 251658240                              {pd product} {ergonomic}
     bool SegmentedCodeCache                       = true                                      {product} {ergonomic}
   size_t SoftMaxHeapSize                          = 4294967296                             {manageable} {ergonomic}
     bool UseCompressedClassPointers               = true                           {product lp64_product} {ergonomic}
     bool UseCompressedOops                        = true                           {product lp64_product} {ergonomic}
     bool UseG1GC                                  = true                                      {product} {ergonomic}
     bool UseNUMA                                  = false                                     {product} {ergonomic}
     bool UseNUMAInterleaving                      = false                                     {product} {ergonomic}

Logging:
Log output configuration:
 #0: stdout all=warning uptime,level,tags
 #1: stderr all=off uptime,level,tags

Environment Variables:
PATH=/opt/homebrew/bin:/opt/homebrew/sbin:/usr/local/bin:/usr/bin:/bin:/usr/sbin:/sbin:/usr/local/share/dotnet:~/.dotnet/tools:/Library/Apple/usr/bin:/Library/Frameworks/Mono.framework/Versions/Current/Commands
SHELL=/bin/zsh
LC_CTYPE=en_US.UTF-8

Signal Handlers:
   SIGSEGV: crash_handler in libjvm.dylib, mask=11100110000111110111111111111111, flags=SA_RESTART|SA_SIGINFO
    SIGBUS: crash_handler in libjvm.dylib, mask=11100110000111110111111111111111, flags=SA_RESTART|SA_SIGINFO
    SIGFPE: crash_handler in libjvm.dylib, mask=11100110000111110111111111111111, flags=SA_RESTART|SA_SIGINFO
   SIGPIPE: javaSignalHandler in libjvm.dylib, mask=11100110000111110111111111111111, flags=SA_RESTART|SA_SIGINFO
   SIGXFSZ: javaSignalHandler in libjvm.dylib, mask=11100110000111110111111111111111, flags=SA_RESTART|SA_SIGINFO
    SIGILL: crash_handler in libjvm.dylib, mask=11100110000111110111111111111111, flags=SA_RESTART|SA_SIGINFO
   SIGUSR2: SR_handler in libjvm.dylib, mask=00100000000000000000000000000000, flags=SA_RESTART|SA_SIGINFO
    SIGHUP: UserHandler in libjvm.dylib, mask=11100110000111110111111111111111, flags=SA_RESTART|SA_SIGINFO
    SIGINT: UserHandler in libjvm.dylib, mask=11100110000111110111111111111111, flags=SA_RESTART|SA_SIGINFO
   SIGTERM: UserHandler in libjvm.dylib, mask=11100110000111110111111111111111, flags=SA_RESTART|SA_SIGINFO
   SIGQUIT: UserHandler in libjvm.dylib, mask=11100110000111110111111111111111, flags=SA_RESTART|SA_SIGINFO
   SIGTRAP: crash_handler in libjvm.dylib, mask=11100110000111110111111111111111, flags=SA_RESTART|SA_SIGINFO


---------------  S Y S T E M  ---------------

OS:
uname: Darwin 21.5.0 Darwin Kernel Version 21.5.0: Tue Apr 26 21:08:29 PDT 2022; root:xnu-8020.121.3~4/RELEASE_ARM64_T8101 arm64
OS uptime: 9 days 2:02 hours
rlimit (soft/hard): STACK 8176k/65520k , CORE 0k/infinity , NPROC 2666/4000 , NOFILE 10240/infinity , AS infinity/infinity , CPU infinity/infinity , DATA infinity/infinity , FSIZE infinity/infinity , MEMLOCK infinity/infinity , RSS infinity/infinity
load average: 3.60 2.61 2.35

CPU: total 8 (initial active 8) 0x61:0x0:0x1b588bb3:0, fp, simd, crc, lse

Memory: 16k page, physical 16777216k(126464k free), swap 1048576k(601088k free)

vm_info: Java HotSpot(TM) 64-Bit Server VM (17.0.4+11-LTS-179) for bsd-aarch64 JRE (17.0.4+11-LTS-179), built on Jun 28 2022 07:36:09 by "mach5one" with clang Apple LLVM 12.0.0 (clang-1200.0.32.29)

END.
