#
# A fatal error has been detected by the Java Runtime Environment:
#
#  SIGBUS (0xa) at pc=0x000000010c32d8ac, pid=81292, tid=259
#
# JRE version: Java(TM) SE Runtime Environment (17.0.4+11) (build 17.0.4+11-LTS-179)
# Java VM: Java HotSpot(TM) 64-Bit Server VM (17.0.4+11-LTS-179, mixed mode, sharing, tiered, compressed oops, compressed class ptrs, g1 gc, bsd-aarch64)
# Problematic frame:
# j  jdk.internal.reflect.NativeConstructorAccessorImpl.newInstance0(Ljava/lang/reflect/Constructor;[Ljava/lang/Object;)Ljava/lang/Object;+0 java.base@17.0.4
#
# No core dump will be written. Core dumps have been disabled. To enable core dumping, try "ulimit -c unlimited" before starting Java again
#
# If you would like to submit a bug report, please visit:
#   https://bugreport.java.com/bugreport/crash.jsp
#

---------------  S U M M A R Y ------------

Command Line: -javaagent:/Applications/IntelliJ IDEA.app/Contents/lib/idea_rt.jar=53981:/Applications/IntelliJ IDEA.app/Contents/bin -Dfile.encoding=UTF-8 --module-path=/Users/josh/Documents/CS482/InventoryPA/target/classes:/Users/josh/.m2/repository/org/openjfx/javafx-fxml/17.0.1/javafx-fxml-17.0.1-mac-aarch64.jar:/Users/josh/.m2/repository/org/openjfx/javafx-graphics/17.0.1/javafx-graphics-17.0.1-mac-aarch64.jar:/Users/josh/.m2/repository/org/openjfx/javafx-controls/17.0.1/javafx-controls-17.0.1-mac-aarch64.jar:/Users/josh/.m2/repository/org/openjfx/javafx-base/17.0.1/javafx-base-17.0.1-mac-aarch64.jar -Djdk.module.main=c482.inventorypa c482.inventorypa/c482.inventorypa.Main

Host: "MacBookPro17,1" arm64 1 MHz, 8 cores, 16G, Darwin 21.5.0, macOS 12.4 (21F79)
Time: Wed Aug  3 23:59:28 2022 CDT elapsed time: 0.246664 seconds (0d 0h 0m 0s)

---------------  T H R E A D  ---------------

Current thread (0x000000014c0ad400):  JavaThread "Thread-1" [_thread_in_vm, id=259, stack(0x000000016cc60000,0x000000016d45c000)]

Stack: [0x000000016cc60000,0x000000016d45c000],  sp=0x000000016d4565c0,  free space=8153k
Native frames: (J=compiled Java code, j=interpreted, Vv=VM code, C=native code)
j  jdk.internal.reflect.NativeConstructorAccessorImpl.newInstance0(Ljava/lang/reflect/Constructor;[Ljava/lang/Object;)Ljava/lang/Object;+0 java.base@17.0.4
j  jdk.internal.reflect.NativeConstructorAccessorImpl.newInstance([Ljava/lang/Object;)Ljava/lang/Object;+118 java.base@17.0.4
j  jdk.internal.reflect.DelegatingConstructorAccessorImpl.newInstance([Ljava/lang/Object;)Ljava/lang/Object;+5 java.base@17.0.4
j  java.lang.reflect.Constructor.newInstanceWithCaller([Ljava/lang/Object;ZLjava/lang/Class;)Ljava/lang/Object;+65 java.base@17.0.4
j  java.lang.reflect.Constructor.newInstance([Ljava/lang/Object;)Ljava/lang/Object;+30 java.base@17.0.4
j  java.lang.invoke.InnerClassLambdaMetafactory.buildCallSite()Ljava/lang/invoke/CallSite;+127 java.base@17.0.4
j  java.lang.invoke.LambdaMetafactory.metafactory(Ljava/lang/invoke/MethodHandles$Lookup;Ljava/lang/String;Ljava/lang/invoke/MethodType;Ljava/lang/invoke/MethodType;Ljava/lang/invoke/MethodHandle;Ljava/lang/invoke/MethodType;)Ljava/lang/invoke/CallSite;+67 java.base@17.0.4
j  java.lang.invoke.DirectMethodHandle$Holder.invokeStatic(Ljava/lang/Object;Ljava/lang/Object;Ljava/lang/Object;Ljava/lang/Object;Ljava/lang/Object;Ljava/lang/Object;Ljava/lang/Object;)Ljava/lang/Object;+20 java.base@17.0.4
j  java.lang.invoke.Invokers$Holder.invokeExact_MT(Ljava/lang/Object;Ljava/lang/Object;Ljava/lang/Object;Ljava/lang/Object;Ljava/lang/Object;Ljava/lang/Object;Ljava/lang/Object;Ljava/lang/Object;)Ljava/lang/Object;+28 java.base@17.0.4
j  java.lang.invoke.BootstrapMethodInvoker.invoke(Ljava/lang/Class;Ljava/lang/invoke/MethodHandle;Ljava/lang/String;Ljava/lang/Object;Ljava/lang/Object;Ljava/lang/Class;)Ljava/lang/Object;+319 java.base@17.0.4
j  java.lang.invoke.CallSite.makeSite(Ljava/lang/invoke/MethodHandle;Ljava/lang/String;Ljava/lang/invoke/MethodType;Ljava/lang/Object;Ljava/lang/Class;)Ljava/lang/invoke/CallSite;+8 java.base@17.0.4
j  java.lang.invoke.MethodHandleNatives.linkCallSiteImpl(Ljava/lang/Class;Ljava/lang/invoke/MethodHandle;Ljava/lang/String;Ljava/lang/invoke/MethodType;Ljava/lang/Object;[Ljava/lang/Object;)Ljava/lang/invoke/MemberName;+6 java.base@17.0.4
j  java.lang.invoke.MethodHandleNatives.linkCallSite(Ljava/lang/Object;ILjava/lang/Object;Ljava/lang/Object;Ljava/lang/Object;Ljava/lang/Object;[Ljava/lang/Object;)Ljava/lang/invoke/MemberName;+46 java.base@17.0.4
v  ~StubRoutines::call_stub
V  [libjvm.dylib+0x462ef8]  _ZN9JavaCalls11call_helperEP9JavaValueRK12methodHandleP17JavaCallArgumentsP10JavaThread+0x38c
V  [libjvm.dylib+0x4624b4]  _ZN9JavaCalls11call_staticEP9JavaValueP5KlassP6SymbolS5_P17JavaCallArgumentsP10JavaThread+0xc4
V  [libjvm.dylib+0x8db798]  _ZN16SystemDictionary23invoke_bootstrap_methodER13BootstrapInfoP10JavaThread+0x300
V  [libjvm.dylib+0x67c7ac]  _ZN12LinkResolver20resolve_dynamic_callER8CallInfoR13BootstrapInfoP10JavaThread+0x28
V  [libjvm.dylib+0x67bfe8]  _ZN12LinkResolver21resolve_invokedynamicER8CallInfoRK18constantPoolHandleiP10JavaThread+0x88
V  [libjvm.dylib+0x45c9c4]  _ZN18InterpreterRuntime21resolve_invokedynamicEP10JavaThread+0x128
V  [libjvm.dylib+0x45cae4]  _ZN18InterpreterRuntime18resolve_from_cacheEP10JavaThreadN9Bytecodes4CodeE+0xb4
j  com.sun.glass.ui.Screen.<clinit>()V+4 javafx.graphics
v  ~StubRoutines::call_stub
V  [libjvm.dylib+0x462ef8]  _ZN9JavaCalls11call_helperEP9JavaValueRK12methodHandleP17JavaCallArgumentsP10JavaThread+0x38c
V  [libjvm.dylib+0x443bf4]  _ZN13InstanceKlass22call_class_initializerEP10JavaThread+0x1e8
V  [libjvm.dylib+0x44340c]  _ZN13InstanceKlass15initialize_implEP10JavaThread+0x3a8
V  [libjvm.dylib+0x679c4c]  _ZN12LinkResolver19resolve_static_callER8CallInfoRK8LinkInfobP10JavaThread+0x78
V  [libjvm.dylib+0x67bb84]  _ZN12LinkResolver14resolve_invokeER8CallInfo6HandleRK18constantPoolHandleiN9Bytecodes4CodeEP10JavaThread+0xac
V  [libjvm.dylib+0x45c4e8]  _ZN18InterpreterRuntime14resolve_invokeEP10JavaThreadN9Bytecodes4CodeE+0x29c
V  [libjvm.dylib+0x45cac8]  _ZN18InterpreterRuntime18resolve_from_cacheEP10JavaThreadN9Bytecodes4CodeE+0x98
j  com.sun.glass.ui.Application.lambda$run$1(Ljava/lang/Runnable;)V+0 javafx.graphics
j  com.sun.glass.ui.Application$$Lambda$77+0x0000000800c2c400.run()V+4 javafx.graphics
j  com.sun.glass.ui.mac.MacApplication.lambda$runLoop$3(Ljava/lang/Runnable;)V+12 javafx.graphics
j  com.sun.glass.ui.mac.MacApplication$$Lambda$78+0x0000000800c30000.run()V+8 javafx.graphics
v  ~StubRoutines::call_stub
V  [libjvm.dylib+0x462ef8]  _ZN9JavaCalls11call_helperEP9JavaValueRK12methodHandleP17JavaCallArgumentsP10JavaThread+0x38c
V  [libjvm.dylib+0x4bc7ec]  _ZL20jni_invoke_nonstaticP7JNIEnv_P9JavaValueP8_jobject11JNICallTypeP10_jmethodIDP18JNI_ArgumentPusherP10JavaThread+0x31c
V  [libjvm.dylib+0x4c0bf0]  jni_CallVoidMethod+0x128
C  [libglass.dylib+0xadd0]  -[GlassApplication applicationWillFinishLaunching:]+0x1b8
C  [CoreFoundation+0x7950c]  __CFNOTIFICATIONCENTER_IS_CALLING_OUT_TO_AN_OBSERVER__+0x1c
C  [CoreFoundation+0x11dc08]  ___CFXRegistrationPost_block_invoke+0x34
C  [CoreFoundation+0x11db74]  _CFXRegistrationPost+0x1c8
C  [CoreFoundation+0x481b0]  _CFXNotificationPost+0x2dc
C  [Foundation+0x9cc8]  -[NSNotificationCenter postNotificationName:object:userInfo:]+0x60
C  [AppKit+0x32524]  -[NSApplication finishLaunching]+0x168
C  [AppKit+0x32120]  -[NSApplication run]+0x124
C  [libglass.dylib+0xcc1c]  -[GlassApplication runLoop:]+0x7cc
C  [Foundation+0x84fc4]  __NSThreadPerformPerform+0xd4
C  [CoreFoundation+0x85034]  __CFRUNLOOP_IS_CALLING_OUT_TO_A_SOURCE0_PERFORM_FUNCTION__+0x1c
C  [CoreFoundation+0x84f80]  __CFRunLoopDoSource0+0xd0
C  [CoreFoundation+0x84c80]  __CFRunLoopDoSources0+0x10c
C  [CoreFoundation+0x83600]  __CFRunLoopRun+0x33c
C  [CoreFoundation+0x82b24]  CFRunLoopRunSpecific+0x258
C  [libjli.dylib+0x6fec]  CreateExecutionEnvironment+0x190
C  [libjli.dylib+0x31fc]  JLI_Launch+0x4a0
C  [java+0x3bac]  main+0x190
C  0x0000000102c9108c

Java frames: (J=compiled Java code, j=interpreted, Vv=VM code)
j  jdk.internal.reflect.NativeConstructorAccessorImpl.newInstance0(Ljava/lang/reflect/Constructor;[Ljava/lang/Object;)Ljava/lang/Object;+0 java.base@17.0.4
j  jdk.internal.reflect.NativeConstructorAccessorImpl.newInstance([Ljava/lang/Object;)Ljava/lang/Object;+118 java.base@17.0.4
j  jdk.internal.reflect.DelegatingConstructorAccessorImpl.newInstance([Ljava/lang/Object;)Ljava/lang/Object;+5 java.base@17.0.4
j  java.lang.reflect.Constructor.newInstanceWithCaller([Ljava/lang/Object;ZLjava/lang/Class;)Ljava/lang/Object;+65 java.base@17.0.4
j  java.lang.reflect.Constructor.newInstance([Ljava/lang/Object;)Ljava/lang/Object;+30 java.base@17.0.4
j  java.lang.invoke.InnerClassLambdaMetafactory.buildCallSite()Ljava/lang/invoke/CallSite;+127 java.base@17.0.4
j  java.lang.invoke.LambdaMetafactory.metafactory(Ljava/lang/invoke/MethodHandles$Lookup;Ljava/lang/String;Ljava/lang/invoke/MethodType;Ljava/lang/invoke/MethodType;Ljava/lang/invoke/MethodHandle;Ljava/lang/invoke/MethodType;)Ljava/lang/invoke/CallSite;+67 java.base@17.0.4
j  java.lang.invoke.DirectMethodHandle$Holder.invokeStatic(Ljava/lang/Object;Ljava/lang/Object;Ljava/lang/Object;Ljava/lang/Object;Ljava/lang/Object;Ljava/lang/Object;Ljava/lang/Object;)Ljava/lang/Object;+20 java.base@17.0.4
j  java.lang.invoke.Invokers$Holder.invokeExact_MT(Ljava/lang/Object;Ljava/lang/Object;Ljava/lang/Object;Ljava/lang/Object;Ljava/lang/Object;Ljava/lang/Object;Ljava/lang/Object;Ljava/lang/Object;)Ljava/lang/Object;+28 java.base@17.0.4
j  java.lang.invoke.BootstrapMethodInvoker.invoke(Ljava/lang/Class;Ljava/lang/invoke/MethodHandle;Ljava/lang/String;Ljava/lang/Object;Ljava/lang/Object;Ljava/lang/Class;)Ljava/lang/Object;+319 java.base@17.0.4
j  java.lang.invoke.CallSite.makeSite(Ljava/lang/invoke/MethodHandle;Ljava/lang/String;Ljava/lang/invoke/MethodType;Ljava/lang/Object;Ljava/lang/Class;)Ljava/lang/invoke/CallSite;+8 java.base@17.0.4
j  java.lang.invoke.MethodHandleNatives.linkCallSiteImpl(Ljava/lang/Class;Ljava/lang/invoke/MethodHandle;Ljava/lang/String;Ljava/lang/invoke/MethodType;Ljava/lang/Object;[Ljava/lang/Object;)Ljava/lang/invoke/MemberName;+6 java.base@17.0.4
j  java.lang.invoke.MethodHandleNatives.linkCallSite(Ljava/lang/Object;ILjava/lang/Object;Ljava/lang/Object;Ljava/lang/Object;Ljava/lang/Object;[Ljava/lang/Object;)Ljava/lang/invoke/MemberName;+46 java.base@17.0.4
v  ~StubRoutines::call_stub
j  com.sun.glass.ui.Screen.<clinit>()V+4 javafx.graphics
v  ~StubRoutines::call_stub
j  com.sun.glass.ui.Application.lambda$run$1(Ljava/lang/Runnable;)V+0 javafx.graphics
j  com.sun.glass.ui.Application$$Lambda$77+0x0000000800c2c400.run()V+4 javafx.graphics
j  com.sun.glass.ui.mac.MacApplication.lambda$runLoop$3(Ljava/lang/Runnable;)V+12 javafx.graphics
j  com.sun.glass.ui.mac.MacApplication$$Lambda$78+0x0000000800c30000.run()V+8 javafx.graphics
v  ~StubRoutines::call_stub

siginfo: si_signo: 10 (SIGBUS), si_code: 1 (BUS_ADRALN), si_addr: 0x000000010c32d8ac

Register to memory mapping:

 x0=0x000000014d81c460 points into unknown readable memory: 0x000000070f561e98 | 98 1e 56 0f 07 00 00 00
 x1=0x000000014c0ad400 is a thread
 x2=0x0 is NULL
 x3={method} {0x000000012691f640} '<init>' '()V' in 'com/sun/glass/ui/Screen$$Lambda$82+0x0000000800c31120'
 x4=0x000000010c32c7c0 is at code_begin+0 in an Interpreter codelet
method entry point (kind = zerolocals)  [0x000000010c32c7c0, 0x000000010c32cac0]  768 bytes
 x5=0x000000016d456420 is pointing into the stack for thread: 0x000000014c0ad400
 x6=0x0000000100000001 is an unknown value
 x7=0x000000014c0ad400 is a thread
 x8=0x0 is NULL
 x9=0x0000000000000004 is an unknown value
x10=0x0000000000000001 is an unknown value
x11=0x0000000000000009 is an unknown value
x12=0x0000000000000008 is an unknown value
x13={method} {0x000000012691f640} '<init>' '()V' in 'com/sun/glass/ui/Screen$$Lambda$82+0x0000000800c31120'
x14=0x000000000000001f is an unknown value
x15=0x0000000000630da7 is an unknown value
x16=0x000000019a200f5c: pthread_jit_write_protect_np+0 in /usr/lib/system/libsystem_pthread.dylib at 0x000000019a1f9000
x17=0x00006000026cc5b0 points into unknown readable memory: 0xfffffffffffffffe | fe ff ff ff ff ff ff ff
x18=0x0 is NULL
x19=0x000000010c32b73c is at code_begin+60 in an Interpreter codelet
result handlers for native calls  [0x000000010c32b700, 0x000000010c32b780]  128 bytes
x20=0x000000016d4565c0 is pointing into the stack for thread: 0x000000014c0ad400
x21=0x00000001047dcff8: _ZN19TemplateInterpreter13_active_tableE+0 in /Library/Java/JavaVirtualMachines/jdk-17.0.4.jdk/Contents/Home/lib/server/libjvm.dylib at 0x0000000103c38000
x22=0x0 is NULL
x23=0x000000010c32c7c0 is at code_begin+0 in an Interpreter codelet
method entry point (kind = zerolocals)  [0x000000010c32c7c0, 0x000000010c32cac0]  768 bytes
x24=0x000000016d456648 is pointing into the stack for thread: 0x000000014c0ad400
x25=0x0000000000000001 is an unknown value
x26=0x00000008000c1498 is pointing into metadata
x27=0x0 is NULL
x28=0x000000014c0ad400 is a thread


Registers:
 x0=0x000000014d81c460  x1=0x000000014c0ad400  x2=0x0000000000000000  x3=0x000000012691f640
 x4=0x000000010c32c7c0  x5=0x000000016d456420  x6=0x0000000100000001  x7=0x000000014c0ad400
 x8=0x0000000000000000  x9=0x0000000000000004 x10=0x0000000000000001 x11=0x0000000000000009
x12=0x0000000000000008 x13=0x000000012691f640 x14=0x000000000000001f x15=0x0000000000630da7
x16=0x000000019a200f5c x17=0x00006000026cc5b0 x18=0x0000000000000000 x19=0x000000010c32b73c
x20=0x000000016d4565c0 x21=0x00000001047dcff8 x22=0x0000000000000000 x23=0x000000010c32c7c0
x24=0x000000016d456648 x25=0x0000000000000001 x26=0x00000008000c1498 x27=0x0000000000000000
x28=0x000000014c0ad400  fp=0x000000016d456620  lr=0x000000010c32d8ac  sp=0x000000016d4565c0
pc=0x000000010c32d8ac cpsr=0x0000000060001000
Top of Stack: (sp=0x000000016d4565c0)
0x000000016d4565c0:   000000070f561e88 000000070f561e68
0x000000016d4565d0:   000000016d4565d0 0000000000000000
0x000000016d4565e0:   000000016d456648 00000008000c1498
0x000000016d4565f0:   00000007ffd057d0 0000000000000000
0x000000016d456600:   0000000000000000 00000008000c18b0
0x000000016d456610:   0000000000000000 000000016d456600
0x000000016d456620:   000000016d4566a0 000000010c329d80
0x000000016d456630:   0000000000000000 00000007ffd057d0
0x000000016d456640:   000000070f561e58 000000070f561db0
0x000000016d456650:   000000016d456650 00000008006b7196
0x000000016d456660:   000000016d4566c8 00000008000c1498
0x000000016d456670:   00000007ffd057d0 0000000000000000
0x000000016d456680:   0000000000000000 00000008000c13b8
0x000000016d456690:   000000016d456640 000000016d4566a0
0x000000016d4566a0:   000000016d456720 000000010c329d80
0x000000016d4566b0:   000000016d456720 0000000000000000
0x000000016d4566c0:   000000070f561e58 000000070f561e68
0x000000016d4566d0:   000000016d4566d0 0000000800b4c2ed
0x000000016d4566e0:   000000016d456738 00000008004383a0
0x000000016d4566f0:   00000007ffd0f300 0000000000000000
0x000000016d456700:   0000000000000000 0000000800438318
0x000000016d456710:   000000016d4566c0 000000016d4566f0
0x000000016d456720:   000000016d456790 000000010c32a2c0
0x000000016d456730:   000000070f561e58 000000070f561e88
0x000000016d456740:   000000016d456740 0000000800aa6569
0x000000016d456750:   000000016d4567c8 000000080005be78
0x000000016d456760:   00000007ffd025b0 0000000000000000
0x000000016d456770:   0000000000000000 000000080005cbd8
0x000000016d456780:   000000016d456730 000000016d456790
0x000000016d456790:   000000016d456820 000000010c329d80
0x000000016d4567a0:   0000000000000000 000000070f561e88
0x000000016d4567b0:   0000000000000000 0000000000000000 

Instructions: (pc=0x000000010c32d8ac)
0x000000010c32d7ac:   f9014f9f f9014b9f f9400788 b40000a8
0x000000010c32d7bc:   d2881008 f2a18648 f2c00028 d61f0100
0x000000010c32d7cc:   a97be3b6 f9403191 d63f0220 f85e83ac
0x000000010c32d7dc:   aa0003f3 b9402991 36180111 f9400591
0x000000010c32d7ec:   f9400631 f9400e31 f9403a31 f9400231
0x000000010c32d7fc:   f9000fb1 910063a1 f9402d8a d28ef509
0x000000010c32d80c:   f2a088e9 f2c00029 f9400129 eb09015f
0x000000010c32d81c:   54000361 aa0c03e1 f81b83b6 aa1c03e0
0x000000010c32d82c:   10000128 f9014b88 f9014794 f9014f9d
0x000000010c32d83c:   a9bf33e8 d28d1f08 f2a08128 f2c00028
0x000000010c32d84c:   d63f0100 a8c133e8 10fffffe f901479f
0x000000010c32d85c:   f9014f9f f9014b9f f9400788 b40000a8
0x000000010c32d86c:   d2881008 f2a18648 f2c00028 d61f0100
0x000000010c32d87c:   a97be3b6 f85e83ac f9402d8a 910aa380
0x000000010c32d88c:   10000108 f9014b88 f9014794 f9014f9d
0x000000010c32d89c:   b27e03e8 910ce389 889ffd28 d63f0140
0x000000010c32d8ac:   f85e83ac d1008288 927ced1f fc1f0e80
0x000000010c32d8bc:   f81f8e9f f81f8e80 d28000a8 910ce389
0x000000010c32d8cc:   889ffd28 d5033bbf 910d0388 c8dffd08
0x000000010c32d8dc:   eb0803bf 54000068 b9432b89 b4000169
0x000000010c32d8ec:   aa1c03e0 d2831609 f2a08a89 f2c00029
0x000000010c32d8fc:   d63f0120 f85e83ac d29ce11b f2a08f1b
0x000000010c32d90c:   f2c0003b f940037b b27d03e8 910ce389
0x000000010c32d91c:   889ffd28 f901479f f9014f9f f9014b9f
0x000000010c32d92c:   f9406f91 f900823f 10fef051 eb13023f
0x000000010c32d93c:   54000441 f8410680 b40003a0 36000360
0x000000010c32d94c:   f85ff000 a9bf7bfd 910003fd 3940e391
0x000000010c32d95c:   34000271 b4000240 f9401391 b40000f1
0x000000010c32d96c:   d1002231 f9001391 f9401b88 8b080231
0x000000010c32d97c:   f9000220 1400000a a9bf7fe0 aa1c03e1
0x000000010c32d98c:   a9bf33e8 d2946808 f2a07f28 f2c00028
0x000000010c32d99c:   d63f0100 a8c133e8 a8c17fe0 910003bf 


Stack slot to memory mapping:
stack at sp + 0 slots: 0x000000070f561e88 is an oop: jdk.internal.reflect.DelegatingConstructorAccessorImpl 
{0x000000070f561e88} - klass: 'jdk/internal/reflect/DelegatingConstructorAccessorImpl'
 - ---- fields (total size 2 words):
 - private 'delegate' 'Ljdk/internal/reflect/ConstructorAccessorImpl;' @12  a 'jdk/internal/reflect/NativeConstructorAccessorImpl'{0x000000070f561e68} (e1eac3cd)
stack at sp + 1 slots: 0x000000070f561e68 is an oop: jdk.internal.reflect.NativeConstructorAccessorImpl 
{0x000000070f561e68} - klass: 'jdk/internal/reflect/NativeConstructorAccessorImpl'
 - ---- fields (total size 4 words):
 - private 'numInvocations' 'I' @12  1
 - private volatile 'generated' 'I' @16  0
 - private final 'c' 'Ljava/lang/reflect/Constructor;' @20  a 'java/lang/reflect/Constructor'{0x000000070f561db0} (e1eac3b6)
 - private 'parent' 'Ljdk/internal/reflect/DelegatingConstructorAccessorImpl;' @24  a 'jdk/internal/reflect/DelegatingConstructorAccessorImpl'{0x000000070f561e88} (e1eac3d1)
stack at sp + 2 slots: 0x000000016d4565d0 is pointing into the stack for thread: 0x000000014c0ad400
stack at sp + 3 slots: 0x0 is NULL
stack at sp + 4 slots: 0x000000016d456648 is pointing into the stack for thread: 0x000000014c0ad400
stack at sp + 5 slots: 0x00000008000c1498 is pointing into metadata
stack at sp + 6 slots: 0x00000007ffd057d0 is an oop: java.lang.Class 
{0x00000007ffd057d0} - klass: 'java/lang/Class'
 - ---- fields (total size 16 words):
 - private volatile transient 'classRedefinedCount' 'I' @12  0
 - private volatile transient 'cachedConstructor' 'Ljava/lang/reflect/Constructor;' @40  NULL (0)
 - private transient 'name' 'Ljava/lang/String;' @44  NULL (0)
 - private transient 'module' 'Ljava/lang/Module;' @48  a 'java/lang/Module'{0x000000070fe33628} (e1fc66c5)
 - private final 'classLoader' 'Ljava/lang/ClassLoader;' @52  NULL (0)
 - private transient 'classData' 'Ljava/lang/Object;' @56  NULL (0)
 - private transient 'packageName' 'Ljava/lang/String;' @60  NULL (0)
 - private final 'componentType' 'Ljava/lang/Class;' @64  NULL (0)
 - private volatile transient 'reflectionData' 'Ljava/lang/ref/SoftReference;' @68  NULL (0)
 - private volatile transient 'genericInfo' 'Lsun/reflect/generics/repository/ClassRepository;' @72  NULL (0)
 - private volatile transient 'enumConstants' '[Ljava/lang/Object;' @76  NULL (0)
 - private volatile transient 'enumConstantDirectory' 'Ljava/util/Map;' @80  NULL (0)
 - private volatile transient 'annotationData' 'Ljava/lang/Class$AnnotationData;' @84  NULL (0)
 - private volatile transient 'annotationType' 'Lsun/reflect/annotation/AnnotationType;' @88  NULL (0)
 - transient 'classValueMap' 'Ljava/lang/ClassValue$ClassValueMap;' @92  NULL (0)
 - signature: Ljdk/internal/reflect/NativeConstructorAccessorImpl;
 - fake entry for mirror: 'jdk/internal/reflect/NativeConstructorAccessorImpl'
 - fake entry for array: NULL
 - fake entry for oop_size: 16
 - fake entry for static_oop_field_count: 1
 - private static final 'U' 'Ljdk/internal/misc/Unsafe;' @112  a 'jdk/internal/misc/Unsafe'{0x000000070fe02ae8} (e1fc055d)
 - private static final 'GENERATED_OFFSET' 'J' @120  16 (10 0)
stack at sp + 7 slots: 0x0 is NULL

method entry point (kind = native)  [0x000000010c32d600, 0x000000010c32dc80]  1664 bytes
[MachCode]
  0x000000010c32d600: 8205 40f9 | 4258 4079 | 986e 228b | 1823 00d1 | 9fee 7c92 | f4c3 01d1 | f603 1faa | f47f b9a9 
  0x000000010c32d620: ff7f 06a9 | 8809 40f9 | 4800 00b4 | 08a1 0391 | e833 03a9 | 8a05 40f9 | 4a05 40f9 | 4a0d 40f9 
  0x000000010c32d640: 4a39 40f9 | 4a01 40f9 | ea7f 02a9 | 9a05 40f9 | 5a07 40f9 | 5a0b 40f9 | f86b 01a9 | fd7b 05a9 
  0x000000010c32d660: fd43 0191 | ff37 04a9 | e903 40b2 | 89a7 0d39 | 8009 40f9 | 0001 00b4 | 08ac 40b9 | 0809 0091 
  0x000000010c32d680: 08ac 00b9 | 09c0 40b9 | 0801 09ea | 802b 0054 | 2300 0014 | 890d 40f9 | 6903 00b5 | e103 0caa 
  0x000000010c32d6a0: b683 1bf8 | e003 1caa | 2801 0010 | 884b 01f9 | 9447 01f9 | 9d4f 01f9 | e833 bfa9 | 0889 8ad2 
  0x000000010c32d6c0: 2881 a0f2 | 2800 c0f2 | 0001 3fd6 | e833 c1a8 | feff ff10 | 9f47 01f9 | 9f4f 01f9 | 9f4b 01f9 
  0x000000010c32d6e0: 8807 40f9 | a800 00b4 | 0810 88d2 | 4886 a1f2 | 2800 c0f2 | 0001 1fd6 | b6e3 7ba9 | 890d 40f9 
  0x000000010c32d700: e900 00b4 | 2809 40b9 | 0809 0091 | 2809 00b9 | 2121 40b9 | 0801 01ea | 2027 0054 | e953 40d1 
  0x000000010c32d720: 3f01 00f9 | 9fa7 0d39 | e824 fc90 | 08a9 5239 | 2801 0034 | a183 5ef8 | e003 1caa | e833 bfa9 
  0x000000010c32d740: 0866 8fd2 | e888 a0f2 | 2800 c0f2 | 0001 3fd6 | e833 c1a8 | 9105 40f9 | 315a 4079 | 886e 31cb 
  0x000000010c32d760: 1fed 7c92 | f403 08aa | 9131 40f9 | 5103 00b5 | e103 0caa | b683 1bf8 | e003 1caa | 2801 0010 
  0x000000010c32d780: 884b 01f9 | 9447 01f9 | 9d4f 01f9 | e833 bfa9 | 081f 8dd2 | 2881 a0f2 | 2800 c0f2 | 0001 3fd6 
  0x000000010c32d7a0: e833 c1a8 | feff ff10 | 9f47 01f9 | 9f4f 01f9 | 9f4b 01f9 | 8807 40f9 | a800 00b4 | 0810 88d2 
  0x000000010c32d7c0: 4886 a1f2 | 2800 c0f2 | 0001 1fd6 | b6e3 7ba9 | 9131 40f9 | 2002 3fd6 | ac83 5ef8 | f303 00aa 
  0x000000010c32d7e0: 9129 40b9 | 1101 1836 | 9105 40f9 | 3106 40f9 | 310e 40f9 | 313a 40f9 | 3102 40f9 | b10f 00f9 
  0x000000010c32d800: a163 0091 | 8a2d 40f9 | 09f5 8ed2 | e988 a0f2 | 2900 c0f2 | 2901 40f9 | 5f01 09eb | 6103 0054 
  0x000000010c32d820: e103 0caa | b683 1bf8 | e003 1caa | 2801 0010 | 884b 01f9 | 9447 01f9 | 9d4f 01f9 | e833 bfa9 
  0x000000010c32d840: 081f 8dd2 | 2881 a0f2 | 2800 c0f2 | 0001 3fd6 | e833 c1a8 | feff ff10 | 9f47 01f9 | 9f4f 01f9 
  0x000000010c32d860: 9f4b 01f9 | 8807 40f9 | a800 00b4 | 0810 88d2 | 4886 a1f2 | 2800 c0f2 | 0001 1fd6 | b6e3 7ba9 
  0x000000010c32d880: ac83 5ef8 | 8a2d 40f9 | 80a3 0a91 | 0801 0010 | 884b 01f9 | 9447 01f9 | 9d4f 01f9 | e803 7eb2 
  0x000000010c32d8a0: 89e3 0c91 | 28fd 9f88 | 4001 3fd6 | ac83 5ef8 | 8882 00d1 | 1fed 7c92 | 800e 1ffc | 9f8e 1ff8 
  0x000000010c32d8c0: 808e 1ff8 | a800 80d2 | 89e3 0c91 | 28fd 9f88 | bf3b 03d5 | 8803 0d91 | 08fd dfc8 | bf03 08eb 
  0x000000010c32d8e0: 6800 0054 | 892b 43b9 | 6901 00b4 | e003 1caa | 0916 83d2 | 898a a0f2 | 2900 c0f2 | 2001 3fd6 
  0x000000010c32d900: ac83 5ef8 | 1be1 9cd2 | 1b8f a0f2 | 3b00 c0f2 | 7b03 40f9 | e803 7db2 | 89e3 0c91 | 28fd 9f88 
  0x000000010c32d920: 9f47 01f9 | 9f4f 01f9 | 9f4b 01f9 | 916f 40f9 | 3f82 00f9 | 51f0 fe10 | 3f02 13eb | 4104 0054 
  0x000000010c32d940: 8006 41f8 | a003 00b4 | 6003 0036 | 00f0 5ff8 | fd7b bfa9 | fd03 0091 | 91e3 4039 | 7102 0034 
  0x000000010c32d960: 4002 00b4 | 9113 40f9 | f100 00b4 | 3122 00d1 | 9113 00f9 | 881b 40f9 | 3102 088b | 2002 00f9 
  0x000000010c32d980: 0a00 0014 | e07f bfa9 | e103 1caa | e833 bfa9 | 0868 94d2 | 287f a0f2 | 2800 c0f2 | 0001 3fd6 
  0x000000010c32d9a0: e833 c1a8 | e07f c1a8 | bf03 0091 | fd7b c1a8 | 0200 0014 | 0000 40f9 | a00f 00f9 | 9f8e 1ff8 
  0x000000010c32d9c0: 808e 1ff8 | 88a3 0e91 | 0801 40b9 | 1f09 00f1 | c104 0054 | e007 b0a9 | e20f 01a9 | e417 02a9 
  0x000000010c32d9e0: e61f 03a9 | e827 04a9 | ea2f 05a9 | ec37 06a9 | ee3f 07a9 | f047 08a9 | f24f 09a9 | f457 0aa9 
  0x000000010c32da00: f65f 0ba9 | f867 0ca9 | fa6f 0da9 | fc77 0ea9 | fe7f 0fa9 | e003 1caa | 098f 93d2 | e988 a0f2 
  0x000000010c32da20: 2900 c0f2 | 2001 3fd6 | e20f 41a9 | e417 42a9 | e61f 43a9 | e827 44a9 | ea2f 45a9 | ec37 46a9 
  0x000000010c32da40: ee3f 47a9 | f047 48a9 | f24f 49a9 | f457 4aa9 | f65f 4ba9 | f867 4ca9 | fa6f 4da9 | fc77 4ea9 
  0x000000010c32da60: fe7f 4fa9 | e007 d0a8 | ac83 5ef8 | 9605 40f9 | d6c2 0091 | 8807 40f9 | 6803 00b4 | b683 1bf8 
  0x000000010c32da80: e003 1caa | 2801 0010 | 884b 01f9 | 9447 01f9 | 9d4f 01f9 | e833 bfa9 | 8856 85d2 | 2881 a0f2 
  0x000000010c32daa0: 2800 c0f2 | 0001 3fd6 | e833 c1a8 | feff ff10 | 9f47 01f9 | 9f4f 01f9 | 9f4b 01f9 | 8807 40f9 
  0x000000010c32dac0: a800 00b4 | 0810 88d2 | 4886 a1f2 | 2800 c0f2 | 0001 1fd6 | b6e3 7ba9 | c1d5 bbd4 | a577 6404 
  0x000000010c32dae0: 0100 0000 | 9129 40b9 | 5106 2836 | a183 01d1 | 3104 40f9 | 7103 00b5 | b683 1bf8 | e003 1caa 
  0x000000010c32db00: 2801 0010 | 884b 01f9 | 9447 01f9 | 9d4f 01f9 | e833 bfa9 | 0865 87d2 | 2881 a0f2 | 2800 c0f2 
  0x000000010c32db20: 0001 3fd6 | e833 c1a8 | feff ff10 | 9f47 01f9 | 9f4f 01f9 | 9f4b 01f9 | 8807 40f9 | a800 00b4 
  0x000000010c32db40: 0810 88d2 | 4886 a1f2 | 2800 c0f2 | 0001 1fd6 | b6e3 7ba9 | c1d5 bbd4 | a577 6404 | 0100 0000 
  0x000000010c32db60: b683 1bf8 | 2000 00d1 | 2304 40f9 | 3f04 00f9 | 0200 40f9 | c201 00b4 | e803 00aa | 62fc e0c8 
  0x000000010c32db80: 1f01 00eb | 4001 0054 | bf3b 03d5 | 2304 00f9 | e003 01aa | e833 bfa9 | 0846 87d2 | 2881 a0f2 
  0x000000010c32dba0: 2800 c0f2 | 0001 3fd6 | e833 c1a8 | b683 5bf8 | e824 fc90 | 08a9 5239 | 2801 0034 | a183 5ef8 
  0x000000010c32dbc0: e003 1caa | e833 bfa9 | 0876 8fd2 | e888 a0f2 | 2800 c0f2 | 0001 3fd6 | e833 c1a8 | 8006 41f8 
  0x000000010c32dbe0: 8006 41fc | 6002 3fd6 | b483 5ff8 | bf03 0091 | fd7b c1a8 | 9f02 0091 | c003 5fd6 | 0100 80d2 
  0x000000010c32dc00: b683 1bf8 | e003 1caa | 2801 0010 | 884b 01f9 | 9447 01f9 | 9d4f 01f9 | e833 bfa9 | 8884 89d2 
  0x000000010c32dc20: 2881 a0f2 | 2800 c0f2 | 0001 3fd6 | e833 c1a8 | feff ff10 | 9f47 01f9 | 9f4f 01f9 | 9f4b 01f9 
  0x000000010c32dc40: 8807 40f9 | a800 00b4 | 0810 88d2 | 4886 a1f2 | 2800 c0f2 | 0001 1fd6 | b6e3 7ba9 | b0fe ff17 
  0x000000010c32dc60: 0000 0000 | 0000 0000 | 0000 0000 | 0000 0000 | 0000 0000 | 0000 0000 | 0000 0000 | 0000 0000 
[/MachCode]

---------------  P R O C E S S  ---------------

Threads class SMR info:
_java_thread_list=0x0000600000db9820, length=15, elements={
0x000000014e008e00, 0x000000014e0f2600, 0x000000014e0f4e00, 0x000000014c808800,
0x000000014c80b000, 0x000000014c80b600, 0x000000014c80ca00, 0x000000014c80d000,
0x000000014c815600, 0x000000014c013800, 0x000000014d065a00, 0x000000013c00a800,
0x000000014c80aa00, 0x000000014c0a0600, 0x000000014c0ad400
}

Java Threads: ( => current thread )
  0x000000014e008e00 JavaThread "main" [_thread_blocked, id=9731, stack(0x000000016d4e8000,0x000000016d6eb000)]
  0x000000014e0f2600 JavaThread "Reference Handler" daemon [_thread_blocked, id=16643, stack(0x000000016e33c000,0x000000016e53f000)]
  0x000000014e0f4e00 JavaThread "Finalizer" daemon [_thread_blocked, id=16387, stack(0x000000016e548000,0x000000016e74b000)]
  0x000000014c808800 JavaThread "Signal Dispatcher" daemon [_thread_blocked, id=22787, stack(0x000000016e86c000,0x000000016ea6f000)]
  0x000000014c80b000 JavaThread "Service Thread" daemon [_thread_blocked, id=42243, stack(0x000000016ea78000,0x000000016ec7b000)]
  0x000000014c80b600 JavaThread "Monitor Deflation Thread" daemon [_thread_blocked, id=23299, stack(0x000000016ec84000,0x000000016ee87000)]
  0x000000014c80ca00 JavaThread "C2 CompilerThread0" daemon [_thread_blocked, id=23811, stack(0x000000016ee90000,0x000000016f093000)]
  0x000000014c80d000 JavaThread "C1 CompilerThread0" daemon [_thread_blocked, id=41475, stack(0x000000016f09c000,0x000000016f29f000)]
  0x000000014c815600 JavaThread "Sweeper thread" daemon [_thread_blocked, id=24067, stack(0x000000016f2a8000,0x000000016f4ab000)]
  0x000000014c013800 JavaThread "Common-Cleaner" daemon [_thread_blocked, id=40707, stack(0x000000016f4b4000,0x000000016f6b7000)]
  0x000000014d065a00 JavaThread "Monitor Ctrl-Break" daemon [_thread_in_native, id=40451, stack(0x000000016f6c0000,0x000000016f8c3000)]
  0x000000013c00a800 JavaThread "Notification Thread" daemon [_thread_blocked, id=24579, stack(0x000000016f8cc000,0x000000016facf000)]
  0x000000014c80aa00 JavaThread "QuantumRenderer-0" daemon [_thread_blocked, id=39683, stack(0x000000016fce4000,0x000000016fee7000)]
  0x000000014c0a0600 JavaThread "InvokeLaterDispatcher" daemon [_thread_in_native, id=31243, stack(0x0000000178004000,0x0000000178207000)]
=>0x000000014c0ad400 JavaThread "Thread-1" [_thread_in_vm, id=259, stack(0x000000016cc60000,0x000000016d45c000)]

Other Threads:
  0x000000014be07ae0 VMThread "VM Thread" [stack: 0x000000016e130000,0x000000016e333000] [id=17155]
  0x000000012bf059e0 WatcherThread [stack: 0x000000016fad8000,0x000000016fcdb000] [id=24835]
  0x000000014d9069b0 GCTaskThread "GC Thread#0" [stack: 0x000000016d6f4000,0x000000016d8f7000] [id=20227]
  0x000000014d907060 ConcurrentGCThread "G1 Main Marker" [stack: 0x000000016d900000,0x000000016db03000] [id=19715]
  0x000000014be05b60 ConcurrentGCThread "G1 Conc#0" [stack: 0x000000016db0c000,0x000000016dd0f000] [id=18691]
  0x000000014d909020 ConcurrentGCThread "G1 Refine#0" [stack: 0x000000016dd18000,0x000000016df1b000] [id=18435]
  0x000000014d9098c0 ConcurrentGCThread "G1 Service" [stack: 0x000000016df24000,0x000000016e127000] [id=13571]

Threads with active compile tasks:

VM state: not at safepoint (normal execution)

VM Mutex/Monitor currently owned by a thread: None

Heap address: 0x0000000700000000, size: 4096 MB, Compressed Oops mode: Zero based, Oop shift amount: 3

CDS archive(s) mapped at: [0x0000000800000000-0x0000000800bd8000-0x0000000800bd8000), size 12419072, SharedBaseAddress: 0x0000000800000000, ArchiveRelocationMode: 0.
Compressed class space mapped at: 0x0000000800c00000-0x0000000840c00000, reserved size: 1073741824
Narrow klass base: 0x0000000800000000, Narrow klass shift: 0, Narrow klass range: 0x100000000

GC Precious Log:
 CPUs: 8 total, 8 available
 Memory: 16384M
 Large Page Support: Disabled
 NUMA Support: Disabled
 Compressed Oops: Enabled (Zero based)
 Heap Region Size: 2M
 Heap Min Capacity: 8M
 Heap Initial Capacity: 256M
 Heap Max Capacity: 4G
 Pre-touch: Disabled
 Parallel Workers: 8
 Concurrent Workers: 2
 Concurrent Refinement Workers: 8
 Periodic GC: Disabled

Heap:
 garbage-first heap   total 266240K, used 10208K [0x0000000700000000, 0x0000000800000000)
  region size 2048K, 6 young (12288K), 0 survivors (0K)
 Metaspace       used 3289K, committed 3456K, reserved 1056768K
  class space    used 366K, committed 448K, reserved 1048576K

Heap Regions: E=young(eden), S=young(survivor), O=old, HS=humongous(starts), HC=humongous(continues), CS=collection set, F=free, OA=open archive, CA=closed archive, TAMS=top-at-mark-start (previous, next)
|   0|0x0000000700000000, 0x0000000700000000, 0x0000000700200000|  0%| F|  |TAMS 0x0000000700000000, 0x0000000700000000| Untracked 
|   1|0x0000000700200000, 0x0000000700200000, 0x0000000700400000|  0%| F|  |TAMS 0x0000000700200000, 0x0000000700200000| Untracked 
|   2|0x0000000700400000, 0x0000000700400000, 0x0000000700600000|  0%| F|  |TAMS 0x0000000700400000, 0x0000000700400000| Untracked 
|   3|0x0000000700600000, 0x0000000700600000, 0x0000000700800000|  0%| F|  |TAMS 0x0000000700600000, 0x0000000700600000| Untracked 
|   4|0x0000000700800000, 0x0000000700800000, 0x0000000700a00000|  0%| F|  |TAMS 0x0000000700800000, 0x0000000700800000| Untracked 
|   5|0x0000000700a00000, 0x0000000700a00000, 0x0000000700c00000|  0%| F|  |TAMS 0x0000000700a00000, 0x0000000700a00000| Untracked 
|   6|0x0000000700c00000, 0x0000000700c00000, 0x0000000700e00000|  0%| F|  |TAMS 0x0000000700c00000, 0x0000000700c00000| Untracked 
|   7|0x0000000700e00000, 0x0000000700e00000, 0x0000000701000000|  0%| F|  |TAMS 0x0000000700e00000, 0x0000000700e00000| Untracked 
|   8|0x0000000701000000, 0x0000000701000000, 0x0000000701200000|  0%| F|  |TAMS 0x0000000701000000, 0x0000000701000000| Untracked 
|   9|0x0000000701200000, 0x0000000701200000, 0x0000000701400000|  0%| F|  |TAMS 0x0000000701200000, 0x0000000701200000| Untracked 
|  10|0x0000000701400000, 0x0000000701400000, 0x0000000701600000|  0%| F|  |TAMS 0x0000000701400000, 0x0000000701400000| Untracked 
|  11|0x0000000701600000, 0x0000000701600000, 0x0000000701800000|  0%| F|  |TAMS 0x0000000701600000, 0x0000000701600000| Untracked 
|  12|0x0000000701800000, 0x0000000701800000, 0x0000000701a00000|  0%| F|  |TAMS 0x0000000701800000, 0x0000000701800000| Untracked 
|  13|0x0000000701a00000, 0x0000000701a00000, 0x0000000701c00000|  0%| F|  |TAMS 0x0000000701a00000, 0x0000000701a00000| Untracked 
|  14|0x0000000701c00000, 0x0000000701c00000, 0x0000000701e00000|  0%| F|  |TAMS 0x0000000701c00000, 0x0000000701c00000| Untracked 
|  15|0x0000000701e00000, 0x0000000701e00000, 0x0000000702000000|  0%| F|  |TAMS 0x0000000701e00000, 0x0000000701e00000| Untracked 
|  16|0x0000000702000000, 0x0000000702000000, 0x0000000702200000|  0%| F|  |TAMS 0x0000000702000000, 0x0000000702000000| Untracked 
|  17|0x0000000702200000, 0x0000000702200000, 0x0000000702400000|  0%| F|  |TAMS 0x0000000702200000, 0x0000000702200000| Untracked 
|  18|0x0000000702400000, 0x0000000702400000, 0x0000000702600000|  0%| F|  |TAMS 0x0000000702400000, 0x0000000702400000| Untracked 
|  19|0x0000000702600000, 0x0000000702600000, 0x0000000702800000|  0%| F|  |TAMS 0x0000000702600000, 0x0000000702600000| Untracked 
|  20|0x0000000702800000, 0x0000000702800000, 0x0000000702a00000|  0%| F|  |TAMS 0x0000000702800000, 0x0000000702800000| Untracked 
|  21|0x0000000702a00000, 0x0000000702a00000, 0x0000000702c00000|  0%| F|  |TAMS 0x0000000702a00000, 0x0000000702a00000| Untracked 
|  22|0x0000000702c00000, 0x0000000702c00000, 0x0000000702e00000|  0%| F|  |TAMS 0x0000000702c00000, 0x0000000702c00000| Untracked 
|  23|0x0000000702e00000, 0x0000000702e00000, 0x0000000703000000|  0%| F|  |TAMS 0x0000000702e00000, 0x0000000702e00000| Untracked 
|  24|0x0000000703000000, 0x0000000703000000, 0x0000000703200000|  0%| F|  |TAMS 0x0000000703000000, 0x0000000703000000| Untracked 
|  25|0x0000000703200000, 0x0000000703200000, 0x0000000703400000|  0%| F|  |TAMS 0x0000000703200000, 0x0000000703200000| Untracked 
|  26|0x0000000703400000, 0x0000000703400000, 0x0000000703600000|  0%| F|  |TAMS 0x0000000703400000, 0x0000000703400000| Untracked 
|  27|0x0000000703600000, 0x0000000703600000, 0x0000000703800000|  0%| F|  |TAMS 0x0000000703600000, 0x0000000703600000| Untracked 
|  28|0x0000000703800000, 0x0000000703800000, 0x0000000703a00000|  0%| F|  |TAMS 0x0000000703800000, 0x0000000703800000| Untracked 
|  29|0x0000000703a00000, 0x0000000703a00000, 0x0000000703c00000|  0%| F|  |TAMS 0x0000000703a00000, 0x0000000703a00000| Untracked 
|  30|0x0000000703c00000, 0x0000000703c00000, 0x0000000703e00000|  0%| F|  |TAMS 0x0000000703c00000, 0x0000000703c00000| Untracked 
|  31|0x0000000703e00000, 0x0000000703e00000, 0x0000000704000000|  0%| F|  |TAMS 0x0000000703e00000, 0x0000000703e00000| Untracked 
|  32|0x0000000704000000, 0x0000000704000000, 0x0000000704200000|  0%| F|  |TAMS 0x0000000704000000, 0x0000000704000000| Untracked 
|  33|0x0000000704200000, 0x0000000704200000, 0x0000000704400000|  0%| F|  |TAMS 0x0000000704200000, 0x0000000704200000| Untracked 
|  34|0x0000000704400000, 0x0000000704400000, 0x0000000704600000|  0%| F|  |TAMS 0x0000000704400000, 0x0000000704400000| Untracked 
|  35|0x0000000704600000, 0x0000000704600000, 0x0000000704800000|  0%| F|  |TAMS 0x0000000704600000, 0x0000000704600000| Untracked 
|  36|0x0000000704800000, 0x0000000704800000, 0x0000000704a00000|  0%| F|  |TAMS 0x0000000704800000, 0x0000000704800000| Untracked 
|  37|0x0000000704a00000, 0x0000000704a00000, 0x0000000704c00000|  0%| F|  |TAMS 0x0000000704a00000, 0x0000000704a00000| Untracked 
|  38|0x0000000704c00000, 0x0000000704c00000, 0x0000000704e00000|  0%| F|  |TAMS 0x0000000704c00000, 0x0000000704c00000| Untracked 
|  39|0x0000000704e00000, 0x0000000704e00000, 0x0000000705000000|  0%| F|  |TAMS 0x0000000704e00000, 0x0000000704e00000| Untracked 
|  40|0x0000000705000000, 0x0000000705000000, 0x0000000705200000|  0%| F|  |TAMS 0x0000000705000000, 0x0000000705000000| Untracked 
|  41|0x0000000705200000, 0x0000000705200000, 0x0000000705400000|  0%| F|  |TAMS 0x0000000705200000, 0x0000000705200000| Untracked 
|  42|0x0000000705400000, 0x0000000705400000, 0x0000000705600000|  0%| F|  |TAMS 0x0000000705400000, 0x0000000705400000| Untracked 
|  43|0x0000000705600000, 0x0000000705600000, 0x0000000705800000|  0%| F|  |TAMS 0x0000000705600000, 0x0000000705600000| Untracked 
|  44|0x0000000705800000, 0x0000000705800000, 0x0000000705a00000|  0%| F|  |TAMS 0x0000000705800000, 0x0000000705800000| Untracked 
|  45|0x0000000705a00000, 0x0000000705a00000, 0x0000000705c00000|  0%| F|  |TAMS 0x0000000705a00000, 0x0000000705a00000| Untracked 
|  46|0x0000000705c00000, 0x0000000705c00000, 0x0000000705e00000|  0%| F|  |TAMS 0x0000000705c00000, 0x0000000705c00000| Untracked 
|  47|0x0000000705e00000, 0x0000000705e00000, 0x0000000706000000|  0%| F|  |TAMS 0x0000000705e00000, 0x0000000705e00000| Untracked 
|  48|0x0000000706000000, 0x0000000706000000, 0x0000000706200000|  0%| F|  |TAMS 0x0000000706000000, 0x0000000706000000| Untracked 
|  49|0x0000000706200000, 0x0000000706200000, 0x0000000706400000|  0%| F|  |TAMS 0x0000000706200000, 0x0000000706200000| Untracked 
|  50|0x0000000706400000, 0x0000000706400000, 0x0000000706600000|  0%| F|  |TAMS 0x0000000706400000, 0x0000000706400000| Untracked 
|  51|0x0000000706600000, 0x0000000706600000, 0x0000000706800000|  0%| F|  |TAMS 0x0000000706600000, 0x0000000706600000| Untracked 
|  52|0x0000000706800000, 0x0000000706800000, 0x0000000706a00000|  0%| F|  |TAMS 0x0000000706800000, 0x0000000706800000| Untracked 
|  53|0x0000000706a00000, 0x0000000706a00000, 0x0000000706c00000|  0%| F|  |TAMS 0x0000000706a00000, 0x0000000706a00000| Untracked 
|  54|0x0000000706c00000, 0x0000000706c00000, 0x0000000706e00000|  0%| F|  |TAMS 0x0000000706c00000, 0x0000000706c00000| Untracked 
|  55|0x0000000706e00000, 0x0000000706e00000, 0x0000000707000000|  0%| F|  |TAMS 0x0000000706e00000, 0x0000000706e00000| Untracked 
|  56|0x0000000707000000, 0x0000000707000000, 0x0000000707200000|  0%| F|  |TAMS 0x0000000707000000, 0x0000000707000000| Untracked 
|  57|0x0000000707200000, 0x0000000707200000, 0x0000000707400000|  0%| F|  |TAMS 0x0000000707200000, 0x0000000707200000| Untracked 
|  58|0x0000000707400000, 0x0000000707400000, 0x0000000707600000|  0%| F|  |TAMS 0x0000000707400000, 0x0000000707400000| Untracked 
|  59|0x0000000707600000, 0x0000000707600000, 0x0000000707800000|  0%| F|  |TAMS 0x0000000707600000, 0x0000000707600000| Untracked 
|  60|0x0000000707800000, 0x0000000707800000, 0x0000000707a00000|  0%| F|  |TAMS 0x0000000707800000, 0x0000000707800000| Untracked 
|  61|0x0000000707a00000, 0x0000000707a00000, 0x0000000707c00000|  0%| F|  |TAMS 0x0000000707a00000, 0x0000000707a00000| Untracked 
|  62|0x0000000707c00000, 0x0000000707c00000, 0x0000000707e00000|  0%| F|  |TAMS 0x0000000707c00000, 0x0000000707c00000| Untracked 
|  63|0x0000000707e00000, 0x0000000707e00000, 0x0000000708000000|  0%| F|  |TAMS 0x0000000707e00000, 0x0000000707e00000| Untracked 
|  64|0x0000000708000000, 0x0000000708000000, 0x0000000708200000|  0%| F|  |TAMS 0x0000000708000000, 0x0000000708000000| Untracked 
|  65|0x0000000708200000, 0x0000000708200000, 0x0000000708400000|  0%| F|  |TAMS 0x0000000708200000, 0x0000000708200000| Untracked 
|  66|0x0000000708400000, 0x0000000708400000, 0x0000000708600000|  0%| F|  |TAMS 0x0000000708400000, 0x0000000708400000| Untracked 
|  67|0x0000000708600000, 0x0000000708600000, 0x0000000708800000|  0%| F|  |TAMS 0x0000000708600000, 0x0000000708600000| Untracked 
|  68|0x0000000708800000, 0x0000000708800000, 0x0000000708a00000|  0%| F|  |TAMS 0x0000000708800000, 0x0000000708800000| Untracked 
|  69|0x0000000708a00000, 0x0000000708a00000, 0x0000000708c00000|  0%| F|  |TAMS 0x0000000708a00000, 0x0000000708a00000| Untracked 
|  70|0x0000000708c00000, 0x0000000708c00000, 0x0000000708e00000|  0%| F|  |TAMS 0x0000000708c00000, 0x0000000708c00000| Untracked 
|  71|0x0000000708e00000, 0x0000000708e00000, 0x0000000709000000|  0%| F|  |TAMS 0x0000000708e00000, 0x0000000708e00000| Untracked 
|  72|0x0000000709000000, 0x0000000709000000, 0x0000000709200000|  0%| F|  |TAMS 0x0000000709000000, 0x0000000709000000| Untracked 
|  73|0x0000000709200000, 0x0000000709200000, 0x0000000709400000|  0%| F|  |TAMS 0x0000000709200000, 0x0000000709200000| Untracked 
|  74|0x0000000709400000, 0x0000000709400000, 0x0000000709600000|  0%| F|  |TAMS 0x0000000709400000, 0x0000000709400000| Untracked 
|  75|0x0000000709600000, 0x0000000709600000, 0x0000000709800000|  0%| F|  |TAMS 0x0000000709600000, 0x0000000709600000| Untracked 
|  76|0x0000000709800000, 0x0000000709800000, 0x0000000709a00000|  0%| F|  |TAMS 0x0000000709800000, 0x0000000709800000| Untracked 
|  77|0x0000000709a00000, 0x0000000709a00000, 0x0000000709c00000|  0%| F|  |TAMS 0x0000000709a00000, 0x0000000709a00000| Untracked 
|  78|0x0000000709c00000, 0x0000000709c00000, 0x0000000709e00000|  0%| F|  |TAMS 0x0000000709c00000, 0x0000000709c00000| Untracked 
|  79|0x0000000709e00000, 0x0000000709e00000, 0x000000070a000000|  0%| F|  |TAMS 0x0000000709e00000, 0x0000000709e00000| Untracked 
|  80|0x000000070a000000, 0x000000070a000000, 0x000000070a200000|  0%| F|  |TAMS 0x000000070a000000, 0x000000070a000000| Untracked 
|  81|0x000000070a200000, 0x000000070a200000, 0x000000070a400000|  0%| F|  |TAMS 0x000000070a200000, 0x000000070a200000| Untracked 
|  82|0x000000070a400000, 0x000000070a400000, 0x000000070a600000|  0%| F|  |TAMS 0x000000070a400000, 0x000000070a400000| Untracked 
|  83|0x000000070a600000, 0x000000070a600000, 0x000000070a800000|  0%| F|  |TAMS 0x000000070a600000, 0x000000070a600000| Untracked 
|  84|0x000000070a800000, 0x000000070a800000, 0x000000070aa00000|  0%| F|  |TAMS 0x000000070a800000, 0x000000070a800000| Untracked 
|  85|0x000000070aa00000, 0x000000070aa00000, 0x000000070ac00000|  0%| F|  |TAMS 0x000000070aa00000, 0x000000070aa00000| Untracked 
|  86|0x000000070ac00000, 0x000000070ac00000, 0x000000070ae00000|  0%| F|  |TAMS 0x000000070ac00000, 0x000000070ac00000| Untracked 
|  87|0x000000070ae00000, 0x000000070ae00000, 0x000000070b000000|  0%| F|  |TAMS 0x000000070ae00000, 0x000000070ae00000| Untracked 
|  88|0x000000070b000000, 0x000000070b000000, 0x000000070b200000|  0%| F|  |TAMS 0x000000070b000000, 0x000000070b000000| Untracked 
|  89|0x000000070b200000, 0x000000070b200000, 0x000000070b400000|  0%| F|  |TAMS 0x000000070b200000, 0x000000070b200000| Untracked 
|  90|0x000000070b400000, 0x000000070b400000, 0x000000070b600000|  0%| F|  |TAMS 0x000000070b400000, 0x000000070b400000| Untracked 
|  91|0x000000070b600000, 0x000000070b600000, 0x000000070b800000|  0%| F|  |TAMS 0x000000070b600000, 0x000000070b600000| Untracked 
|  92|0x000000070b800000, 0x000000070b800000, 0x000000070ba00000|  0%| F|  |TAMS 0x000000070b800000, 0x000000070b800000| Untracked 
|  93|0x000000070ba00000, 0x000000070ba00000, 0x000000070bc00000|  0%| F|  |TAMS 0x000000070ba00000, 0x000000070ba00000| Untracked 
|  94|0x000000070bc00000, 0x000000070bc00000, 0x000000070be00000|  0%| F|  |TAMS 0x000000070bc00000, 0x000000070bc00000| Untracked 
|  95|0x000000070be00000, 0x000000070be00000, 0x000000070c000000|  0%| F|  |TAMS 0x000000070be00000, 0x000000070be00000| Untracked 
|  96|0x000000070c000000, 0x000000070c000000, 0x000000070c200000|  0%| F|  |TAMS 0x000000070c000000, 0x000000070c000000| Untracked 
|  97|0x000000070c200000, 0x000000070c200000, 0x000000070c400000|  0%| F|  |TAMS 0x000000070c200000, 0x000000070c200000| Untracked 
|  98|0x000000070c400000, 0x000000070c400000, 0x000000070c600000|  0%| F|  |TAMS 0x000000070c400000, 0x000000070c400000| Untracked 
|  99|0x000000070c600000, 0x000000070c600000, 0x000000070c800000|  0%| F|  |TAMS 0x000000070c600000, 0x000000070c600000| Untracked 
| 100|0x000000070c800000, 0x000000070c800000, 0x000000070ca00000|  0%| F|  |TAMS 0x000000070c800000, 0x000000070c800000| Untracked 
| 101|0x000000070ca00000, 0x000000070ca00000, 0x000000070cc00000|  0%| F|  |TAMS 0x000000070ca00000, 0x000000070ca00000| Untracked 
| 102|0x000000070cc00000, 0x000000070cc00000, 0x000000070ce00000|  0%| F|  |TAMS 0x000000070cc00000, 0x000000070cc00000| Untracked 
| 103|0x000000070ce00000, 0x000000070ce00000, 0x000000070d000000|  0%| F|  |TAMS 0x000000070ce00000, 0x000000070ce00000| Untracked 
| 104|0x000000070d000000, 0x000000070d000000, 0x000000070d200000|  0%| F|  |TAMS 0x000000070d000000, 0x000000070d000000| Untracked 
| 105|0x000000070d200000, 0x000000070d200000, 0x000000070d400000|  0%| F|  |TAMS 0x000000070d200000, 0x000000070d200000| Untracked 
| 106|0x000000070d400000, 0x000000070d400000, 0x000000070d600000|  0%| F|  |TAMS 0x000000070d400000, 0x000000070d400000| Untracked 
| 107|0x000000070d600000, 0x000000070d600000, 0x000000070d800000|  0%| F|  |TAMS 0x000000070d600000, 0x000000070d600000| Untracked 
| 108|0x000000070d800000, 0x000000070d800000, 0x000000070da00000|  0%| F|  |TAMS 0x000000070d800000, 0x000000070d800000| Untracked 
| 109|0x000000070da00000, 0x000000070da00000, 0x000000070dc00000|  0%| F|  |TAMS 0x000000070da00000, 0x000000070da00000| Untracked 
| 110|0x000000070dc00000, 0x000000070dc00000, 0x000000070de00000|  0%| F|  |TAMS 0x000000070dc00000, 0x000000070dc00000| Untracked 
| 111|0x000000070de00000, 0x000000070de00000, 0x000000070e000000|  0%| F|  |TAMS 0x000000070de00000, 0x000000070de00000| Untracked 
| 112|0x000000070e000000, 0x000000070e000000, 0x000000070e200000|  0%| F|  |TAMS 0x000000070e000000, 0x000000070e000000| Untracked 
| 113|0x000000070e200000, 0x000000070e200000, 0x000000070e400000|  0%| F|  |TAMS 0x000000070e200000, 0x000000070e200000| Untracked 
| 114|0x000000070e400000, 0x000000070e400000, 0x000000070e600000|  0%| F|  |TAMS 0x000000070e400000, 0x000000070e400000| Untracked 
| 115|0x000000070e600000, 0x000000070e600000, 0x000000070e800000|  0%| F|  |TAMS 0x000000070e600000, 0x000000070e600000| Untracked 
| 116|0x000000070e800000, 0x000000070e800000, 0x000000070ea00000|  0%| F|  |TAMS 0x000000070e800000, 0x000000070e800000| Untracked 
| 117|0x000000070ea00000, 0x000000070ea00000, 0x000000070ec00000|  0%| F|  |TAMS 0x000000070ea00000, 0x000000070ea00000| Untracked 
| 118|0x000000070ec00000, 0x000000070ec00000, 0x000000070ee00000|  0%| F|  |TAMS 0x000000070ec00000, 0x000000070ec00000| Untracked 
| 119|0x000000070ee00000, 0x000000070ee00000, 0x000000070f000000|  0%| F|  |TAMS 0x000000070ee00000, 0x000000070ee00000| Untracked 
| 120|0x000000070f000000, 0x000000070f000000, 0x000000070f200000|  0%| F|  |TAMS 0x000000070f000000, 0x000000070f000000| Untracked 
| 121|0x000000070f200000, 0x000000070f200000, 0x000000070f400000|  0%| F|  |TAMS 0x000000070f200000, 0x000000070f200000| Untracked 
| 122|0x000000070f400000, 0x000000070f600000, 0x000000070f600000|100%| E|  |TAMS 0x000000070f400000, 0x000000070f400000| Complete 
| 123|0x000000070f600000, 0x000000070f800000, 0x000000070f800000|100%| E|CS|TAMS 0x000000070f600000, 0x000000070f600000| Complete 
| 124|0x000000070f800000, 0x000000070fa00000, 0x000000070fa00000|100%| E|CS|TAMS 0x000000070f800000, 0x000000070f800000| Complete 
| 125|0x000000070fa00000, 0x000000070fc00000, 0x000000070fc00000|100%| E|CS|TAMS 0x000000070fa00000, 0x000000070fa00000| Complete 
| 126|0x000000070fc00000, 0x000000070fe00000, 0x000000070fe00000|100%| E|CS|TAMS 0x000000070fc00000, 0x000000070fc00000| Complete 
| 127|0x000000070fe00000, 0x0000000710000000, 0x0000000710000000|100%| E|  |TAMS 0x000000070fe00000, 0x000000070fe00000| Complete 
|2046|0x00000007ffc00000, 0x00000007ffd78000, 0x00000007ffe00000| 73%|OA|  |TAMS 0x00000007ffc00000, 0x00000007ffc00000| Untracked 
|2047|0x00000007ffe00000, 0x00000007ffe80000, 0x0000000800000000| 25%|CA|  |TAMS 0x00000007ffe00000, 0x00000007ffe00000| Untracked 

Card table byte_map: [0x000000011b324000,0x000000011bb24000] _byte_map_base: 0x0000000117b24000

Marking Bits (Prev, Next): (CMBitMap*) 0x000000014e02e010, (CMBitMap*) 0x000000014e02e050
 Prev Bits: [0x000000011c324000, 0x0000000120324000)
 Next Bits: [0x0000000120324000, 0x0000000124324000)

Polling page: 0x0000000102b28000

Metaspace:

Usage:
  Non-class:      2.85 MB used.
      Class:    366.41 KB used.
       Both:      3.21 MB used.

Virtual space:
  Non-class space:        8.00 MB reserved,       2.94 MB ( 37%) committed,  1 nodes.
      Class space:        1.00 GB reserved,     448.00 KB ( <1%) committed,  1 nodes.
             Both:        1.01 GB reserved,       3.38 MB ( <1%) committed. 

Chunk freelists:
   Non-Class:  2.88 MB
       Class:  3.55 MB
        Both:  6.42 MB

MaxMetaspaceSize: unlimited
CompressedClassSpaceSize: 1.00 GB
Initial GC threshold: 21.00 MB
Current GC threshold: 21.00 MB
CDS: on
MetaspaceReclaimPolicy: balanced
 - commit_granule_bytes: 65536.
 - commit_granule_words: 8192.
 - virtual_space_node_default_size: 1048576.
 - enlarge_chunks_in_place: 1.
 - new_chunks_are_fully_committed: 0.
 - uncommit_free_chunks: 1.
 - use_allocation_guard: 0.
 - handle_deallocations: 1.


Internal statistics:

num_allocs_failed_limit: 0.
num_arena_births: 74.
num_arena_deaths: 0.
num_vsnodes_births: 2.
num_vsnodes_deaths: 0.
num_space_committed: 54.
num_space_uncommitted: 0.
num_chunks_returned_to_freelist: 0.
num_chunks_taken_from_freelist: 156.
num_chunk_merges: 0.
num_chunk_splits: 97.
num_chunks_enlarged: 65.
num_purges: 0.
num_inconsistent_stats: 0.

CodeHeap 'non-profiled nmethods': size=120032Kb used=211Kb max_used=211Kb free=119820Kb
 bounds [0x0000000113dec000, 0x000000011405c000, 0x000000011b324000]
CodeHeap 'profiled nmethods': size=120016Kb used=1111Kb max_used=1111Kb free=118904Kb
 bounds [0x000000010c8b8000, 0x000000010cb28000, 0x0000000113dec000]
CodeHeap 'non-nmethods': size=5712Kb used=1154Kb max_used=1180Kb free=4557Kb
 bounds [0x000000010c324000, 0x000000010c594000, 0x000000010c8b8000]
 total_blobs=1132 nmethods=656 adapters=393
 compilation: enabled
              stopped_count=0, restarted_count=0
 full_count=0

Compilation events (20 events):
Event: 0.169 Thread 0x000000014c80d000 nmethod 666 0x000000010c9c9210 code [0x000000010c9c93c0, 0x000000010c9c96d8]
Event: 0.173 Thread 0x000000014c80d000  667       3       java.io.FilterInputStream::read (9 bytes)
Event: 0.173 Thread 0x000000014c80d000 nmethod 667 0x000000010c9c9810 code [0x000000010c9c99c0, 0x000000010c9c9bd8]
Event: 0.173 Thread 0x000000014c80d000  668       3       java.security.DigestInputStream::read (39 bytes)
Event: 0.173 Thread 0x000000014c80d000 nmethod 668 0x000000010c9c9c90 code [0x000000010c9c9e40, 0x000000010c9ca208]
Event: 0.173 Thread 0x000000014c80d000  669       3       sun.security.provider.DigestBase::engineUpdate (189 bytes)
Event: 0.174 Thread 0x000000014c80d000 nmethod 669 0x000000010c9ca390 code [0x000000010c9ca680, 0x000000010c9cb328]
Event: 0.174 Thread 0x000000014c80d000  670       3       java.security.MessageDigest::update (45 bytes)
Event: 0.174 Thread 0x000000014c80d000 nmethod 670 0x000000010c9cb710 code [0x000000010c9cb900, 0x000000010c9cbe38]
Event: 0.174 Thread 0x000000014c80d000  671       1       java.lang.invoke.InfoFromMemberName::getReferenceKind (5 bytes)
Event: 0.174 Thread 0x000000014c80d000 nmethod 671 0x0000000113e1ef10 code [0x0000000113e1f080, 0x0000000113e1f168]
Event: 0.175 Thread 0x000000014c80d000  672       3       java.util.zip.ZipFile$Source::getEntryNext (9 bytes)
Event: 0.175 Thread 0x000000014c80d000 nmethod 672 0x000000010c9cc010 code [0x000000010c9cc1c0, 0x000000010c9cc328]
Event: 0.175 Thread 0x000000014c80ca00 nmethod 665 0x0000000113e1f210 code [0x0000000113e1f3c0, 0x0000000113e20180]
Event: 0.207 Thread 0x000000014c80d000  676       3       sun.invoke.util.BytecodeDescriptor::unparseSig (49 bytes)
Event: 0.208 Thread 0x000000014c80d000 nmethod 676 0x000000010c9cc410 code [0x000000010c9cc680, 0x000000010c9ccc98]
Event: 0.208 Thread 0x000000014c80d000  677       3       jdk.internal.org.objectweb.asm.Label::resolve (219 bytes)
Event: 0.208 Thread 0x000000014c80d000 nmethod 677 0x000000010c9ccf10 code [0x000000010c9cd100, 0x000000010c9cd6a8]
Event: 0.245 Thread 0x000000014c80d000  678       3       java.lang.ref.SoftReference::get (29 bytes)
Event: 0.245 Thread 0x000000014c80d000 nmethod 678 0x000000010c9cd910 code [0x000000010c9cdac0, 0x000000010c9cdca8]

GC Heap History (0 events):
No events

Deoptimization events (6 events):
Event: 0.076 Thread 0x000000014e008e00 DEOPT PACKING pc=0x000000010c90321c sp=0x000000016d6e2290
Event: 0.076 Thread 0x000000014e008e00 DEOPT UNPACKING pc=0x000000010c362b7c sp=0x000000016d6e1f00 mode 0
Event: 0.113 Thread 0x000000014c80aa00 Uncommon trap: trap_request=0xffffff45 fr.pc=0x0000000113dfbae8 relative=0x0000000000000528
Event: 0.113 Thread 0x000000014c80aa00 Uncommon trap: reason=unstable_if action=reinterpret pc=0x0000000113dfbae8 method=jdk.internal.module.Checks.isJavaIdentifier(Ljava/lang/String;)Z @ 4 c2
Event: 0.113 Thread 0x000000014c80aa00 DEOPT PACKING pc=0x0000000113dfbae8 sp=0x000000016fee5b60
Event: 0.113 Thread 0x000000014c80aa00 DEOPT UNPACKING pc=0x000000010c362d1c sp=0x000000016fee5af0 mode 2

Classes unloaded (0 events):
No events

Classes redefined (0 events):
No events

Internal exceptions (7 events):
Event: 0.026 Thread 0x000000014e008e00 Exception <a 'java/lang/NoSuchMethodError'{0x000000070fe60ec0}: 'void java.lang.invoke.DirectMethodHandle$Holder.invokeVirtual(java.lang.Object, java.lang.Object)'> (0x000000070fe60ec0) 
thrown [open/src/hotspot/share/interpreter/linkResolver.cpp, line 759]
Event: 0.069 Thread 0x000000014d065a00 Exception <a 'java/lang/NoSuchMethodError'{0x000000070fa74018}: 'java.lang.Object java.lang.invoke.DirectMethodHandle$Holder.invokeStaticInit(java.lang.Object)'> (0x000000070fa74018) 
thrown [open/src/hotspot/share/interpreter/linkResolver.cpp, line 759]
Event: 0.071 Thread 0x000000014d065a00 Exception <a 'java/lang/ClassNotFoundException'{0x000000070fa7ef38}: jdk/net/ExtendedSocketOptions> (0x000000070fa7ef38) 
thrown [open/src/hotspot/share/classfile/systemDictionary.cpp, line 256]
Event: 0.073 Thread 0x000000014e008e00 Exception <a 'java/lang/NoSuchMethodError'{0x000000070fb15318}: 'void java.lang.invoke.DirectMethodHandle$Holder.invokeStatic(java.lang.Object, java.lang.Object)'> (0x000000070fb15318) 
thrown [open/src/hotspot/share/interpreter/linkResolver.cpp, line 759]
Event: 0.097 Thread 0x000000014e008e00 Exception <a 'java/lang/NoSuchMethodError'{0x000000070f9a7738}: 'void java.lang.invoke.DirectMethodHandle$Holder.invokeSpecial(java.lang.Object, java.lang.Object, java.lang.Object)'> (0x000000070f9a7738) 
thrown [open/src/hotspot/share/interpreter/linkResolver.cpp, line 759]
Event: 0.102 Thread 0x000000014e008e00 Exception <a 'java/lang/NoSuchMethodError'{0x000000070f9e3d40}: 'void java.lang.invoke.DirectMethodHandle$Holder.invokeStatic(java.lang.Object, java.lang.Object, java.lang.Object)'> (0x000000070f9e3d40) 
thrown [open/src/hotspot/share/interpreter/linkResolver.cpp, line 759]
Event: 0.162 Thread 0x000000014e008e00 Exception <a 'java/lang/NoSuchMethodError'{0x000000070f7c61c8}: 'int java.lang.invoke.DirectMethodHandle$Holder.invokeStaticInit(java.lang.Object, java.lang.Object, java.lang.Object)'> (0x000000070f7c61c8) 
thrown [open/src/hotspot/share/interpreter/linkResolver.cpp, line 759]

VM Operations (6 events):
Event: 0.048 Executing VM operation: HandshakeAllThreads
Event: 0.048 Executing VM operation: HandshakeAllThreads done
Event: 0.048 Executing VM operation: HandshakeAllThreads
Event: 0.048 Executing VM operation: HandshakeAllThreads done
Event: 0.068 Executing VM operation: HandshakeAllThreads
Event: 0.068 Executing VM operation: HandshakeAllThreads done

Events (20 events):
Event: 0.160 loading class java/util/concurrent/locks/AbstractQueuedSynchronizer$ConditionNode
Event: 0.160 loading class java/util/concurrent/ForkJoinPool$ManagedBlocker
Event: 0.160 loading class java/util/concurrent/ForkJoinPool$ManagedBlocker done
Event: 0.160 loading class java/util/concurrent/locks/AbstractQueuedSynchronizer$ConditionNode done
Event: 0.166 Loading shared library /Users/josh/.m2/repository/org/openjfx/javafx-graphics/17.0.1/libglass.dylib failed, dlopen(/Users/josh/.m2/repository/org/openjfx/javafx-graphics/17.0.1/libglass.dylib, 0x0001): tried: '/Users/josh/.m2/repository/org/openjfx/javafx
Event: 0.174 Loaded shared library /Users/josh/.openjfx/cache/17.0.1/libglass.dylib
Event: 0.175 loading class java/util/concurrent/BlockingDeque
Event: 0.175 loading class java/util/concurrent/BlockingDeque done
Event: 0.175 loading class java/util/concurrent/LinkedBlockingDeque
Event: 0.175 loading class java/util/concurrent/LinkedBlockingDeque done
Event: 0.175 Thread 0x000000014c0a0600 Thread added: 0x000000014c0a0600
Event: 0.175 Protecting memory [0x0000000178004000,0x0000000178010000] with protection modes 0
Event: 0.176 Protecting memory [0x000000016cc60000,0x000000016cc6c000] with protection modes 0
Event: 0.176 Thread 0x000000014c0ad400 Thread added: 0x000000014c0ad400
Event: 0.208 Thread 0x000000014d1f1000 Thread added: 0x000000014d1f1000
Event: 0.208 Protecting memory [0x0000000178210000,0x000000017821c000] with protection modes 0
Event: 0.245 loading class java/util/concurrent/LinkedBlockingDeque$Node
Event: 0.245 loading class java/util/concurrent/LinkedBlockingDeque$Node done
Event: 0.245 Protecting memory [0x0000000178210000,0x000000017821c000] with protection modes 3
Event: 0.245 Thread 0x000000014d1f1000 Thread exited: 0x000000014d1f1000


Dynamic libraries:
0x0000000102ad8000 	/Library/Java/JavaVirtualMachines/jdk-17.0.4.jdk/Contents/Home/lib/libjli.dylib
0x00000001a4ca6000 	/usr/lib/libz.1.dylib
0x00000001a4d5d000 	/usr/lib/libSystem.B.dylib
0x00000001a4d57000 	/usr/lib/system/libcache.dylib
0x00000001a4d15000 	/usr/lib/system/libcommonCrypto.dylib
0x00000001a4d3e000 	/usr/lib/system/libcompiler_rt.dylib
0x00000001a4d35000 	/usr/lib/system/libcopyfile.dylib
0x0000000199f83000 	/usr/lib/system/libcorecrypto.dylib
0x000000019a038000 	/usr/lib/system/libdispatch.dylib
0x000000019a206000 	/usr/lib/system/libdyld.dylib
0x00000001a4d4d000 	/usr/lib/system/libkeymgr.dylib
0x00000001a4cf0000 	/usr/lib/system/libmacho.dylib
0x00000001a43e0000 	/usr/lib/system/libquarantine.dylib
0x00000001a4d4a000 	/usr/lib/system/libremovefile.dylib
0x000000019f37c000 	/usr/lib/system/libsystem_asl.dylib
0x0000000199f25000 	/usr/lib/system/libsystem_blocks.dylib
0x000000019a0c0000 	/usr/lib/system/libsystem_c.dylib
0x00000001a4d42000 	/usr/lib/system/libsystem_collections.dylib
0x00000001a3875000 	/usr/lib/system/libsystem_configuration.dylib
0x00000001a2ad1000 	/usr/lib/system/libsystem_containermanager.dylib
0x00000001a4a4d000 	/usr/lib/system/libsystem_coreservices.dylib
0x000000019c936000 	/usr/lib/system/libsystem_darwin.dylib
0x00000001a4d4e000 	/usr/lib/system/libsystem_dnssd.dylib
0x000000019a0bd000 	/usr/lib/system/libsystem_featureflags.dylib
0x000000019a21b000 	/usr/lib/system/libsystem_info.dylib
0x00000001a4cb8000 	/usr/lib/system/libsystem_m.dylib
0x000000019a00d000 	/usr/lib/system/libsystem_malloc.dylib
0x000000019f30a000 	/usr/lib/system/libsystem_networkextension.dylib
0x000000019cd8f000 	/usr/lib/system/libsystem_notify.dylib
0x00000001ab0b0000 	/usr/lib/system/libsystem_product_info_filter.dylib
0x00000001a387a000 	/usr/lib/system/libsystem_sandbox.dylib
0x00000001a4d47000 	/usr/lib/system/libsystem_secinit.dylib
0x000000019a1c1000 	/usr/lib/system/libsystem_kernel.dylib
0x000000019a213000 	/usr/lib/system/libsystem_platform.dylib
0x000000019a1f9000 	/usr/lib/system/libsystem_pthread.dylib
0x00000001a0adc000 	/usr/lib/system/libsystem_symptoms.dylib
0x0000000199f69000 	/usr/lib/system/libsystem_trace.dylib
0x00000001a4d22000 	/usr/lib/system/libunwind.dylib
0x0000000199f27000 	/usr/lib/system/libxpc.dylib
0x000000019a1a9000 	/usr/lib/libc++abi.dylib
0x000000019a07f000 	/usr/lib/libobjc.A.dylib
0x00000001a4d2d000 	/usr/lib/liboah.dylib
0x000000019a142000 	/usr/lib/libc++.1.dylib
0x00000001b0bd6000 	/System/Library/Frameworks/Cocoa.framework/Versions/A/Cocoa
0x000000019cdf0000 	/System/Library/Frameworks/AppKit.framework/Versions/C/AppKit
0x00000001a0303000 	/System/Library/Frameworks/CoreData.framework/Versions/A/CoreData
0x000000019b14b000 	/System/Library/Frameworks/Foundation.framework/Versions/C/Foundation
0x000000019dca8000 	/System/Library/PrivateFrameworks/UIFoundation.framework/Versions/A/UIFoundation
0x00000001aadaa000 	/System/Library/PrivateFrameworks/RemoteViewServices.framework/Versions/A/RemoteViewServices
0x00000001a321d000 	/System/Library/PrivateFrameworks/XCTTargetBootstrap.framework/Versions/A/XCTTargetBootstrap
0x00000001a6a9d000 	/System/Library/PrivateFrameworks/InternationalSupport.framework/Versions/A/InternationalSupport
0x00000001a6b26000 	/System/Library/PrivateFrameworks/UserActivity.framework/Versions/A/UserActivity
0x00000001a5f94000 	/usr/lib/libspindump.dylib
0x000000019df19000 	/System/Library/Frameworks/UniformTypeIdentifiers.framework/Versions/A/UniformTypeIdentifiers
0x00000001a1767000 	/usr/lib/libapp_launch_measurement.dylib
0x00000001a0c8e000 	/System/Library/PrivateFrameworks/CoreAnalytics.framework/Versions/A/CoreAnalytics
0x00000001a176a000 	/System/Library/PrivateFrameworks/CoreAutoLayout.framework/Versions/A/CoreAutoLayout
0x00000001a2b0e000 	/System/Library/Frameworks/Metal.framework/Versions/A/Metal
0x00000001a3885000 	/usr/lib/liblangid.dylib
0x00000001a3222000 	/System/Library/PrivateFrameworks/CoreSVG.framework/Versions/A/CoreSVG
0x000000019f3b0000 	/System/Library/PrivateFrameworks/SkyLight.framework/Versions/A/SkyLight
0x000000019f789000 	/System/Library/Frameworks/CoreGraphics.framework/Versions/A/CoreGraphics
0x00000001ab476000 	/System/Library/Frameworks/Accelerate.framework/Versions/A/Accelerate
0x00000001a5a0b000 	/System/Library/PrivateFrameworks/IconServices.framework/Versions/A/IconServices
0x00000001a2af0000 	/System/Library/Frameworks/IOSurface.framework/Versions/A/IOSurface
0x00000001a0cbf000 	/usr/lib/libDiagnosticMessagesClient.dylib
0x00000001ae977000 	/System/Library/Frameworks/ApplicationServices.framework/Versions/A/ApplicationServices
0x00000001a3205000 	/System/Library/PrivateFrameworks/DFRFoundation.framework/Versions/A/DFRFoundation
0x000000019c680000 	/usr/lib/libicucore.A.dylib
0x00000001a794a000 	/System/Library/Frameworks/AudioToolbox.framework/Versions/A/AudioToolbox
0x00000001a6aa9000 	/System/Library/PrivateFrameworks/DataDetectorsCore.framework/Versions/A/DataDetectorsCore
0x00000001bd4a3000 	/System/Library/PrivateFrameworks/TextInput.framework/Versions/A/TextInput
0x000000019f325000 	/usr/lib/libMobileGestalt.dylib
0x00000001a2ed1000 	/System/Library/Frameworks/Carbon.framework/Versions/A/Frameworks/HIToolbox.framework/Versions/A/HIToolbox
0x00000001a113f000 	/System/Library/Frameworks/QuartzCore.framework/Versions/A/QuartzCore
0x000000019c301000 	/System/Library/Frameworks/Security.framework/Versions/A/Security
0x00000001aadea000 	/System/Library/Frameworks/Carbon.framework/Versions/A/Frameworks/SpeechRecognition.framework/Versions/A/SpeechRecognition
0x00000001a14bd000 	/System/Library/PrivateFrameworks/CoreUI.framework/Versions/A/CoreUI
0x000000019bbdd000 	/System/Library/Frameworks/CoreAudio.framework/Versions/A/CoreAudio
0x00000001a0db3000 	/System/Library/Frameworks/DiskArbitration.framework/Versions/A/DiskArbitration
0x00000001a639e000 	/System/Library/PrivateFrameworks/MultitouchSupport.framework/Versions/A/MultitouchSupport
0x000000019f323000 	/usr/lib/libenergytrace.dylib
0x000000019ccb8000 	/System/Library/Frameworks/IOKit.framework/Versions/A/IOKit
0x00000001ab1d9000 	/System/Library/Frameworks/CoreServices.framework/Versions/A/CoreServices
0x00000001a16f7000 	/System/Library/PrivateFrameworks/PerformanceAnalysis.framework/Versions/A/PerformanceAnalysis
0x00000001fb8db000 	/System/Library/Frameworks/OpenGL.framework/Versions/A/OpenGL
0x00000001a42f8000 	/System/Library/PrivateFrameworks/MobileKeyBag.framework/Versions/A/MobileKeyBag
0x000000019fd97000 	/System/Library/Frameworks/ColorSync.framework/Versions/A/ColorSync
0x000000019a248000 	/System/Library/Frameworks/CoreFoundation.framework/Versions/A/CoreFoundation
0x00000001a34a1000 	/System/Library/Frameworks/CoreImage.framework/Versions/A/CoreImage
0x000000019ba01000 	/System/Library/Frameworks/CoreText.framework/Versions/A/CoreText
0x00000001a3252000 	/System/Library/Frameworks/ImageIO.framework/Versions/A/ImageIO
0x00000001a4d63000 	/System/Library/PrivateFrameworks/SoftLinking.framework/Versions/A/SoftLinking
0x00000001a17b5000 	/usr/lib/libxml2.2.dylib
0x00000001a4ffc000 	/usr/lib/libcompression.dylib
0x00000001a69f9000 	/System/Library/PrivateFrameworks/TextureIO.framework/Versions/A/TextureIO
0x00000001a5724000 	/usr/lib/libate.dylib
0x00000001a55e9000 	/usr/lib/liblzma.5.dylib
0x000000019ae3e000 	/System/Library/Frameworks/SystemConfiguration.framework/Versions/A/SystemConfiguration
0x00000001a4d5f000 	/usr/lib/libfakelink.dylib
0x000000019ee55000 	/System/Library/Frameworks/CFNetwork.framework/Versions/A/CFNetwork
0x00000001a4ea5000 	/usr/lib/libarchive.2.dylib
0x00000001a3881000 	/System/Library/PrivateFrameworks/AppleSystemInfo.framework/Versions/A/AppleSystemInfo
0x00000001a440b000 	/usr/lib/libbsm.0.dylib
0x000000019e3c2000 	/usr/lib/libnetwork.dylib
0x00000001a4cf9000 	/usr/lib/system/libkxld.dylib
0x00000001a4025000 	/System/Library/PrivateFrameworks/IOMobileFramebuffer.framework/Versions/A/IOMobileFramebuffer
0x00000002195a4000 	/usr/lib/libCoreEntitlements.dylib
0x00000001a4a2f000 	/System/Library/PrivateFrameworks/AppleFSCompression.framework/Versions/A/AppleFSCompression
0x00000001a43f3000 	/usr/lib/libcoretls.dylib
0x00000001a5602000 	/usr/lib/libcoretls_cfhelpers.dylib
0x00000001a4ff7000 	/usr/lib/libpam.2.dylib
0x00000001a06f3000 	/usr/lib/libsqlite3.dylib
0x00000001a566b000 	/usr/lib/libxar.1.dylib
0x00000001a4a40000 	/usr/lib/libbz2.1.0.dylib
0x00000001a4d64000 	/usr/lib/libpcap.A.dylib
0x00000001a0ad3000 	/usr/lib/libdns_services.dylib
0x00000001a4fca000 	/usr/lib/libapple_nghttp2.dylib
0x00000001a4da1000 	/usr/lib/libiconv.2.dylib
0x00000001a4cef000 	/usr/lib/libcharset.1.dylib
0x00000001a1733000 	/System/Library/Frameworks/CoreServices.framework/Versions/A/Frameworks/FSEvents.framework/Versions/A/FSEvents
0x000000019c941000 	/System/Library/Frameworks/CoreServices.framework/Versions/A/Frameworks/CarbonCore.framework/Versions/A/CarbonCore
0x00000001a0d13000 	/System/Library/Frameworks/CoreServices.framework/Versions/A/Frameworks/Metadata.framework/Versions/A/Metadata
0x00000001a4a53000 	/System/Library/Frameworks/CoreServices.framework/Versions/A/Frameworks/OSServices.framework/Versions/A/OSServices
0x00000001a4f2b000 	/System/Library/Frameworks/CoreServices.framework/Versions/A/Frameworks/SearchKit.framework/Versions/A/SearchKit
0x00000001a0a62000 	/System/Library/Frameworks/CoreServices.framework/Versions/A/Frameworks/AE.framework/Versions/A/AE
0x000000019a78f000 	/System/Library/Frameworks/CoreServices.framework/Versions/A/Frameworks/LaunchServices.framework/Versions/A/LaunchServices
0x00000001a5592000 	/System/Library/Frameworks/CoreServices.framework/Versions/A/Frameworks/DictionaryServices.framework/Versions/A/DictionaryServices
0x00000001a1740000 	/System/Library/Frameworks/CoreServices.framework/Versions/A/Frameworks/SharedFileList.framework/Versions/A/SharedFileList
0x00000001a43e3000 	/usr/lib/libCheckFix.dylib
0x000000019f394000 	/System/Library/PrivateFrameworks/TCC.framework/Versions/A/TCC
0x00000001a3887000 	/System/Library/PrivateFrameworks/CoreNLP.framework/Versions/A/CoreNLP
0x00000001a0cc2000 	/System/Library/PrivateFrameworks/MetadataUtilities.framework/Versions/A/MetadataUtilities
0x000000019aef8000 	/usr/lib/libmecabra.dylib
0x00000001a441c000 	/usr/lib/libmecab.dylib
0x000000019aec4000 	/usr/lib/libCRFSuite.dylib
0x00000001a4479000 	/usr/lib/libgermantok.dylib
0x00000001a4fa3000 	/usr/lib/libThaiTokenizer.dylib
0x00000001a0dbb000 	/System/Library/Frameworks/Accelerate.framework/Versions/A/Frameworks/vImage.framework/Versions/A/vImage
0x00000001ab1b0000 	/System/Library/Frameworks/Accelerate.framework/Versions/A/Frameworks/vecLib.framework/Versions/A/vecLib
0x00000001a56b0000 	/System/Library/Frameworks/Accelerate.framework/Versions/A/Frameworks/vecLib.framework/Versions/A/libvMisc.dylib
0x00000001a3f2c000 	/System/Library/Frameworks/Accelerate.framework/Versions/A/Frameworks/vecLib.framework/Versions/A/libvDSP.dylib
0x000000019ab19000 	/System/Library/Frameworks/Accelerate.framework/Versions/A/Frameworks/vecLib.framework/Versions/A/libBLAS.dylib
0x00000001a50cd000 	/System/Library/Frameworks/Accelerate.framework/Versions/A/Frameworks/vecLib.framework/Versions/A/libLAPACK.dylib
0x00000001a447c000 	/System/Library/Frameworks/Accelerate.framework/Versions/A/Frameworks/vecLib.framework/Versions/A/libLinearAlgebra.dylib
0x00000001a4fe2000 	/System/Library/Frameworks/Accelerate.framework/Versions/A/Frameworks/vecLib.framework/Versions/A/libSparseBLAS.dylib
0x00000001a50c8000 	/System/Library/Frameworks/Accelerate.framework/Versions/A/Frameworks/vecLib.framework/Versions/A/libQuadrature.dylib
0x00000001a3980000 	/System/Library/Frameworks/Accelerate.framework/Versions/A/Frameworks/vecLib.framework/Versions/A/libBNNS.dylib
0x000000019add7000 	/System/Library/Frameworks/Accelerate.framework/Versions/A/Frameworks/vecLib.framework/Versions/A/libSparse.dylib
0x00000001a3978000 	/System/Library/PrivateFrameworks/LinguisticData.framework/Versions/A/LinguisticData
0x000000019ad8f000 	/System/Library/PrivateFrameworks/Lexicon.framework/Versions/A/Lexicon
0x00000001a56a8000 	/usr/lib/libChineseTokenizer.dylib
0x000000019b53d000 	/System/Library/PrivateFrameworks/LanguageModeling.framework/Versions/A/LanguageModeling
0x00000001a4fa5000 	/System/Library/PrivateFrameworks/AppleSauce.framework/Versions/A/AppleSauce
0x00000001a4012000 	/System/Library/PrivateFrameworks/CoreEmoji.framework/Versions/A/CoreEmoji
0x00000001a4e93000 	/usr/lib/libcmph.dylib
0x00000001a1713000 	/System/Library/Frameworks/OpenDirectory.framework/Versions/A/Frameworks/CFOpenDirectory.framework/Versions/A/CFOpenDirectory
0x00000001a1703000 	/System/Library/Frameworks/OpenDirectory.framework/Versions/A/OpenDirectory
0x00000001a5604000 	/System/Library/PrivateFrameworks/APFS.framework/Versions/A/APFS
0x00000001a4333000 	/System/Library/Frameworks/SecurityFoundation.framework/Versions/A/SecurityFoundation
0x00000001a567a000 	/usr/lib/libutil.dylib
0x000000019cc7a000 	/System/Library/PrivateFrameworks/CoreServicesStore.framework/Versions/A/CoreServicesStore
0x00000001a567e000 	/usr/lib/libxslt.1.dylib
0x00000001a43c7000 	/System/Library/PrivateFrameworks/BackgroundTaskManagement.framework/Versions/A/BackgroundTaskManagement
0x00000001a691a000 	/System/Library/Frameworks/ImageIO.framework/Versions/A/Resources/libRadiance.dylib
0x00000001a6923000 	/System/Library/Frameworks/ImageIO.framework/Versions/A/Resources/libJPEG.dylib
0x00000001a6876000 	/System/Library/Frameworks/ImageIO.framework/Versions/A/Resources/libPng.dylib
0x00000001a6898000 	/System/Library/Frameworks/ImageIO.framework/Versions/A/Resources/libTIFF.dylib
0x00000001a697e000 	/System/Library/Frameworks/ImageIO.framework/Versions/A/Resources/libGIF.dylib
0x00000001a62ae000 	/System/Library/Frameworks/ImageIO.framework/Versions/A/Resources/libJP2.dylib
0x00000001a59d0000 	/usr/lib/libexpat.1.dylib
0x00000001a6269000 	/System/Library/PrivateFrameworks/AppleJPEG.framework/Versions/A/AppleJPEG
0x00000001a2d8d000 	/System/Library/PrivateFrameworks/FontServices.framework/libFontParser.dylib
0x00000001a0a07000 	/System/Library/PrivateFrameworks/RunningBoardServices.framework/Versions/A/RunningBoardServices
0x00000001b12ac000 	/System/Library/PrivateFrameworks/IOSurfaceAccelerator.framework/Versions/A/IOSurfaceAccelerator
0x00000001a639a000 	/System/Library/PrivateFrameworks/WatchdogClient.framework/Versions/A/WatchdogClient
0x000000019b63d000 	/System/Library/Frameworks/CoreDisplay.framework/Versions/A/CoreDisplay
0x00000001a2c77000 	/System/Library/Frameworks/CoreMedia.framework/Versions/A/CoreMedia
0x00000001a2b04000 	/System/Library/PrivateFrameworks/IOAccelerator.framework/Versions/A/IOAccelerator
0x00000001a18a3000 	/System/Library/Frameworks/CoreVideo.framework/Versions/A/CoreVideo
0x00000001a4ff5000 	/System/Library/Frameworks/MetalPerformanceShaders.framework/Versions/A/MetalPerformanceShaders
0x00000001a63d9000 	/System/Library/Frameworks/VideoToolbox.framework/Versions/A/VideoToolbox
0x00000001a094b000 	/System/Library/PrivateFrameworks/BaseBoard.framework/Versions/A/BaseBoard
0x00000001a06d9000 	/System/Library/PrivateFrameworks/ProtocolBuffer.framework/Versions/A/ProtocolBuffer
0x00000001a6915000 	/System/Library/PrivateFrameworks/GPUWrangler.framework/Versions/A/GPUWrangler
0x00000001a68f5000 	/System/Library/PrivateFrameworks/IOPresentment.framework/Versions/A/IOPresentment
0x00000001a691d000 	/System/Library/PrivateFrameworks/DSExternalDisplay.framework/Versions/A/DSExternalDisplay
0x00000001fb8ce000 	/System/Library/Frameworks/OpenGL.framework/Versions/A/Libraries/libCoreFSCache.dylib
0x0000000206094000 	/System/Library/PrivateFrameworks/GPUCompiler.framework/Versions/31001/Libraries/libGPUCompilerUtils.dylib
0x00000001a6983000 	/System/Library/PrivateFrameworks/CMCaptureCore.framework/Versions/A/CMCaptureCore
0x00000001a5f81000 	/System/Library/PrivateFrameworks/AppServerSupport.framework/Versions/A/AppServerSupport
0x00000001a8207000 	/System/Library/PrivateFrameworks/perfdata.framework/Versions/A/perfdata
0x000000019b75d000 	/System/Library/PrivateFrameworks/AudioToolboxCore.framework/Versions/A/AudioToolboxCore
0x00000001a2c50000 	/System/Library/PrivateFrameworks/caulk.framework/Versions/A/caulk
0x00000001a7afc000 	/usr/lib/libAudioStatistics.dylib
0x00000001b9afb000 	/System/Library/PrivateFrameworks/SystemPolicy.framework/Versions/A/SystemPolicy
0x00000001a7d68000 	/usr/lib/libSMC.dylib
0x00000001b0ab4000 	/System/Library/Frameworks/CoreMIDI.framework/Versions/A/CoreMIDI
0x00000001a6844000 	/usr/lib/libAudioToolboxUtility.dylib
0x00000001b5c6b000 	/System/Library/PrivateFrameworks/OSAServicesClient.framework/Versions/A/OSAServicesClient
0x00000001a8214000 	/usr/lib/libperfcheck.dylib
0x00000001ba617000 	/usr/lib/libmis.dylib
0x00000001fb930000 	/System/Library/Frameworks/OpenGL.framework/Versions/A/Libraries/libGLU.dylib
0x00000001fb8ef000 	/System/Library/Frameworks/OpenGL.framework/Versions/A/Libraries/libGFXShared.dylib
0x00000001fbadc000 	/System/Library/Frameworks/OpenGL.framework/Versions/A/Libraries/libGL.dylib
0x00000001fb8f8000 	/System/Library/Frameworks/OpenGL.framework/Versions/A/Libraries/libGLImage.dylib
0x00000001fb8ec000 	/System/Library/Frameworks/OpenGL.framework/Versions/A/Libraries/libCVMSPluginSupport.dylib
0x00000001fb8d5000 	/System/Library/Frameworks/OpenGL.framework/Versions/A/Libraries/libCoreVMClient.dylib
0x00000001a3801000 	/System/Library/Frameworks/MetalPerformanceShaders.framework/Versions/A/Frameworks/MPSCore.framework/Versions/A/MPSCore
0x00000001a49a2000 	/System/Library/Frameworks/MetalPerformanceShaders.framework/Versions/A/Frameworks/MPSImage.framework/Versions/A/MPSImage
0x00000001a4491000 	/System/Library/Frameworks/MetalPerformanceShaders.framework/Versions/A/Frameworks/MPSNeuralNetwork.framework/Versions/A/MPSNeuralNetwork
0x00000001a48ca000 	/System/Library/Frameworks/MetalPerformanceShaders.framework/Versions/A/Frameworks/MPSMatrix.framework/Versions/A/MPSMatrix
0x00000001a46a3000 	/System/Library/Frameworks/MetalPerformanceShaders.framework/Versions/A/Frameworks/MPSRayIntersector.framework/Versions/A/MPSRayIntersector
0x00000001a48fb000 	/System/Library/Frameworks/MetalPerformanceShaders.framework/Versions/A/Frameworks/MPSNDArray.framework/Versions/A/MPSNDArray
0x00000001fdcf7000 	/System/Library/Frameworks/MetalPerformanceShaders.framework/Versions/A/Frameworks/MPSFunctions.framework/Versions/A/MPSFunctions
0x000000019a9f0000 	/System/Library/PrivateFrameworks/MetalTools.framework/Versions/A/MetalTools
0x00000001a387f000 	/System/Library/PrivateFrameworks/AggregateDictionary.framework/Versions/A/AggregateDictionary
0x00000001a57b5000 	/usr/lib/libIOReport.dylib
0x00000001afad1000 	/System/Library/PrivateFrameworks/ASEProcessing.framework/Versions/A/ASEProcessing
0x00000001a5b2a000 	/System/Library/PrivateFrameworks/FaceCore.framework/Versions/A/FaceCore
0x00000001a5b1c000 	/System/Library/PrivateFrameworks/GraphVisualizer.framework/Versions/A/GraphVisualizer
0x0000000205fab000 	/System/Library/PrivateFrameworks/FontServices.framework/Versions/A/FontServices
0x00000001a5f3d000 	/System/Library/PrivateFrameworks/OTSVG.framework/Versions/A/OTSVG
0x00000001a146d000 	/System/Library/Frameworks/ApplicationServices.framework/Versions/A/Frameworks/ATS.framework/Versions/A/Resources/libFontRegistry.dylib
0x00000001a5f8a000 	/System/Library/PrivateFrameworks/FontServices.framework/libhvf.dylib
0x0000000205fac000 	/System/Library/PrivateFrameworks/FontServices.framework/libXTFontStaticRegistryData.dylib
0x00000001fbc7d000 	/System/Library/Frameworks/OpenCL.framework/Versions/A/OpenCL
0x00000001a5984000 	/System/Library/PrivateFrameworks/AppleVA.framework/Versions/A/AppleVA
0x00000001a7b24000 	/System/Library/Frameworks/ApplicationServices.framework/Versions/A/Frameworks/ATS.framework/Versions/A/ATS
0x000000019fe96000 	/System/Library/Frameworks/ApplicationServices.framework/Versions/A/Frameworks/HIServices.framework/Versions/A/HIServices
0x00000001a698d000 	/System/Library/Frameworks/ApplicationServices.framework/Versions/A/Frameworks/PrintCore.framework/Versions/A/PrintCore
0x00000001a7ebb000 	/System/Library/Frameworks/ApplicationServices.framework/Versions/A/Frameworks/QD.framework/Versions/A/QD
0x00000001a7eb3000 	/System/Library/Frameworks/ApplicationServices.framework/Versions/A/Frameworks/ColorSyncLegacy.framework/Versions/A/ColorSyncLegacy
0x00000001a7b10000 	/System/Library/Frameworks/ApplicationServices.framework/Versions/A/Frameworks/SpeechSynthesis.framework/Versions/A/SpeechSynthesis
0x00000001a694e000 	/System/Library/Frameworks/ApplicationServices.framework/Versions/A/Frameworks/ATSUI.framework/Versions/A/ATSUI
0x00000001a7e48000 	/usr/lib/libcups.2.dylib
0x00000001a8222000 	/System/Library/Frameworks/Kerberos.framework/Versions/A/Kerberos
0x00000001a8233000 	/System/Library/Frameworks/GSS.framework/Versions/A/GSS
0x00000001a7b94000 	/usr/lib/libresolv.9.dylib
0x00000001a5f99000 	/System/Library/PrivateFrameworks/Heimdal.framework/Versions/A/Heimdal
0x00000001aed07000 	/System/Library/Frameworks/Kerberos.framework/Versions/A/Libraries/libHeimdalProxy.dylib
0x00000001a0ae5000 	/System/Library/Frameworks/Network.framework/Versions/A/Network
0x00000001a59eb000 	/usr/lib/libheimdal-asn1.dylib
0x00000001a8283000 	/System/Library/PrivateFrameworks/CommonAuth.framework/Versions/A/CommonAuth
0x00000001a7a8a000 	/System/Library/PrivateFrameworks/AudioSession.framework/Versions/A/AudioSession
0x00000001a5a7d000 	/System/Library/PrivateFrameworks/MediaExperience.framework/Versions/A/MediaExperience
0x00000001a7910000 	/System/Library/PrivateFrameworks/AudioSession.framework/libSessionUtility.dylib
0x00000001a7ec7000 	/System/Library/PrivateFrameworks/AudioResourceArbitration.framework/Versions/A/AudioResourceArbitration
0x00000001ac08d000 	/System/Library/PrivateFrameworks/PowerLog.framework/Versions/A/PowerLog
0x00000001a59f5000 	/System/Library/PrivateFrameworks/IconFoundation.framework/Versions/A/IconFoundation
0x00000001aadd6000 	/System/Library/PrivateFrameworks/SpeechRecognitionCore.framework/Versions/A/SpeechRecognitionCore
0x0000000103c38000 	/Library/Java/JavaVirtualMachines/jdk-17.0.4.jdk/Contents/Home/lib/server/libjvm.dylib
0x0000000102b3c000 	/Library/Java/JavaVirtualMachines/jdk-17.0.4.jdk/Contents/Home/lib/libjimage.dylib
0x0000000102b68000 	/Library/Java/JavaVirtualMachines/jdk-17.0.4.jdk/Contents/Home/lib/libinstrument.dylib
0x0000000102bb4000 	/Library/Java/JavaVirtualMachines/jdk-17.0.4.jdk/Contents/Home/lib/libjava.dylib
0x0000000102c28000 	/Library/Java/JavaVirtualMachines/jdk-17.0.4.jdk/Contents/Home/lib/libnio.dylib
0x0000000102c48000 	/Library/Java/JavaVirtualMachines/jdk-17.0.4.jdk/Contents/Home/lib/libnet.dylib
0x0000000102b9c000 	/Library/Java/JavaVirtualMachines/jdk-17.0.4.jdk/Contents/Home/lib/libzip.dylib
0x0000000102c6c000 	/Users/josh/.openjfx/cache/17.0.1/libprism_es2.dylib
0x000000019cc3d000 	/System/Library/PrivateFrameworks/CoreServicesInternal.framework/Versions/A/CoreServicesInternal
0x00000001fbae6000 	/System/Library/Frameworks/OpenGL.framework/Versions/A/Resources/GLEngine.bundle/GLEngine
0x00000001fb96e000 	/System/Library/Frameworks/OpenGL.framework/Versions/A/Libraries/libGLProgrammability.dylib
0x0000000103ac0000 	/System/Library/Extensions/AppleMetalOpenGLRenderer.bundle/Contents/MacOS/AppleMetalOpenGLRenderer
0x00000001fbc55000 	/System/Library/Frameworks/OpenGL.framework/Versions/A/Resources/GLRendererFloat.bundle/GLRendererFloat
0x00000001fbd55000 	/System/Library/Extensions/AGXMetal13_3.bundle/Contents/MacOS/AGXMetal13_3
0x00000001ba633000 	/System/Library/PrivateFrameworks/GPURawCounter.framework/Versions/A/GPURawCounter
0x00000001b4dd4000 	/System/Library/PrivateFrameworks/IOGPU.framework/Versions/A/IOGPU
0x0000000103a58000 	/Users/josh/.openjfx/cache/17.0.1/libglass.dylib
0x00000001ac2e5000 	/System/Library/Frameworks/FileProvider.framework/Versions/A/FileProvider
0x00000001a08b3000 	/System/Library/Frameworks/Accounts.framework/Versions/A/Accounts
0x00000001ac469000 	/System/Library/PrivateFrameworks/GenerationalStorage.framework/Versions/A/GenerationalStorage
0x00000001ad02c000 	/System/Library/PrivateFrameworks/CoreSymbolication.framework/Versions/A/CoreSymbolication
0x00000001ac081000 	/System/Library/PrivateFrameworks/SymptomDiagnosticReporter.framework/Versions/A/SymptomDiagnosticReporter
0x000000019df2d000 	/System/Library/PrivateFrameworks/DesktopServicesPriv.framework/Versions/A/DesktopServicesPriv
0x000000019cd9f000 	/usr/lib/libsandbox.1.dylib
0x00000001a1931000 	/System/Library/PrivateFrameworks/UserManagement.framework/Versions/A/UserManagement
0x00000001acfe9000 	/System/Library/PrivateFrameworks/DebugSymbols.framework/Versions/A/DebugSymbols
0x00000001a7ea6000 	/System/Library/PrivateFrameworks/NetAuth.framework/Versions/A/NetAuth
0x00000001a8dc7000 	/System/Library/PrivateFrameworks/Sharing.framework/Versions/A/Sharing
0x00000001a1901000 	/System/Library/PrivateFrameworks/login.framework/Versions/A/Frameworks/loginsupport.framework/Versions/A/loginsupport
0x00000001ae21e000 	/System/Library/PrivateFrameworks/Apple80211.framework/Versions/A/Apple80211
0x00000001a4a86000 	/System/Library/PrivateFrameworks/AuthKit.framework/Versions/A/AuthKit
0x00000001a410e000 	/System/Library/PrivateFrameworks/CoreUtils.framework/Versions/A/CoreUtils
0x00000001a4031000 	/System/Library/Frameworks/CoreWLAN.framework/Versions/A/CoreWLAN
0x00000001a8f37000 	/System/Library/Frameworks/IOBluetooth.framework/Versions/A/IOBluetooth
0x00000001ae27e000 	/System/Library/PrivateFrameworks/CoreWiFi.framework/Versions/A/CoreWiFi
0x00000001acbc9000 	/System/Library/PrivateFrameworks/FrontBoardServices.framework/Versions/A/FrontBoardServices
0x00000001acc61000 	/System/Library/PrivateFrameworks/BoardServices.framework/Versions/A/BoardServices
0x00000001a4321000 	/System/Library/PrivateFrameworks/AssertionServices.framework/Versions/A/AssertionServices
0x00000001ae3fb000 	/System/Library/PrivateFrameworks/BackBoardServices.framework/Versions/A/BackBoardServices
0x00000001a831a000 	/System/Library/PrivateFrameworks/CorePhoneNumbers.framework/Versions/A/CorePhoneNumbers
0x00000001a7bc1000 	/System/Library/PrivateFrameworks/MultiverseSupport.framework/Versions/A/MultiverseSupport
0x00000001ae67c000 	/System/Library/PrivateFrameworks/RemoteServiceDiscovery.framework/Versions/A/RemoteServiceDiscovery
0x00000001ac1b1000 	/System/Library/PrivateFrameworks/DiskManagement.framework/Versions/A/DiskManagement
0x00000001ac0b4000 	/System/Library/PrivateFrameworks/AppleIDAuthSupport.framework/Versions/A/AppleIDAuthSupport
0x0000000200533000 	/System/Library/PrivateFrameworks/AAAFoundation.framework/Versions/A/AAAFoundation
0x00000001a82f9000 	/System/Library/PrivateFrameworks/KeychainCircle.framework/Versions/A/KeychainCircle
0x00000001ae68c000 	/System/Library/PrivateFrameworks/RemoteXPC.framework/Versions/A/RemoteXPC
0x00000001ac17d000 	/System/Library/PrivateFrameworks/MediaKit.framework/Versions/A/MediaKit
0x00000001ac0c1000 	/System/Library/Frameworks/DiscRecording.framework/Versions/A/DiscRecording
0x00000001a5900000 	/usr/lib/libCoreStorage.dylib
0x00000001ae6f8000 	/usr/lib/libcsfde.dylib
0x00000001a900c000 	/System/Library/PrivateFrameworks/ProtectedCloudStorage.framework/Versions/A/ProtectedCloudStorage
0x00000001ae6f0000 	/System/Library/PrivateFrameworks/EFILogin.framework/Versions/A/EFILogin
0x00000001ac490000 	/System/Library/PrivateFrameworks/OctagonTrust.framework/Versions/A/OctagonTrust
0x0000000205132000 	/System/Library/PrivateFrameworks/CoreUtilsExtras.framework/Versions/A/CoreUtilsExtras
0x00000001abfe6000 	/System/Library/Frameworks/CoreBluetooth.framework/Versions/A/CoreBluetooth
0x00000001aed8c000 	/System/Library/Frameworks/AudioUnit.framework/Versions/A/AudioUnit
0x00000001a58f8000 	/usr/lib/libMatch.1.dylib
0x00000001beb19000 	/System/Library/Frameworks/Accelerate.framework/Versions/A/Frameworks/vImage.framework/Versions/A/Libraries/libCGInterfaces.dylib
0x00000001263d0000 	/usr/lib/libobjc-trampolines.dylib
0x0000000219701000 	/usr/lib/libRosetta.dylib
0x00000001a15fb000 	/System/Library/PrivateFrameworks/ViewBridge.framework/Versions/A/ViewBridge


VM Arguments:
jvm_args: -javaagent:/Applications/IntelliJ IDEA.app/Contents/lib/idea_rt.jar=53981:/Applications/IntelliJ IDEA.app/Contents/bin -Dfile.encoding=UTF-8 --module-path=/Users/josh/Documents/CS482/InventoryPA/target/classes:/Users/josh/.m2/repository/org/openjfx/javafx-fxml/17.0.1/javafx-fxml-17.0.1-mac-aarch64.jar:/Users/josh/.m2/repository/org/openjfx/javafx-graphics/17.0.1/javafx-graphics-17.0.1-mac-aarch64.jar:/Users/josh/.m2/repository/org/openjfx/javafx-controls/17.0.1/javafx-controls-17.0.1-mac-aarch64.jar:/Users/josh/.m2/repository/org/openjfx/javafx-base/17.0.1/javafx-base-17.0.1-mac-aarch64.jar -Djdk.module.main=c482.inventorypa 
java_command: c482.inventorypa/c482.inventorypa.Main
java_class_path (initial): /Users/josh/.m2/repository/org/openjfx/javafx-controls/17.0.1/javafx-controls-17.0.1.jar:/Users/josh/.m2/repository/org/openjfx/javafx-graphics/17.0.1/javafx-graphics-17.0.1.jar:/Users/josh/.m2/repository/org/openjfx/javafx-base/17.0.1/javafx-base-17.0.1.jar:/Users/josh/.m2/repository/org/openjfx/javafx-fxml/17.0.1/javafx-fxml-17.0.1.jar
Launcher Type: SUN_STANDARD

[Global flags]
     intx CICompilerCount                          = 4                                         {product} {ergonomic}
     uint ConcGCThreads                            = 2                                         {product} {ergonomic}
     uint G1ConcRefinementThreads                  = 8                                         {product} {ergonomic}
   size_t G1HeapRegionSize                         = 2097152                                   {product} {ergonomic}
    uintx GCDrainStackTargetSize                   = 64                                        {product} {ergonomic}
   size_t InitialHeapSize                          = 268435456                                 {product} {ergonomic}
   size_t MarkStackSize                            = 4194304                                   {product} {ergonomic}
   size_t MaxHeapSize                              = 4294967296                                {product} {ergonomic}
   size_t MaxNewSize                               = 2575302656                                {product} {ergonomic}
   size_t MinHeapDeltaBytes                        = 2097152                                   {product} {ergonomic}
   size_t MinHeapSize                              = 8388608                                   {product} {ergonomic}
    uintx NonNMethodCodeHeapSize                   = 5839564                                {pd product} {ergonomic}
    uintx NonProfiledCodeHeapSize                  = 122909338                              {pd product} {ergonomic}
    uintx ProfiledCodeHeapSize                     = 122909338                              {pd product} {ergonomic}
    uintx ReservedCodeCacheSize                    = 251658240                              {pd product} {ergonomic}
     bool SegmentedCodeCache                       = true                                      {product} {ergonomic}
   size_t SoftMaxHeapSize                          = 4294967296                             {manageable} {ergonomic}
     bool UseCompressedClassPointers               = true                           {product lp64_product} {ergonomic}
     bool UseCompressedOops                        = true                           {product lp64_product} {ergonomic}
     bool UseG1GC                                  = true                                      {product} {ergonomic}
     bool UseNUMA                                  = false                                     {product} {ergonomic}
     bool UseNUMAInterleaving                      = false                                     {product} {ergonomic}

Logging:
Log output configuration:
 #0: stdout all=warning uptime,level,tags
 #1: stderr all=off uptime,level,tags

Environment Variables:
PATH=/opt/homebrew/bin:/opt/homebrew/sbin:/usr/local/bin:/usr/bin:/bin:/usr/sbin:/sbin:/usr/local/share/dotnet:~/.dotnet/tools:/Library/Apple/usr/bin:/Library/Frameworks/Mono.framework/Versions/Current/Commands
SHELL=/bin/zsh
LC_CTYPE=en_US.UTF-8

Signal Handlers:
   SIGSEGV: _ZL13crash_handleriP9__siginfoPv in libjvm.dylib, mask=11100110000111110111111111111111, flags=SA_RESTART|SA_SIGINFO
    SIGBUS: _ZL13crash_handleriP9__siginfoPv in libjvm.dylib, mask=11100110000111110111111111111111, flags=SA_RESTART|SA_SIGINFO
    SIGFPE: _ZL13crash_handleriP9__siginfoPv in libjvm.dylib, mask=11100110000111110111111111111111, flags=SA_RESTART|SA_SIGINFO
   SIGPIPE: _ZL17javaSignalHandleriP9__siginfoPv in libjvm.dylib, mask=11100110000111110111111111111111, flags=SA_RESTART|SA_SIGINFO
   SIGXFSZ: _ZL17javaSignalHandleriP9__siginfoPv in libjvm.dylib, mask=11100110000111110111111111111111, flags=SA_RESTART|SA_SIGINFO
    SIGILL: _ZL13crash_handleriP9__siginfoPv in libjvm.dylib, mask=11100110000111110111111111111111, flags=SA_RESTART|SA_SIGINFO
   SIGUSR2: _ZL10SR_handleriP9__siginfoP17__darwin_ucontext in libjvm.dylib, mask=00100000000000000000000000000000, flags=SA_RESTART|SA_SIGINFO
    SIGHUP: _ZL11UserHandleriPvS_ in libjvm.dylib, mask=11100110000111110111111111111111, flags=SA_RESTART|SA_SIGINFO
    SIGINT: _ZL11UserHandleriPvS_ in libjvm.dylib, mask=11100110000111110111111111111111, flags=SA_RESTART|SA_SIGINFO
   SIGTERM: _ZL11UserHandleriPvS_ in libjvm.dylib, mask=11100110000111110111111111111111, flags=SA_RESTART|SA_SIGINFO
   SIGQUIT: _ZL11UserHandleriPvS_ in libjvm.dylib, mask=11100110000111110111111111111111, flags=SA_RESTART|SA_SIGINFO
   SIGTRAP: _ZL13crash_handleriP9__siginfoPv in libjvm.dylib, mask=11100110000111110111111111111111, flags=SA_RESTART|SA_SIGINFO


---------------  S Y S T E M  ---------------

OS:
uname: Darwin 21.5.0 Darwin Kernel Version 21.5.0: Tue Apr 26 21:08:29 PDT 2022; root:xnu-8020.121.3~4/RELEASE_ARM64_T8101 arm64
OS uptime: 9 days 4:48 hours
rlimit (soft/hard): STACK 8176k/65520k , CORE 0k/infinity , NPROC 2666/4000 , NOFILE 10240/infinity , AS infinity/infinity , CPU infinity/infinity , DATA infinity/infinity , FSIZE infinity/infinity , MEMLOCK infinity/infinity , RSS infinity/infinity
load average: 1.82 1.83 1.86

CPU: total 8 (initial active 8) 0x61:0x0:0x1b588bb3:0, fp, simd, crc, lse

Memory: 16k page, physical 16777216k(97440k free), swap 1048576k(897024k free)

vm_info: Java HotSpot(TM) 64-Bit Server VM (17.0.4+11-LTS-179) for bsd-aarch64 JRE (17.0.4+11-LTS-179), built on Jun 28 2022 07:36:09 by "mach5one" with clang Apple LLVM 12.0.0 (clang-1200.0.32.29)

END.
