#
# A fatal error has been detected by the Java Runtime Environment:
#
#  SIGBUS (0xa) at pc=0x00000001400014f0, pid=92489, tid=36359
#
# JRE version: OpenJDK Runtime Environment (18.0.2+9) (build 18.0.2+9-61)
# Java VM: OpenJDK 64-Bit Server VM (18.0.2+9-61, mixed mode, sharing, tiered, compressed oops, compressed class ptrs, g1 gc, bsd-aarch64)
# Problematic frame:
# v  ~StubRoutines::SafeFetchN
#
# No core dump will be written. Core dumps have been disabled. To enable core dumping, try "ulimit -c unlimited" before starting Java again
#
# If you would like to submit a bug report, please visit:
#   https://bugreport.java.com/bugreport/crash.jsp
# The crash happened outside the Java Virtual Machine in native code.
# See problematic frame for where to report the bug.
#

---------------  S U M M A R Y ------------

Command Line: -javaagent:/Applications/IntelliJ IDEA.app/Contents/lib/idea_rt.jar=57165:/Applications/IntelliJ IDEA.app/Contents/bin -Dfile.encoding=UTF-8 --module-path=/Users/josh/.m2/repository/org/openjfx/javafx-controls/17.0.1/javafx-controls-17.0.1-mac-aarch64.jar:/Users/josh/.m2/repository/org/openjfx/javafx-graphics/17.0.1/javafx-graphics-17.0.1-mac-aarch64.jar:/Users/josh/.m2/repository/org/openjfx/javafx-base/17.0.1/javafx-base-17.0.1-mac-aarch64.jar:/Users/josh/Documents/CS482/InventoryPA/target/classes:/Users/josh/.m2/repository/org/openjfx/javafx-fxml/17.0.1/javafx-fxml-17.0.1-mac-aarch64.jar -Djdk.module.main=c482.inventorypa c482.inventorypa/c482.inventorypa.Main

Host: "MacBookPro17,1" arm64, 8 cores, 16G, Darwin 21.5.0, macOS 12.4 (21F79)
Time: Thu Aug  4 10:52:34 2022 CDT elapsed time: 15.186099 seconds (0d 0h 0m 15s)

---------------  T H R E A D  ---------------

Current thread (0x0000000111039a00):  JavaThread "InvokeLaterDispatcher" daemon [_thread_in_native, id=36359, stack(0x000000016e460000,0x000000016e663000)]

Stack: [0x000000016e460000,0x000000016e663000],  sp=0x000000016e6627c0,  free space=2057k
Native frames: (J=compiled Java code, j=interpreted, Vv=VM code, C=native code)
v  ~StubRoutines::SafeFetchN
V  [libjvm.dylib+0x7d1604]  _ZN10OopStorage7releaseEPKP7oopDesc+0x20
V  [libjvm.dylib+0x4f7efc]  jni_DeleteGlobalRef+0xd4
C  [libglass.dylib+0xab08]  -[GlassRunnable dealloc]+0x34
C  [Foundation+0x85318]  -[_NSThreadPerformInfo dealloc]+0x30
C  [Foundation+0x518ac]  -[NSObject(NSThreadPerformAdditions) performSelectorOnMainThread:withObject:waitUntilDone:]+0x88
C  0x9534000147c17e4c
J 3587 c1 com.sun.glass.ui.mac.MacApplication.submitForLaterInvocation(Ljava/lang/Runnable;)V javafx.graphics (6 bytes) @ 0x0000000140ce6fd8 [0x0000000140ce6f40+0x0000000000000098]
C  0x000000070e800330

Java frames: (J=compiled Java code, j=interpreted, Vv=VM code)
J 3600  com.sun.glass.ui.mac.MacApplication._submitForLaterInvocation(Ljava/lang/Runnable;)V javafx.graphics (0 bytes) @ 0x0000000147c17e4c [0x0000000147c17dc0+0x000000000000008c]
J 3587 c1 com.sun.glass.ui.mac.MacApplication.submitForLaterInvocation(Ljava/lang/Runnable;)V javafx.graphics (6 bytes) @ 0x0000000140ce6fd8 [0x0000000140ce6f40+0x0000000000000098]
j  com.sun.glass.ui.InvokeLaterDispatcher.run()V+82 javafx.graphics
v  ~StubRoutines::call_stub

siginfo: si_signo: 10 (SIGBUS), si_code: 1 (BUS_ADRALN), si_addr: 0x00000001400014f0

Register to memory mapping:

 x0=0x0000000120e07ac8 points into unknown readable memory: 0x0000000000000000 | 00 00 00 00 00 00 00 00
 x1=0x0 is NULL
 x2=0x000000070d648448 is an oop: com.sun.glass.ui.InvokeLaterDispatcher$Future 
{0x000000070d648448} - klass: 'com/sun/glass/ui/InvokeLaterDispatcher$Future'
 - ---- fields (total size 3 words):
 - private 'done' 'Z' @12  true
 - private final 'runnable' 'Ljava/lang/Runnable;' @16  a 'com/sun/javafx/tk/quantum/QuantumToolkit$$Lambda$82+0x0000000800c3b1f8'{0x000000070e827eb0} (e1d04fd6)
 - final synthetic 'this$0' 'Lcom/sun/glass/ui/InvokeLaterDispatcher;' @20  a 'com/sun/glass/ui/InvokeLaterDispatcher'{0x000000070e800330} (e1d00066)
 x3=0x0 is NULL
 x4=0x00000000000130a8 is an unknown value
 x5=0x0 is NULL
 x6=0x0 is NULL
 x7=0x0 is NULL
 x8=0x00000001400014ec is at begin+0 in a stub
StubRoutines::SafeFetchN [0x00000001400014ec, 0x00000001400014f8] (12 bytes)
 x9=0x0 is NULL
x10=0x2010000030300000 is an unknown value
x11=0x0000000000000007 is an unknown value
x12=0x0 is NULL
x13=0x00006000016c7b70 points into unknown readable memory: 0xa55180019a086a80 | 80 6a 08 9a 01 80 51 a5
x14=0x0000130000000000 is an unknown value
x15=0x00000001109e1f98: OBJC_CLASS_$_GlassRunnable+0 in /Users/josh/.openjfx/cache/17.0.1/libglass.dylib at 0x000000011099c000
x16=0x000000019a1fb0fc: pthread_getspecific+0 in /usr/lib/system/libsystem_pthread.dylib at 0x000000019a1f9000
x17=0x0000600001381490 points into unknown readable memory: 0xfffffffffffffffe | fe ff ff ff ff ff ff ff
x18=0x0 is NULL
x19=0x0000600001388380 points into unknown readable memory: 0x0000600003a841f0 | f0 41 a8 03 00 60 00 00
x20=0x0000000120e078c0 points into unknown readable memory: 0x0000000000000000 | 00 00 00 00 00 00 00 00
x21=0x0000000120e07ac8 points into unknown readable memory: 0x0000000000000000 | 00 00 00 00 00 00 00 00
x22=0x0000000111039a00 is a thread
x23=0x0000000000000001 is an unknown value
x24=0x0000000120e07a80 is a global jni handle
x25=0x0000000106246ce8: _ZN12StubRoutines17_safefetchN_entryE+0 in /Users/josh/Library/Java/JavaVirtualMachines/openjdk-18.0.2/Contents/Home/lib/server/libjvm.dylib at 0x0000000105664000
x26=0x00000001325224b8 is pointing into metadata
x27=0x0 is NULL
x28=0x0000000111039a00 is a thread


Registers:
 x0=0x0000000120e07ac8  x1=0x0000000000000000  x2=0x000000070d648448  x3=0x0000000000000000
 x4=0x00000000000130a8  x5=0x0000000000000000  x6=0x0000000000000000  x7=0x0000000000000000
 x8=0x00000001400014ec  x9=0x0000000000000000 x10=0x2010000030300000 x11=0x0000000000000007
x12=0x0000000000000000 x13=0x00006000016c7b70 x14=0x0000130000000000 x15=0x00000001109e1f98
x16=0x000000019a1fb0fc x17=0x0000600001381490 x18=0x0000000000000000 x19=0x0000600001388380
x20=0x0000000120e078c0 x21=0x0000000120e07ac8 x22=0x0000000111039a00 x23=0x0000000000000001
x24=0x0000000120e07a80 x25=0x0000000106246ce8 x26=0x00000001325224b8 x27=0x0000000000000000
x28=0x0000000111039a00  fp=0x000000016e662800  lr=0x0000000105e343f8  sp=0x000000016e6627c0
pc=0x00000001400014f0 cpsr=0x0000000060001000
Top of Stack: (sp=0x000000016e6627c0)
0x000000016e6627c0:   00000001325224b8 0000000000000001
0x000000016e6627d0:   0000000800c2ae30 0000000000000000
0x000000016e6627e0:   0000000111123690 0000000120e07ab0
0x000000016e6627f0:   0000000120e07ab0 0000600001388380
0x000000016e662800:   000000016e662840 0000000105e35604
0x000000016e662810:   0000000000000001 0000000120e07ab0
0x000000016e662820:   0000000111123690 0000000120e07ab0
0x000000016e662830:   0000000000000001 0000000111123400
0x000000016e662840:   000000016e662880 0000000105b5befc
0x000000016e662850:   0000000800c2ae30 0000600003aac610
0x000000016e662860:   0000600003aac600 00000001e44b930c
0x000000016e662870:   0000000000000000 0000600003aac600
0x000000016e662880:   000000016e6628b0 00000001109a6b08
0x000000016e662890:   640b3487626300cd 0000000000000000
0x000000016e6628a0:   0000000000000000 0000600002dab540
0x000000016e6628b0:   000000016e6628f0 000000019b1d0318
0x000000016e6628c0:   0000000800c2ae30 0000600003aac610
0x000000016e6628d0:   0000600003aac600 640b3487626300cd
0x000000016e6628e0:   0000000000000000 0000000000000000
0x000000016e6628f0:   000000016e662930 b52480019b19c8ac
0x000000016e662900:   0000000800c2ae30 00000001400087c0
0x000000016e662910:   000000013251fed2 000000010624e7a0
0x000000016e662920:   000000016e662a10 00000000000000b9
0x000000016e662930:   000000016e662990 9534000147c17e4c
0x000000016e662940:   000000070e8279b0 000000070d648448
0x000000016e662950:   000000016e662ab8 000000019a207630
0x000000016e662960:   0000000111039a00 000000010622ab00
0x000000016e662970:   000000016e662a20 0000000000000001
0x000000016e662980:   000000016e6629c0 000000070e667468
0x000000016e662990:   000000016e662a80 0000000140ce6fd8
0x000000016e6629a0:   000000070d648448 000000070e827eb0
0x000000016e6629b0:   000000016e662a18 00000000000000b6 

Instructions: (pc=0x00000001400014f0)
0x00000001400013f0:   f2a0c429 f2c00029 6d425935 1e640886
0x0000000140001400:   0c402d31 1e6408c7 1f5654d0 1e6c1017
0x0000000140001410:   1f5050d0 1f504cd0 1f5048d0 1e650af6
0x0000000140001420:   1f50d8f6 1f5694d6 1f5158f6 1e762880
0x0000000140001430:   36000501 1e614000 14000026 2e251ca5
0x0000000140001440:   d2863009 f2a0c429 f2c00029 6d425d36
0x0000000140001450:   1e600806 0c402d32 1f5758c7 1e6c101a
0x0000000140001460:   1f4754c7 1e650805 1f4750c7 d2866668
0x0000000140001470:   f2a7fa68 1f474cc7 1e6608c0 1f4748c7
0x0000000140001480:   1e6e1019 eb08007f 540000ac 1f479400
0x0000000140001490:   1f460340 1e603b20 1400000e d2a7fd29
0x00000001400014a0:   eb09007f 540000ac 51480069 d3607d29
0x00000001400014b0:   9e670121 14000002 1e6a5001 1f679417
0x00000001400014c0:   1f668742 1e613b23 1e773857 1e773860
0x00000001400014d0:   a8c17ff3 910003bf a8c17bfd d65f03c0
0x00000001400014e0:   b9400001 aa0103e0 d65f03c0 f9400001
0x00000001400014f0:   aa0103e0 d65f03c0 00000000 00000000
0x0000000140001500:   00000000 00000000 00000000 00000000
0x0000000140001510:   00000000 00000000 00000000 00000000
0x0000000140001520:   00000000 00000000 00000000 00000000
0x0000000140001530:   00000000 00000000 00000000 00000000
0x0000000140001540:   00000000 00000000 00000000 00000000
0x0000000140001550:   00000000 00000000 00000000 00000000
0x0000000140001560:   00000000 00000000 00000000 00000000
0x0000000140001570:   00000000 00000000 00000000 00000000
0x0000000140001580:   00000000 00000000 00000000 00000000
0x0000000140001590:   00000000 00000000 00000000 00000000
0x00000001400015a0:   00000000 00000000 00000000 00000000
0x00000001400015b0:   00000000 00000000 00000000 00000000
0x00000001400015c0:   00000000 00000000 00000000 00000000
0x00000001400015d0:   00000000 00000000 00000000 00000000
0x00000001400015e0:   00000000 00000000 00000000 00000000 


Stack slot to memory mapping:
stack at sp + 0 slots: 0x00000001325224b8 is pointing into metadata
stack at sp + 1 slots: 0x0000000000000001 is an unknown value
stack at sp + 2 slots: 0x0000000800c2ae30 is a pointer to class: 
com.sun.glass.ui.mac.MacApplication {0x0000000800c2ae30}
 - instance size:     5
 - klass size:        133
 - access:            final synchronized 
 - state:             fully_initialized
 - name:              'com/sun/glass/ui/mac/MacApplication'
 - super:             'com/sun/glass/ui/Application'
 - sub:               
 - arrays:            NULL
 - methods:           Array<T>(0x00000001324f70f8)
 - method ordering:   Array<T>(0x0000000800a84da8)
 - default_methods:   Array<T>(0x0000000000000000)
 - local interfaces:  Array<T>(0x00000001324fd168)
 - trans. interfaces: Array<T>(0x00000001324fd168)
 - constants:         constant pool [548]/operands[69] {0x00000001324fc000} for 'com/sun/glass/ui/mac/MacApplication' cache=0x0000000132520000
 - class loader data:  loader data: 0x0000600000999040 for instance a 'jdk/internal/loader/ClassLoaders$AppClassLoader'{0x000000070e800598}
 - source file:       'MacApplication.java'
 - class annotations:       Array<T>(0x0000000000000000)
 - class type annotations:  Array<T>(0x0000000000000000)
 - field annotations:       Array<T>(0x0000000000000000)
 - field type annotations:  Array<T>(0x0000000000000000)
 - inner classes:     Array<T>(0x00000001324fffa0)
 - nest members:     Array<T>(0x00000001324fa090)
 - permitted subclasses:     Array<T>(0x00000008005c8ea8)
 - java mirror:       a 'java/lang/Class'{0x000000070e827938} = 'com/sun/glass/ui/mac/MacApplication'
 - vtable length      72  (start addr: 0x0000000800c2afe8)
 - itable length      5 (start addr: 0x0000000800c2b228)
 - ---- static fields (1 words):
 - static final 'BROWSER_PARENT_ID' 'J' @112 
 - ---- non-static fields (7 words):
 - private 'initialActiveEventReceived' 'Z' @12 
 - private 'terminateWhenLastWindowClosed' 'Z' @13 
 - protected 'name' 'Ljava/lang/String;' @16 
 - private 'eventHandler' 'Lcom/sun/glass/ui/Application$EventHandler;' @20 
 - private 'initialOpenedFiles' '[Ljava/lang/String;' @24 
 - private 'isTaskbarApplication' 'Z' @14 
 - private 'firstDidResignActive' 'Z' @15 
 - private final 'invokeLaterDispatcher' 'Lcom/sun/glass/ui/InvokeLaterDispatcher;' @28 
 - private 'appleMenu' 'Lcom/sun/glass/ui/Menu;' @32 
 - private final 'reactivationLatch' 'Ljava/util/concurrent/CountDownLatch;' @36 
 - non-static oop maps: 16-36 
stack at sp + 3 slots: 0x0 is NULL
stack at sp + 4 slots: 0x0000000111123690 points into unknown readable memory: 0x0000000106203370 | 70 33 20 06 01 00 00 00
stack at sp + 5 slots: 0x0000000120e07ab0 is a global jni handle
stack at sp + 6 slots: 0x0000000120e07ab0 is a global jni handle
stack at sp + 7 slots: 0x0000600001388380 points into unknown readable memory: 0x0000600003a841f0 | f0 41 a8 03 00 60 00 00

StubRoutines::SafeFetchN [0x00000001400014ec, 0x00000001400014f8] (12 bytes)
[MachCode]
  0x00000001400014ec: 0100 40f9 | e003 01aa | c003 5fd6 
[/MachCode]

Compiled method (c1)   15199 3587       3       com.sun.glass.ui.mac.MacApplication::submitForLaterInvocation (6 bytes)
 total in heap  [0x0000000140ce6d90,0x0000000140ce7158] = 968
 relocation     [0x0000000140ce6ee8,0x0000000140ce6f20] = 56
 main code      [0x0000000140ce6f40,0x0000000140ce7080] = 320
 stub code      [0x0000000140ce7080,0x0000000140ce70d8] = 88
 oops           [0x0000000140ce70d8,0x0000000140ce70e0] = 8
 metadata       [0x0000000140ce70e0,0x0000000140ce70f8] = 24
 scopes data    [0x0000000140ce70f8,0x0000000140ce7110] = 24
 scopes pcs     [0x0000000140ce7110,0x0000000140ce7150] = 64
 dependencies   [0x0000000140ce7150,0x0000000140ce7158] = 8

[Constant Pool (empty)]

[MachCode]
[Entry Point]
  # {method} {0x00000001324ff1e0} 'submitForLaterInvocation' '(Ljava/lang/Runnable;)V' in 'com/sun/glass/ui/mac/MacApplication'
  # this:     c_rarg1:c_rarg1 
                        = 'com/sun/glass/ui/mac/MacApplication'
  # parm0:    c_rarg2:c_rarg2 
                        = 'java/lang/Runnable'
  #           [sp+0x40]  (sp of caller)
  0x0000000140ce6f40: 2808 40b9 | 3f01 086b | c001 0054 

  0x0000000140ce6f4c: ;   {runtime_call ic_miss_stub}
  0x0000000140ce6f4c: 889a ffd0 | 0801 0091 | 0001 1fd6 | 1f20 03d5 | 1f20 03d5 | 1f20 03d5 | 1f20 03d5 | 1f20 03d5 
  0x0000000140ce6f6c: 1f20 03d5 | 1f20 03d5 | 1f20 03d5 | 1f20 03d5 | 1f20 03d5 
[Verified Entry Point]
  0x0000000140ce6f80: 1f20 03d5 | e953 40d1 | 3f01 00f9 | ff03 01d1 | fd7b 03a9 

  0x0000000140ce6f94: ;   {metadata(method data for {method} {0x00000001324ff1e0} 'submitForLaterInvocation' '(Ljava/lang/Runnable;)V' in 'com/sun/glass/ui/mac/MacApplication')}
  0x0000000140ce6f94: 0000 90d2 | a05d a6f2 | 2000 c0f2 | 03ac 40b9 | 6308 0011 | 03ac 00b9 | 6324 1f12 | 7f00 0071 
  0x0000000140ce6fb4: e001 0054 | e003 01aa 

  0x0000000140ce6fbc: ;   {metadata(method data for {method} {0x00000001324ff1e0} 'submitForLaterInvocation' '(Ljava/lang/Runnable;)V' in 'com/sun/glass/ui/mac/MacApplication')}
  0x0000000140ce6fbc: 0300 90d2 | a35d a6f2 | 2300 c0f2 | 6878 40f9 | 0805 0091 | 6878 00f9 

  0x0000000140ce6fd4: ; ImmutableOopMap {}
                      ;*invokevirtual _submitForLaterInvocation {reexecute=0 rethrow=0 return_oop=0}
                      ; - com.sun.glass.ui.mac.MacApplication::submitForLaterInvocation@2 (line 348)
                      ;   {optimized virtual_call}
  0x0000000140ce6fd4: 81c3 bc95 | fd7b 43a9 | ff03 0191 

  0x0000000140ce6fe0: ;   {poll_return}
  0x0000000140ce6fe0: 889f 41f9 | ff63 28eb | 8801 0054 | c003 5fd6 

  0x0000000140ce6ff0: ;   {metadata({method} {0x00000001324ff1e0} 'submitForLaterInvocation' '(Ljava/lang/Runnable;)V' in 'com/sun/glass/ui/mac/MacApplication')}
  0x0000000140ce6ff0: 083c 9ed2 | e849 a6f2 | 2800 c0f2 | e807 00f9 | 0800 8092 | e803 00f9 

  0x0000000140ce7008: ;   {runtime_call counter_overflow Runtime1 stub}
  0x0000000140ce7008: 68a0 ffd0 | 0801 0291 

  0x0000000140ce7010: ; ImmutableOopMap {c_rarg1=Oop c_rarg2=Oop }
                      ;*synchronization entry
                      ; - com.sun.glass.ui.mac.MacApplication::submitForLaterInvocation@-1 (line 348)
  0x0000000140ce7010: 0001 3fd6 | e9ff ff17 

  0x0000000140ce7018: ;   {internal_word}
  0x0000000140ce7018: 48fe ff10 | 88ab 01f9 

  0x0000000140ce7020: ;   {runtime_call SafepointBlob}
  0x0000000140ce7020: a89a fff0 | 0801 1891 | 0001 1fd6 | 1f20 03d5 | 1f20 03d5 | 80e7 41f9 | 9fe7 01f9 | 9feb 01f9 
  0x0000000140ce7040: fd7b 43a9 | ff03 0191 

  0x0000000140ce7048: ;   {runtime_call unwind_exception Runtime1 stub}
  0x0000000140ce7048: e89b ffd0 | 0801 0a91 | 0001 1fd6 | 0000 0000 | 0000 0000 | 0000 0000 | 0000 0000 | 0000 0000 
  0x0000000140ce7068: 0000 0000 | 0000 0000 | 0000 0000 | 0000 0000 | 0000 0000 | 0000 0000 
[Stub Code]
  0x0000000140ce7080: ;   {no_reloc}
  0x0000000140ce7080: df3f 03d5 

  0x0000000140ce7084: ;   {metadata({method} {0x00000001324ff138} '_submitForLaterInvocation' '(Ljava/lang/Runnable;)V' in 'com/sun/glass/ui/mac/MacApplication')}
  0x0000000140ce7084: 0c27 9ed2 | ec49 a6f2 | 2c00 c0f2 | 0859 9ad2 | 6800 a8f2 | 2800 c0f2 | 0001 1fd6 

  0x0000000140ce70a0: ;   {trampoline_stub}
  0x0000000140ce70a0: 4800 0058 | 0001 1fd6 | d87d c147 | 0100 0000 
[Exception Handler]
  0x0000000140ce70b0: ;   {runtime_call handle_exception_from_callee Runtime1 stub}
  0x0000000140ce70b0: 68a0 ffb0 | 0801 0c91 | 0001 3fd6 | c1d5 bbd4 | 9ecf 0806 | 0100 0000 
[Deopt Handler Code]
  0x0000000140ce70c8: 1e00 0010 

  0x0000000140ce70cc: ;   {runtime_call DeoptimizationBlob}
  0x0000000140ce70cc: a89a fff0 | 0801 2591 | 0001 1fd6 
[/MachCode]


Compiled method (n/a)   15203 3600     n 0       com.sun.glass.ui.mac.MacApplication::_submitForLaterInvocation (native)
 total in heap  [0x0000000147c17c10,0x0000000147c17f60] = 848
 relocation     [0x0000000147c17d68,0x0000000147c17d90] = 40
 main code      [0x0000000147c17dc0,0x0000000147c17f50] = 400
 oops           [0x0000000147c17f50,0x0000000147c17f58] = 8
 metadata       [0x0000000147c17f58,0x0000000147c17f60] = 8

[Constant Pool (empty)]

[MachCode]
[Entry Point]
  # {method} {0x00000001324ff138} '_submitForLaterInvocation' '(Ljava/lang/Runnable;)V' in 'com/sun/glass/ui/mac/MacApplication'
  # this:     c_rarg1:c_rarg1 
                        = 'com/sun/glass/ui/mac/MacApplication'
  # parm0:    c_rarg2:c_rarg2 
                        = 'java/lang/Runnable'
  #           [sp+0x60]  (sp of caller)
  0x0000000147c17dc0: 2808 40b9 | 3f01 086b | 8000 0054 

  0x0000000147c17dcc: ;   {runtime_call ic_miss_stub}
  0x0000000147c17dcc: 0821 fcb0 | 0801 0091 | 0001 1fd6 
[Verified Entry Point]
  0x0000000147c17dd8: 1f20 03d5 | e953 40d1 | 3f01 00f9 | fd7b bfa9 | fd03 0091 | ff43 01d1 | e207 00f9 | 5f00 1feb 
  0x0000000147c17df8: e223 0091 | e203 829a | e103 00f9 | 3f00 1feb | e103 00d1 | e103 819a | e801 0010 | 883f 01f9 
  0x0000000147c17e18: e803 0091 | 883b 01f9 

  0x0000000147c17e20: ;   {external_word}
  0x0000000147c17e20: 0831 dff0 | 08c9 4e39 | 4806 0035 | 8043 0a91 | e803 7eb2 | 89c3 0c91 | 28fd 9f88 

  0x0000000147c17e3c: ;   {runtime_call Java_com_sun_glass_ui_mac_MacApplication__1submitForLaterInvocation}
  0x0000000147c17e3c: 0841 93d2 | 4813 a2f2 | 2800 c0f2 | 0001 3fd6 | a800 80d2 | 8833 03b9 | bf3b 03d5 | 88e3 0c91 
  0x0000000147c17e5c: 08fd dfc8 | bf03 08eb | a803 0054 | 8823 43b9 | 6803 0035 | e803 7db2 | 89c3 0c91 | 28fd 9f88 
  0x0000000147c17e7c: 8883 4e39 | 1f09 0071 | 0002 0054 

  0x0000000147c17e88: ;   {external_word}
  0x0000000147c17e88: 0831 dff0 | 08c9 4e39 | a804 0035 | 9f3b 01f9 | 9f3f 01f9 | 8283 41f9 | 5f80 00f9 | bf03 0091 
  0x0000000147c17ea8: fd7b c1a8 | 8807 40f9 | 4800 00b5 | c003 5fd6 

  0x0000000147c17eb8: ;   {runtime_call StubRoutines (1)}
  0x0000000147c17eb8: 481f fcb0 | 0801 0291 | 0001 1fd6 

  0x0000000147c17ec4: ;   {runtime_call _ZN13SharedRuntime20reguard_yellow_pagesEv}
  0x0000000147c17ec4: 08ec 99d2 | 88bd a0f2 | 2800 c0f2 | 0001 3fd6 | edff ff17 | e003 1caa 

  0x0000000147c17edc: ;   {runtime_call _ZN10JavaThread40check_special_condition_for_native_transEPS_}
  0x0000000147c17edc: 88d4 83d2 | 08bf a0f2 | 2800 c0f2 | 0001 3fd6 | e1ff ff17 | e10b bfa9 

  0x0000000147c17ef4: ;   {metadata({method} {0x00000001324ff138} '_submitForLaterInvocation' '(Ljava/lang/Runnable;)V' in 'com/sun/glass/ui/mac/MacApplication')}
  0x0000000147c17ef4: 0127 9ed2 | e149 a6f2 | 2100 c0f2 | e003 1caa | e833 bfa9 | 08a5 95d2 | 88bd a0f2 | 2800 c0f2 
  0x0000000147c17f14: 0001 3fd6 | e833 c1a8 | e10b c1a8 | c3ff ff17 

  0x0000000147c17f24: ;   {metadata({method} {0x00000001324ff138} '_submitForLaterInvocation' '(Ljava/lang/Runnable;)V' in 'com/sun/glass/ui/mac/MacApplication')}
  0x0000000147c17f24: 0127 9ed2 | e149 a6f2 | 2100 c0f2 | e003 1caa | e833 bfa9 | 08c4 95d2 | 88bd a0f2 | 2800 c0f2 
  0x0000000147c17f44: 0001 3fd6 | e833 c1a8 | d2ff ff17 
[/MachCode]


---------------  P R O C E S S  ---------------

Threads class SMR info:
_java_thread_list=0x00006000038972e0, length=20, elements={
0x0000000111013000, 0x0000000131823200, 0x0000000131825a00, 0x0000000112844000,
0x0000000112844600, 0x0000000112841600, 0x0000000112841c00, 0x0000000111809200,
0x0000000111013600, 0x0000000112843200, 0x000000010f008c00, 0x000000010f008200,
0x0000000131829e00, 0x0000000111039a00, 0x0000000111123400, 0x0000000111150800,
0x000000013193f800, 0x0000000131380400, 0x00000001313be000, 0x000000011201f800
}

Java Threads: ( => current thread )
  0x0000000111013000 JavaThread "main" [_thread_blocked, id=9731, stack(0x000000016ba58000,0x000000016bc5b000)]
  0x0000000131823200 JavaThread "Reference Handler" daemon [_thread_blocked, id=14595, stack(0x000000016c8ac000,0x000000016caaf000)]
  0x0000000131825a00 JavaThread "Finalizer" daemon [_thread_blocked, id=15619, stack(0x000000016cab8000,0x000000016ccbb000)]
  0x0000000112844000 JavaThread "Signal Dispatcher" daemon [_thread_blocked, id=42243, stack(0x000000016cddc000,0x000000016cfdf000)]
  0x0000000112844600 JavaThread "Service Thread" daemon [_thread_blocked, id=22787, stack(0x000000016cfe8000,0x000000016d1eb000)]
  0x0000000112841600 JavaThread "Monitor Deflation Thread" daemon [_thread_blocked, id=23043, stack(0x000000016d1f4000,0x000000016d3f7000)]
  0x0000000112841c00 JavaThread "C2 CompilerThread0" daemon [_thread_blocked, id=23299, stack(0x000000016d400000,0x000000016d603000)]
  0x0000000111809200 JavaThread "C1 CompilerThread0" daemon [_thread_blocked, id=23811, stack(0x000000016d60c000,0x000000016d80f000)]
  0x0000000111013600 JavaThread "Sweeper thread" daemon [_thread_blocked, id=24067, stack(0x000000016d818000,0x000000016da1b000)]
  0x0000000112843200 JavaThread "Common-Cleaner" daemon [_thread_blocked, id=40963, stack(0x000000016da24000,0x000000016dc27000)]
  0x000000010f008c00 JavaThread "Monitor Ctrl-Break" daemon [_thread_in_native, id=40707, stack(0x000000016dc30000,0x000000016de33000)]
  0x000000010f008200 JavaThread "Notification Thread" daemon [_thread_blocked, id=40195, stack(0x000000016de3c000,0x000000016e03f000)]
  0x0000000131829e00 JavaThread "QuantumRenderer-0" daemon [_thread_blocked, id=25347, stack(0x000000016e254000,0x000000016e457000)]
=>0x0000000111039a00 JavaThread "InvokeLaterDispatcher" daemon [_thread_in_native, id=36359, stack(0x000000016e460000,0x000000016e663000)]
  0x0000000111123400 JavaThread "JavaFX Application Thread" [_thread_in_vm, id=259, stack(0x000000016b1d0000,0x000000016b9cc000)]
  0x0000000111150800 JavaThread "JavaFX-Launcher" [_thread_blocked, id=72451, stack(0x000000016e904000,0x000000016eb07000)]
  0x000000013193f800 JavaThread "Prism Font Disposer" daemon [_thread_blocked, id=70663, stack(0x000000016f54c000,0x000000016f74f000)]
  0x0000000131380400 JavaThread "Cleaner-0" daemon [_thread_blocked, id=70415, stack(0x000000016f7e4000,0x000000016f9e7000)]
  0x00000001313be000 JavaThread "Attach Listener" daemon [_thread_blocked, id=173115, stack(0x000000016f9f0000,0x000000016fbf3000)]
  0x000000011201f800 JavaThread "PulseTimer-CVDisplayLink thread" daemon [_thread_in_native, id=69911, stack(0x000000016e66c000,0x000000016e6ef000)]

Other Threads:
  0x0000000120e074a0 VMThread "VM Thread" [stack: 0x000000016c6a0000,0x000000016c8a3000] [id=14083]
  0x0000000105304cc0 WatcherThread "VM Periodic Task Thread" [stack: 0x000000016e048000,0x000000016e24b000] [id=24835]
  0x0000000120e06590 WorkerThread "GC Thread#0" [stack: 0x000000016bc64000,0x000000016be67000] [id=19459]
  0x0000000130e25f70 WorkerThread "GC Thread#1" [stack: 0x000000016eb10000,0x000000016ed13000] [id=56579]
  0x0000000130e26210 WorkerThread "GC Thread#2" [stack: 0x000000016ed1c000,0x000000016ef1f000] [id=56835]
  0x0000000130e26680 WorkerThread "GC Thread#3" [stack: 0x000000016ef28000,0x000000016f12b000] [id=57347]
  0x0000000130e26af0 WorkerThread "GC Thread#4" [stack: 0x000000016f134000,0x000000016f337000] [id=57603]
  0x0000000130e26f60 WorkerThread "GC Thread#5" [stack: 0x000000016f340000,0x000000016f543000] [id=71427]
  0x0000000120e06c30 ConcurrentGCThread "G1 Main Marker" [stack: 0x000000016be70000,0x000000016c073000] [id=18947]
  0x0000000110e04b30 WorkerThread "G1 Conc#0" [stack: 0x000000016c07c000,0x000000016c27f000] [id=18179]
  0x0000000110e11850 ConcurrentGCThread "G1 Refine#0" [stack: 0x000000016c288000,0x000000016c48b000] [id=17923]
  0x0000000130f043a0 ConcurrentGCThread "G1 Service" [stack: 0x000000016c494000,0x000000016c697000] [id=17667]

Threads with active compile tasks:

VM state: not at safepoint (normal execution)

VM Mutex/Monitor currently owned by a thread: None

Heap address: 0x0000000700000000, size: 4096 MB, Compressed Oops mode: Zero based, Oop shift amount: 3

CDS archive(s) mapped at: [0x0000000800000000-0x0000000800ba8000-0x0000000800ba8000), size 12222464, SharedBaseAddress: 0x0000000800000000, ArchiveRelocationMode: 0.
Compressed class space mapped at: 0x0000000800c00000-0x0000000840c00000, reserved size: 1073741824
Narrow klass base: 0x0000000800000000, Narrow klass shift: 0, Narrow klass range: 0x100000000

GC Precious Log:
 CardTable entry size: 512
 Card Set container configuration: InlinePtr #cards 4 size 8 Array Of Cards #cards 16 size 48 Howl #buckets 8 coarsen threshold 3686 Howl Bitmap #cards 512 size 80 coarsen threshold 460 Card regions per heap region 1 cards per card region 4096
 CPUs: 8 total, 8 available
 Memory: 16384M
 Large Page Support: Disabled
 NUMA Support: Disabled
 Compressed Oops: Enabled (Zero based)
 Heap Region Size: 2M
 Heap Min Capacity: 8M
 Heap Initial Capacity: 256M
 Heap Max Capacity: 4G
 Pre-touch: Disabled
 Parallel Workers: 8
 Concurrent Workers: 2
 Concurrent Refinement Workers: 8
 Periodic GC: Disabled

Heap:
 garbage-first heap   total 266240K, used 58301K [0x0000000700000000, 0x0000000800000000)
  region size 2048K, 29 young (59392K), 2 survivors (4096K)
 Metaspace       used 18321K, committed 18624K, reserved 1114112K
  class space    used 2585K, committed 2752K, reserved 1048576K

Heap Regions: E=young(eden), S=young(survivor), O=old, HS=humongous(starts), HC=humongous(continues), CS=collection set, F=free, OA=open archive, CA=closed archive, TAMS=top-at-mark-start (previous, next)
|   0|0x0000000700000000, 0x0000000700200000, 0x0000000700200000|100%|HS|  |TAMS 0x0000000700000000, 0x0000000700000000| Complete 
|   1|0x0000000700200000, 0x0000000700200000, 0x0000000700400000|  0%| F|  |TAMS 0x0000000700200000, 0x0000000700200000| Untracked 
|   2|0x0000000700400000, 0x0000000700400000, 0x0000000700600000|  0%| F|  |TAMS 0x0000000700400000, 0x0000000700400000| Untracked 
|   3|0x0000000700600000, 0x0000000700600000, 0x0000000700800000|  0%| F|  |TAMS 0x0000000700600000, 0x0000000700600000| Untracked 
|   4|0x0000000700800000, 0x0000000700800000, 0x0000000700a00000|  0%| F|  |TAMS 0x0000000700800000, 0x0000000700800000| Untracked 
|   5|0x0000000700a00000, 0x0000000700a00000, 0x0000000700c00000|  0%| F|  |TAMS 0x0000000700a00000, 0x0000000700a00000| Untracked 
|   6|0x0000000700c00000, 0x0000000700c00000, 0x0000000700e00000|  0%| F|  |TAMS 0x0000000700c00000, 0x0000000700c00000| Untracked 
|   7|0x0000000700e00000, 0x0000000700e00000, 0x0000000701000000|  0%| F|  |TAMS 0x0000000700e00000, 0x0000000700e00000| Untracked 
|   8|0x0000000701000000, 0x0000000701000000, 0x0000000701200000|  0%| F|  |TAMS 0x0000000701000000, 0x0000000701000000| Untracked 
|   9|0x0000000701200000, 0x0000000701200000, 0x0000000701400000|  0%| F|  |TAMS 0x0000000701200000, 0x0000000701200000| Untracked 
|  10|0x0000000701400000, 0x0000000701400000, 0x0000000701600000|  0%| F|  |TAMS 0x0000000701400000, 0x0000000701400000| Untracked 
|  11|0x0000000701600000, 0x0000000701600000, 0x0000000701800000|  0%| F|  |TAMS 0x0000000701600000, 0x0000000701600000| Untracked 
|  12|0x0000000701800000, 0x0000000701800000, 0x0000000701a00000|  0%| F|  |TAMS 0x0000000701800000, 0x0000000701800000| Untracked 
|  13|0x0000000701a00000, 0x0000000701a00000, 0x0000000701c00000|  0%| F|  |TAMS 0x0000000701a00000, 0x0000000701a00000| Untracked 
|  14|0x0000000701c00000, 0x0000000701c00000, 0x0000000701e00000|  0%| F|  |TAMS 0x0000000701c00000, 0x0000000701c00000| Untracked 
|  15|0x0000000701e00000, 0x0000000701e00000, 0x0000000702000000|  0%| F|  |TAMS 0x0000000701e00000, 0x0000000701e00000| Untracked 
|  16|0x0000000702000000, 0x0000000702000000, 0x0000000702200000|  0%| F|  |TAMS 0x0000000702000000, 0x0000000702000000| Untracked 
|  17|0x0000000702200000, 0x0000000702200000, 0x0000000702400000|  0%| F|  |TAMS 0x0000000702200000, 0x0000000702200000| Untracked 
|  18|0x0000000702400000, 0x0000000702400000, 0x0000000702600000|  0%| F|  |TAMS 0x0000000702400000, 0x0000000702400000| Untracked 
|  19|0x0000000702600000, 0x0000000702600000, 0x0000000702800000|  0%| F|  |TAMS 0x0000000702600000, 0x0000000702600000| Untracked 
|  20|0x0000000702800000, 0x0000000702800000, 0x0000000702a00000|  0%| F|  |TAMS 0x0000000702800000, 0x0000000702800000| Untracked 
|  21|0x0000000702a00000, 0x0000000702a00000, 0x0000000702c00000|  0%| F|  |TAMS 0x0000000702a00000, 0x0000000702a00000| Untracked 
|  22|0x0000000702c00000, 0x0000000702c00000, 0x0000000702e00000|  0%| F|  |TAMS 0x0000000702c00000, 0x0000000702c00000| Untracked 
|  23|0x0000000702e00000, 0x0000000702e00000, 0x0000000703000000|  0%| F|  |TAMS 0x0000000702e00000, 0x0000000702e00000| Untracked 
|  24|0x0000000703000000, 0x0000000703000000, 0x0000000703200000|  0%| F|  |TAMS 0x0000000703000000, 0x0000000703000000| Untracked 
|  25|0x0000000703200000, 0x0000000703200000, 0x0000000703400000|  0%| F|  |TAMS 0x0000000703200000, 0x0000000703200000| Untracked 
|  26|0x0000000703400000, 0x0000000703400000, 0x0000000703600000|  0%| F|  |TAMS 0x0000000703400000, 0x0000000703400000| Untracked 
|  27|0x0000000703600000, 0x0000000703600000, 0x0000000703800000|  0%| F|  |TAMS 0x0000000703600000, 0x0000000703600000| Untracked 
|  28|0x0000000703800000, 0x0000000703800000, 0x0000000703a00000|  0%| F|  |TAMS 0x0000000703800000, 0x0000000703800000| Untracked 
|  29|0x0000000703a00000, 0x0000000703a00000, 0x0000000703c00000|  0%| F|  |TAMS 0x0000000703a00000, 0x0000000703a00000| Untracked 
|  30|0x0000000703c00000, 0x0000000703c00000, 0x0000000703e00000|  0%| F|  |TAMS 0x0000000703c00000, 0x0000000703c00000| Untracked 
|  31|0x0000000703e00000, 0x0000000703e00000, 0x0000000704000000|  0%| F|  |TAMS 0x0000000703e00000, 0x0000000703e00000| Untracked 
|  32|0x0000000704000000, 0x0000000704000000, 0x0000000704200000|  0%| F|  |TAMS 0x0000000704000000, 0x0000000704000000| Untracked 
|  33|0x0000000704200000, 0x0000000704200000, 0x0000000704400000|  0%| F|  |TAMS 0x0000000704200000, 0x0000000704200000| Untracked 
|  34|0x0000000704400000, 0x0000000704400000, 0x0000000704600000|  0%| F|  |TAMS 0x0000000704400000, 0x0000000704400000| Untracked 
|  35|0x0000000704600000, 0x0000000704600000, 0x0000000704800000|  0%| F|  |TAMS 0x0000000704600000, 0x0000000704600000| Untracked 
|  36|0x0000000704800000, 0x0000000704800000, 0x0000000704a00000|  0%| F|  |TAMS 0x0000000704800000, 0x0000000704800000| Untracked 
|  37|0x0000000704a00000, 0x0000000704a00000, 0x0000000704c00000|  0%| F|  |TAMS 0x0000000704a00000, 0x0000000704a00000| Untracked 
|  38|0x0000000704c00000, 0x0000000704c00000, 0x0000000704e00000|  0%| F|  |TAMS 0x0000000704c00000, 0x0000000704c00000| Untracked 
|  39|0x0000000704e00000, 0x0000000704e00000, 0x0000000705000000|  0%| F|  |TAMS 0x0000000704e00000, 0x0000000704e00000| Untracked 
|  40|0x0000000705000000, 0x0000000705000000, 0x0000000705200000|  0%| F|  |TAMS 0x0000000705000000, 0x0000000705000000| Untracked 
|  41|0x0000000705200000, 0x0000000705200000, 0x0000000705400000|  0%| F|  |TAMS 0x0000000705200000, 0x0000000705200000| Untracked 
|  42|0x0000000705400000, 0x0000000705400000, 0x0000000705600000|  0%| F|  |TAMS 0x0000000705400000, 0x0000000705400000| Untracked 
|  43|0x0000000705600000, 0x0000000705600000, 0x0000000705800000|  0%| F|  |TAMS 0x0000000705600000, 0x0000000705600000| Untracked 
|  44|0x0000000705800000, 0x0000000705800000, 0x0000000705a00000|  0%| F|  |TAMS 0x0000000705800000, 0x0000000705800000| Untracked 
|  45|0x0000000705a00000, 0x0000000705a00000, 0x0000000705c00000|  0%| F|  |TAMS 0x0000000705a00000, 0x0000000705a00000| Untracked 
|  46|0x0000000705c00000, 0x0000000705c00000, 0x0000000705e00000|  0%| F|  |TAMS 0x0000000705c00000, 0x0000000705c00000| Untracked 
|  47|0x0000000705e00000, 0x0000000705e00000, 0x0000000706000000|  0%| F|  |TAMS 0x0000000705e00000, 0x0000000705e00000| Untracked 
|  48|0x0000000706000000, 0x0000000706000000, 0x0000000706200000|  0%| F|  |TAMS 0x0000000706000000, 0x0000000706000000| Untracked 
|  49|0x0000000706200000, 0x0000000706200000, 0x0000000706400000|  0%| F|  |TAMS 0x0000000706200000, 0x0000000706200000| Untracked 
|  50|0x0000000706400000, 0x0000000706400000, 0x0000000706600000|  0%| F|  |TAMS 0x0000000706400000, 0x0000000706400000| Untracked 
|  51|0x0000000706600000, 0x0000000706600000, 0x0000000706800000|  0%| F|  |TAMS 0x0000000706600000, 0x0000000706600000| Untracked 
|  52|0x0000000706800000, 0x0000000706800000, 0x0000000706a00000|  0%| F|  |TAMS 0x0000000706800000, 0x0000000706800000| Untracked 
|  53|0x0000000706a00000, 0x0000000706a00000, 0x0000000706c00000|  0%| F|  |TAMS 0x0000000706a00000, 0x0000000706a00000| Untracked 
|  54|0x0000000706c00000, 0x0000000706c00000, 0x0000000706e00000|  0%| F|  |TAMS 0x0000000706c00000, 0x0000000706c00000| Untracked 
|  55|0x0000000706e00000, 0x0000000706e00000, 0x0000000707000000|  0%| F|  |TAMS 0x0000000706e00000, 0x0000000706e00000| Untracked 
|  56|0x0000000707000000, 0x0000000707000000, 0x0000000707200000|  0%| F|  |TAMS 0x0000000707000000, 0x0000000707000000| Untracked 
|  57|0x0000000707200000, 0x0000000707200000, 0x0000000707400000|  0%| F|  |TAMS 0x0000000707200000, 0x0000000707200000| Untracked 
|  58|0x0000000707400000, 0x0000000707400000, 0x0000000707600000|  0%| F|  |TAMS 0x0000000707400000, 0x0000000707400000| Untracked 
|  59|0x0000000707600000, 0x0000000707600000, 0x0000000707800000|  0%| F|  |TAMS 0x0000000707600000, 0x0000000707600000| Untracked 
|  60|0x0000000707800000, 0x0000000707800000, 0x0000000707a00000|  0%| F|  |TAMS 0x0000000707800000, 0x0000000707800000| Untracked 
|  61|0x0000000707a00000, 0x0000000707a00000, 0x0000000707c00000|  0%| F|  |TAMS 0x0000000707a00000, 0x0000000707a00000| Untracked 
|  62|0x0000000707c00000, 0x0000000707c00000, 0x0000000707e00000|  0%| F|  |TAMS 0x0000000707c00000, 0x0000000707c00000| Untracked 
|  63|0x0000000707e00000, 0x0000000707e00000, 0x0000000708000000|  0%| F|  |TAMS 0x0000000707e00000, 0x0000000707e00000| Untracked 
|  64|0x0000000708000000, 0x0000000708000000, 0x0000000708200000|  0%| F|  |TAMS 0x0000000708000000, 0x0000000708000000| Untracked 
|  65|0x0000000708200000, 0x0000000708200000, 0x0000000708400000|  0%| F|  |TAMS 0x0000000708200000, 0x0000000708200000| Untracked 
|  66|0x0000000708400000, 0x0000000708400000, 0x0000000708600000|  0%| F|  |TAMS 0x0000000708400000, 0x0000000708400000| Untracked 
|  67|0x0000000708600000, 0x0000000708600000, 0x0000000708800000|  0%| F|  |TAMS 0x0000000708600000, 0x0000000708600000| Untracked 
|  68|0x0000000708800000, 0x0000000708800000, 0x0000000708a00000|  0%| F|  |TAMS 0x0000000708800000, 0x0000000708800000| Untracked 
|  69|0x0000000708a00000, 0x0000000708a00000, 0x0000000708c00000|  0%| F|  |TAMS 0x0000000708a00000, 0x0000000708a00000| Untracked 
|  70|0x0000000708c00000, 0x0000000708c00000, 0x0000000708e00000|  0%| F|  |TAMS 0x0000000708c00000, 0x0000000708c00000| Untracked 
|  71|0x0000000708e00000, 0x0000000708e00000, 0x0000000709000000|  0%| F|  |TAMS 0x0000000708e00000, 0x0000000708e00000| Untracked 
|  72|0x0000000709000000, 0x0000000709000000, 0x0000000709200000|  0%| F|  |TAMS 0x0000000709000000, 0x0000000709000000| Untracked 
|  73|0x0000000709200000, 0x0000000709200000, 0x0000000709400000|  0%| F|  |TAMS 0x0000000709200000, 0x0000000709200000| Untracked 
|  74|0x0000000709400000, 0x0000000709400000, 0x0000000709600000|  0%| F|  |TAMS 0x0000000709400000, 0x0000000709400000| Untracked 
|  75|0x0000000709600000, 0x0000000709600000, 0x0000000709800000|  0%| F|  |TAMS 0x0000000709600000, 0x0000000709600000| Untracked 
|  76|0x0000000709800000, 0x0000000709800000, 0x0000000709a00000|  0%| F|  |TAMS 0x0000000709800000, 0x0000000709800000| Untracked 
|  77|0x0000000709a00000, 0x0000000709a00000, 0x0000000709c00000|  0%| F|  |TAMS 0x0000000709a00000, 0x0000000709a00000| Untracked 
|  78|0x0000000709c00000, 0x0000000709c00000, 0x0000000709e00000|  0%| F|  |TAMS 0x0000000709c00000, 0x0000000709c00000| Untracked 
|  79|0x0000000709e00000, 0x0000000709e00000, 0x000000070a000000|  0%| F|  |TAMS 0x0000000709e00000, 0x0000000709e00000| Untracked 
|  80|0x000000070a000000, 0x000000070a000000, 0x000000070a200000|  0%| F|  |TAMS 0x000000070a000000, 0x000000070a000000| Untracked 
|  81|0x000000070a200000, 0x000000070a200000, 0x000000070a400000|  0%| F|  |TAMS 0x000000070a200000, 0x000000070a200000| Untracked 
|  82|0x000000070a400000, 0x000000070a400000, 0x000000070a600000|  0%| F|  |TAMS 0x000000070a400000, 0x000000070a400000| Untracked 
|  83|0x000000070a600000, 0x000000070a600000, 0x000000070a800000|  0%| F|  |TAMS 0x000000070a600000, 0x000000070a600000| Untracked 
|  84|0x000000070a800000, 0x000000070a800000, 0x000000070aa00000|  0%| F|  |TAMS 0x000000070a800000, 0x000000070a800000| Untracked 
|  85|0x000000070aa00000, 0x000000070aa00000, 0x000000070ac00000|  0%| F|  |TAMS 0x000000070aa00000, 0x000000070aa00000| Untracked 
|  86|0x000000070ac00000, 0x000000070ac00000, 0x000000070ae00000|  0%| F|  |TAMS 0x000000070ac00000, 0x000000070ac00000| Untracked 
|  87|0x000000070ae00000, 0x000000070ae00000, 0x000000070b000000|  0%| F|  |TAMS 0x000000070ae00000, 0x000000070ae00000| Untracked 
|  88|0x000000070b000000, 0x000000070b000000, 0x000000070b200000|  0%| F|  |TAMS 0x000000070b000000, 0x000000070b000000| Untracked 
|  89|0x000000070b200000, 0x000000070b200000, 0x000000070b400000|  0%| F|  |TAMS 0x000000070b200000, 0x000000070b200000| Untracked 
|  90|0x000000070b400000, 0x000000070b400000, 0x000000070b600000|  0%| F|  |TAMS 0x000000070b400000, 0x000000070b400000| Untracked 
|  91|0x000000070b600000, 0x000000070b600000, 0x000000070b800000|  0%| F|  |TAMS 0x000000070b600000, 0x000000070b600000| Untracked 
|  92|0x000000070b800000, 0x000000070b800000, 0x000000070ba00000|  0%| F|  |TAMS 0x000000070b800000, 0x000000070b800000| Untracked 
|  93|0x000000070ba00000, 0x000000070ba00000, 0x000000070bc00000|  0%| F|  |TAMS 0x000000070ba00000, 0x000000070ba00000| Untracked 
|  94|0x000000070bc00000, 0x000000070bc00000, 0x000000070be00000|  0%| F|  |TAMS 0x000000070bc00000, 0x000000070bc00000| Untracked 
|  95|0x000000070be00000, 0x000000070be00000, 0x000000070c000000|  0%| F|  |TAMS 0x000000070be00000, 0x000000070be00000| Untracked 
|  96|0x000000070c000000, 0x000000070c000000, 0x000000070c200000|  0%| F|  |TAMS 0x000000070c000000, 0x000000070c000000| Untracked 
|  97|0x000000070c200000, 0x000000070c200000, 0x000000070c400000|  0%| F|  |TAMS 0x000000070c200000, 0x000000070c200000| Untracked 
|  98|0x000000070c400000, 0x000000070c400000, 0x000000070c600000|  0%| F|  |TAMS 0x000000070c400000, 0x000000070c400000| Untracked 
|  99|0x000000070c600000, 0x000000070c640770, 0x000000070c800000| 12%| E|  |TAMS 0x000000070c600000, 0x000000070c600000| Complete 
| 100|0x000000070c800000, 0x000000070ca00000, 0x000000070ca00000|100%| E|CS|TAMS 0x000000070c800000, 0x000000070c800000| Complete 
| 101|0x000000070ca00000, 0x000000070cc00000, 0x000000070cc00000|100%| E|CS|TAMS 0x000000070ca00000, 0x000000070ca00000| Complete 
| 102|0x000000070cc00000, 0x000000070ce00000, 0x000000070ce00000|100%| E|CS|TAMS 0x000000070cc00000, 0x000000070cc00000| Complete 
| 103|0x000000070ce00000, 0x000000070d000000, 0x000000070d000000|100%| E|CS|TAMS 0x000000070ce00000, 0x000000070ce00000| Complete 
| 104|0x000000070d000000, 0x000000070d200000, 0x000000070d200000|100%| E|CS|TAMS 0x000000070d000000, 0x000000070d000000| Complete 
| 105|0x000000070d200000, 0x000000070d400000, 0x000000070d400000|100%| E|CS|TAMS 0x000000070d200000, 0x000000070d200000| Complete 
| 106|0x000000070d400000, 0x000000070d600000, 0x000000070d600000|100%| E|CS|TAMS 0x000000070d400000, 0x000000070d400000| Complete 
| 107|0x000000070d600000, 0x000000070d800000, 0x000000070d800000|100%| E|CS|TAMS 0x000000070d600000, 0x000000070d600000| Complete 
| 108|0x000000070d800000, 0x000000070da00000, 0x000000070da00000|100%| E|CS|TAMS 0x000000070d800000, 0x000000070d800000| Complete 
| 109|0x000000070da00000, 0x000000070dc00000, 0x000000070dc00000|100%| E|CS|TAMS 0x000000070da00000, 0x000000070da00000| Complete 
| 110|0x000000070dc00000, 0x000000070de00000, 0x000000070de00000|100%| E|CS|TAMS 0x000000070dc00000, 0x000000070dc00000| Complete 
| 111|0x000000070de00000, 0x000000070e000000, 0x000000070e000000|100%| E|CS|TAMS 0x000000070de00000, 0x000000070de00000| Complete 
| 112|0x000000070e000000, 0x000000070e200000, 0x000000070e200000|100%| E|CS|TAMS 0x000000070e000000, 0x000000070e000000| Complete 
| 113|0x000000070e200000, 0x000000070e400000, 0x000000070e400000|100%| E|CS|TAMS 0x000000070e200000, 0x000000070e200000| Complete 
| 114|0x000000070e400000, 0x000000070e600000, 0x000000070e600000|100%| E|CS|TAMS 0x000000070e400000, 0x000000070e400000| Complete 
| 115|0x000000070e600000, 0x000000070e7075c8, 0x000000070e800000| 51%| S|CS|TAMS 0x000000070e600000, 0x000000070e600000| Complete 
| 116|0x000000070e800000, 0x000000070ea00000, 0x000000070ea00000|100%| S|CS|TAMS 0x000000070e800000, 0x000000070e800000| Complete 
| 117|0x000000070ea00000, 0x000000070ec00000, 0x000000070ec00000|100%| E|CS|TAMS 0x000000070ea00000, 0x000000070ea00000| Complete 
| 118|0x000000070ec00000, 0x000000070ee00000, 0x000000070ee00000|100%| E|CS|TAMS 0x000000070ec00000, 0x000000070ec00000| Complete 
| 119|0x000000070ee00000, 0x000000070f000000, 0x000000070f000000|100%| E|  |TAMS 0x000000070ee00000, 0x000000070ee00000| Complete 
| 120|0x000000070f000000, 0x000000070f200000, 0x000000070f200000|100%| E|CS|TAMS 0x000000070f000000, 0x000000070f000000| Complete 
| 121|0x000000070f200000, 0x000000070f400000, 0x000000070f400000|100%| E|CS|TAMS 0x000000070f200000, 0x000000070f200000| Complete 
| 122|0x000000070f400000, 0x000000070f600000, 0x000000070f600000|100%| E|CS|TAMS 0x000000070f400000, 0x000000070f400000| Complete 
| 123|0x000000070f600000, 0x000000070f800000, 0x000000070f800000|100%| E|CS|TAMS 0x000000070f600000, 0x000000070f600000| Complete 
| 124|0x000000070f800000, 0x000000070fa00000, 0x000000070fa00000|100%| E|CS|TAMS 0x000000070f800000, 0x000000070f800000| Complete 
| 125|0x000000070fa00000, 0x000000070fc00000, 0x000000070fc00000|100%| E|CS|TAMS 0x000000070fa00000, 0x000000070fa00000| Complete 
| 126|0x000000070fc00000, 0x000000070fe00000, 0x000000070fe00000|100%| E|CS|TAMS 0x000000070fc00000, 0x000000070fc00000| Complete 
| 127|0x000000070fe00000, 0x0000000710000000, 0x0000000710000000|100%| E|CS|TAMS 0x000000070fe00000, 0x000000070fe00000| Complete 
|2046|0x00000007ffc00000, 0x00000007ffd74000, 0x00000007ffe00000| 72%|OA|  |TAMS 0x00000007ffc00000, 0x00000007ffc00000| Untracked 
|2047|0x00000007ffe00000, 0x00000007ffe74000, 0x0000000800000000| 22%|CA|  |TAMS 0x00000007ffe00000, 0x00000007ffe00000| Untracked 

Card table byte_map: [0x000000010deac000,0x000000010e6ac000] _byte_map_base: 0x000000010a6ac000

Marking Bits (Prev, Next): (CMBitMap*) 0x0000000112829010, (CMBitMap*) 0x0000000112829050
 Prev Bits: [0x0000000113000000, 0x0000000117000000)
 Next Bits: [0x0000000120f00000, 0x0000000124f00000)

Polling page: 0x00000001044b8000

Metaspace:

Usage:
  Non-class:     15.37 MB used.
      Class:      2.52 MB used.
       Both:     17.89 MB used.

Virtual space:
  Non-class space:       64.00 MB reserved,      15.50 MB ( 24%) committed,  1 nodes.
      Class space:        1.00 GB reserved,       2.69 MB ( <1%) committed,  1 nodes.
             Both:        1.06 GB reserved,      18.19 MB (  2%) committed. 

Chunk freelists:
   Non-Class:  0 bytes
       Class:  1.33 MB
        Both:  1.33 MB

MaxMetaspaceSize: unlimited
CompressedClassSpaceSize: 1.00 GB
Initial GC threshold: 21.00 MB
Current GC threshold: 21.00 MB
CDS: on
MetaspaceReclaimPolicy: balanced
 - commit_granule_bytes: 65536.
 - commit_granule_words: 8192.
 - virtual_space_node_default_size: 8388608.
 - enlarge_chunks_in_place: 1.
 - new_chunks_are_fully_committed: 0.
 - uncommit_free_chunks: 1.
 - use_allocation_guard: 0.


Internal statistics:

num_allocs_failed_limit: 0.
num_arena_births: 358.
num_arena_deaths: 0.
num_vsnodes_births: 2.
num_vsnodes_deaths: 0.
num_space_committed: 291.
num_space_uncommitted: 0.
num_chunks_returned_to_freelist: 0.
num_chunks_taken_from_freelist: 938.
num_chunk_merges: 0.
num_chunk_splits: 659.
num_chunks_enlarged: 514.
num_inconsistent_stats: 0.

CodeHeap 'non-profiled nmethods': size=120032Kb used=1393Kb max_used=1393Kb free=118638Kb
 bounds [0x0000000147ac8000, 0x0000000147d38000, 0x000000014f000000]
CodeHeap 'profiled nmethods': size=120016Kb used=7753Kb max_used=7753Kb free=112262Kb
 bounds [0x0000000140594000, 0x0000000140d34000, 0x0000000147ac8000]
CodeHeap 'non-nmethods': size=5712Kb used=1406Kb max_used=1460Kb free=4305Kb
 bounds [0x0000000140000000, 0x0000000140270000, 0x0000000140594000]
 total_blobs=4368 nmethods=3586 adapters=698
 compilation: enabled
              stopped_count=0, restarted_count=0
 full_count=0

Compilation events (20 events):
Event: 13.517 Thread 0x0000000111809200 3653       3       javafx.animation.AnimationAccessorImpl::playTo (8 bytes)
Event: 13.518 Thread 0x0000000111809200 nmethod 3653 0x0000000140d1fe90 code [0x0000000140d20040, 0x0000000140d20298]
Event: 13.584 Thread 0x0000000111809200 3654       3       javafx.scene.Scene::getEffectiveCamera (80 bytes)
Event: 13.587 Thread 0x0000000111809200 nmethod 3654 0x0000000140d20390 code [0x0000000140d20780, 0x0000000140d220c8]
Event: 13.587 Thread 0x0000000111809200 3655       3       com.sun.prism.impl.BaseTexture::isSurfaceLost (16 bytes)
Event: 13.588 Thread 0x0000000111809200 nmethod 3655 0x0000000140d22810 code [0x0000000140d229c0, 0x0000000140d22ce8]
Event: 13.588 Thread 0x0000000111809200 3656       3       com.sun.javafx.sg.prism.NGNode::needsBlending (22 bytes)
Event: 13.588 Thread 0x0000000111809200 nmethod 3656 0x0000000140d22e10 code [0x0000000140d22fc0, 0x0000000140d231a8]
Event: 14.084 Thread 0x0000000111809200 3657       1       com.sun.javafx.sg.prism.NGGroup::getRemovedChildren (5 bytes)
Event: 14.085 Thread 0x0000000111809200 nmethod 3657 0x0000000147c23f10 code [0x0000000147c24080, 0x0000000147c24168]
Event: 14.417 Thread 0x0000000111809200 3658       3       com.sun.scenario.animation.AnimationPulse::recordEnd (81 bytes)
Event: 14.418 Thread 0x0000000111809200 nmethod 3658 0x0000000140d23290 code [0x0000000140d235c0, 0x0000000140d240b8]
Event: 14.419 Thread 0x0000000111809200 3659       3       com.sun.scenario.animation.AbstractPrimaryTimer$MainLoop::updateNextPulseTime (170 bytes)
Event: 14.419 Thread 0x0000000111809200 nmethod 3659 0x0000000140d24510 code [0x0000000140d24700, 0x0000000140d24b98]
Event: 14.741 Thread 0x0000000112841c00 3660       4       java.util.AbstractList$Itr::hasNext (20 bytes)
Event: 14.742 Thread 0x0000000112841c00 nmethod 3660 0x0000000147c24210 code [0x0000000147c243c0, 0x0000000147c244b0]
Event: 14.751 Thread 0x0000000111809200 3661       3       javafx.scene.Parent::getManagedChildren (78 bytes)
Event: 14.752 Thread 0x0000000111809200 nmethod 3661 0x0000000140d24d10 code [0x0000000140d24fc0, 0x0000000140d25c28]
Event: 14.752 Thread 0x0000000111809200 3662       3       javafx.scene.layout.Region::snapSize (14 bytes)
Event: 14.752 Thread 0x0000000111809200 nmethod 3662 0x0000000140d26010 code [0x0000000140d26200, 0x0000000140d26498]

GC Heap History (2 events):
Event: 0.345 GC heap before
{Heap before GC invocations=0 (full 0):
 garbage-first heap   total 266240K, used 24480K [0x0000000700000000, 0x0000000800000000)
  region size 2048K, 11 young (22528K), 0 survivors (0K)
 Metaspace       used 7201K, committed 7360K, reserved 1114112K
  class space    used 867K, committed 960K, reserved 1048576K
}
Event: 0.347 GC heap after
{Heap after GC invocations=1 (full 0):
 garbage-first heap   total 266240K, used 5053K [0x0000000700000000, 0x0000000800000000)
  region size 2048K, 2 young (4096K), 2 survivors (4096K)
 Metaspace       used 7201K, committed 7360K, reserved 1114112K
  class space    used 867K, committed 960K, reserved 1048576K
}

Deoptimization events (20 events):
Event: 5.808 Thread 0x0000000131829e00 DEOPT PACKING pc=0x0000000140a5cae0 sp=0x000000016e454e00
Event: 5.808 Thread 0x0000000131829e00 DEOPT UNPACKING pc=0x000000014003eb7c sp=0x000000016e454a20 mode 0
Event: 5.809 Thread 0x0000000131829e00 DEOPT PACKING pc=0x0000000140afd8e4 sp=0x000000016e454dc0
Event: 5.809 Thread 0x0000000131829e00 DEOPT UNPACKING pc=0x000000014003eb7c sp=0x000000016e454a60 mode 0
Event: 5.810 Thread 0x0000000131829e00 DEOPT PACKING pc=0x0000000140afd8e4 sp=0x000000016e4551f0
Event: 5.810 Thread 0x0000000131829e00 DEOPT UNPACKING pc=0x000000014003eb7c sp=0x000000016e454e90 mode 0
Event: 5.826 Thread 0x0000000131829e00 DEOPT PACKING pc=0x0000000140afd8e4 sp=0x000000016e454bc0
Event: 5.826 Thread 0x0000000131829e00 DEOPT UNPACKING pc=0x000000014003eb7c sp=0x000000016e454880 mode 0
Event: 5.826 Thread 0x0000000131829e00 DEOPT PACKING pc=0x0000000140afd8e4 sp=0x000000016e454dc0
Event: 5.826 Thread 0x0000000131829e00 DEOPT UNPACKING pc=0x000000014003eb7c sp=0x000000016e454a60 mode 0
Event: 7.038 Thread 0x0000000131829e00 DEOPT PACKING pc=0x0000000140afd8e4 sp=0x000000016e454dc0
Event: 7.038 Thread 0x0000000131829e00 DEOPT UNPACKING pc=0x000000014003eb7c sp=0x000000016e454a60 mode 0
Event: 7.153 Thread 0x0000000131829e00 Uncommon trap: trap_request=0xffffff45 fr.pc=0x0000000147be789c relative=0x0000000000001a1c
Event: 7.153 Thread 0x0000000131829e00 Uncommon trap: reason=unstable_if action=reinterpret pc=0x0000000147be789c method=com.sun.marlin.Renderer._endRendering(IILcom/sun/marlin/MarlinAlphaConsumer;)V @ 207 c2
Event: 7.153 Thread 0x0000000131829e00 DEOPT PACKING pc=0x0000000147be789c sp=0x000000016e454dc0
Event: 7.153 Thread 0x0000000131829e00 DEOPT UNPACKING pc=0x000000014003ed1c sp=0x000000016e454bd0 mode 2
Event: 8.635 Thread 0x0000000111123400 DEOPT PACKING pc=0x0000000140a0f0fc sp=0x000000016b9c6d40
Event: 8.635 Thread 0x0000000111123400 DEOPT UNPACKING pc=0x000000014003eb7c sp=0x000000016b9c6a40 mode 3
Event: 12.503 Thread 0x0000000131829e00 DEOPT PACKING pc=0x0000000140c7e8b0 sp=0x000000016e454cb0
Event: 12.503 Thread 0x0000000131829e00 DEOPT UNPACKING pc=0x000000014003eb7c sp=0x000000016e4548b0 mode 0

Classes loaded (20 events):
Event: 5.761 Loading class sun/util/logging/resources/logging_en_US
Event: 5.761 Loading class sun/util/logging/resources/logging_en_US done
Event: 5.761 Loading class sun/util/logging/resources/logging_en_US
Event: 5.761 Loading class sun/util/logging/resources/logging_en_US done
Event: 5.761 Loading class java/util/Formatter$DateTime
Event: 5.761 Loading class java/util/Formatter$DateTime done
Event: 5.762 Loading class java/util/Formatter$FixedString
Event: 5.762 Loading class java/util/Formatter$FixedString done
Event: 5.762 Loading class java/time/ZonedDateTime$1
Event: 5.762 Loading class java/time/ZonedDateTime$1 done
Event: 5.763 Loading class sun/text/resources/cldr/FormatData_en
Event: 5.763 Loading class sun/text/resources/cldr/FormatData_en done
Event: 5.763 Loading class sun/text/resources/cldr/FormatData_en_US
Event: 5.763 Loading class sun/text/resources/cldr/FormatData_en_US done
Event: 5.769 Loading class java/io/StringReader
Event: 5.769 Loading class java/io/StringReader done
Event: 5.769 Loading class java/io/PushbackReader
Event: 5.769 Loading class java/io/FilterReader
Event: 5.769 Loading class java/io/FilterReader done
Event: 5.769 Loading class java/io/PushbackReader done

Classes unloaded (0 events):
No events

Classes redefined (0 events):
No events

Internal exceptions (20 events):
Event: 0.581 Thread 0x0000000111123400 Exception <a 'java/lang/NoSuchMethodError'{0x000000070e519280}: 'int java.lang.invoke.DirectMethodHandle$Holder.invokeVirtual(java.lang.Object, java.lang.Object)'> (0x000000070e519280) 
thrown [open/src/hotspot/share/interpreter/linkResolver.cpp, line 759]
Event: 0.582 Thread 0x0000000111123400 Exception <a 'java/lang/NoSuchMethodError'{0x000000070e527618}: 'double java.lang.invoke.DirectMethodHandle$Holder.invokeVirtual(java.lang.Object, java.lang.Object)'> (0x000000070e527618) 
thrown [open/src/hotspot/share/interpreter/linkResolver.cpp, line 759]
Event: 0.582 Thread 0x0000000111123400 Exception <a 'java/lang/NoSuchMethodError'{0x000000070e52bc88}: 'double java.lang.invoke.DelegatingMethodHandle$Holder.reinvoke_L(java.lang.Object, java.lang.Object)'> (0x000000070e52bc88) 
thrown [open/src/hotspot/share/interpreter/linkResolver.cpp, line 759]
Event: 0.602 Thread 0x0000000111123400 Exception <a 'java/lang/NoSuchMethodError'{0x000000070e2bec80}: 'int java.lang.invoke.DirectMethodHandle$Holder.invokeSpecial(java.lang.Object, java.lang.Object, int)'> (0x000000070e2bec80) 
thrown [open/src/hotspot/share/interpreter/linkResolver.cpp, line 759]
Event: 0.630 Thread 0x0000000111123400 Exception <a 'java/lang/NoSuchMethodError'{0x000000070e1c2718}: 'void java.lang.invoke.DirectMethodHandle$Holder.invokeSpecial(java.lang.Object, java.lang.Object, java.lang.Object, java.lang.Object, java.lang.Object, java.lang.Object)'> (0x000000070e1c2718) 
thrown [open/src/hotspot/share/interpreter/linkResolver.cpp, line 759]
Event: 0.709 Thread 0x0000000111123400 Exception <a 'java/lang/NoSuchMethodError'{0x000000070d6265b8}: 'java.lang.Object java.lang.invoke.DirectMethodHandle$Holder.newInvokeSpecial(java.lang.Object, java.lang.Object, int)'> (0x000000070d6265b8) 
thrown [open/src/hotspot/share/interpreter/linkResolver.cpp, line 759]
Event: 0.762 Thread 0x0000000131829e00 Exception <a 'java/lang/NoSuchMethodError'{0x000000070d40adc8}: 'int java.lang.invoke.DirectMethodHandle$Holder.invokeStaticInit(java.lang.Object, java.lang.Object)'> (0x000000070d40adc8) 
thrown [open/src/hotspot/share/interpreter/linkResolver.cpp, line 759]
Event: 2.362 Thread 0x0000000111123400 Exception <a 'java/lang/NoSuchMethodError'{0x000000070d1867c8}: 'long java.lang.invoke.DirectMethodHandle$Holder.invokeStatic(java.lang.Object, java.lang.Object)'> (0x000000070d1867c8) 
thrown [open/src/hotspot/share/interpreter/linkResolver.cpp, line 759]
Event: 2.372 Thread 0x0000000111123400 Exception <a 'java/lang/NoSuchMethodError'{0x000000070d1caff0}: 'void java.lang.invoke.DirectMethodHandle$Holder.invokeVirtual(java.lang.Object, java.lang.Object, int)'> (0x000000070d1caff0) 
thrown [open/src/hotspot/share/interpreter/linkResolver.cpp, line 759]
Event: 2.385 Thread 0x0000000111123400 Exception <a 'java/lang/NoSuchMethodError'{0x000000070d1f9e20}: 'long java.lang.invoke.DirectMethodHandle$Holder.invokeStatic(java.lang.Object, java.lang.Object, java.lang.Object)'> (0x000000070d1f9e20) 
thrown [open/src/hotspot/share/interpreter/linkResolver.cpp, line 759]
Event: 2.385 Thread 0x0000000111123400 Exception <a 'java/lang/NoSuchMethodError'{0x000000070d1fd5c0}: 'long java.lang.invoke.DirectMethodHandle$Holder.invokeStaticInit(java.lang.Object, java.lang.Object, java.lang.Object)'> (0x000000070d1fd5c0) 
thrown [open/src/hotspot/share/interpreter/linkResolver.cpp, line 759]
Event: 2.386 Thread 0x0000000111123400 Exception <a 'java/lang/NoSuchMethodError'{0x000000070ce16808}: 'java.lang.Object java.lang.invoke.DirectMethodHandle$Holder.newInvokeSpecial(java.lang.Object, java.lang.Object, long)'> (0x000000070ce16808) 
thrown [open/src/hotspot/share/interpreter/linkResolver.cpp, line 759]
Event: 2.387 Thread 0x0000000111123400 Exception <a 'java/lang/NoSuchMethodError'{0x000000070ce1a0d8}: 'java.lang.Object java.lang.invoke.Invokers$Holder.linkToTargetMethod(java.lang.Object, long, java.lang.Object)'> (0x000000070ce1a0d8) 
thrown [open/src/hotspot/share/interpreter/linkResolver.cpp, line 759]
Event: 4.060 Thread 0x0000000111123400 Exception <a 'java/lang/NoSuchMethodError'{0x000000070ccd4768}: 'java.lang.Object java.lang.invoke.DelegatingMethodHandle$Holder.reinvoke_L(java.lang.Object, double, double, double, double)'> (0x000000070ccd4768) 
thrown [open/src/hotspot/share/interpreter/linkResolver.cpp, line 759]
Event: 4.060 Thread 0x0000000111123400 Exception <a 'java/lang/NoSuchMethodError'{0x000000070ccdf6c0}: 'java.lang.Object java.lang.invoke.DirectMethodHandle$Holder.invokeStatic(java.lang.Object, java.lang.Object, int)'> (0x000000070ccdf6c0) 
thrown [open/src/hotspot/share/interpreter/linkResolver.cpp, line 759]
Event: 4.061 Thread 0x0000000111123400 Exception <a 'java/lang/NoSuchMethodError'{0x000000070cceab18}: 'void java.lang.invoke.DelegatingMethodHandle$Holder.delegate(java.lang.Object, java.lang.Object, int, java.lang.Object)'> (0x000000070cceab18) 
thrown [open/src/hotspot/share/interpreter/linkResolver.cpp, line 759]
Event: 4.074 Thread 0x0000000111123400 Exception <a 'java/lang/NullPointerException'{0x000000070cd82988}> (0x000000070cd82988) 
thrown [open/src/hotspot/share/interpreter/linkResolver.cpp, line 1350]
Event: 5.755 Thread 0x0000000111123400 Exception <a 'sun/nio/fs/UnixException'{0x000000070ca538b8}> (0x000000070ca538b8) 
thrown [open/src/hotspot/share/prims/jni.cpp, line 516]
Event: 5.758 Thread 0x0000000111123400 Exception <a 'java/lang/NoSuchMethodError'{0x000000070ca61738}: 'java.lang.Object java.lang.invoke.DirectMethodHandle$Holder.invokeStatic(java.lang.Object, int, java.lang.Object)'> (0x000000070ca61738) 
thrown [open/src/hotspot/share/interpreter/linkResolver.cpp, line 759]
Event: 5.760 Thread 0x0000000111123400 Exception <a 'java/lang/ClassNotFoundException'{0x000000070ca724b0}: sun/util/logging/resources/spi/loggingProvider> (0x000000070ca724b0) 
thrown [open/src/hotspot/share/classfile/systemDictionary.cpp, line 255]

VM Operations (20 events):
Event: 5.798 Executing VM operation: ICBufferFull
Event: 5.798 Executing VM operation: ICBufferFull done
Event: 6.803 Executing VM operation: Cleanup
Event: 6.803 Executing VM operation: Cleanup done
Event: 7.807 Executing VM operation: Cleanup
Event: 7.807 Executing VM operation: Cleanup done
Event: 8.812 Executing VM operation: Cleanup
Event: 8.812 Executing VM operation: Cleanup done
Event: 9.817 Executing VM operation: Cleanup
Event: 9.818 Executing VM operation: Cleanup done
Event: 10.821 Executing VM operation: Cleanup
Event: 10.821 Executing VM operation: Cleanup done
Event: 11.821 Executing VM operation: Cleanup
Event: 11.822 Executing VM operation: Cleanup done
Event: 12.550 Executing VM operation: HandshakeAllThreads
Event: 12.550 Executing VM operation: HandshakeAllThreads done
Event: 13.555 Executing VM operation: Cleanup
Event: 13.555 Executing VM operation: Cleanup done
Event: 14.557 Executing VM operation: Cleanup
Event: 14.557 Executing VM operation: Cleanup done

Events (20 events):
Event: 2.967 Protecting memory [0x000000016e66c000,0x000000016e678000] with protection modes 3
Event: 2.968 Thread 0x0000000131356600 Thread exited: 0x0000000131356600
Event: 3.068 Protecting memory [0x000000016e66c000,0x000000016e678000] with protection modes 0
Event: 3.068 Thread 0x0000000111808200 Thread added: 0x0000000111808200
Event: 3.351 Protecting memory [0x000000016e66c000,0x000000016e678000] with protection modes 3
Event: 3.351 Thread 0x0000000111808200 Thread exited: 0x0000000111808200
Event: 3.950 Protecting memory [0x000000016e66c000,0x000000016e678000] with protection modes 0
Event: 3.950 Thread 0x0000000111808200 Thread added: 0x0000000111808200
Event: 4.751 Protecting memory [0x000000016e66c000,0x000000016e678000] with protection modes 3
Event: 4.751 Thread 0x0000000111808200 Thread exited: 0x0000000111808200
Event: 4.933 Protecting memory [0x000000016e66c000,0x000000016e678000] with protection modes 0
Event: 4.933 Thread 0x0000000111808200 Thread added: 0x0000000111808200
Event: 5.234 Protecting memory [0x000000016e66c000,0x000000016e678000] with protection modes 3
Event: 5.234 Thread 0x0000000111808200 Thread exited: 0x0000000111808200
Event: 5.618 Protecting memory [0x000000016e66c000,0x000000016e678000] with protection modes 0
Event: 5.618 Thread 0x0000000111808200 Thread added: 0x0000000111808200
Event: 6.084 Protecting memory [0x000000016e66c000,0x000000016e678000] with protection modes 3
Event: 6.084 Thread 0x0000000111808200 Thread exited: 0x0000000111808200
Event: 7.034 Protecting memory [0x000000016e66c000,0x000000016e678000] with protection modes 0
Event: 7.034 Thread 0x000000011201f800 Thread added: 0x000000011201f800


Dynamic libraries:
0x0000000104468000 	/Users/josh/Library/Java/JavaVirtualMachines/openjdk-18.0.2/Contents/Home/lib/libjli.dylib
0x00000001a4ca6000 	/usr/lib/libz.1.dylib
0x00000001a4d5d000 	/usr/lib/libSystem.B.dylib
0x00000001a4d57000 	/usr/lib/system/libcache.dylib
0x00000001a4d15000 	/usr/lib/system/libcommonCrypto.dylib
0x00000001a4d3e000 	/usr/lib/system/libcompiler_rt.dylib
0x00000001a4d35000 	/usr/lib/system/libcopyfile.dylib
0x0000000199f83000 	/usr/lib/system/libcorecrypto.dylib
0x000000019a038000 	/usr/lib/system/libdispatch.dylib
0x000000019a206000 	/usr/lib/system/libdyld.dylib
0x00000001a4d4d000 	/usr/lib/system/libkeymgr.dylib
0x00000001a4cf0000 	/usr/lib/system/libmacho.dylib
0x00000001a43e0000 	/usr/lib/system/libquarantine.dylib
0x00000001a4d4a000 	/usr/lib/system/libremovefile.dylib
0x000000019f37c000 	/usr/lib/system/libsystem_asl.dylib
0x0000000199f25000 	/usr/lib/system/libsystem_blocks.dylib
0x000000019a0c0000 	/usr/lib/system/libsystem_c.dylib
0x00000001a4d42000 	/usr/lib/system/libsystem_collections.dylib
0x00000001a3875000 	/usr/lib/system/libsystem_configuration.dylib
0x00000001a2ad1000 	/usr/lib/system/libsystem_containermanager.dylib
0x00000001a4a4d000 	/usr/lib/system/libsystem_coreservices.dylib
0x000000019c936000 	/usr/lib/system/libsystem_darwin.dylib
0x00000001a4d4e000 	/usr/lib/system/libsystem_dnssd.dylib
0x000000019a0bd000 	/usr/lib/system/libsystem_featureflags.dylib
0x000000019a21b000 	/usr/lib/system/libsystem_info.dylib
0x00000001a4cb8000 	/usr/lib/system/libsystem_m.dylib
0x000000019a00d000 	/usr/lib/system/libsystem_malloc.dylib
0x000000019f30a000 	/usr/lib/system/libsystem_networkextension.dylib
0x000000019cd8f000 	/usr/lib/system/libsystem_notify.dylib
0x00000001ab0b0000 	/usr/lib/system/libsystem_product_info_filter.dylib
0x00000001a387a000 	/usr/lib/system/libsystem_sandbox.dylib
0x00000001a4d47000 	/usr/lib/system/libsystem_secinit.dylib
0x000000019a1c1000 	/usr/lib/system/libsystem_kernel.dylib
0x000000019a213000 	/usr/lib/system/libsystem_platform.dylib
0x000000019a1f9000 	/usr/lib/system/libsystem_pthread.dylib
0x00000001a0adc000 	/usr/lib/system/libsystem_symptoms.dylib
0x0000000199f69000 	/usr/lib/system/libsystem_trace.dylib
0x00000001a4d22000 	/usr/lib/system/libunwind.dylib
0x0000000199f27000 	/usr/lib/system/libxpc.dylib
0x000000019a1a9000 	/usr/lib/libc++abi.dylib
0x000000019a07f000 	/usr/lib/libobjc.A.dylib
0x00000001a4d2d000 	/usr/lib/liboah.dylib
0x000000019a142000 	/usr/lib/libc++.1.dylib
0x00000001b0bd6000 	/System/Library/Frameworks/Cocoa.framework/Versions/A/Cocoa
0x000000019cdf0000 	/System/Library/Frameworks/AppKit.framework/Versions/C/AppKit
0x00000001a0303000 	/System/Library/Frameworks/CoreData.framework/Versions/A/CoreData
0x000000019b14b000 	/System/Library/Frameworks/Foundation.framework/Versions/C/Foundation
0x000000019dca8000 	/System/Library/PrivateFrameworks/UIFoundation.framework/Versions/A/UIFoundation
0x00000001aadaa000 	/System/Library/PrivateFrameworks/RemoteViewServices.framework/Versions/A/RemoteViewServices
0x00000001a321d000 	/System/Library/PrivateFrameworks/XCTTargetBootstrap.framework/Versions/A/XCTTargetBootstrap
0x00000001a6a9d000 	/System/Library/PrivateFrameworks/InternationalSupport.framework/Versions/A/InternationalSupport
0x00000001a6b26000 	/System/Library/PrivateFrameworks/UserActivity.framework/Versions/A/UserActivity
0x00000001a5f94000 	/usr/lib/libspindump.dylib
0x000000019df19000 	/System/Library/Frameworks/UniformTypeIdentifiers.framework/Versions/A/UniformTypeIdentifiers
0x00000001a1767000 	/usr/lib/libapp_launch_measurement.dylib
0x00000001a0c8e000 	/System/Library/PrivateFrameworks/CoreAnalytics.framework/Versions/A/CoreAnalytics
0x00000001a176a000 	/System/Library/PrivateFrameworks/CoreAutoLayout.framework/Versions/A/CoreAutoLayout
0x00000001a2b0e000 	/System/Library/Frameworks/Metal.framework/Versions/A/Metal
0x00000001a3885000 	/usr/lib/liblangid.dylib
0x00000001a3222000 	/System/Library/PrivateFrameworks/CoreSVG.framework/Versions/A/CoreSVG
0x000000019f3b0000 	/System/Library/PrivateFrameworks/SkyLight.framework/Versions/A/SkyLight
0x000000019f789000 	/System/Library/Frameworks/CoreGraphics.framework/Versions/A/CoreGraphics
0x00000001ab476000 	/System/Library/Frameworks/Accelerate.framework/Versions/A/Accelerate
0x00000001a5a0b000 	/System/Library/PrivateFrameworks/IconServices.framework/Versions/A/IconServices
0x00000001a2af0000 	/System/Library/Frameworks/IOSurface.framework/Versions/A/IOSurface
0x00000001a0cbf000 	/usr/lib/libDiagnosticMessagesClient.dylib
0x00000001ae977000 	/System/Library/Frameworks/ApplicationServices.framework/Versions/A/ApplicationServices
0x00000001a3205000 	/System/Library/PrivateFrameworks/DFRFoundation.framework/Versions/A/DFRFoundation
0x000000019c680000 	/usr/lib/libicucore.A.dylib
0x00000001a794a000 	/System/Library/Frameworks/AudioToolbox.framework/Versions/A/AudioToolbox
0x00000001a6aa9000 	/System/Library/PrivateFrameworks/DataDetectorsCore.framework/Versions/A/DataDetectorsCore
0x00000001bd4a3000 	/System/Library/PrivateFrameworks/TextInput.framework/Versions/A/TextInput
0x000000019f325000 	/usr/lib/libMobileGestalt.dylib
0x00000001a2ed1000 	/System/Library/Frameworks/Carbon.framework/Versions/A/Frameworks/HIToolbox.framework/Versions/A/HIToolbox
0x00000001a113f000 	/System/Library/Frameworks/QuartzCore.framework/Versions/A/QuartzCore
0x000000019c301000 	/System/Library/Frameworks/Security.framework/Versions/A/Security
0x00000001aadea000 	/System/Library/Frameworks/Carbon.framework/Versions/A/Frameworks/SpeechRecognition.framework/Versions/A/SpeechRecognition
0x00000001a14bd000 	/System/Library/PrivateFrameworks/CoreUI.framework/Versions/A/CoreUI
0x000000019bbdd000 	/System/Library/Frameworks/CoreAudio.framework/Versions/A/CoreAudio
0x00000001a0db3000 	/System/Library/Frameworks/DiskArbitration.framework/Versions/A/DiskArbitration
0x00000001a639e000 	/System/Library/PrivateFrameworks/MultitouchSupport.framework/Versions/A/MultitouchSupport
0x000000019f323000 	/usr/lib/libenergytrace.dylib
0x000000019ccb8000 	/System/Library/Frameworks/IOKit.framework/Versions/A/IOKit
0x00000001ab1d9000 	/System/Library/Frameworks/CoreServices.framework/Versions/A/CoreServices
0x00000001a16f7000 	/System/Library/PrivateFrameworks/PerformanceAnalysis.framework/Versions/A/PerformanceAnalysis
0x00000001fb8db000 	/System/Library/Frameworks/OpenGL.framework/Versions/A/OpenGL
0x00000001a42f8000 	/System/Library/PrivateFrameworks/MobileKeyBag.framework/Versions/A/MobileKeyBag
0x000000019fd97000 	/System/Library/Frameworks/ColorSync.framework/Versions/A/ColorSync
0x000000019a248000 	/System/Library/Frameworks/CoreFoundation.framework/Versions/A/CoreFoundation
0x00000001a34a1000 	/System/Library/Frameworks/CoreImage.framework/Versions/A/CoreImage
0x000000019ba01000 	/System/Library/Frameworks/CoreText.framework/Versions/A/CoreText
0x00000001a3252000 	/System/Library/Frameworks/ImageIO.framework/Versions/A/ImageIO
0x00000001a4d63000 	/System/Library/PrivateFrameworks/SoftLinking.framework/Versions/A/SoftLinking
0x00000001a17b5000 	/usr/lib/libxml2.2.dylib
0x00000001a4ffc000 	/usr/lib/libcompression.dylib
0x00000001a69f9000 	/System/Library/PrivateFrameworks/TextureIO.framework/Versions/A/TextureIO
0x00000001a5724000 	/usr/lib/libate.dylib
0x00000001a55e9000 	/usr/lib/liblzma.5.dylib
0x000000019ae3e000 	/System/Library/Frameworks/SystemConfiguration.framework/Versions/A/SystemConfiguration
0x00000001a4d5f000 	/usr/lib/libfakelink.dylib
0x000000019ee55000 	/System/Library/Frameworks/CFNetwork.framework/Versions/A/CFNetwork
0x00000001a4ea5000 	/usr/lib/libarchive.2.dylib
0x00000001a3881000 	/System/Library/PrivateFrameworks/AppleSystemInfo.framework/Versions/A/AppleSystemInfo
0x00000001a440b000 	/usr/lib/libbsm.0.dylib
0x000000019e3c2000 	/usr/lib/libnetwork.dylib
0x00000001a4cf9000 	/usr/lib/system/libkxld.dylib
0x00000001a4025000 	/System/Library/PrivateFrameworks/IOMobileFramebuffer.framework/Versions/A/IOMobileFramebuffer
0x00000002195a4000 	/usr/lib/libCoreEntitlements.dylib
0x00000001a4a2f000 	/System/Library/PrivateFrameworks/AppleFSCompression.framework/Versions/A/AppleFSCompression
0x00000001a43f3000 	/usr/lib/libcoretls.dylib
0x00000001a5602000 	/usr/lib/libcoretls_cfhelpers.dylib
0x00000001a4ff7000 	/usr/lib/libpam.2.dylib
0x00000001a06f3000 	/usr/lib/libsqlite3.dylib
0x00000001a566b000 	/usr/lib/libxar.1.dylib
0x00000001a4a40000 	/usr/lib/libbz2.1.0.dylib
0x00000001a4d64000 	/usr/lib/libpcap.A.dylib
0x00000001a0ad3000 	/usr/lib/libdns_services.dylib
0x00000001a4fca000 	/usr/lib/libapple_nghttp2.dylib
0x00000001a4da1000 	/usr/lib/libiconv.2.dylib
0x00000001a4cef000 	/usr/lib/libcharset.1.dylib
0x00000001a1733000 	/System/Library/Frameworks/CoreServices.framework/Versions/A/Frameworks/FSEvents.framework/Versions/A/FSEvents
0x000000019c941000 	/System/Library/Frameworks/CoreServices.framework/Versions/A/Frameworks/CarbonCore.framework/Versions/A/CarbonCore
0x00000001a0d13000 	/System/Library/Frameworks/CoreServices.framework/Versions/A/Frameworks/Metadata.framework/Versions/A/Metadata
0x00000001a4a53000 	/System/Library/Frameworks/CoreServices.framework/Versions/A/Frameworks/OSServices.framework/Versions/A/OSServices
0x00000001a4f2b000 	/System/Library/Frameworks/CoreServices.framework/Versions/A/Frameworks/SearchKit.framework/Versions/A/SearchKit
0x00000001a0a62000 	/System/Library/Frameworks/CoreServices.framework/Versions/A/Frameworks/AE.framework/Versions/A/AE
0x000000019a78f000 	/System/Library/Frameworks/CoreServices.framework/Versions/A/Frameworks/LaunchServices.framework/Versions/A/LaunchServices
0x00000001a5592000 	/System/Library/Frameworks/CoreServices.framework/Versions/A/Frameworks/DictionaryServices.framework/Versions/A/DictionaryServices
0x00000001a1740000 	/System/Library/Frameworks/CoreServices.framework/Versions/A/Frameworks/SharedFileList.framework/Versions/A/SharedFileList
0x00000001a43e3000 	/usr/lib/libCheckFix.dylib
0x000000019f394000 	/System/Library/PrivateFrameworks/TCC.framework/Versions/A/TCC
0x00000001a3887000 	/System/Library/PrivateFrameworks/CoreNLP.framework/Versions/A/CoreNLP
0x00000001a0cc2000 	/System/Library/PrivateFrameworks/MetadataUtilities.framework/Versions/A/MetadataUtilities
0x000000019aef8000 	/usr/lib/libmecabra.dylib
0x00000001a441c000 	/usr/lib/libmecab.dylib
0x000000019aec4000 	/usr/lib/libCRFSuite.dylib
0x00000001a4479000 	/usr/lib/libgermantok.dylib
0x00000001a4fa3000 	/usr/lib/libThaiTokenizer.dylib
0x00000001a0dbb000 	/System/Library/Frameworks/Accelerate.framework/Versions/A/Frameworks/vImage.framework/Versions/A/vImage
0x00000001ab1b0000 	/System/Library/Frameworks/Accelerate.framework/Versions/A/Frameworks/vecLib.framework/Versions/A/vecLib
0x00000001a56b0000 	/System/Library/Frameworks/Accelerate.framework/Versions/A/Frameworks/vecLib.framework/Versions/A/libvMisc.dylib
0x00000001a3f2c000 	/System/Library/Frameworks/Accelerate.framework/Versions/A/Frameworks/vecLib.framework/Versions/A/libvDSP.dylib
0x000000019ab19000 	/System/Library/Frameworks/Accelerate.framework/Versions/A/Frameworks/vecLib.framework/Versions/A/libBLAS.dylib
0x00000001a50cd000 	/System/Library/Frameworks/Accelerate.framework/Versions/A/Frameworks/vecLib.framework/Versions/A/libLAPACK.dylib
0x00000001a447c000 	/System/Library/Frameworks/Accelerate.framework/Versions/A/Frameworks/vecLib.framework/Versions/A/libLinearAlgebra.dylib
0x00000001a4fe2000 	/System/Library/Frameworks/Accelerate.framework/Versions/A/Frameworks/vecLib.framework/Versions/A/libSparseBLAS.dylib
0x00000001a50c8000 	/System/Library/Frameworks/Accelerate.framework/Versions/A/Frameworks/vecLib.framework/Versions/A/libQuadrature.dylib
0x00000001a3980000 	/System/Library/Frameworks/Accelerate.framework/Versions/A/Frameworks/vecLib.framework/Versions/A/libBNNS.dylib
0x000000019add7000 	/System/Library/Frameworks/Accelerate.framework/Versions/A/Frameworks/vecLib.framework/Versions/A/libSparse.dylib
0x00000001a3978000 	/System/Library/PrivateFrameworks/LinguisticData.framework/Versions/A/LinguisticData
0x000000019ad8f000 	/System/Library/PrivateFrameworks/Lexicon.framework/Versions/A/Lexicon
0x00000001a56a8000 	/usr/lib/libChineseTokenizer.dylib
0x000000019b53d000 	/System/Library/PrivateFrameworks/LanguageModeling.framework/Versions/A/LanguageModeling
0x00000001a4fa5000 	/System/Library/PrivateFrameworks/AppleSauce.framework/Versions/A/AppleSauce
0x00000001a4012000 	/System/Library/PrivateFrameworks/CoreEmoji.framework/Versions/A/CoreEmoji
0x00000001a4e93000 	/usr/lib/libcmph.dylib
0x00000001a1713000 	/System/Library/Frameworks/OpenDirectory.framework/Versions/A/Frameworks/CFOpenDirectory.framework/Versions/A/CFOpenDirectory
0x00000001a1703000 	/System/Library/Frameworks/OpenDirectory.framework/Versions/A/OpenDirectory
0x00000001a5604000 	/System/Library/PrivateFrameworks/APFS.framework/Versions/A/APFS
0x00000001a4333000 	/System/Library/Frameworks/SecurityFoundation.framework/Versions/A/SecurityFoundation
0x00000001a567a000 	/usr/lib/libutil.dylib
0x000000019cc7a000 	/System/Library/PrivateFrameworks/CoreServicesStore.framework/Versions/A/CoreServicesStore
0x00000001a567e000 	/usr/lib/libxslt.1.dylib
0x00000001a43c7000 	/System/Library/PrivateFrameworks/BackgroundTaskManagement.framework/Versions/A/BackgroundTaskManagement
0x00000001a691a000 	/System/Library/Frameworks/ImageIO.framework/Versions/A/Resources/libRadiance.dylib
0x00000001a6923000 	/System/Library/Frameworks/ImageIO.framework/Versions/A/Resources/libJPEG.dylib
0x00000001a6876000 	/System/Library/Frameworks/ImageIO.framework/Versions/A/Resources/libPng.dylib
0x00000001a6898000 	/System/Library/Frameworks/ImageIO.framework/Versions/A/Resources/libTIFF.dylib
0x00000001a697e000 	/System/Library/Frameworks/ImageIO.framework/Versions/A/Resources/libGIF.dylib
0x00000001a62ae000 	/System/Library/Frameworks/ImageIO.framework/Versions/A/Resources/libJP2.dylib
0x00000001a59d0000 	/usr/lib/libexpat.1.dylib
0x00000001a6269000 	/System/Library/PrivateFrameworks/AppleJPEG.framework/Versions/A/AppleJPEG
0x00000001a2d8d000 	/System/Library/PrivateFrameworks/FontServices.framework/libFontParser.dylib
0x00000001a0a07000 	/System/Library/PrivateFrameworks/RunningBoardServices.framework/Versions/A/RunningBoardServices
0x00000001b12ac000 	/System/Library/PrivateFrameworks/IOSurfaceAccelerator.framework/Versions/A/IOSurfaceAccelerator
0x00000001a639a000 	/System/Library/PrivateFrameworks/WatchdogClient.framework/Versions/A/WatchdogClient
0x000000019b63d000 	/System/Library/Frameworks/CoreDisplay.framework/Versions/A/CoreDisplay
0x00000001a2c77000 	/System/Library/Frameworks/CoreMedia.framework/Versions/A/CoreMedia
0x00000001a2b04000 	/System/Library/PrivateFrameworks/IOAccelerator.framework/Versions/A/IOAccelerator
0x00000001a18a3000 	/System/Library/Frameworks/CoreVideo.framework/Versions/A/CoreVideo
0x00000001a4ff5000 	/System/Library/Frameworks/MetalPerformanceShaders.framework/Versions/A/MetalPerformanceShaders
0x00000001a63d9000 	/System/Library/Frameworks/VideoToolbox.framework/Versions/A/VideoToolbox
0x00000001a094b000 	/System/Library/PrivateFrameworks/BaseBoard.framework/Versions/A/BaseBoard
0x00000001a06d9000 	/System/Library/PrivateFrameworks/ProtocolBuffer.framework/Versions/A/ProtocolBuffer
0x00000001a6915000 	/System/Library/PrivateFrameworks/GPUWrangler.framework/Versions/A/GPUWrangler
0x00000001a68f5000 	/System/Library/PrivateFrameworks/IOPresentment.framework/Versions/A/IOPresentment
0x00000001a691d000 	/System/Library/PrivateFrameworks/DSExternalDisplay.framework/Versions/A/DSExternalDisplay
0x00000001fb8ce000 	/System/Library/Frameworks/OpenGL.framework/Versions/A/Libraries/libCoreFSCache.dylib
0x0000000206094000 	/System/Library/PrivateFrameworks/GPUCompiler.framework/Versions/31001/Libraries/libGPUCompilerUtils.dylib
0x00000001a6983000 	/System/Library/PrivateFrameworks/CMCaptureCore.framework/Versions/A/CMCaptureCore
0x00000001a5f81000 	/System/Library/PrivateFrameworks/AppServerSupport.framework/Versions/A/AppServerSupport
0x00000001a8207000 	/System/Library/PrivateFrameworks/perfdata.framework/Versions/A/perfdata
0x000000019b75d000 	/System/Library/PrivateFrameworks/AudioToolboxCore.framework/Versions/A/AudioToolboxCore
0x00000001a2c50000 	/System/Library/PrivateFrameworks/caulk.framework/Versions/A/caulk
0x00000001a7afc000 	/usr/lib/libAudioStatistics.dylib
0x00000001b9afb000 	/System/Library/PrivateFrameworks/SystemPolicy.framework/Versions/A/SystemPolicy
0x00000001a7d68000 	/usr/lib/libSMC.dylib
0x00000001b0ab4000 	/System/Library/Frameworks/CoreMIDI.framework/Versions/A/CoreMIDI
0x00000001a6844000 	/usr/lib/libAudioToolboxUtility.dylib
0x00000001b5c6b000 	/System/Library/PrivateFrameworks/OSAServicesClient.framework/Versions/A/OSAServicesClient
0x00000001a8214000 	/usr/lib/libperfcheck.dylib
0x00000001ba617000 	/usr/lib/libmis.dylib
0x00000001fb930000 	/System/Library/Frameworks/OpenGL.framework/Versions/A/Libraries/libGLU.dylib
0x00000001fb8ef000 	/System/Library/Frameworks/OpenGL.framework/Versions/A/Libraries/libGFXShared.dylib
0x00000001fbadc000 	/System/Library/Frameworks/OpenGL.framework/Versions/A/Libraries/libGL.dylib
0x00000001fb8f8000 	/System/Library/Frameworks/OpenGL.framework/Versions/A/Libraries/libGLImage.dylib
0x00000001fb8ec000 	/System/Library/Frameworks/OpenGL.framework/Versions/A/Libraries/libCVMSPluginSupport.dylib
0x00000001fb8d5000 	/System/Library/Frameworks/OpenGL.framework/Versions/A/Libraries/libCoreVMClient.dylib
0x00000001a3801000 	/System/Library/Frameworks/MetalPerformanceShaders.framework/Versions/A/Frameworks/MPSCore.framework/Versions/A/MPSCore
0x00000001a49a2000 	/System/Library/Frameworks/MetalPerformanceShaders.framework/Versions/A/Frameworks/MPSImage.framework/Versions/A/MPSImage
0x00000001a4491000 	/System/Library/Frameworks/MetalPerformanceShaders.framework/Versions/A/Frameworks/MPSNeuralNetwork.framework/Versions/A/MPSNeuralNetwork
0x00000001a48ca000 	/System/Library/Frameworks/MetalPerformanceShaders.framework/Versions/A/Frameworks/MPSMatrix.framework/Versions/A/MPSMatrix
0x00000001a46a3000 	/System/Library/Frameworks/MetalPerformanceShaders.framework/Versions/A/Frameworks/MPSRayIntersector.framework/Versions/A/MPSRayIntersector
0x00000001a48fb000 	/System/Library/Frameworks/MetalPerformanceShaders.framework/Versions/A/Frameworks/MPSNDArray.framework/Versions/A/MPSNDArray
0x00000001fdcf7000 	/System/Library/Frameworks/MetalPerformanceShaders.framework/Versions/A/Frameworks/MPSFunctions.framework/Versions/A/MPSFunctions
0x000000019a9f0000 	/System/Library/PrivateFrameworks/MetalTools.framework/Versions/A/MetalTools
0x00000001a387f000 	/System/Library/PrivateFrameworks/AggregateDictionary.framework/Versions/A/AggregateDictionary
0x00000001a57b5000 	/usr/lib/libIOReport.dylib
0x00000001afad1000 	/System/Library/PrivateFrameworks/ASEProcessing.framework/Versions/A/ASEProcessing
0x00000001a5b2a000 	/System/Library/PrivateFrameworks/FaceCore.framework/Versions/A/FaceCore
0x00000001a5b1c000 	/System/Library/PrivateFrameworks/GraphVisualizer.framework/Versions/A/GraphVisualizer
0x0000000205fab000 	/System/Library/PrivateFrameworks/FontServices.framework/Versions/A/FontServices
0x00000001a5f3d000 	/System/Library/PrivateFrameworks/OTSVG.framework/Versions/A/OTSVG
0x00000001a146d000 	/System/Library/Frameworks/ApplicationServices.framework/Versions/A/Frameworks/ATS.framework/Versions/A/Resources/libFontRegistry.dylib
0x00000001a5f8a000 	/System/Library/PrivateFrameworks/FontServices.framework/libhvf.dylib
0x0000000205fac000 	/System/Library/PrivateFrameworks/FontServices.framework/libXTFontStaticRegistryData.dylib
0x00000001fbc7d000 	/System/Library/Frameworks/OpenCL.framework/Versions/A/OpenCL
0x00000001a5984000 	/System/Library/PrivateFrameworks/AppleVA.framework/Versions/A/AppleVA
0x00000001a7b24000 	/System/Library/Frameworks/ApplicationServices.framework/Versions/A/Frameworks/ATS.framework/Versions/A/ATS
0x000000019fe96000 	/System/Library/Frameworks/ApplicationServices.framework/Versions/A/Frameworks/HIServices.framework/Versions/A/HIServices
0x00000001a698d000 	/System/Library/Frameworks/ApplicationServices.framework/Versions/A/Frameworks/PrintCore.framework/Versions/A/PrintCore
0x00000001a7ebb000 	/System/Library/Frameworks/ApplicationServices.framework/Versions/A/Frameworks/QD.framework/Versions/A/QD
0x00000001a7eb3000 	/System/Library/Frameworks/ApplicationServices.framework/Versions/A/Frameworks/ColorSyncLegacy.framework/Versions/A/ColorSyncLegacy
0x00000001a7b10000 	/System/Library/Frameworks/ApplicationServices.framework/Versions/A/Frameworks/SpeechSynthesis.framework/Versions/A/SpeechSynthesis
0x00000001a694e000 	/System/Library/Frameworks/ApplicationServices.framework/Versions/A/Frameworks/ATSUI.framework/Versions/A/ATSUI
0x00000001a7e48000 	/usr/lib/libcups.2.dylib
0x00000001a8222000 	/System/Library/Frameworks/Kerberos.framework/Versions/A/Kerberos
0x00000001a8233000 	/System/Library/Frameworks/GSS.framework/Versions/A/GSS
0x00000001a7b94000 	/usr/lib/libresolv.9.dylib
0x00000001a5f99000 	/System/Library/PrivateFrameworks/Heimdal.framework/Versions/A/Heimdal
0x00000001aed07000 	/System/Library/Frameworks/Kerberos.framework/Versions/A/Libraries/libHeimdalProxy.dylib
0x00000001a0ae5000 	/System/Library/Frameworks/Network.framework/Versions/A/Network
0x00000001a59eb000 	/usr/lib/libheimdal-asn1.dylib
0x00000001a8283000 	/System/Library/PrivateFrameworks/CommonAuth.framework/Versions/A/CommonAuth
0x00000001a7a8a000 	/System/Library/PrivateFrameworks/AudioSession.framework/Versions/A/AudioSession
0x00000001a5a7d000 	/System/Library/PrivateFrameworks/MediaExperience.framework/Versions/A/MediaExperience
0x00000001a7910000 	/System/Library/PrivateFrameworks/AudioSession.framework/libSessionUtility.dylib
0x00000001a7ec7000 	/System/Library/PrivateFrameworks/AudioResourceArbitration.framework/Versions/A/AudioResourceArbitration
0x00000001ac08d000 	/System/Library/PrivateFrameworks/PowerLog.framework/Versions/A/PowerLog
0x00000001a59f5000 	/System/Library/PrivateFrameworks/IconFoundation.framework/Versions/A/IconFoundation
0x00000001aadd6000 	/System/Library/PrivateFrameworks/SpeechRecognitionCore.framework/Versions/A/SpeechRecognitionCore
0x0000000105664000 	/Users/josh/Library/Java/JavaVirtualMachines/openjdk-18.0.2/Contents/Home/lib/server/libjvm.dylib
0x00000001044cc000 	/Users/josh/Library/Java/JavaVirtualMachines/openjdk-18.0.2/Contents/Home/lib/libjimage.dylib
0x00000001044f8000 	/Users/josh/Library/Java/JavaVirtualMachines/openjdk-18.0.2/Contents/Home/lib/libinstrument.dylib
0x00000001046f8000 	/Users/josh/Library/Java/JavaVirtualMachines/openjdk-18.0.2/Contents/Home/lib/libjava.dylib
0x00000001051ac000 	/Users/josh/Library/Java/JavaVirtualMachines/openjdk-18.0.2/Contents/Home/lib/libnio.dylib
0x00000001051cc000 	/Users/josh/Library/Java/JavaVirtualMachines/openjdk-18.0.2/Contents/Home/lib/libnet.dylib
0x000000010452c000 	/Users/josh/Library/Java/JavaVirtualMachines/openjdk-18.0.2/Contents/Home/lib/libzip.dylib
0x0000000105500000 	/Users/josh/.openjfx/cache/17.0.1/libprism_es2.dylib
0x000000019cc3d000 	/System/Library/PrivateFrameworks/CoreServicesInternal.framework/Versions/A/CoreServicesInternal
0x00000001fbae6000 	/System/Library/Frameworks/OpenGL.framework/Versions/A/Resources/GLEngine.bundle/GLEngine
0x00000001fb96e000 	/System/Library/Frameworks/OpenGL.framework/Versions/A/Libraries/libGLProgrammability.dylib
0x00000001055b8000 	/System/Library/Extensions/AppleMetalOpenGLRenderer.bundle/Contents/MacOS/AppleMetalOpenGLRenderer
0x00000001fbc55000 	/System/Library/Frameworks/OpenGL.framework/Versions/A/Resources/GLRendererFloat.bundle/GLRendererFloat
0x00000001fbd55000 	/System/Library/Extensions/AGXMetal13_3.bundle/Contents/MacOS/AGXMetal13_3
0x00000001ba633000 	/System/Library/PrivateFrameworks/GPURawCounter.framework/Versions/A/GPURawCounter
0x00000001b4dd4000 	/System/Library/PrivateFrameworks/IOGPU.framework/Versions/A/IOGPU
0x000000011099c000 	/Users/josh/.openjfx/cache/17.0.1/libglass.dylib
0x00000001ac2e5000 	/System/Library/Frameworks/FileProvider.framework/Versions/A/FileProvider
0x00000001a08b3000 	/System/Library/Frameworks/Accounts.framework/Versions/A/Accounts
0x00000001ac469000 	/System/Library/PrivateFrameworks/GenerationalStorage.framework/Versions/A/GenerationalStorage
0x00000001ad02c000 	/System/Library/PrivateFrameworks/CoreSymbolication.framework/Versions/A/CoreSymbolication
0x00000001ac081000 	/System/Library/PrivateFrameworks/SymptomDiagnosticReporter.framework/Versions/A/SymptomDiagnosticReporter
0x000000019df2d000 	/System/Library/PrivateFrameworks/DesktopServicesPriv.framework/Versions/A/DesktopServicesPriv
0x000000019cd9f000 	/usr/lib/libsandbox.1.dylib
0x00000001a1931000 	/System/Library/PrivateFrameworks/UserManagement.framework/Versions/A/UserManagement
0x00000001acfe9000 	/System/Library/PrivateFrameworks/DebugSymbols.framework/Versions/A/DebugSymbols
0x00000001a7ea6000 	/System/Library/PrivateFrameworks/NetAuth.framework/Versions/A/NetAuth
0x00000001a8dc7000 	/System/Library/PrivateFrameworks/Sharing.framework/Versions/A/Sharing
0x00000001a1901000 	/System/Library/PrivateFrameworks/login.framework/Versions/A/Frameworks/loginsupport.framework/Versions/A/loginsupport
0x00000001ae21e000 	/System/Library/PrivateFrameworks/Apple80211.framework/Versions/A/Apple80211
0x00000001a4a86000 	/System/Library/PrivateFrameworks/AuthKit.framework/Versions/A/AuthKit
0x00000001a410e000 	/System/Library/PrivateFrameworks/CoreUtils.framework/Versions/A/CoreUtils
0x00000001a4031000 	/System/Library/Frameworks/CoreWLAN.framework/Versions/A/CoreWLAN
0x00000001a8f37000 	/System/Library/Frameworks/IOBluetooth.framework/Versions/A/IOBluetooth
0x00000001ae27e000 	/System/Library/PrivateFrameworks/CoreWiFi.framework/Versions/A/CoreWiFi
0x00000001acbc9000 	/System/Library/PrivateFrameworks/FrontBoardServices.framework/Versions/A/FrontBoardServices
0x00000001acc61000 	/System/Library/PrivateFrameworks/BoardServices.framework/Versions/A/BoardServices
0x00000001a4321000 	/System/Library/PrivateFrameworks/AssertionServices.framework/Versions/A/AssertionServices
0x00000001ae3fb000 	/System/Library/PrivateFrameworks/BackBoardServices.framework/Versions/A/BackBoardServices
0x00000001a831a000 	/System/Library/PrivateFrameworks/CorePhoneNumbers.framework/Versions/A/CorePhoneNumbers
0x00000001a7bc1000 	/System/Library/PrivateFrameworks/MultiverseSupport.framework/Versions/A/MultiverseSupport
0x00000001ae67c000 	/System/Library/PrivateFrameworks/RemoteServiceDiscovery.framework/Versions/A/RemoteServiceDiscovery
0x00000001ac1b1000 	/System/Library/PrivateFrameworks/DiskManagement.framework/Versions/A/DiskManagement
0x00000001ac0b4000 	/System/Library/PrivateFrameworks/AppleIDAuthSupport.framework/Versions/A/AppleIDAuthSupport
0x0000000200533000 	/System/Library/PrivateFrameworks/AAAFoundation.framework/Versions/A/AAAFoundation
0x00000001a82f9000 	/System/Library/PrivateFrameworks/KeychainCircle.framework/Versions/A/KeychainCircle
0x00000001ae68c000 	/System/Library/PrivateFrameworks/RemoteXPC.framework/Versions/A/RemoteXPC
0x00000001ac17d000 	/System/Library/PrivateFrameworks/MediaKit.framework/Versions/A/MediaKit
0x00000001ac0c1000 	/System/Library/Frameworks/DiscRecording.framework/Versions/A/DiscRecording
0x00000001a5900000 	/usr/lib/libCoreStorage.dylib
0x00000001ae6f8000 	/usr/lib/libcsfde.dylib
0x00000001a900c000 	/System/Library/PrivateFrameworks/ProtectedCloudStorage.framework/Versions/A/ProtectedCloudStorage
0x00000001ae6f0000 	/System/Library/PrivateFrameworks/EFILogin.framework/Versions/A/EFILogin
0x00000001ac490000 	/System/Library/PrivateFrameworks/OctagonTrust.framework/Versions/A/OctagonTrust
0x0000000205132000 	/System/Library/PrivateFrameworks/CoreUtilsExtras.framework/Versions/A/CoreUtilsExtras
0x00000001abfe6000 	/System/Library/Frameworks/CoreBluetooth.framework/Versions/A/CoreBluetooth
0x00000001aed8c000 	/System/Library/Frameworks/AudioUnit.framework/Versions/A/AudioUnit
0x00000001a58f8000 	/usr/lib/libMatch.1.dylib
0x00000001beb19000 	/System/Library/Frameworks/Accelerate.framework/Versions/A/Frameworks/vImage.framework/Versions/A/Libraries/libCGInterfaces.dylib
0x0000000117f08000 	/usr/lib/libobjc-trampolines.dylib
0x00000001a15fb000 	/System/Library/PrivateFrameworks/ViewBridge.framework/Versions/A/ViewBridge
0x00000001a605c000 	/System/Library/PrivateFrameworks/login.framework/Versions/A/login
0x00000001277dc000 	/Users/josh/.openjfx/cache/17.0.1/libjavafx_font.dylib
0x0000000219701000 	/usr/lib/libRosetta.dylib
0x0000000200be7000 	/System/Library/PrivateFrameworks/AccessibilityBundles.framework/Versions/A/AccessibilityBundles
0x00000001ab4ff000 	/System/Library/PrivateFrameworks/SystemAdministration.framework/Versions/A/SystemAdministration
0x00000001a6b94000 	/System/Library/Frameworks/MediaToolbox.framework/Versions/A/MediaToolbox
0x00000001aad9e000 	/System/Library/Frameworks/DirectoryService.framework/Versions/A/DirectoryService
0x00000001ae585000 	/System/Library/PrivateFrameworks/DiskImages.framework/Versions/A/DiskImages
0x00000001a43d2000 	/System/Library/Frameworks/ServiceManagement.framework/Versions/A/ServiceManagement
0x00000001ae76e000 	/System/Library/PrivateFrameworks/LoginUIKit.framework/Versions/A/Frameworks/LoginUICore.framework/Versions/A/LoginUICore
0x00000001a6212000 	/usr/lib/libodfde.dylib
0x00000001ac2b1000 	/System/Library/PrivateFrameworks/CoreAVCHD.framework/Versions/A/CoreAVCHD
0x00000001ab4c1000 	/System/Library/Frameworks/MediaAccessibility.framework/Versions/A/MediaAccessibility
0x00000001ac2ad000 	/System/Library/PrivateFrameworks/Mangrove.framework/Versions/A/Mangrove
0x00000001ab4ce000 	/System/Library/PrivateFrameworks/AlgosScoreFramework.framework/Versions/A/AlgosScoreFramework
0x0000000202214000 	/System/Library/PrivateFrameworks/CMPhoto.framework/Versions/A/CMPhoto
0x00000001ac2a1000 	/System/Library/PrivateFrameworks/CoreAUC.framework/Versions/A/CoreAUC
0x00000001ae704000 	/usr/lib/libcurl.4.dylib
0x0000000219aa9000 	/usr/lib/libcrypto.46.dylib
0x0000000219f52000 	/usr/lib/libssl.48.dylib
0x00000001ae41b000 	/System/Library/Frameworks/LDAP.framework/Versions/A/LDAP
0x00000001ae457000 	/System/Library/PrivateFrameworks/TrustEvaluationAgent.framework/Versions/A/TrustEvaluationAgent
0x00000001a7bad000 	/usr/lib/libsasl2.2.dylib
0x00000001ab4f4000 	/System/Library/PrivateFrameworks/CoreDaemon.framework/Versions/B/CoreDaemon
0x00000001ab4ee000 	/System/Library/PrivateFrameworks/AppleSRP.framework/Versions/A/AppleSRP


VM Arguments:
jvm_args: -javaagent:/Applications/IntelliJ IDEA.app/Contents/lib/idea_rt.jar=57165:/Applications/IntelliJ IDEA.app/Contents/bin -Dfile.encoding=UTF-8 --module-path=/Users/josh/.m2/repository/org/openjfx/javafx-controls/17.0.1/javafx-controls-17.0.1-mac-aarch64.jar:/Users/josh/.m2/repository/org/openjfx/javafx-graphics/17.0.1/javafx-graphics-17.0.1-mac-aarch64.jar:/Users/josh/.m2/repository/org/openjfx/javafx-base/17.0.1/javafx-base-17.0.1-mac-aarch64.jar:/Users/josh/Documents/CS482/InventoryPA/target/classes:/Users/josh/.m2/repository/org/openjfx/javafx-fxml/17.0.1/javafx-fxml-17.0.1-mac-aarch64.jar -Djdk.module.main=c482.inventorypa 
java_command: c482.inventorypa/c482.inventorypa.Main
java_class_path (initial): /Users/josh/.m2/repository/org/openjfx/javafx-controls/17.0.1/javafx-controls-17.0.1.jar:/Users/josh/.m2/repository/org/openjfx/javafx-graphics/17.0.1/javafx-graphics-17.0.1.jar:/Users/josh/.m2/repository/org/openjfx/javafx-base/17.0.1/javafx-base-17.0.1.jar:/Users/josh/.m2/repository/org/openjfx/javafx-fxml/17.0.1/javafx-fxml-17.0.1.jar
Launcher Type: SUN_STANDARD

[Global flags]
     intx CICompilerCount                          = 4                                         {product} {ergonomic}
     uint ConcGCThreads                            = 2                                         {product} {ergonomic}
     uint G1ConcRefinementThreads                  = 8                                         {product} {ergonomic}
   size_t G1HeapRegionSize                         = 2097152                                   {product} {ergonomic}
    uintx GCDrainStackTargetSize                   = 64                                        {product} {ergonomic}
   size_t InitialHeapSize                          = 268435456                                 {product} {ergonomic}
   size_t MarkStackSize                            = 4194304                                   {product} {ergonomic}
   size_t MaxHeapSize                              = 4294967296                                {product} {ergonomic}
   size_t MaxNewSize                               = 2575302656                                {product} {ergonomic}
   size_t MinHeapDeltaBytes                        = 2097152                                   {product} {ergonomic}
   size_t MinHeapSize                              = 8388608                                   {product} {ergonomic}
    uintx NonNMethodCodeHeapSize                   = 5839564                                {pd product} {ergonomic}
    uintx NonProfiledCodeHeapSize                  = 122909338                              {pd product} {ergonomic}
    uintx ProfiledCodeHeapSize                     = 122909338                              {pd product} {ergonomic}
    uintx ReservedCodeCacheSize                    = 251658240                              {pd product} {ergonomic}
     bool SegmentedCodeCache                       = true                                      {product} {ergonomic}
   size_t SoftMaxHeapSize                          = 4294967296                             {manageable} {ergonomic}
     bool UseCompressedClassPointers               = true                           {product lp64_product} {ergonomic}
     bool UseCompressedOops                        = true                           {product lp64_product} {ergonomic}
     bool UseG1GC                                  = true                                      {product} {ergonomic}
     bool UseNUMA                                  = false                                     {product} {ergonomic}
     bool UseNUMAInterleaving                      = false                                     {product} {ergonomic}

Logging:
Log output configuration:
 #0: stdout all=warning uptime,level,tags foldmultilines=false
 #1: stderr all=off uptime,level,tags foldmultilines=false

Environment Variables:
PATH=/opt/homebrew/bin:/opt/homebrew/sbin:/usr/local/bin:/usr/bin:/bin:/usr/sbin:/sbin:/usr/local/share/dotnet:~/.dotnet/tools:/Library/Apple/usr/bin:/Library/Frameworks/Mono.framework/Versions/Current/Commands
SHELL=/bin/zsh
LC_CTYPE=en_US.UTF-8

Signal Handlers:
   SIGSEGV: _ZL13crash_handleriP9__siginfoPv in libjvm.dylib, mask=11100110000111110111111111111111, flags=SA_RESTART|SA_SIGINFO
    SIGBUS: _ZL13crash_handleriP9__siginfoPv in libjvm.dylib, mask=11100110000111110111111111111111, flags=SA_RESTART|SA_SIGINFO
    SIGFPE: _ZL13crash_handleriP9__siginfoPv in libjvm.dylib, mask=11100110000111110111111111111111, flags=SA_RESTART|SA_SIGINFO
   SIGPIPE: _ZL17javaSignalHandleriP9__siginfoPv in libjvm.dylib, mask=11100110000111110111111111111111, flags=SA_RESTART|SA_SIGINFO
   SIGXFSZ: _ZL17javaSignalHandleriP9__siginfoPv in libjvm.dylib, mask=11100110000111110111111111111111, flags=SA_RESTART|SA_SIGINFO
    SIGILL: _ZL13crash_handleriP9__siginfoPv in libjvm.dylib, mask=11100110000111110111111111111111, flags=SA_RESTART|SA_SIGINFO
   SIGUSR2: _ZL10SR_handleriP9__siginfoP17__darwin_ucontext in libjvm.dylib, mask=00100000000000000000000000000000, flags=SA_RESTART|SA_SIGINFO
    SIGHUP: _ZL11UserHandleriPvS_ in libjvm.dylib, mask=11100110000111110111111111111111, flags=SA_RESTART|SA_SIGINFO
    SIGINT: _ZL11UserHandleriPvS_ in libjvm.dylib, mask=11100110000111110111111111111111, flags=SA_RESTART|SA_SIGINFO
   SIGTERM: _ZL11UserHandleriPvS_ in libjvm.dylib, mask=11100110000111110111111111111111, flags=SA_RESTART|SA_SIGINFO
   SIGQUIT: _ZL11UserHandleriPvS_ in libjvm.dylib, mask=11100110000111110111111111111111, flags=SA_RESTART|SA_SIGINFO
   SIGTRAP: _ZL13crash_handleriP9__siginfoPv in libjvm.dylib, mask=11100110000111110111111111111111, flags=SA_RESTART|SA_SIGINFO


---------------  S Y S T E M  ---------------

OS:
uname: Darwin 21.5.0 Darwin Kernel Version 21.5.0: Tue Apr 26 21:08:29 PDT 2022; root:xnu-8020.121.3~4/RELEASE_ARM64_T8101 arm64
OS uptime: 9 days 15:41 hours
rlimit (soft/hard): STACK 8176k/65520k , CORE 0k/infinity , NPROC 2666/4000 , NOFILE 10240/infinity , AS infinity/infinity , CPU infinity/infinity , DATA infinity/infinity , FSIZE infinity/infinity , MEMLOCK infinity/infinity , RSS infinity/infinity
load average: 2.29 1.96 1.66

CPU: total 8 (initial active 8) 0x61:0x0:0x1b588bb3:0, fp, simd, aes, pmull, crc, lse

Memory: 16k page, physical 16777216k(161024k free), swap 1048576k(963328k free)

vm_info: OpenJDK 64-Bit Server VM (18.0.2+9-61) for bsd-aarch64 JRE (18.0.2+9-61), built on Jun  7 2022 12:20:40 by "mach5one" with clang Apple LLVM 12.0.0 (clang-1200.0.32.29)

END.
